TpTrace Verbose: 0 : 33112, 1, 2024/10/24, 17:03:28.975, 7179708637445, vstest.console.dll, Version: 17.11.1-release-24455-02 Current process architecture: X64
TpTrace Verbose: 0 : 33112, 1, 2024/10/24, 17:03:28.978, 7179708664647, vstest.console.dll, Runtime location: C:\Program Files\dotnet\shared\Microsoft.NETCore.App\8.0.10
TpTrace Verbose: 0 : 33112, 1, 2024/10/24, 17:03:28.983, 7179708712622, vstest.console.dll, ArtifactProcessingPostProcessModeProcessorExecutor.Initialize: ArtifactProcessingMode.Collect
TpTrace Verbose: 0 : 33112, 1, 2024/10/24, 17:03:28.983, 7179708714255, vstest.console.dll, TestSessionCorrelationIdProcessorModeProcessorExecutor.Initialize: TestSessionCorrelationId '10832_89777652-c4b8-4112-b96f-7dc4353026f6'
TpTrace Information: 0 : 33112, 1, 2024/10/24, 17:03:28.990, 7179708784915, vstest.console.dll, FilePatternParser: The given file C:\Users\rohit.laishram.PYRAMIDINDIA\Documents\celsior_training\day32\LifeInsuranceApplication\LifeInsuranceApplicationTest\bin\Debug\net6.0\fine-code-coverage\build-output\LifeInsuranceApplicationTest.dll is a full path.
TpTrace Verbose: 0 : 33112, 1, 2024/10/24, 17:03:28.998, 7179708863733, vstest.console.dll, TestPluginCache.DiscoverTestExtensions: finding test extensions in assemblies ends with: RuntimeProvider.dll TPluginInfo: Microsoft.VisualStudio.TestPlatform.Common.ExtensionFramework.Utilities.TestRuntimePluginInformation TExtension: Microsoft.VisualStudio.TestPlatform.ObjectModel.Host.ITestRuntimeProvider
TpTrace Verbose: 0 : 33112, 1, 2024/10/24, 17:03:28.998, 7179708866581, vstest.console.dll, TestPluginCache.GetExtensionPaths: Filtered extension paths: 
TpTrace Verbose: 0 : 33112, 1, 2024/10/24, 17:03:28.998, 7179708867313, vstest.console.dll, TestPluginCache.GetExtensionPaths: Added default extension paths: C:\Program Files\dotnet\sdk\8.0.403\Extensions\Microsoft.Diagnostics.NETCore.Client.dll
C:\Program Files\dotnet\sdk\8.0.403\Extensions\Microsoft.TestPlatform.Extensions.BlameDataCollector.dll
C:\Program Files\dotnet\sdk\8.0.403\Extensions\Microsoft.TestPlatform.Extensions.EventLogCollector.dll
C:\Program Files\dotnet\sdk\8.0.403\Extensions\Microsoft.TestPlatform.TestHostRuntimeProvider.dll
C:\Program Files\dotnet\sdk\8.0.403\Extensions\Microsoft.VisualStudio.TestPlatform.Extensions.Html.TestLogger.dll
C:\Program Files\dotnet\sdk\8.0.403\Extensions\Microsoft.VisualStudio.TestPlatform.Extensions.Trx.TestLogger.dll
TpTrace Verbose: 0 : 33112, 1, 2024/10/24, 17:03:28.998, 7179708867621, vstest.console.dll, TestPluginCache.GetExtensionPaths: Added unfilterableExtensionPaths: 
TpTrace Information: 0 : 33112, 1, 2024/10/24, 17:03:28.998, 7179708871404, vstest.console.dll, AssemblyResolver.ctor: Creating AssemblyResolver with searchDirectories C:\Program Files\dotnet\sdk\8.0.403\Extensions,C:\Program Files\dotnet\sdk\8.0.403
TpTrace Verbose: 0 : 33112, 1, 2024/10/24, 17:03:29.002, 7179708909199, vstest.console.dll, TestPluginCache.DiscoverTestExtensions: Discovering the extensions using extension path.
TpTrace Verbose: 0 : 33112, 1, 2024/10/24, 17:03:29.002, 7179708910963, vstest.console.dll, TestPluginCache.GetExtensionPaths: Filtered extension paths: 
TpTrace Verbose: 0 : 33112, 1, 2024/10/24, 17:03:29.002, 7179708911420, vstest.console.dll, TestPluginCache.GetExtensionPaths: Added default extension paths: C:\Program Files\dotnet\sdk\8.0.403\Extensions\Microsoft.Diagnostics.NETCore.Client.dll
C:\Program Files\dotnet\sdk\8.0.403\Extensions\Microsoft.TestPlatform.Extensions.BlameDataCollector.dll
C:\Program Files\dotnet\sdk\8.0.403\Extensions\Microsoft.TestPlatform.Extensions.EventLogCollector.dll
C:\Program Files\dotnet\sdk\8.0.403\Extensions\Microsoft.TestPlatform.TestHostRuntimeProvider.dll
C:\Program Files\dotnet\sdk\8.0.403\Extensions\Microsoft.VisualStudio.TestPlatform.Extensions.Html.TestLogger.dll
C:\Program Files\dotnet\sdk\8.0.403\Extensions\Microsoft.VisualStudio.TestPlatform.Extensions.Trx.TestLogger.dll
TpTrace Verbose: 0 : 33112, 1, 2024/10/24, 17:03:29.002, 7179708911696, vstest.console.dll, TestPluginCache.GetExtensionPaths: Added unfilterableExtensionPaths: 
TpTrace Verbose: 0 : 33112, 1, 2024/10/24, 17:03:29.003, 7179708912786, vstest.console.dll, TestPluginCache.DiscoverTestExtensions: Discovering the extensions using allExtensionPaths: C:\Program Files\dotnet\sdk\8.0.403\Extensions\Microsoft.Diagnostics.NETCore.Client.dll
C:\Program Files\dotnet\sdk\8.0.403\Extensions\Microsoft.TestPlatform.Extensions.BlameDataCollector.dll
C:\Program Files\dotnet\sdk\8.0.403\Extensions\Microsoft.TestPlatform.Extensions.EventLogCollector.dll
C:\Program Files\dotnet\sdk\8.0.403\Extensions\Microsoft.TestPlatform.TestHostRuntimeProvider.dll
C:\Program Files\dotnet\sdk\8.0.403\Extensions\Microsoft.VisualStudio.TestPlatform.Extensions.Html.TestLogger.dll
C:\Program Files\dotnet\sdk\8.0.403\Extensions\Microsoft.VisualStudio.TestPlatform.Extensions.Trx.TestLogger.dll
TpTrace Information: 0 : 33112, 1, 2024/10/24, 17:03:29.003, 7179708913721, vstest.console.dll, AssemblyResolver.AddSearchDirectories: Adding more searchDirectories C:\Program Files\dotnet\sdk\8.0.403\Extensions,C:\Program Files\dotnet\sdk\8.0.403
TpTrace Information: 0 : 33112, 1, 2024/10/24, 17:03:29.003, 7179708914131, vstest.console.dll, AssemblyResolver.AddSearchDirectories: Adding more searchDirectories C:\Program Files\dotnet\sdk\8.0.403\Extensions,C:\Program Files\dotnet\sdk\8.0.403
TpTrace Information: 0 : 33112, 1, 2024/10/24, 17:03:29.003, 7179708914445, vstest.console.dll, AssemblyResolver.AddSearchDirectories: Adding more searchDirectories C:\Program Files\dotnet\sdk\8.0.403\Extensions,C:\Program Files\dotnet\sdk\8.0.403
TpTrace Information: 0 : 33112, 1, 2024/10/24, 17:03:29.003, 7179708914701, vstest.console.dll, AssemblyResolver.AddSearchDirectories: Adding more searchDirectories C:\Program Files\dotnet\sdk\8.0.403\Extensions,C:\Program Files\dotnet\sdk\8.0.403
TpTrace Information: 0 : 33112, 1, 2024/10/24, 17:03:29.003, 7179708914952, vstest.console.dll, AssemblyResolver.AddSearchDirectories: Adding more searchDirectories C:\Program Files\dotnet\sdk\8.0.403\Extensions,C:\Program Files\dotnet\sdk\8.0.403
TpTrace Information: 0 : 33112, 1, 2024/10/24, 17:03:29.003, 7179708915218, vstest.console.dll, AssemblyResolver.AddSearchDirectories: Adding more searchDirectories C:\Program Files\dotnet\sdk\8.0.403\Extensions,C:\Program Files\dotnet\sdk\8.0.403
TpTrace Information: 0 : 33112, 1, 2024/10/24, 17:03:29.003, 7179708919294, vstest.console.dll, AssemblyResolver.OnResolve: Microsoft.Diagnostics.NETCore.Client: Resolving assembly.
TpTrace Information: 0 : 33112, 1, 2024/10/24, 17:03:29.003, 7179708920030, vstest.console.dll, AssemblyResolver.OnResolve: Microsoft.Diagnostics.NETCore.Client: Searching in: 'C:\Program Files\dotnet\sdk\8.0.403\Extensions'.
TpTrace Information: 0 : 33112, 1, 2024/10/24, 17:03:29.018, 7179709064733, vstest.console.dll, AssemblyResolver.OnResolve: Microsoft.Diagnostics.NETCore.Client: Loading assembly 'C:\Program Files\dotnet\sdk\8.0.403\Extensions\Microsoft.Diagnostics.NETCore.Client.dll'.
TpTrace Information: 0 : 33112, 1, 2024/10/24, 17:03:29.020, 7179709090714, vstest.console.dll, AssemblyResolver.OnResolve: Resolved assembly: Microsoft.Diagnostics.NETCore.Client, from path: C:\Program Files\dotnet\sdk\8.0.403\Extensions\Microsoft.Diagnostics.NETCore.Client.dll
TpTrace Verbose: 0 : 33112, 1, 2024/10/24, 17:03:29.024, 7179709129443, vstest.console.dll, MetadataReaderExtensionsHelper: Discovering extensions inside assembly 'Microsoft.Diagnostics.NETCore.Client, Version=0.2.10.30701, Culture=neutral, PublicKeyToken=31bf3856ad364e35' file path 'C:\Program Files\dotnet\sdk\8.0.403\Extensions\Microsoft.Diagnostics.NETCore.Client.dll'
TpTrace Information: 0 : 33112, 1, 2024/10/24, 17:03:29.034, 7179709227534, vstest.console.dll, AssemblyResolver.OnResolve: Microsoft.Bcl.AsyncInterfaces: Resolving assembly.
TpTrace Information: 0 : 33112, 1, 2024/10/24, 17:03:29.034, 7179709228636, vstest.console.dll, AssemblyResolver.OnResolve: Microsoft.Bcl.AsyncInterfaces: Searching in: 'C:\Program Files\dotnet\sdk\8.0.403\Extensions'.
TpTrace Information: 0 : 33112, 1, 2024/10/24, 17:03:29.034, 7179709229352, vstest.console.dll, AssemblyResolver.OnResolve: Microsoft.Bcl.AsyncInterfaces: Assembly path does not exist: 'C:\Program Files\dotnet\sdk\8.0.403\Extensions\Microsoft.Bcl.AsyncInterfaces.dll', returning.
TpTrace Information: 0 : 33112, 1, 2024/10/24, 17:03:29.034, 7179709230372, vstest.console.dll, AssemblyResolver.OnResolve: Microsoft.Bcl.AsyncInterfaces: Assembly path does not exist: 'C:\Program Files\dotnet\sdk\8.0.403\Extensions\Microsoft.Bcl.AsyncInterfaces.exe', returning.
TpTrace Information: 0 : 33112, 1, 2024/10/24, 17:03:29.034, 7179709230658, vstest.console.dll, AssemblyResolver.OnResolve: Microsoft.Bcl.AsyncInterfaces: Searching in: 'C:\Program Files\dotnet\sdk\8.0.403'.
TpTrace Information: 0 : 33112, 1, 2024/10/24, 17:03:29.034, 7179709231107, vstest.console.dll, AssemblyResolver.OnResolve: Microsoft.Bcl.AsyncInterfaces: Assembly path does not exist: 'C:\Program Files\dotnet\sdk\8.0.403\Microsoft.Bcl.AsyncInterfaces.dll', returning.
TpTrace Information: 0 : 33112, 1, 2024/10/24, 17:03:29.034, 7179709231463, vstest.console.dll, AssemblyResolver.OnResolve: Microsoft.Bcl.AsyncInterfaces: Assembly path does not exist: 'C:\Program Files\dotnet\sdk\8.0.403\Microsoft.Bcl.AsyncInterfaces.exe', returning.
TpTrace Information: 0 : 33112, 1, 2024/10/24, 17:03:29.034, 7179709231704, vstest.console.dll, AssemblyResolver.OnResolve: Microsoft.Bcl.AsyncInterfaces: Failed to load assembly.
TpTrace Verbose: 0 : 33112, 1, 2024/10/24, 17:03:29.034, 7179709232129, vstest.console.dll, CurrentDomainAssemblyResolve: Resolving assembly 'Microsoft.Bcl.AsyncInterfaces'.
TpTrace Information: 0 : 33112, 1, 2024/10/24, 17:03:29.035, 7179709232659, vstest.console.dll, AssemblyResolver.OnResolve: Microsoft.Bcl.AsyncInterfaces: Resolving assembly.
TpTrace Information: 0 : 33112, 1, 2024/10/24, 17:03:29.035, 7179709233006, vstest.console.dll, AssemblyResolver.OnResolve: Microsoft.Bcl.AsyncInterfaces: Resolved from cache.
TpTrace Verbose: 0 : 33112, 1, 2024/10/24, 17:03:29.035, 7179709233263, vstest.console.dll, CurrentDomainAssemblyResolve: Resolving assembly 'Microsoft.Bcl.AsyncInterfaces'.
TpTrace Verbose: 0 : 33112, 1, 2024/10/24, 17:03:29.035, 7179709233569, vstest.console.dll, CurrentDomainAssemblyResolve: Failed to resolve assembly 'Microsoft.Bcl.AsyncInterfaces'.
TpTrace Verbose: 0 : 33112, 1, 2024/10/24, 17:03:29.037, 7179709256474, vstest.console.dll, CurrentDomainAssemblyResolve: Failed to resolve assembly 'Microsoft.Bcl.AsyncInterfaces'.
TpTrace Warning: 0 : 33112, 1, 2024/10/24, 17:03:29.058, 7179709467944, vstest.console.dll, TestPluginDiscoverer: Failed to get types from assembly 'Microsoft.Diagnostics.NETCore.Client, Version=0.2.10.30701, Culture=neutral, PublicKeyToken=31bf3856ad364e35'. Error: System.Reflection.ReflectionTypeLoadException: Unable to load one or more of the requested types.
Could not load file or assembly 'Microsoft.Bcl.AsyncInterfaces, Version=6.0.0.0, Culture=neutral, PublicKeyToken=cc7b13ffcd2ddd51'. The system cannot find the file specified.
   at System.Reflection.RuntimeModule.GetTypes(RuntimeModule module)
   at System.Reflection.RuntimeModule.GetTypes()
   at Microsoft.VisualStudio.TestPlatform.Common.ExtensionFramework.TestPluginDiscoverer.GetTestExtensionsFromAssembly[TPluginInfo,TExtension](Assembly assembly, Dictionary`2 pluginInfos, String filePath) in /_/src/Microsoft.TestPlatform.Common/ExtensionFramework/TestPluginDiscoverer.cs:line 158
System.IO.FileNotFoundException: Could not load file or assembly 'Microsoft.Bcl.AsyncInterfaces, Version=6.0.0.0, Culture=neutral, PublicKeyToken=cc7b13ffcd2ddd51'. The system cannot find the file specified.
File name: 'Microsoft.Bcl.AsyncInterfaces, Version=6.0.0.0, Culture=neutral, PublicKeyToken=cc7b13ffcd2ddd51'
 ---> System.IO.FileNotFoundException: Could not load file or assembly 'Microsoft.Bcl.AsyncInterfaces, Culture=neutral, PublicKeyToken=null'. The system cannot find the file specified.
File name: 'Microsoft.Bcl.AsyncInterfaces, Culture=neutral, PublicKeyToken=null'
   at System.Reflection.RuntimeAssembly.InternalLoad(AssemblyName assemblyName, StackCrawlMark& stackMark, AssemblyLoadContext assemblyLoadContext, RuntimeAssembly requestingAssembly, Boolean throwOnFileNotFound)
   at System.Reflection.Assembly.Load(AssemblyName assemblyRef)
   at Microsoft.VisualStudio.TestPlatform.Common.ExtensionFramework.TestPluginCache.CurrentDomainAssemblyResolve(Object sender, AssemblyResolveEventArgs args) in /_/src/Microsoft.TestPlatform.Common/ExtensionFramework/TestPluginCache.cs:line 513
   at System.Runtime.Loader.AssemblyLoadContext.GetFirstResolvedAssemblyFromResolvingEvent(AssemblyName assemblyName)
   at System.Runtime.Loader.AssemblyLoadContext.ResolveUsingEvent(AssemblyName assemblyName)
   at System.Runtime.Loader.AssemblyLoadContext.ResolveUsingResolvingEvent(IntPtr gchManagedAssemblyLoadContext, AssemblyName assemblyName)
TpTrace Warning: 0 : 33112, 1, 2024/10/24, 17:03:29.058, 7179709470871, vstest.console.dll, LoaderExceptions: System.IO.FileNotFoundException: Could not load file or assembly 'Microsoft.Bcl.AsyncInterfaces, Version=6.0.0.0, Culture=neutral, PublicKeyToken=cc7b13ffcd2ddd51'. The system cannot find the file specified.
File name: 'Microsoft.Bcl.AsyncInterfaces, Version=6.0.0.0, Culture=neutral, PublicKeyToken=cc7b13ffcd2ddd51'
 ---> System.IO.FileNotFoundException: Could not load file or assembly 'Microsoft.Bcl.AsyncInterfaces, Culture=neutral, PublicKeyToken=null'. The system cannot find the file specified.
File name: 'Microsoft.Bcl.AsyncInterfaces, Culture=neutral, PublicKeyToken=null'
   at System.Reflection.RuntimeAssembly.InternalLoad(AssemblyName assemblyName, StackCrawlMark& stackMark, AssemblyLoadContext assemblyLoadContext, RuntimeAssembly requestingAssembly, Boolean throwOnFileNotFound)
   at System.Reflection.Assembly.Load(AssemblyName assemblyRef)
   at Microsoft.VisualStudio.TestPlatform.Common.ExtensionFramework.TestPluginCache.CurrentDomainAssemblyResolve(Object sender, AssemblyResolveEventArgs args) in /_/src/Microsoft.TestPlatform.Common/ExtensionFramework/TestPluginCache.cs:line 513
   at System.Runtime.Loader.AssemblyLoadContext.GetFirstResolvedAssemblyFromResolvingEvent(AssemblyName assemblyName)
   at System.Runtime.Loader.AssemblyLoadContext.ResolveUsingEvent(AssemblyName assemblyName)
   at System.Runtime.Loader.AssemblyLoadContext.ResolveUsingResolvingEvent(IntPtr gchManagedAssemblyLoadContext, AssemblyName assemblyName)
TpTrace Information: 0 : 33112, 1, 2024/10/24, 17:03:29.059, 7179709473183, vstest.console.dll, AssemblyResolver.OnResolve: Microsoft.TestPlatform.Extensions.BlameDataCollector: Resolving assembly.
TpTrace Information: 0 : 33112, 1, 2024/10/24, 17:03:29.059, 7179709473613, vstest.console.dll, AssemblyResolver.OnResolve: Microsoft.TestPlatform.Extensions.BlameDataCollector: Searching in: 'C:\Program Files\dotnet\sdk\8.0.403\Extensions'.
TpTrace Information: 0 : 33112, 1, 2024/10/24, 17:03:29.060, 7179709487758, vstest.console.dll, AssemblyResolver.OnResolve: Microsoft.TestPlatform.Extensions.BlameDataCollector: Loading assembly 'C:\Program Files\dotnet\sdk\8.0.403\Extensions\Microsoft.TestPlatform.Extensions.BlameDataCollector.dll'.
TpTrace Information: 0 : 33112, 1, 2024/10/24, 17:03:29.062, 7179709511295, vstest.console.dll, AssemblyResolver.OnResolve: Resolved assembly: Microsoft.TestPlatform.Extensions.BlameDataCollector, from path: C:\Program Files\dotnet\sdk\8.0.403\Extensions\Microsoft.TestPlatform.Extensions.BlameDataCollector.dll
TpTrace Verbose: 0 : 33112, 1, 2024/10/24, 17:03:29.063, 7179709512647, vstest.console.dll, MetadataReaderExtensionsHelper: Discovering extensions inside assembly 'Microsoft.TestPlatform.Extensions.BlameDataCollector, Version=15.0.0.0, Culture=neutral, PublicKeyToken=b03f5f7f11d50a3a' file path 'C:\Program Files\dotnet\sdk\8.0.403\Extensions\Microsoft.TestPlatform.Extensions.BlameDataCollector.dll'
TpTrace Information: 0 : 33112, 1, 2024/10/24, 17:03:29.064, 7179709531164, vstest.console.dll, AssemblyResolver.OnResolve: Microsoft.TestPlatform.Extensions.EventLogCollector: Resolving assembly.
TpTrace Information: 0 : 33112, 1, 2024/10/24, 17:03:29.065, 7179709532602, vstest.console.dll, AssemblyResolver.OnResolve: Microsoft.TestPlatform.Extensions.EventLogCollector: Searching in: 'C:\Program Files\dotnet\sdk\8.0.403\Extensions'.
TpTrace Information: 0 : 33112, 1, 2024/10/24, 17:03:29.066, 7179709544182, vstest.console.dll, AssemblyResolver.OnResolve: Microsoft.TestPlatform.Extensions.EventLogCollector: Loading assembly 'C:\Program Files\dotnet\sdk\8.0.403\Extensions\Microsoft.TestPlatform.Extensions.EventLogCollector.dll'.
TpTrace Information: 0 : 33112, 1, 2024/10/24, 17:03:29.067, 7179709560189, vstest.console.dll, AssemblyResolver.OnResolve: Resolved assembly: Microsoft.TestPlatform.Extensions.EventLogCollector, from path: C:\Program Files\dotnet\sdk\8.0.403\Extensions\Microsoft.TestPlatform.Extensions.EventLogCollector.dll
TpTrace Verbose: 0 : 33112, 1, 2024/10/24, 17:03:29.067, 7179709561328, vstest.console.dll, MetadataReaderExtensionsHelper: Discovering extensions inside assembly 'Microsoft.TestPlatform.Extensions.EventLogCollector, Version=15.0.0.0, Culture=neutral, PublicKeyToken=b03f5f7f11d50a3a' file path 'C:\Program Files\dotnet\sdk\8.0.403\Extensions\Microsoft.TestPlatform.Extensions.EventLogCollector.dll'
TpTrace Information: 0 : 33112, 1, 2024/10/24, 17:03:29.076, 7179709643015, vstest.console.dll, AssemblyResolver.OnResolve: Microsoft.TestPlatform.TestHostRuntimeProvider: Resolving assembly.
TpTrace Information: 0 : 33112, 1, 2024/10/24, 17:03:29.076, 7179709644212, vstest.console.dll, AssemblyResolver.OnResolve: Microsoft.TestPlatform.TestHostRuntimeProvider: Searching in: 'C:\Program Files\dotnet\sdk\8.0.403\Extensions'.
TpTrace Information: 0 : 33112, 1, 2024/10/24, 17:03:29.077, 7179709654577, vstest.console.dll, AssemblyResolver.OnResolve: Microsoft.TestPlatform.TestHostRuntimeProvider: Loading assembly 'C:\Program Files\dotnet\sdk\8.0.403\Extensions\Microsoft.TestPlatform.TestHostRuntimeProvider.dll'.
TpTrace Information: 0 : 33112, 1, 2024/10/24, 17:03:29.079, 7179709672774, vstest.console.dll, AssemblyResolver.OnResolve: Resolved assembly: Microsoft.TestPlatform.TestHostRuntimeProvider, from path: C:\Program Files\dotnet\sdk\8.0.403\Extensions\Microsoft.TestPlatform.TestHostRuntimeProvider.dll
TpTrace Verbose: 0 : 33112, 1, 2024/10/24, 17:03:29.079, 7179709673945, vstest.console.dll, MetadataReaderExtensionsHelper: Discovering extensions inside assembly 'Microsoft.TestPlatform.TestHostRuntimeProvider, Version=15.0.0.0, Culture=neutral, PublicKeyToken=b03f5f7f11d50a3a' file path 'C:\Program Files\dotnet\sdk\8.0.403\Extensions\Microsoft.TestPlatform.TestHostRuntimeProvider.dll'
TpTrace Information: 0 : 33112, 1, 2024/10/24, 17:03:29.081, 7179709695031, vstest.console.dll, GetTestExtensionFromType: Register extension with identifier data 'HostProvider://DefaultTestHost' and type 'Microsoft.VisualStudio.TestPlatform.CrossPlatEngine.Hosting.DefaultTestHostManager, Microsoft.TestPlatform.TestHostRuntimeProvider, Version=15.0.0.0, Culture=neutral, PublicKeyToken=b03f5f7f11d50a3a' inside file 'C:\Program Files\dotnet\sdk\8.0.403\Extensions\Microsoft.TestPlatform.TestHostRuntimeProvider.dll'
TpTrace Information: 0 : 33112, 1, 2024/10/24, 17:03:29.081, 7179709697969, vstest.console.dll, GetTestExtensionFromType: Register extension with identifier data 'HostProvider://DotnetTestHost' and type 'Microsoft.VisualStudio.TestPlatform.CrossPlatEngine.Hosting.DotnetTestHostManager, Microsoft.TestPlatform.TestHostRuntimeProvider, Version=15.0.0.0, Culture=neutral, PublicKeyToken=b03f5f7f11d50a3a' inside file 'C:\Program Files\dotnet\sdk\8.0.403\Extensions\Microsoft.TestPlatform.TestHostRuntimeProvider.dll'
TpTrace Information: 0 : 33112, 1, 2024/10/24, 17:03:29.081, 7179709698805, vstest.console.dll, AssemblyResolver.OnResolve: Microsoft.VisualStudio.TestPlatform.Extensions.Html.TestLogger: Resolving assembly.
TpTrace Information: 0 : 33112, 1, 2024/10/24, 17:03:29.081, 7179709699125, vstest.console.dll, AssemblyResolver.OnResolve: Microsoft.VisualStudio.TestPlatform.Extensions.Html.TestLogger: Searching in: 'C:\Program Files\dotnet\sdk\8.0.403\Extensions'.
TpTrace Information: 0 : 33112, 1, 2024/10/24, 17:03:29.082, 7179709712101, vstest.console.dll, AssemblyResolver.OnResolve: Microsoft.VisualStudio.TestPlatform.Extensions.Html.TestLogger: Loading assembly 'C:\Program Files\dotnet\sdk\8.0.403\Extensions\Microsoft.VisualStudio.TestPlatform.Extensions.Html.TestLogger.dll'.
TpTrace Information: 0 : 33112, 1, 2024/10/24, 17:03:29.085, 7179709738048, vstest.console.dll, AssemblyResolver.OnResolve: Resolved assembly: Microsoft.VisualStudio.TestPlatform.Extensions.Html.TestLogger, from path: C:\Program Files\dotnet\sdk\8.0.403\Extensions\Microsoft.VisualStudio.TestPlatform.Extensions.Html.TestLogger.dll
TpTrace Verbose: 0 : 33112, 1, 2024/10/24, 17:03:29.085, 7179709739542, vstest.console.dll, MetadataReaderExtensionsHelper: Discovering extensions inside assembly 'Microsoft.VisualStudio.TestPlatform.Extensions.Html.TestLogger, Version=15.0.0.0, Culture=neutral, PublicKeyToken=b03f5f7f11d50a3a' file path 'C:\Program Files\dotnet\sdk\8.0.403\Extensions\Microsoft.VisualStudio.TestPlatform.Extensions.Html.TestLogger.dll'
TpTrace Information: 0 : 33112, 1, 2024/10/24, 17:03:29.087, 7179709755018, vstest.console.dll, AssemblyResolver.OnResolve: Microsoft.VisualStudio.TestPlatform.Extensions.Trx.TestLogger: Resolving assembly.
TpTrace Information: 0 : 33112, 1, 2024/10/24, 17:03:29.087, 7179709755917, vstest.console.dll, AssemblyResolver.OnResolve: Microsoft.VisualStudio.TestPlatform.Extensions.Trx.TestLogger: Searching in: 'C:\Program Files\dotnet\sdk\8.0.403\Extensions'.
TpTrace Information: 0 : 33112, 1, 2024/10/24, 17:03:29.088, 7179709767759, vstest.console.dll, AssemblyResolver.OnResolve: Microsoft.VisualStudio.TestPlatform.Extensions.Trx.TestLogger: Loading assembly 'C:\Program Files\dotnet\sdk\8.0.403\Extensions\Microsoft.VisualStudio.TestPlatform.Extensions.Trx.TestLogger.dll'.
TpTrace Information: 0 : 33112, 1, 2024/10/24, 17:03:29.090, 7179709789639, vstest.console.dll, AssemblyResolver.OnResolve: Resolved assembly: Microsoft.VisualStudio.TestPlatform.Extensions.Trx.TestLogger, from path: C:\Program Files\dotnet\sdk\8.0.403\Extensions\Microsoft.VisualStudio.TestPlatform.Extensions.Trx.TestLogger.dll
TpTrace Verbose: 0 : 33112, 1, 2024/10/24, 17:03:29.090, 7179709790614, vstest.console.dll, MetadataReaderExtensionsHelper: Discovering extensions inside assembly 'Microsoft.VisualStudio.TestPlatform.Extensions.Trx.TestLogger, Version=15.0.0.0, Culture=neutral, PublicKeyToken=b03f5f7f11d50a3a' file path 'C:\Program Files\dotnet\sdk\8.0.403\Extensions\Microsoft.VisualStudio.TestPlatform.Extensions.Trx.TestLogger.dll'
TpTrace Verbose: 0 : 33112, 1, 2024/10/24, 17:03:29.092, 7179709810358, vstest.console.dll, TestPluginCache: Discovered the extensions using extension path ''.
TpTrace Verbose: 0 : 33112, 1, 2024/10/24, 17:03:29.092, 7179709811294, vstest.console.dll, TestPluginCache: Discoverers are ''.
TpTrace Verbose: 0 : 33112, 1, 2024/10/24, 17:03:29.092, 7179709811584, vstest.console.dll, TestPluginCache: Executors are ''.
TpTrace Verbose: 0 : 33112, 1, 2024/10/24, 17:03:29.092, 7179709811846, vstest.console.dll, TestPluginCache: Executors2 are ''.
TpTrace Verbose: 0 : 33112, 1, 2024/10/24, 17:03:29.092, 7179709812084, vstest.console.dll, TestPluginCache: Setting providers are ''.
TpTrace Verbose: 0 : 33112, 1, 2024/10/24, 17:03:29.092, 7179709812317, vstest.console.dll, TestPluginCache: Loggers are ''.
TpTrace Verbose: 0 : 33112, 1, 2024/10/24, 17:03:29.093, 7179709813644, vstest.console.dll, TestPluginCache: TestHosts are 'HostProvider://DefaultTestHost,HostProvider://DotnetTestHost'.
TpTrace Verbose: 0 : 33112, 1, 2024/10/24, 17:03:29.093, 7179709814028, vstest.console.dll, TestPluginCache: DataCollectors are ''.
TpTrace Information: 0 : 33112, 1, 2024/10/24, 17:03:29.120, 7179710085793, vstest.console.dll, RunTestsArgumentProcessor:Execute: Test run is starting.
TpTrace Verbose: 0 : 33112, 1, 2024/10/24, 17:03:29.120, 7179710086887, vstest.console.dll, RunTestsArgumentProcessor:Execute: Queuing Test run.
TpTrace Information: 0 : 33112, 1, 2024/10/24, 17:03:29.120, 7179710090217, vstest.console.dll, TestRequestManager.RunTests: run tests started.
TpTrace Information: 0 : 33112, 1, 2024/10/24, 17:03:29.123, 7179710117644, vstest.console.dll, AssemblyMetadataProvider.GetFrameworkName: Determined framework:'.NETCoreApp,Version=v6.0' for source: 'C:\Users\rohit.laishram.PYRAMIDINDIA\Documents\celsior_training\day32\LifeInsuranceApplication\LifeInsuranceApplicationTest\bin\Debug\net6.0\fine-code-coverage\build-output\LifeInsuranceApplicationTest.dll'
TpTrace Information: 0 : 33112, 1, 2024/10/24, 17:03:29.123, 7179710119497, vstest.console.dll, Determined framework for all sources: .NETCoreApp,Version=v6.0
TpTrace Verbose: 0 : 33112, 1, 2024/10/24, 17:03:29.123, 7179710122280, vstest.console.dll, TestRequestManager.UpdateRunSettingsIfRequired: Default architecture: X64 IsDefaultTargetArchitecture: True, Current process architecture: X64 OperatingSystem: Windows.
TpTrace Information: 0 : 33112, 1, 2024/10/24, 17:03:29.128, 7179710164975, vstest.console.dll, AssemblyMetadataProvider.GetArchitecture: Determined architecture:AnyCPU info for assembly: C:\Users\rohit.laishram.PYRAMIDINDIA\Documents\celsior_training\day32\LifeInsuranceApplication\LifeInsuranceApplicationTest\bin\Debug\net6.0\fine-code-coverage\build-output\LifeInsuranceApplicationTest.dll
TpTrace Information: 0 : 33112, 1, 2024/10/24, 17:03:29.128, 7179710165890, vstest.console.dll, Determined platform for source 'C:\Users\rohit.laishram.PYRAMIDINDIA\Documents\celsior_training\day32\LifeInsuranceApplication\LifeInsuranceApplicationTest\bin\Debug\net6.0\fine-code-coverage\build-output\LifeInsuranceApplicationTest.dll' was AnyCPU and it will use the default plaform X64.
TpTrace Information: 0 : 33112, 1, 2024/10/24, 17:03:29.128, 7179710166166, vstest.console.dll, None of the sources provided any runnable platform, using the default platform: X64
TpTrace Information: 0 : 33112, 1, 2024/10/24, 17:03:29.128, 7179710167146, vstest.console.dll, Platform was updated to 'X64'.
TpTrace Information: 0 : 33112, 1, 2024/10/24, 17:03:29.130, 7179710190973, vstest.console.dll, InferRunSettingsHelper.IsTestSettingsEnabled: Unable to navigate to RunSettings/MSTest. Current node: RunSettings
TpTrace Information: 0 : 33112, 1, 2024/10/24, 17:03:29.131, 7179710196410, vstest.console.dll, AssemblyResolver.OnResolve: Microsoft.VisualStudio.TestPlatform.Fakes: Resolving assembly.
TpTrace Information: 0 : 33112, 1, 2024/10/24, 17:03:29.131, 7179710197144, vstest.console.dll, AssemblyResolver.OnResolve: Microsoft.VisualStudio.TestPlatform.Fakes: Searching in: 'C:\Program Files\dotnet\sdk\8.0.403\Extensions'.
TpTrace Information: 0 : 33112, 1, 2024/10/24, 17:03:29.131, 7179710197936, vstest.console.dll, AssemblyResolver.OnResolve: Microsoft.VisualStudio.TestPlatform.Fakes: Assembly path does not exist: 'C:\Program Files\dotnet\sdk\8.0.403\Extensions\Microsoft.VisualStudio.TestPlatform.Fakes.dll', returning.
TpTrace Information: 0 : 33112, 1, 2024/10/24, 17:03:29.131, 7179710198431, vstest.console.dll, AssemblyResolver.OnResolve: Microsoft.VisualStudio.TestPlatform.Fakes: Assembly path does not exist: 'C:\Program Files\dotnet\sdk\8.0.403\Extensions\Microsoft.VisualStudio.TestPlatform.Fakes.exe', returning.
TpTrace Information: 0 : 33112, 1, 2024/10/24, 17:03:29.131, 7179710198678, vstest.console.dll, AssemblyResolver.OnResolve: Microsoft.VisualStudio.TestPlatform.Fakes: Searching in: 'C:\Program Files\dotnet\sdk\8.0.403'.
TpTrace Information: 0 : 33112, 1, 2024/10/24, 17:03:29.131, 7179710199153, vstest.console.dll, AssemblyResolver.OnResolve: Microsoft.VisualStudio.TestPlatform.Fakes: Assembly path does not exist: 'C:\Program Files\dotnet\sdk\8.0.403\Microsoft.VisualStudio.TestPlatform.Fakes.dll', returning.
TpTrace Information: 0 : 33112, 1, 2024/10/24, 17:03:29.131, 7179710199545, vstest.console.dll, AssemblyResolver.OnResolve: Microsoft.VisualStudio.TestPlatform.Fakes: Assembly path does not exist: 'C:\Program Files\dotnet\sdk\8.0.403\Microsoft.VisualStudio.TestPlatform.Fakes.exe', returning.
TpTrace Information: 0 : 33112, 1, 2024/10/24, 17:03:29.131, 7179710199897, vstest.console.dll, AssemblyResolver.OnResolve: Microsoft.VisualStudio.TestPlatform.Fakes: Failed to load assembly.
TpTrace Information: 0 : 33112, 1, 2024/10/24, 17:03:29.131, 7179710202296, vstest.console.dll, Failed to load assembly Microsoft.VisualStudio.TestPlatform.Fakes, Version=17.0.0.0, Culture=neutral. Reason:System.IO.FileNotFoundException: Could not load file or assembly 'Microsoft.VisualStudio.TestPlatform.Fakes, Version=17.0.0.0, Culture=neutral, PublicKeyToken=null'. The system cannot find the file specified.
File name: 'Microsoft.VisualStudio.TestPlatform.Fakes, Version=17.0.0.0, Culture=neutral, PublicKeyToken=null'
   at System.Reflection.RuntimeAssembly.InternalLoad(AssemblyName assemblyName, StackCrawlMark& stackMark, AssemblyLoadContext assemblyLoadContext, RuntimeAssembly requestingAssembly, Boolean throwOnFileNotFound)
   at System.Reflection.Assembly.Load(AssemblyName assemblyRef)
   at Microsoft.VisualStudio.TestPlatform.Common.Utilities.FakesUtilities.LoadTestPlatformAssembly() in /_/src/Microsoft.TestPlatform.Common/Utilities/FakesUtilities.cs:line 272
TpTrace Verbose: 0 : 33112, 1, 2024/10/24, 17:03:29.134, 7179710229363, vstest.console.dll, TestPluginCache.DiscoverTestExtensions: finding test extensions in assemblies ends with: TestLogger.dll TPluginInfo: Microsoft.VisualStudio.TestPlatform.Common.ExtensionFramework.Utilities.TestLoggerPluginInformation TExtension: Microsoft.VisualStudio.TestPlatform.ObjectModel.Client.ITestLogger
TpTrace Verbose: 0 : 33112, 1, 2024/10/24, 17:03:29.134, 7179710230501, vstest.console.dll, TestPluginCache.GetExtensionPaths: Filtered extension paths: 
TpTrace Verbose: 0 : 33112, 1, 2024/10/24, 17:03:29.134, 7179710230844, vstest.console.dll, TestPluginCache.GetExtensionPaths: Added default extension paths: C:\Program Files\dotnet\sdk\8.0.403\Extensions\Microsoft.Diagnostics.NETCore.Client.dll
C:\Program Files\dotnet\sdk\8.0.403\Extensions\Microsoft.TestPlatform.Extensions.BlameDataCollector.dll
C:\Program Files\dotnet\sdk\8.0.403\Extensions\Microsoft.TestPlatform.Extensions.EventLogCollector.dll
C:\Program Files\dotnet\sdk\8.0.403\Extensions\Microsoft.TestPlatform.TestHostRuntimeProvider.dll
C:\Program Files\dotnet\sdk\8.0.403\Extensions\Microsoft.VisualStudio.TestPlatform.Extensions.Html.TestLogger.dll
C:\Program Files\dotnet\sdk\8.0.403\Extensions\Microsoft.VisualStudio.TestPlatform.Extensions.Trx.TestLogger.dll
TpTrace Verbose: 0 : 33112, 1, 2024/10/24, 17:03:29.134, 7179710231178, vstest.console.dll, TestPluginCache.GetExtensionPaths: Added unfilterableExtensionPaths: 
TpTrace Information: 0 : 33112, 1, 2024/10/24, 17:03:29.134, 7179710232235, vstest.console.dll, AssemblyResolver.AddSearchDirectories: Adding more searchDirectories C:\Program Files\dotnet\sdk\8.0.403\Extensions,C:\Program Files\dotnet\sdk\8.0.403
TpTrace Verbose: 0 : 33112, 1, 2024/10/24, 17:03:29.135, 7179710232629, vstest.console.dll, TestPluginCache.DiscoverTestExtensions: Discovering the extensions using extension path.
TpTrace Verbose: 0 : 33112, 1, 2024/10/24, 17:03:29.135, 7179710232963, vstest.console.dll, TestPluginCache.GetExtensionPaths: Filtered extension paths: 
TpTrace Verbose: 0 : 33112, 1, 2024/10/24, 17:03:29.135, 7179710233215, vstest.console.dll, TestPluginCache.GetExtensionPaths: Added default extension paths: C:\Program Files\dotnet\sdk\8.0.403\Extensions\Microsoft.Diagnostics.NETCore.Client.dll
C:\Program Files\dotnet\sdk\8.0.403\Extensions\Microsoft.TestPlatform.Extensions.BlameDataCollector.dll
C:\Program Files\dotnet\sdk\8.0.403\Extensions\Microsoft.TestPlatform.Extensions.EventLogCollector.dll
C:\Program Files\dotnet\sdk\8.0.403\Extensions\Microsoft.TestPlatform.TestHostRuntimeProvider.dll
C:\Program Files\dotnet\sdk\8.0.403\Extensions\Microsoft.VisualStudio.TestPlatform.Extensions.Html.TestLogger.dll
C:\Program Files\dotnet\sdk\8.0.403\Extensions\Microsoft.VisualStudio.TestPlatform.Extensions.Trx.TestLogger.dll
TpTrace Verbose: 0 : 33112, 1, 2024/10/24, 17:03:29.135, 7179710233578, vstest.console.dll, TestPluginCache.GetExtensionPaths: Added unfilterableExtensionPaths: 
TpTrace Verbose: 0 : 33112, 1, 2024/10/24, 17:03:29.135, 7179710234307, vstest.console.dll, TestPluginCache.DiscoverTestExtensions: Discovering the extensions using allExtensionPaths: C:\Program Files\dotnet\sdk\8.0.403\Extensions\Microsoft.Diagnostics.NETCore.Client.dll
C:\Program Files\dotnet\sdk\8.0.403\Extensions\Microsoft.TestPlatform.Extensions.BlameDataCollector.dll
C:\Program Files\dotnet\sdk\8.0.403\Extensions\Microsoft.TestPlatform.Extensions.EventLogCollector.dll
C:\Program Files\dotnet\sdk\8.0.403\Extensions\Microsoft.TestPlatform.TestHostRuntimeProvider.dll
C:\Program Files\dotnet\sdk\8.0.403\Extensions\Microsoft.VisualStudio.TestPlatform.Extensions.Html.TestLogger.dll
C:\Program Files\dotnet\sdk\8.0.403\Extensions\Microsoft.VisualStudio.TestPlatform.Extensions.Trx.TestLogger.dll
TpTrace Information: 0 : 33112, 1, 2024/10/24, 17:03:29.135, 7179710234771, vstest.console.dll, AssemblyResolver.AddSearchDirectories: Adding more searchDirectories C:\Program Files\dotnet\sdk\8.0.403\Extensions,C:\Program Files\dotnet\sdk\8.0.403
TpTrace Information: 0 : 33112, 1, 2024/10/24, 17:03:29.135, 7179710235050, vstest.console.dll, AssemblyResolver.AddSearchDirectories: Adding more searchDirectories C:\Program Files\dotnet\sdk\8.0.403\Extensions,C:\Program Files\dotnet\sdk\8.0.403
TpTrace Information: 0 : 33112, 1, 2024/10/24, 17:03:29.135, 7179710235307, vstest.console.dll, AssemblyResolver.AddSearchDirectories: Adding more searchDirectories C:\Program Files\dotnet\sdk\8.0.403\Extensions,C:\Program Files\dotnet\sdk\8.0.403
TpTrace Information: 0 : 33112, 1, 2024/10/24, 17:03:29.135, 7179710235613, vstest.console.dll, AssemblyResolver.AddSearchDirectories: Adding more searchDirectories C:\Program Files\dotnet\sdk\8.0.403\Extensions,C:\Program Files\dotnet\sdk\8.0.403
TpTrace Information: 0 : 33112, 1, 2024/10/24, 17:03:29.135, 7179710235875, vstest.console.dll, AssemblyResolver.AddSearchDirectories: Adding more searchDirectories C:\Program Files\dotnet\sdk\8.0.403\Extensions,C:\Program Files\dotnet\sdk\8.0.403
TpTrace Information: 0 : 33112, 1, 2024/10/24, 17:03:29.135, 7179710236118, vstest.console.dll, AssemblyResolver.AddSearchDirectories: Adding more searchDirectories C:\Program Files\dotnet\sdk\8.0.403\Extensions,C:\Program Files\dotnet\sdk\8.0.403
TpTrace Verbose: 0 : 33112, 1, 2024/10/24, 17:03:29.135, 7179710237029, vstest.console.dll, MetadataReaderExtensionsHelper: Discovering extensions inside assembly 'Microsoft.Diagnostics.NETCore.Client, Version=0.2.10.30701, Culture=neutral, PublicKeyToken=31bf3856ad364e35' file path 'C:\Program Files\dotnet\sdk\8.0.403\Extensions\Microsoft.Diagnostics.NETCore.Client.dll'
TpTrace Information: 0 : 33112, 1, 2024/10/24, 17:03:29.136, 7179710249825, vstest.console.dll, AssemblyResolver.OnResolve: Microsoft.Bcl.AsyncInterfaces: Resolving assembly.
TpTrace Information: 0 : 33112, 1, 2024/10/24, 17:03:29.136, 7179710250619, vstest.console.dll, AssemblyResolver.OnResolve: Microsoft.Bcl.AsyncInterfaces: Resolved from cache.
TpTrace Verbose: 0 : 33112, 1, 2024/10/24, 17:03:29.136, 7179710250896, vstest.console.dll, CurrentDomainAssemblyResolve: Resolving assembly 'Microsoft.Bcl.AsyncInterfaces'.
TpTrace Information: 0 : 33112, 1, 2024/10/24, 17:03:29.136, 7179710251293, vstest.console.dll, AssemblyResolver.OnResolve: Microsoft.Bcl.AsyncInterfaces: Resolving assembly.
TpTrace Information: 0 : 33112, 1, 2024/10/24, 17:03:29.136, 7179710251530, vstest.console.dll, AssemblyResolver.OnResolve: Microsoft.Bcl.AsyncInterfaces: Resolved from cache.
TpTrace Verbose: 0 : 33112, 1, 2024/10/24, 17:03:29.136, 7179710251759, vstest.console.dll, CurrentDomainAssemblyResolve: Resolving assembly 'Microsoft.Bcl.AsyncInterfaces'.
TpTrace Verbose: 0 : 33112, 1, 2024/10/24, 17:03:29.136, 7179710252109, vstest.console.dll, CurrentDomainAssemblyResolve: Failed to resolve assembly 'Microsoft.Bcl.AsyncInterfaces'.
TpTrace Verbose: 0 : 33112, 1, 2024/10/24, 17:03:29.137, 7179710253191, vstest.console.dll, CurrentDomainAssemblyResolve: Failed to resolve assembly 'Microsoft.Bcl.AsyncInterfaces'.
TpTrace Warning: 0 : 33112, 1, 2024/10/24, 17:03:29.137, 7179710255605, vstest.console.dll, TestPluginDiscoverer: Failed to get types from assembly 'Microsoft.Diagnostics.NETCore.Client, Version=0.2.10.30701, Culture=neutral, PublicKeyToken=31bf3856ad364e35'. Error: System.Reflection.ReflectionTypeLoadException: Unable to load one or more of the requested types.
Could not load file or assembly 'Microsoft.Bcl.AsyncInterfaces, Version=6.0.0.0, Culture=neutral, PublicKeyToken=cc7b13ffcd2ddd51'. The system cannot find the file specified.
   at System.Reflection.RuntimeModule.GetTypes(RuntimeModule module)
   at System.Reflection.RuntimeModule.GetTypes()
   at Microsoft.VisualStudio.TestPlatform.Common.ExtensionFramework.TestPluginDiscoverer.GetTestExtensionsFromAssembly[TPluginInfo,TExtension](Assembly assembly, Dictionary`2 pluginInfos, String filePath) in /_/src/Microsoft.TestPlatform.Common/ExtensionFramework/TestPluginDiscoverer.cs:line 158
System.IO.FileNotFoundException: Could not load file or assembly 'Microsoft.Bcl.AsyncInterfaces, Version=6.0.0.0, Culture=neutral, PublicKeyToken=cc7b13ffcd2ddd51'. The system cannot find the file specified.
File name: 'Microsoft.Bcl.AsyncInterfaces, Version=6.0.0.0, Culture=neutral, PublicKeyToken=cc7b13ffcd2ddd51'
 ---> System.IO.FileNotFoundException: Could not load file or assembly 'Microsoft.Bcl.AsyncInterfaces, Culture=neutral, PublicKeyToken=null'. The system cannot find the file specified.
File name: 'Microsoft.Bcl.AsyncInterfaces, Culture=neutral, PublicKeyToken=null'
   at System.Reflection.RuntimeAssembly.InternalLoad(AssemblyName assemblyName, StackCrawlMark& stackMark, AssemblyLoadContext assemblyLoadContext, RuntimeAssembly requestingAssembly, Boolean throwOnFileNotFound)
   at System.Reflection.Assembly.Load(AssemblyName assemblyRef)
   at Microsoft.VisualStudio.TestPlatform.Common.ExtensionFramework.TestPluginCache.CurrentDomainAssemblyResolve(Object sender, AssemblyResolveEventArgs args) in /_/src/Microsoft.TestPlatform.Common/ExtensionFramework/TestPluginCache.cs:line 513
   at System.Runtime.Loader.AssemblyLoadContext.GetFirstResolvedAssemblyFromResolvingEvent(AssemblyName assemblyName)
   at System.Runtime.Loader.AssemblyLoadContext.ResolveUsingEvent(AssemblyName assemblyName)
   at System.Runtime.Loader.AssemblyLoadContext.ResolveUsingResolvingEvent(IntPtr gchManagedAssemblyLoadContext, AssemblyName assemblyName)
TpTrace Warning: 0 : 33112, 1, 2024/10/24, 17:03:29.137, 7179710256775, vstest.console.dll, LoaderExceptions: System.IO.FileNotFoundException: Could not load file or assembly 'Microsoft.Bcl.AsyncInterfaces, Version=6.0.0.0, Culture=neutral, PublicKeyToken=cc7b13ffcd2ddd51'. The system cannot find the file specified.
File name: 'Microsoft.Bcl.AsyncInterfaces, Version=6.0.0.0, Culture=neutral, PublicKeyToken=cc7b13ffcd2ddd51'
 ---> System.IO.FileNotFoundException: Could not load file or assembly 'Microsoft.Bcl.AsyncInterfaces, Culture=neutral, PublicKeyToken=null'. The system cannot find the file specified.
File name: 'Microsoft.Bcl.AsyncInterfaces, Culture=neutral, PublicKeyToken=null'
   at System.Reflection.RuntimeAssembly.InternalLoad(AssemblyName assemblyName, StackCrawlMark& stackMark, AssemblyLoadContext assemblyLoadContext, RuntimeAssembly requestingAssembly, Boolean throwOnFileNotFound)
   at System.Reflection.Assembly.Load(AssemblyName assemblyRef)
   at Microsoft.VisualStudio.TestPlatform.Common.ExtensionFramework.TestPluginCache.CurrentDomainAssemblyResolve(Object sender, AssemblyResolveEventArgs args) in /_/src/Microsoft.TestPlatform.Common/ExtensionFramework/TestPluginCache.cs:line 513
   at System.Runtime.Loader.AssemblyLoadContext.GetFirstResolvedAssemblyFromResolvingEvent(AssemblyName assemblyName)
   at System.Runtime.Loader.AssemblyLoadContext.ResolveUsingEvent(AssemblyName assemblyName)
   at System.Runtime.Loader.AssemblyLoadContext.ResolveUsingResolvingEvent(IntPtr gchManagedAssemblyLoadContext, AssemblyName assemblyName)
TpTrace Verbose: 0 : 33112, 1, 2024/10/24, 17:03:29.137, 7179710257393, vstest.console.dll, MetadataReaderExtensionsHelper: Discovering extensions inside assembly 'Microsoft.TestPlatform.Extensions.BlameDataCollector, Version=15.0.0.0, Culture=neutral, PublicKeyToken=b03f5f7f11d50a3a' file path 'C:\Program Files\dotnet\sdk\8.0.403\Extensions\Microsoft.TestPlatform.Extensions.BlameDataCollector.dll'
TpTrace Information: 0 : 33112, 1, 2024/10/24, 17:03:29.139, 7179710280765, vstest.console.dll, GetTestExtensionFromType: Register extension with identifier data 'logger://Microsoft/TestPlatform/Extensions/Blame/v1' and type 'Microsoft.TestPlatform.Extensions.BlameDataCollector.BlameLogger, Microsoft.TestPlatform.Extensions.BlameDataCollector, Version=15.0.0.0, Culture=neutral, PublicKeyToken=b03f5f7f11d50a3a' inside file 'C:\Program Files\dotnet\sdk\8.0.403\Extensions\Microsoft.TestPlatform.Extensions.BlameDataCollector.dll'
TpTrace Verbose: 0 : 33112, 1, 2024/10/24, 17:03:29.139, 7179710281608, vstest.console.dll, MetadataReaderExtensionsHelper: Discovering extensions inside assembly 'Microsoft.TestPlatform.Extensions.EventLogCollector, Version=15.0.0.0, Culture=neutral, PublicKeyToken=b03f5f7f11d50a3a' file path 'C:\Program Files\dotnet\sdk\8.0.403\Extensions\Microsoft.TestPlatform.Extensions.EventLogCollector.dll'
TpTrace Verbose: 0 : 33112, 1, 2024/10/24, 17:03:29.141, 7179710295633, vstest.console.dll, MetadataReaderExtensionsHelper: Discovering extensions inside assembly 'Microsoft.TestPlatform.TestHostRuntimeProvider, Version=15.0.0.0, Culture=neutral, PublicKeyToken=b03f5f7f11d50a3a' file path 'C:\Program Files\dotnet\sdk\8.0.403\Extensions\Microsoft.TestPlatform.TestHostRuntimeProvider.dll'
TpTrace Verbose: 0 : 33112, 1, 2024/10/24, 17:03:29.143, 7179710313817, vstest.console.dll, MetadataReaderExtensionsHelper: Discovering extensions inside assembly 'Microsoft.VisualStudio.TestPlatform.Extensions.Html.TestLogger, Version=15.0.0.0, Culture=neutral, PublicKeyToken=b03f5f7f11d50a3a' file path 'C:\Program Files\dotnet\sdk\8.0.403\Extensions\Microsoft.VisualStudio.TestPlatform.Extensions.Html.TestLogger.dll'
TpTrace Information: 0 : 33112, 1, 2024/10/24, 17:03:29.144, 7179710330462, vstest.console.dll, GetTestExtensionFromType: Register extension with identifier data 'logger://Microsoft/TestPlatform/HtmlLogger/v1' and type 'Microsoft.VisualStudio.TestPlatform.Extensions.HtmlLogger.HtmlLogger, Microsoft.VisualStudio.TestPlatform.Extensions.Html.TestLogger, Version=15.0.0.0, Culture=neutral, PublicKeyToken=b03f5f7f11d50a3a' inside file 'C:\Program Files\dotnet\sdk\8.0.403\Extensions\Microsoft.VisualStudio.TestPlatform.Extensions.Html.TestLogger.dll'
TpTrace Verbose: 0 : 33112, 1, 2024/10/24, 17:03:29.144, 7179710331478, vstest.console.dll, MetadataReaderExtensionsHelper: Discovering extensions inside assembly 'Microsoft.VisualStudio.TestPlatform.Extensions.Trx.TestLogger, Version=15.0.0.0, Culture=neutral, PublicKeyToken=b03f5f7f11d50a3a' file path 'C:\Program Files\dotnet\sdk\8.0.403\Extensions\Microsoft.VisualStudio.TestPlatform.Extensions.Trx.TestLogger.dll'
TpTrace Information: 0 : 33112, 1, 2024/10/24, 17:03:29.146, 7179710345615, vstest.console.dll, GetTestExtensionFromType: Register extension with identifier data 'logger://Microsoft/TestPlatform/TrxLogger/v1' and type 'Microsoft.VisualStudio.TestPlatform.Extensions.TrxLogger.TrxLogger, Microsoft.VisualStudio.TestPlatform.Extensions.Trx.TestLogger, Version=15.0.0.0, Culture=neutral, PublicKeyToken=b03f5f7f11d50a3a' inside file 'C:\Program Files\dotnet\sdk\8.0.403\Extensions\Microsoft.VisualStudio.TestPlatform.Extensions.Trx.TestLogger.dll'
TpTrace Verbose: 0 : 33112, 1, 2024/10/24, 17:03:29.146, 7179710346416, vstest.console.dll, TestPluginCache: Discovered the extensions using extension path ''.
TpTrace Verbose: 0 : 33112, 1, 2024/10/24, 17:03:29.146, 7179710346696, vstest.console.dll, TestPluginCache: Discoverers are ''.
TpTrace Verbose: 0 : 33112, 1, 2024/10/24, 17:03:29.146, 7179710346933, vstest.console.dll, TestPluginCache: Executors are ''.
TpTrace Verbose: 0 : 33112, 1, 2024/10/24, 17:03:29.146, 7179710347188, vstest.console.dll, TestPluginCache: Executors2 are ''.
TpTrace Verbose: 0 : 33112, 1, 2024/10/24, 17:03:29.146, 7179710347432, vstest.console.dll, TestPluginCache: Setting providers are ''.
TpTrace Verbose: 0 : 33112, 1, 2024/10/24, 17:03:29.146, 7179710348067, vstest.console.dll, TestPluginCache: Loggers are 'logger://Microsoft/TestPlatform/Extensions/Blame/v1,logger://Microsoft/TestPlatform/HtmlLogger/v1,logger://Microsoft/TestPlatform/TrxLogger/v1'.
TpTrace Verbose: 0 : 33112, 1, 2024/10/24, 17:03:29.146, 7179710348389, vstest.console.dll, TestPluginCache: TestHosts are 'HostProvider://DefaultTestHost,HostProvider://DotnetTestHost'.
TpTrace Verbose: 0 : 33112, 1, 2024/10/24, 17:03:29.146, 7179710348627, vstest.console.dll, TestPluginCache: DataCollectors are ''.
TpTrace Information: 0 : 33112, 1, 2024/10/24, 17:03:29.147, 7179710354909, vstest.console.dll, TestPluginManager.CreateTestExtension: Attempting to load test extension: Microsoft.TestPlatform.Extensions.BlameDataCollector.BlameLogger
TpTrace Verbose: 0 : 33112, 1, 2024/10/24, 17:03:29.160, 7179710489233, vstest.console.dll, TestEngine: Initializing Parallel Execution as MaxCpuCount is set to: 1
TpTrace Information: 0 : 33112, 1, 2024/10/24, 17:03:29.162, 7179710502687, vstest.console.dll, TestPluginManager.CreateTestExtension: Attempting to load test extension: Microsoft.VisualStudio.TestPlatform.CrossPlatEngine.Hosting.DefaultTestHostManager
TpTrace Information: 0 : 33112, 1, 2024/10/24, 17:03:29.165, 7179710540664, vstest.console.dll, TestPluginManager.CreateTestExtension: Attempting to load test extension: Microsoft.VisualStudio.TestPlatform.CrossPlatEngine.Hosting.DotnetTestHostManager
TpTrace Verbose: 0 : 33112, 1, 2024/10/24, 17:03:29.166, 7179710543088, vstest.console.dll, TestHostManagerCallbacks.ctor: Forwarding output is enabled.
TpTrace Information: 0 : 33112, 1, 2024/10/24, 17:03:29.166, 7179710546227, vstest.console.dll, InferRunSettingsHelper.IsTestSettingsEnabled: Unable to navigate to RunSettings/MSTest. Current node: RunSettings
TpTrace Verbose: 0 : 33112, 1, 2024/10/24, 17:03:29.167, 7179710557897, vstest.console.dll, ParallelOperationManager.ClearSlots: Clearing all slots. Slots should accept more work: True
TpTrace Verbose: 0 : 33112, 1, 2024/10/24, 17:03:29.168, 7179710563004, vstest.console.dll, ParallelOperationManager.SetOccupiedSlotCount: Setting slot counts AvailableSlotCount = 1, OccupiedSlotCount = 0.
TpTrace Verbose: 0 : 33112, 1, 2024/10/24, 17:03:29.168, 7179710565317, vstest.console.dll, Occupied slots:

TpTrace Verbose: 0 : 33112, 1, 2024/10/24, 17:03:29.170, 7179710587682, vstest.console.dll, TestEngine.GetExecutionManager: Chosen execution manager 'Microsoft.VisualStudio.TestPlatform.CrossPlatEngine.Client.Parallel.ParallelProxyExecutionManager, Microsoft.TestPlatform.CrossPlatEngine, Version=15.0.0.0, Culture=neutral, PublicKeyToken=b03f5f7f11d50a3a' ParallelLevel '1'.
TpTrace Verbose: 0 : 33112, 1, 2024/10/24, 17:03:29.170, 7179710590021, vstest.console.dll, TestPlatform.GetSkipDefaultAdapters: Not skipping default adapters SkipDefaultAdapters was false.
TpTrace Verbose: 0 : 33112, 1, 2024/10/24, 17:03:29.170, 7179710590844, vstest.console.dll, TestRunRequest.ExecuteAsync: Creating test run request.
TpTrace Verbose: 0 : 33112, 1, 2024/10/24, 17:03:29.171, 7179710592596, vstest.console.dll, TestRunRequest.ExecuteAsync: Starting.
TpTrace Information: 0 : 33112, 1, 2024/10/24, 17:03:29.171, 7179710600761, vstest.console.dll, TestRunRequest.ExecuteAsync: Starting run with settings:TestRunCriteria:
   KeepAlive=False,FrequencyOfRunStatsChangeEvent=10,RunStatsChangeEventTimeout=00:00:01.5000000,TestCaseFilter=,TestExecutorLauncher=
   Settingsxml=<RunSettings>
  <RunConfiguration>
    <ResultsDirectory>C:\Users\rohit.laishram.PYRAMIDINDIA\Documents\celsior_training\day32\LifeInsuranceApplication\LifeInsuranceApplicationTest\bin\Debug\net6.0\fine-code-coverage\coverage-tool-output</ResultsDirectory>
    <TargetPlatform>X64</TargetPlatform>
    <TargetFrameworkVersion>.NETCoreApp,Version=v6.0</TargetFrameworkVersion>
    <DesignMode>False</DesignMode>
    <CollectSourceInformation>False</CollectSourceInformation>
  </RunConfiguration>
  <LoggerRunSettings>
    <Loggers>
      <Logger friendlyName="blame" enabled="True" />
      <Logger friendlyName="Console" uri="logger://microsoft/TestPlatform/ConsoleLogger/v1" assemblyQualifiedName="Microsoft.VisualStudio.TestPlatform.CommandLine.Internal.ConsoleLogger, vstest.console, Version=15.0.0.0, Culture=neutral, PublicKeyToken=b03f5f7f11d50a3a" codeBase="C:\Program Files\dotnet\sdk\8.0.403\vstest.console.dll" enabled="True" />
    </Loggers>
  </LoggerRunSettings>
  <DataCollectionRunSettings>
    <DataCollectors>
      <DataCollector friendlyName="blame" enabled="True">
        <Configuration>
          <ResultsDirectory>C:\Users\rohit.laishram.PYRAMIDINDIA\Documents\celsior_training\day32\LifeInsuranceApplication\LifeInsuranceApplicationTest\bin\Debug\net6.0\fine-code-coverage\coverage-tool-output</ResultsDirectory>
        </Configuration>
      </DataCollector>
    </DataCollectors>
  </DataCollectionRunSettings>
</RunSettings>

TpTrace Verbose: 0 : 33112, 1, 2024/10/24, 17:03:29.171, 7179710601415, vstest.console.dll, TestRunRequest.ExecuteAsync: Wait for the first run request is over.
TpTrace Verbose: 0 : 33112, 1, 2024/10/24, 17:03:29.172, 7179710603676, vstest.console.dll, MulticastDelegateUtilities.SafeInvoke: TestRun.TestRunStart: Invoking callbacks was skipped because there are no subscribers.
TpTrace Verbose: 0 : 33112, 4, 2024/10/24, 17:03:29.172, 7179710605488, vstest.console.dll, MulticastDelegateUtilities.SafeInvoke: InternalTestLoggerEvents.SendTestRunStart: Invoking callback 1/1 for Microsoft.VisualStudio.TestPlatform.CommandLine.Internal.ConsoleLogger., took 0 ms.
TpTrace Verbose: 0 : 33112, 1, 2024/10/24, 17:03:29.172, 7179710611570, vstest.console.dll, ParallelProxyExecutionManager: Start execution. Total sources: 1
TpTrace Verbose: 0 : 33112, 1, 2024/10/24, 17:03:29.173, 7179710614092, vstest.console.dll, ParallelOperationManager.StartWork: Starting adding 1 workloads.
TpTrace Verbose: 0 : 33112, 1, 2024/10/24, 17:03:29.173, 7179710614662, vstest.console.dll, ParallelOperationManager.ClearSlots: Clearing all slots. Slots should accept more work: True
TpTrace Verbose: 0 : 33112, 1, 2024/10/24, 17:03:29.173, 7179710615197, vstest.console.dll, ParallelOperationManager.SetOccupiedSlotCount: Setting slot counts AvailableSlotCount = 1, OccupiedSlotCount = 0.
TpTrace Verbose: 0 : 33112, 1, 2024/10/24, 17:03:29.173, 7179710615509, vstest.console.dll, Occupied slots:

TpTrace Verbose: 0 : 33112, 1, 2024/10/24, 17:03:29.174, 7179710626180, vstest.console.dll, TestHostManagerCallbacks.ctor: Forwarding output is enabled.
TpTrace Verbose: 0 : 33112, 1, 2024/10/24, 17:03:29.174, 7179710628239, vstest.console.dll, TestRequestSender is acting as server.
TpTrace Verbose: 0 : 33112, 1, 2024/10/24, 17:03:29.176, 7179710649073, vstest.console.dll, ParallelOperationManager.RunWorkInParallel: Adding 1 workload to slot, remaining workloads 0.
TpTrace Verbose: 0 : 33112, 1, 2024/10/24, 17:03:29.176, 7179710650273, vstest.console.dll, ParallelOperationManager.SetOccupiedSlotCount: Setting slot counts AvailableSlotCount = 0, OccupiedSlotCount = 1.
TpTrace Verbose: 0 : 33112, 1, 2024/10/24, 17:03:29.176, 7179710652354, vstest.console.dll, Occupied slots:
0: C:\Users\rohit.laishram.PYRAMIDINDIA\Documents\celsior_training\day32\LifeInsuranceApplication\LifeInsuranceApplicationTest\bin\Debug\net6.0\fine-code-coverage\build-output\LifeInsuranceApplicationTest.dll
TpTrace Verbose: 0 : 33112, 1, 2024/10/24, 17:03:29.177, 7179710661038, vstest.console.dll, ParallelOperationManager.RunWorkInParallel: Started host in slot number 0 for work (source): C:\Users\rohit.laishram.PYRAMIDINDIA\Documents\celsior_training\day32\LifeInsuranceApplication\LifeInsuranceApplicationTest\bin\Debug\net6.0\fine-code-coverage\build-output\LifeInsuranceApplicationTest.dll.
TpTrace Verbose: 0 : 33112, 1, 2024/10/24, 17:03:29.178, 7179710670067, vstest.console.dll, ParallelOperationManager.RunWorkInParallel: We started 1 work items, which is the max parallel level. Won't start more work.
TpTrace Verbose: 0 : 33112, 1, 2024/10/24, 17:03:29.178, 7179710671373, vstest.console.dll, ParallelOperationManager.RunWorkInParallel: We started 1 work items in here, returning True.
TpTrace Information: 0 : 33112, 1, 2024/10/24, 17:03:29.178, 7179710671888, vstest.console.dll, TestRunRequest.ExecuteAsync: Started.
TpTrace Verbose: 0 : 33112, 5, 2024/10/24, 17:03:29.179, 7179710673017, vstest.console.dll, ParallelProxyExecutionManager.StartTestRunOnConcurrentManager: Initializing uninitialized client. Started clients: 0
TpTrace Verbose: 0 : 33112, 5, 2024/10/24, 17:03:29.179, 7179710674933, vstest.console.dll, DataCollectionRequestSender.InitializeCommunication : Initialize communication. 
TpTrace Verbose: 0 : 33112, 1, 2024/10/24, 17:03:29.179, 7179710676237, vstest.console.dll, TestRunRequest.WaitForCompletion: Waiting with timeout -1.
TpTrace Information: 0 : 33112, 5, 2024/10/24, 17:03:29.191, 7179710800662, vstest.console.dll, Listening on Endpoint : 127.0.0.1:60002
TpTrace Verbose: 0 : 33112, 5, 2024/10/24, 17:03:29.204, 7179710925615, vstest.console.dll, DotnetDataCollectionLauncher: Adding  --runtimeconfig "C:\Program Files\dotnet\sdk\8.0.403\datacollector.runtimeconfig.json" in args
TpTrace Verbose: 0 : 33112, 5, 2024/10/24, 17:03:29.204, 7179710926899, vstest.console.dll, DotnetDataCollectionLauncher: Adding  --depsfile "C:\Program Files\dotnet\sdk\8.0.403\datacollector.deps.json" in args
TpTrace Verbose: 0 : 33112, 5, 2024/10/24, 17:03:29.205, 7179710936022, vstest.console.dll, DotnetDataCollectionLauncher: Full path of dotnet.exe is C:\Program Files\dotnet\dotnet.exe
TpTrace Information: 0 : 33112, 5, 2024/10/24, 17:03:29.220, 7179711087407, vstest.console.dll, ProxyDataCollectionManager.Initialize: Launched datacollector processId: 21728 port: 60002
TpTrace Information: 0 : 33112, 5, 2024/10/24, 17:03:29.222, 7179711104371, vstest.console.dll, ProxyDataCollectionManager.Initialize: waiting for connection with timeout: 90 seconds
TpTrace Verbose: 0 : 33112, 5, 2024/10/24, 17:03:29.224, 7179711123099, vstest.console.dll, DataCollectionRequestSender.WaitForRequestHandlerConnection : Waiting for connection with timeout: 90000
TpTrace Information: 0 : 33112, 7, 2024/10/24, 17:03:29.631, 7179715199044, vstest.console.dll, Using the buffer size of 16384 bytes
TpTrace Information: 0 : 33112, 7, 2024/10/24, 17:03:29.631, 7179715200944, vstest.console.dll, Accepted Client request and set the flag
TpTrace Verbose: 0 : 33112, 5, 2024/10/24, 17:03:29.631, 7179715199593, vstest.console.dll, SocketCommunicationManager.WaitForClientConnection took: 407 ms, with 90000 ms timeout, and finished with True.
TpTrace Verbose: 0 : 33112, 5, 2024/10/24, 17:03:29.632, 7179715202847, vstest.console.dll, ProxyDataCollectionManager.InvokeDataCollectionServiceAction: Starting.
TpTrace Information: 0 : 33112, 5, 2024/10/24, 17:03:29.632, 7179715203530, vstest.console.dll, ProxyDataCollectionManager.BeforeTestRunStart: Get environment variable and port for datacollector processId: 21728 port: 60002
TpTrace Verbose: 0 : 33112, 5, 2024/10/24, 17:03:29.632, 7179715204579, vstest.console.dll, DataCollectionRequestSender.SendBeforeTestRunStartAndGetResult: Send BeforeTestRunStart message with settingsXml <RunSettings><RunConfiguration><ResultsDirectory>C:\Users\rohit.laishram.PYRAMIDINDIA\Documents\celsior_training\day32\LifeInsuranceApplication\LifeInsuranceApplicationTest\bin\Debug\net6.0\fine-code-coverage\coverage-tool-output</ResultsDirectory><TargetPlatform>X64</TargetPlatform><TargetFrameworkVersion>.NETCoreApp,Version=v6.0</TargetFrameworkVersion><DesignMode>False</DesignMode><CollectSourceInformation>False</CollectSourceInformation><TestAdaptersPaths>C:\Program Files\dotnet\sdk\8.0.403\Extensions</TestAdaptersPaths></RunConfiguration><LoggerRunSettings><Loggers><Logger friendlyName="blame" enabled="True" /><Logger friendlyName="Console" uri="logger://microsoft/TestPlatform/ConsoleLogger/v1" assemblyQualifiedName="Microsoft.VisualStudio.TestPlatform.CommandLine.Internal.ConsoleLogger, vstest.console, Version=15.0.0.0, Culture=neutral, PublicKeyToken=b03f5f7f11d50a3a" codeBase="C:\Program Files\dotnet\sdk\8.0.403\vstest.console.dll" enabled="True" /></Loggers></LoggerRunSettings><DataCollectionRunSettings><DataCollectors><DataCollector friendlyName="blame" enabled="True"><Configuration><ResultsDirectory>C:\Users\rohit.laishram.PYRAMIDINDIA\Documents\celsior_training\day32\LifeInsuranceApplication\LifeInsuranceApplicationTest\bin\Debug\net6.0\fine-code-coverage\coverage-tool-output</ResultsDirectory></Configuration></DataCollector></DataCollectors></DataCollectionRunSettings></RunSettings> and sources System.Collections.Generic.List`1[System.String]: 
TpTrace Verbose: 0 : 33112, 5, 2024/10/24, 17:03:29.717, 7179716059741, vstest.console.dll, DataCollectionRequestSender.SendBeforeTestRunStartAndGetResult: Received message: (DataCollection.SendMessage) -> {"MessageType":"DataCollection.SendMessage","Payload":{"FriendlyName":null,"Uri":null,"TestCaseId":"00000000-0000-0000-0000-000000000000","Message":"Logging DataCollector Diagnostics in file: C:\\Users\\rohit.laishram.PYRAMIDINDIA\\Documents\\celsior_training\\day32\\LifeInsuranceApplication\\LifeInsuranceApplicationTest\\bin\\Debug\\net6.0\\fine-code-coverage\\coverage-tool-output\\diagnostics.datacollector.24-10-24_17-03-29_20396_5.log","Level":0}}
TpTrace Verbose: 0 : 33112, 5, 2024/10/24, 17:03:29.811, 7179716994451, vstest.console.dll, DataCollectionRequestSender.SendBeforeTestRunStartAndGetResult: Received message: (DataCollection.BeforeTestRunStartResult) -> {"MessageType":"DataCollection.BeforeTestRunStartResult","Payload":{"EnvironmentVariables":{},"DataCollectionEventsPort":60004}}
TpTrace Information: 0 : 33112, 5, 2024/10/24, 17:03:29.814, 7179717027036, vstest.console.dll, ProxyDataCollectionManager.BeforeTestRunStart: SendBeforeTestRunStartAndGetResult successful, env variable from datacollector:   and testhost port: 60004
TpTrace Information: 0 : 33112, 5, 2024/10/24, 17:03:29.814, 7179717028161, vstest.console.dll, ProxyDataCollectionManager.InvokeDataCollectionServiceAction: Completed.
TpTrace Verbose: 0 : 33112, 5, 2024/10/24, 17:03:29.814, 7179717028597, vstest.console.dll, ParallelProxyExecutionManager.StartTestRunOnConcurrentManager: Initializing test run. Started clients: 0
TpTrace Verbose: 0 : 33112, 5, 2024/10/24, 17:03:29.814, 7179717029256, vstest.console.dll, ProxyExecutionManager: Test host is always Lazy initialize.
TpTrace Verbose: 0 : 33112, 5, 2024/10/24, 17:03:29.814, 7179717030835, vstest.console.dll, TestRequestSender.InitializeCommunication: initialize communication. 
TpTrace Information: 0 : 33112, 5, 2024/10/24, 17:03:29.815, 7179717034416, vstest.console.dll, SocketServer.Start: Listening on endpoint : 127.0.0.1:60005
TpTrace Verbose: 0 : 33112, 5, 2024/10/24, 17:03:29.815, 7179717039960, vstest.console.dll, DotnetTestHostmanager.GetTestHostProcessStartInfo: Platform environment 'X64' target architecture 'X64' framework '.NETCoreApp,Version=v6.0' OS 'Windows'
TpTrace Verbose: 0 : 33112, 5, 2024/10/24, 17:03:29.815, 7179717041694, vstest.console.dll, DotnetTestHostmanager: Adding  --runtimeconfig "C:\Users\rohit.laishram.PYRAMIDINDIA\Documents\celsior_training\day32\LifeInsuranceApplication\LifeInsuranceApplicationTest\bin\Debug\net6.0\fine-code-coverage\build-output\LifeInsuranceApplicationTest.runtimeconfig.json" in args
TpTrace Verbose: 0 : 33112, 5, 2024/10/24, 17:03:29.816, 7179717042456, vstest.console.dll, DotnetTestHostmanager: Adding  --depsfile "C:\Users\rohit.laishram.PYRAMIDINDIA\Documents\celsior_training\day32\LifeInsuranceApplication\LifeInsuranceApplicationTest\bin\Debug\net6.0\fine-code-coverage\build-output\LifeInsuranceApplicationTest.deps.json" in args
TpTrace Verbose: 0 : 33112, 5, 2024/10/24, 17:03:29.816, 7179717044751, vstest.console.dll, DotnetTestHostmanager.IsWinOnArm: Current PROCESSOR_ARCHITECTURE from environment variable 'AMD64'
TpTrace Verbose: 0 : 33112, 5, 2024/10/24, 17:03:29.816, 7179717045327, vstest.console.dll, DotnetTestHostmanager.IsWinOnArm: Is Windows on ARM 'False'
TpTrace Verbose: 0 : 33112, 5, 2024/10/24, 17:03:29.816, 7179717046089, vstest.console.dll, DotnetTestHostManager: testhost.exe found at path: C:\Users\rohit.laishram.PYRAMIDINDIA\Documents\celsior_training\day32\LifeInsuranceApplication\LifeInsuranceApplicationTest\bin\Debug\net6.0\fine-code-coverage\build-output\testhost.exe
TpTrace Verbose: 0 : 33112, 5, 2024/10/24, 17:03:29.816, 7179717046456, vstest.console.dll, DotnetTestHostmanager: Full path of host exe is C:\Users\rohit.laishram.PYRAMIDINDIA\Documents\celsior_training\day32\LifeInsuranceApplication\LifeInsuranceApplicationTest\bin\Debug\net6.0\fine-code-coverage\build-output\testhost.exe
TpTrace Verbose: 0 : 33112, 5, 2024/10/24, 17:03:29.816, 7179717047319, vstest.console.dll, DotnetTestHostmanager.LaunchTestHostAsync: Found 'VSTEST_WINAPPHOST_DOTNET_ROOT' in env variables, value 'C:\Program Files\dotnet', forwarding to 'DOTNET_ROOT'
TpTrace Verbose: 0 : 33112, 5, 2024/10/24, 17:03:29.816, 7179717048279, vstest.console.dll, DotnetTestHostManager: Starting process 'C:\Users\rohit.laishram.PYRAMIDINDIA\Documents\celsior_training\day32\LifeInsuranceApplication\LifeInsuranceApplicationTest\bin\Debug\net6.0\fine-code-coverage\build-output\testhost.exe' with command line ' --runtimeconfig "C:\Users\rohit.laishram.PYRAMIDINDIA\Documents\celsior_training\day32\LifeInsuranceApplication\LifeInsuranceApplicationTest\bin\Debug\net6.0\fine-code-coverage\build-output\LifeInsuranceApplicationTest.runtimeconfig.json" --depsfile "C:\Users\rohit.laishram.PYRAMIDINDIA\Documents\celsior_training\day32\LifeInsuranceApplication\LifeInsuranceApplicationTest\bin\Debug\net6.0\fine-code-coverage\build-output\LifeInsuranceApplicationTest.deps.json" --port 60005 --endpoint 127.0.0.1:060005 --role client --parentprocessid 33112 --diag "C:\Users\rohit.laishram.PYRAMIDINDIA\Documents\celsior_training\day32\LifeInsuranceApplication\LifeInsuranceApplicationTest\bin\Debug\net6.0\fine-code-coverage\coverage-tool-output\diagnostics.host.24-10-24_17-03-29_81547_5.log" --tracelevel 4 --datacollectionport 60004 --telemetryoptedin false'
TpTrace Verbose: 0 : 33112, 5, 2024/10/24, 17:03:29.834, 7179717232295, vstest.console.dll, MulticastDelegateUtilities.SafeInvoke: HostProviderEvents.OnHostLaunched: Invoking callback 1/2 for Microsoft.VisualStudio.TestPlatform.CrossPlatEngine.Client.ProxyExecutionManagerWithDataCollection., took 1 ms.
TpTrace Verbose: 0 : 33112, 5, 2024/10/24, 17:03:29.835, 7179717238588, vstest.console.dll, Test Runtime launched
TpTrace Verbose: 0 : 33112, 5, 2024/10/24, 17:03:29.835, 7179717240180, vstest.console.dll, MulticastDelegateUtilities.SafeInvoke: HostProviderEvents.OnHostLaunched: Invoking callback 2/2 for Microsoft.VisualStudio.TestPlatform.CrossPlatEngine.Client.ProxyOperationManager., took 0 ms.
TpTrace Verbose: 0 : 33112, 5, 2024/10/24, 17:03:29.836, 7179717242658, vstest.console.dll, TestRequestSender.WaitForRequestHandlerConnection: waiting for connection with timeout: 90000.
TpTrace Verbose: 0 : 33112, 12, 2024/10/24, 17:03:30.229, 7179721174771, vstest.console.dll, MulticastDelegateUtilities.SafeInvoke: SocketServer: ClientConnected: Invoking callback 1/1 for Microsoft.VisualStudio.TestPlatform.CommunicationUtilities.TestRequestSender., took 0 ms.
TpTrace Verbose: 0 : 33112, 5, 2024/10/24, 17:03:30.229, 7179721174842, vstest.console.dll, TestRequestSender.WaitForRequestHandlerConnection: waiting took 393 ms, with timeout 90000 ms, and result 0, which is success.
TpTrace Verbose: 0 : 33112, 12, 2024/10/24, 17:03:30.229, 7179721176892, vstest.console.dll, SocketServer.OnClientConnected: Client connected for endPoint: 127.0.0.1:60005, starting MessageLoopAsync:
TpTrace Verbose: 0 : 33112, 12, 2024/10/24, 17:03:30.230, 7179721186970, vstest.console.dll, TcpClientExtensions.MessageLoopAsync: Polling on remoteEndPoint: 127.0.0.1:60006 localEndPoint: 127.0.0.1:60005 after 0 ms
TpTrace Verbose: 0 : 33112, 5, 2024/10/24, 17:03:30.231, 7179721193719, vstest.console.dll, TestRequestSender.CheckVersionWithTestHost: Sending check version message: {"MessageType":"ProtocolVersion","Payload":7}
TpTrace Verbose: 0 : 33112, 12, 2024/10/24, 17:03:30.387, 7179722754010, vstest.console.dll, TcpClientExtensions.MessageLoopAsync: NotifyDataAvailable remoteEndPoint: 127.0.0.1:60006 localEndPoint: 127.0.0.1:60005
TpTrace Verbose: 0 : 33112, 12, 2024/10/24, 17:03:30.387, 7179722756340, vstest.console.dll, TestRequestSender.CheckVersionWithTestHost: onMessageReceived received message: (ProtocolVersion) -> {"MessageType":"ProtocolVersion","Payload":7}
TpTrace Verbose: 0 : 33112, 12, 2024/10/24, 17:03:30.387, 7179722761668, vstest.console.dll, MulticastDelegateUtilities.SafeInvoke: LengthPrefixCommunicationChannel: MessageReceived: Invoking callback 1/1 for Microsoft.VisualStudio.TestPlatform.CommunicationUtilities.TestRequestSender+<>c__DisplayClass29_0., took 0 ms.
TpTrace Verbose: 0 : 33112, 12, 2024/10/24, 17:03:30.388, 7179722762907, vstest.console.dll, TcpClientExtensions.MessageLoopAsync: Polling on remoteEndPoint: 127.0.0.1:60006 localEndPoint: 127.0.0.1:60005 after 157 ms
TpTrace Verbose: 0 : 33112, 5, 2024/10/24, 17:03:30.388, 7179722763414, vstest.console.dll, TestPluginCache.GetExtensionPaths: Filtered extension paths: 
TpTrace Verbose: 0 : 33112, 5, 2024/10/24, 17:03:30.388, 7179722764053, vstest.console.dll, TestPluginCache.GetExtensionPaths: Added default extension paths: C:\Program Files\dotnet\sdk\8.0.403\Extensions\Microsoft.Diagnostics.NETCore.Client.dll
C:\Program Files\dotnet\sdk\8.0.403\Extensions\Microsoft.TestPlatform.Extensions.BlameDataCollector.dll
C:\Program Files\dotnet\sdk\8.0.403\Extensions\Microsoft.TestPlatform.Extensions.EventLogCollector.dll
C:\Program Files\dotnet\sdk\8.0.403\Extensions\Microsoft.TestPlatform.TestHostRuntimeProvider.dll
C:\Program Files\dotnet\sdk\8.0.403\Extensions\Microsoft.VisualStudio.TestPlatform.Extensions.Html.TestLogger.dll
C:\Program Files\dotnet\sdk\8.0.403\Extensions\Microsoft.VisualStudio.TestPlatform.Extensions.Trx.TestLogger.dll
TpTrace Verbose: 0 : 33112, 5, 2024/10/24, 17:03:30.388, 7179722764376, vstest.console.dll, TestPluginCache.GetExtensionPaths: Added unfilterableExtensionPaths: 
TpTrace Verbose: 0 : 33112, 5, 2024/10/24, 17:03:30.391, 7179722794591, vstest.console.dll, TestRequestSender.InitializeExecution: Sending initialize execution with message: {"Version":7,"MessageType":"TestExecution.Initialize","Payload":["C:\\Users\\rohit.laishram.PYRAMIDINDIA\\Documents\\celsior_training\\day32\\LifeInsuranceApplication\\LifeInsuranceApplicationTest\\bin\\Debug\\net6.0\\fine-code-coverage\\build-output\\NUnit3.TestAdapter.dll"]}
TpTrace Verbose: 0 : 33112, 5, 2024/10/24, 17:03:30.391, 7179722797210, vstest.console.dll, ParallelProxyExecutionManager.StartTestRunOnConcurrentManager: Execution starting. Started clients: 1
TpTrace Verbose: 0 : 33112, 5, 2024/10/24, 17:03:30.391, 7179722799906, vstest.console.dll, TestRunRequest:SendTestRunMessage: Starting.
TpTrace Verbose: 0 : 33112, 5, 2024/10/24, 17:03:30.391, 7179722802041, vstest.console.dll, MulticastDelegateUtilities.SafeInvoke: TestRun.LogMessages: Invoking callback 1/1 for Microsoft.VisualStudio.TestPlatform.CommandLine.TestRunResultAggregator., took 0 ms.
TpTrace Information: 0 : 33112, 5, 2024/10/24, 17:03:30.392, 7179722802538, vstest.console.dll, TestRunRequest:SendTestRunMessage: Completed.
TpTrace Verbose: 0 : 33112, 4, 2024/10/24, 17:03:30.392, 7179722805696, vstest.console.dll, MulticastDelegateUtilities.SafeInvoke: InternalTestLoggerEvents.SendTestRunMessage: Invoking callback 1/1 for Microsoft.VisualStudio.TestPlatform.CommandLine.Internal.ConsoleLogger., took 0 ms.
TpTrace Warning: 0 : 33112, 5, 2024/10/24, 17:03:30.392, 7179722809046, vstest.console.dll, InferRunSettingsHelper.MakeRunsettingsCompatible: Removing the following settings: TargetPlatform from RunSettings file. To use those settings please move to latest version of Microsoft.NET.Test.Sdk
TpTrace Verbose: 0 : 33112, 12, 2024/10/24, 17:03:30.393, 7179722821072, vstest.console.dll, TcpClientExtensions.MessageLoopAsync: NotifyDataAvailable remoteEndPoint: 127.0.0.1:60006 localEndPoint: 127.0.0.1:60005
TpTrace Verbose: 0 : 33112, 12, 2024/10/24, 17:03:30.394, 7179722827821, vstest.console.dll, TestRequestSender.OnExecutionMessageReceived: Received message: {"Version":7,"MessageType":"TestSession.Message","Payload":{"MessageLevel":0,"Message":"Logging TestHost Diagnostics in file: C:\\Users\\rohit.laishram.PYRAMIDINDIA\\Documents\\celsior_training\\day32\\LifeInsuranceApplication\\LifeInsuranceApplicationTest\\bin\\Debug\\net6.0\\fine-code-coverage\\coverage-tool-output\\diagnostics.host.24-10-24_17-03-29_81547_5.log"}}
TpTrace Verbose: 0 : 33112, 12, 2024/10/24, 17:03:30.396, 7179722850583, vstest.console.dll, TestRunRequest:SendTestRunMessage: Starting.
TpTrace Verbose: 0 : 33112, 12, 2024/10/24, 17:03:30.397, 7179722852704, vstest.console.dll, MulticastDelegateUtilities.SafeInvoke: TestRun.LogMessages: Invoking callback 1/1 for Microsoft.VisualStudio.TestPlatform.CommandLine.TestRunResultAggregator., took 0 ms.
TpTrace Verbose: 0 : 33112, 4, 2024/10/24, 17:03:30.397, 7179722853358, vstest.console.dll, MulticastDelegateUtilities.SafeInvoke: InternalTestLoggerEvents.SendTestRunMessage: Invoking callback 1/1 for Microsoft.VisualStudio.TestPlatform.CommandLine.Internal.ConsoleLogger., took 0 ms.
TpTrace Information: 0 : 33112, 12, 2024/10/24, 17:03:30.397, 7179722853556, vstest.console.dll, TestRunRequest:SendTestRunMessage: Completed.
TpTrace Verbose: 0 : 33112, 12, 2024/10/24, 17:03:30.397, 7179722855368, vstest.console.dll, MulticastDelegateUtilities.SafeInvoke: LengthPrefixCommunicationChannel: MessageReceived: Invoking callback 1/1 for Microsoft.VisualStudio.TestPlatform.CommunicationUtilities.TestRequestSender+<>c__DisplayClass34_0., took 3 ms.
TpTrace Verbose: 0 : 33112, 12, 2024/10/24, 17:03:30.397, 7179722855753, vstest.console.dll, TcpClientExtensions.MessageLoopAsync: Polling on remoteEndPoint: 127.0.0.1:60006 localEndPoint: 127.0.0.1:60005 after 9 ms
TpTrace Verbose: 0 : 33112, 5, 2024/10/24, 17:03:30.398, 7179722871574, vstest.console.dll, TestRequestSender.StartTestRun: Sending test run with message: {"Version":7,"MessageType":"TestExecution.StartWithSources","Payload":{"AdapterSourceMap":{"_none_":["C:\\Users\\rohit.laishram.PYRAMIDINDIA\\Documents\\celsior_training\\day32\\LifeInsuranceApplication\\LifeInsuranceApplicationTest\\bin\\Debug\\net6.0\\fine-code-coverage\\build-output\\LifeInsuranceApplicationTest.dll"]},"RunSettings":"<RunSettings>\r\n  <RunConfiguration>\r\n    <ResultsDirectory>C:\\Users\\rohit.laishram.PYRAMIDINDIA\\Documents\\celsior_training\\day32\\LifeInsuranceApplication\\LifeInsuranceApplicationTest\\bin\\Debug\\net6.0\\fine-code-coverage\\coverage-tool-output</ResultsDirectory>\r\n    <TargetFrameworkVersion>.NETCoreApp,Version=v6.0</TargetFrameworkVersion>\r\n    <DesignMode>False</DesignMode>\r\n    <CollectSourceInformation>False</CollectSourceInformation>\r\n  </RunConfiguration>\r\n  <LoggerRunSettings>\r\n    <Loggers>\r\n      <Logger friendlyName=\"blame\" enabled=\"True\" />\r\n      <Logger friendlyName=\"Console\" uri=\"logger://microsoft/TestPlatform/ConsoleLogger/v1\" assemblyQualifiedName=\"Microsoft.VisualStudio.TestPlatform.CommandLine.Internal.ConsoleLogger, vstest.console, Version=15.0.0.0, Culture=neutral, PublicKeyToken=b03f5f7f11d50a3a\" codeBase=\"C:\\Program Files\\dotnet\\sdk\\8.0.403\\vstest.console.dll\" enabled=\"True\" />\r\n    </Loggers>\r\n  </LoggerRunSettings>\r\n  <DataCollectionRunSettings>\r\n    <DataCollectors>\r\n      <DataCollector friendlyName=\"blame\" enabled=\"True\">\r\n        <Configuration>\r\n          <ResultsDirectory>C:\\Users\\rohit.laishram.PYRAMIDINDIA\\Documents\\celsior_training\\day32\\LifeInsuranceApplication\\LifeInsuranceApplicationTest\\bin\\Debug\\net6.0\\fine-code-coverage\\coverage-tool-output</ResultsDirectory>\r\n        </Configuration>\r\n      </DataCollector>\r\n    </DataCollectors>\r\n  </DataCollectionRunSettings>\r\n</RunSettings>","TestExecutionContext":{"FrequencyOfRunStatsChangeEvent":10,"RunStatsChangeEventTimeout":"00:00:01.5000000","InIsolation":false,"KeepAlive":false,"AreTestCaseLevelEventsRequired":false,"IsDebug":false,"TestCaseFilter":null,"FilterOptions":null},"Package":null}}
TpTrace Verbose: 0 : 33112, 5, 2024/10/24, 17:03:30.399, 7179722874855, vstest.console.dll, ParallelProxyExecutionManager.StartTestRunOnConcurrentManager: Execution started. Started clients: 1
TpTrace Verbose: 0 : 33112, 12, 2024/10/24, 17:03:30.608, 7179724971470, vstest.console.dll, TcpClientExtensions.MessageLoopAsync: NotifyDataAvailable remoteEndPoint: 127.0.0.1:60006 localEndPoint: 127.0.0.1:60005
TpTrace Verbose: 0 : 33112, 12, 2024/10/24, 17:03:30.609, 7179724973285, vstest.console.dll, TestRequestSender.OnExecutionMessageReceived: Received message: {"Version":7,"MessageType":"TestSession.Message","Payload":{"MessageLevel":0,"Message":"NUnit Adapter 4.4.0.0: Test execution started"}}
TpTrace Verbose: 0 : 33112, 12, 2024/10/24, 17:03:30.609, 7179724975383, vstest.console.dll, TestRunRequest:SendTestRunMessage: Starting.
TpTrace Verbose: 0 : 33112, 12, 2024/10/24, 17:03:30.609, 7179724976166, vstest.console.dll, MulticastDelegateUtilities.SafeInvoke: TestRun.LogMessages: Invoking callback 1/1 for Microsoft.VisualStudio.TestPlatform.CommandLine.TestRunResultAggregator., took 0 ms.
TpTrace Information: 0 : 33112, 12, 2024/10/24, 17:03:30.609, 7179724976481, vstest.console.dll, TestRunRequest:SendTestRunMessage: Completed.
TpTrace Verbose: 0 : 33112, 12, 2024/10/24, 17:03:30.609, 7179724976751, vstest.console.dll, MulticastDelegateUtilities.SafeInvoke: LengthPrefixCommunicationChannel: MessageReceived: Invoking callback 1/1 for Microsoft.VisualStudio.TestPlatform.CommunicationUtilities.TestRequestSender+<>c__DisplayClass34_0., took 0 ms.
TpTrace Verbose: 0 : 33112, 4, 2024/10/24, 17:03:30.609, 7179724976826, vstest.console.dll, MulticastDelegateUtilities.SafeInvoke: InternalTestLoggerEvents.SendTestRunMessage: Invoking callback 1/1 for Microsoft.VisualStudio.TestPlatform.CommandLine.Internal.ConsoleLogger., took 0 ms.
TpTrace Verbose: 0 : 33112, 12, 2024/10/24, 17:03:30.609, 7179724977059, vstest.console.dll, TcpClientExtensions.MessageLoopAsync: Polling on remoteEndPoint: 127.0.0.1:60006 localEndPoint: 127.0.0.1:60005 after 212 ms
TpTrace Verbose: 0 : 33112, 12, 2024/10/24, 17:03:30.636, 7179725251749, vstest.console.dll, TcpClientExtensions.MessageLoopAsync: NotifyDataAvailable remoteEndPoint: 127.0.0.1:60006 localEndPoint: 127.0.0.1:60005
TpTrace Verbose: 0 : 33112, 12, 2024/10/24, 17:03:30.637, 7179725253366, vstest.console.dll, TestRequestSender.OnExecutionMessageReceived: Received message: {"Version":7,"MessageType":"TestSession.Message","Payload":{"MessageLevel":0,"Message":"Running all tests in C:\\Users\\rohit.laishram.PYRAMIDINDIA\\Documents\\celsior_training\\day32\\LifeInsuranceApplication\\LifeInsuranceApplicationTest\\bin\\Debug\\net6.0\\fine-code-coverage\\build-output\\LifeInsuranceApplicationTest.dll"}}
TpTrace Verbose: 0 : 33112, 12, 2024/10/24, 17:03:30.637, 7179725254612, vstest.console.dll, TestRunRequest:SendTestRunMessage: Starting.
TpTrace Verbose: 0 : 33112, 12, 2024/10/24, 17:03:30.637, 7179725255185, vstest.console.dll, MulticastDelegateUtilities.SafeInvoke: TestRun.LogMessages: Invoking callback 1/1 for Microsoft.VisualStudio.TestPlatform.CommandLine.TestRunResultAggregator., took 0 ms.
TpTrace Information: 0 : 33112, 12, 2024/10/24, 17:03:30.637, 7179725255503, vstest.console.dll, TestRunRequest:SendTestRunMessage: Completed.
TpTrace Verbose: 0 : 33112, 12, 2024/10/24, 17:03:30.637, 7179725255838, vstest.console.dll, MulticastDelegateUtilities.SafeInvoke: LengthPrefixCommunicationChannel: MessageReceived: Invoking callback 1/1 for Microsoft.VisualStudio.TestPlatform.CommunicationUtilities.TestRequestSender+<>c__DisplayClass34_0., took 0 ms.
TpTrace Verbose: 0 : 33112, 12, 2024/10/24, 17:03:30.637, 7179725256147, vstest.console.dll, TcpClientExtensions.MessageLoopAsync: Polling on remoteEndPoint: 127.0.0.1:60006 localEndPoint: 127.0.0.1:60005 after 27 ms
TpTrace Verbose: 0 : 33112, 4, 2024/10/24, 17:03:30.637, 7179725256200, vstest.console.dll, MulticastDelegateUtilities.SafeInvoke: InternalTestLoggerEvents.SendTestRunMessage: Invoking callback 1/1 for Microsoft.VisualStudio.TestPlatform.CommandLine.Internal.ConsoleLogger., took 0 ms.
TpTrace Verbose: 0 : 33112, 12, 2024/10/24, 17:03:30.813, 7179727018940, vstest.console.dll, TcpClientExtensions.MessageLoopAsync: NotifyDataAvailable remoteEndPoint: 127.0.0.1:60006 localEndPoint: 127.0.0.1:60005
TpTrace Verbose: 0 : 33112, 12, 2024/10/24, 17:03:30.813, 7179727021846, vstest.console.dll, TestRequestSender.OnExecutionMessageReceived: Received message: {"Version":7,"MessageType":"TestSession.Message","Payload":{"MessageLevel":0,"Message":"   NUnit3TestExecutor discovered 40 of 40 NUnit test cases using Current Discovery mode, Non-Explicit run"}}
TpTrace Verbose: 0 : 33112, 12, 2024/10/24, 17:03:30.814, 7179727024311, vstest.console.dll, TestRunRequest:SendTestRunMessage: Starting.
TpTrace Verbose: 0 : 33112, 12, 2024/10/24, 17:03:30.814, 7179727025283, vstest.console.dll, MulticastDelegateUtilities.SafeInvoke: TestRun.LogMessages: Invoking callback 1/1 for Microsoft.VisualStudio.TestPlatform.CommandLine.TestRunResultAggregator., took 0 ms.
TpTrace Verbose: 0 : 33112, 4, 2024/10/24, 17:03:30.814, 7179727025645, vstest.console.dll, MulticastDelegateUtilities.SafeInvoke: InternalTestLoggerEvents.SendTestRunMessage: Invoking callback 1/1 for Microsoft.VisualStudio.TestPlatform.CommandLine.Internal.ConsoleLogger., took 0 ms.
TpTrace Information: 0 : 33112, 12, 2024/10/24, 17:03:30.814, 7179727025983, vstest.console.dll, TestRunRequest:SendTestRunMessage: Completed.
TpTrace Verbose: 0 : 33112, 12, 2024/10/24, 17:03:30.814, 7179727027467, vstest.console.dll, MulticastDelegateUtilities.SafeInvoke: LengthPrefixCommunicationChannel: MessageReceived: Invoking callback 1/1 for Microsoft.VisualStudio.TestPlatform.CommunicationUtilities.TestRequestSender+<>c__DisplayClass34_0., took 0 ms.
TpTrace Verbose: 0 : 33112, 12, 2024/10/24, 17:03:30.814, 7179727028090, vstest.console.dll, TcpClientExtensions.MessageLoopAsync: Polling on remoteEndPoint: 127.0.0.1:60006 localEndPoint: 127.0.0.1:60005 after 177 ms
TpTrace Verbose: 0 : 33112, 12, 2024/10/24, 17:03:31.819, 7179737076051, vstest.console.dll, TcpClientExtensions.MessageLoopAsync: Polling on remoteEndPoint: 127.0.0.1:60006 localEndPoint: 127.0.0.1:60005 after 1004 ms
TpTrace Verbose: 0 : 33112, 12, 2024/10/24, 17:03:31.838, 7179737270339, vstest.console.dll, TcpClientExtensions.MessageLoopAsync: NotifyDataAvailable remoteEndPoint: 127.0.0.1:60006 localEndPoint: 127.0.0.1:60005
TpTrace Verbose: 0 : 33112, 12, 2024/10/24, 17:03:31.839, 7179737275964, vstest.console.dll, TestRequestSender.OnExecutionMessageReceived: Received message: {"Version":7,"MessageType":"TestExecution.StatsChange","Payload":{"NewTestResults":[{"TestCase":{"Id":"9592350f-4250-8ce5-f190-6e307c4059ca","FullyQualifiedName":"LifeInsuranceApplicationTest.ClaimRepositoryTest.DeleteExceptionDelete","DisplayName":"DeleteExceptionDelete","ExecutorUri":"executor://NUnit3TestExecutor","Source":"C:\\Users\\rohit.laishram.PYRAMIDINDIA\\Documents\\celsior_training\\day32\\LifeInsuranceApplication\\LifeInsuranceApplicationTest\\bin\\Debug\\net6.0\\fine-code-coverage\\build-output\\LifeInsuranceApplicationTest.dll","CodeFilePath":null,"LineNumber":0,"Properties":[{"Key":{"Id":"NUnit.Seed","Label":"Seed","Category":"","Description":"","Attributes":0,"ValueType":"System.String"},"Value":"1710039495"}]},"Attachments":[],"Outcome":1,"ErrorMessage":null,"ErrorStackTrace":null,"DisplayName":"DeleteExceptionDelete","Messages":[],"ComputerName":"5CD413DKPB","Duration":"00:00:00.7365790","StartTime":"2024-10-24T11:33:30.8520982+00:00","EndTime":"2024-10-24T11:33:31.5886344+00:00","Properties":[{"Key":{"Id":"NUnit.Seed","Label":"Seed","Category":"","Description":"","Attributes":0,"ValueType":"System.String"},"Value":"1710039495"}]},{"TestCase":{"Id":"2d6f8b39-60b9-28cd-b847-db8410721e7d","FullyQualifiedName":"LifeInsuranceApplicationTest.ClaimRepositoryTest.DeleteTest","DisplayName":"DeleteTest","ExecutorUri":"executor://NUnit3TestExecutor","Source":"C:\\Users\\rohit.laishram.PYRAMIDINDIA\\Documents\\celsior_training\\day32\\LifeInsuranceApplication\\LifeInsuranceApplicationTest\\bin\\Debug\\net6.0\\fine-code-coverage\\build-output\\LifeInsuranceApplicationTest.dll","CodeFilePath":null,"LineNumber":0,"Properties":[{"Key":{"Id":"NUnit.Seed","Label":"Seed","Category":"","Description":"","Attributes":0,"ValueType":"System.String"},"Value":"1600010116"}]},"Attachments":[],"Outcome":1,"ErrorMessage":null,"ErrorStackTrace":null,"DisplayName":"DeleteTest","Messages":[],"ComputerName":"5CD413DKPB","Duration":"00:00:00.1110090","StartTime":"2024-10-24T11:33:31.5895769+00:00","EndTime":"2024-10-24T11:33:31.7005853+00:00","Properties":[{"Key":{"Id":"NUnit.Seed","Label":"Seed","Category":"","Description":"","Attributes":0,"ValueType":"System.String"},"Value":"1600010116"}]},{"TestCase":{"Id":"7870df5d-2d4f-2546-62f0-38b9339d6908","FullyQualifiedName":"LifeInsuranceApplicationTest.ClaimRepositoryTest.GetAll","DisplayName":"GetAll","ExecutorUri":"executor://NUnit3TestExecutor","Source":"C:\\Users\\rohit.laishram.PYRAMIDINDIA\\Documents\\celsior_training\\day32\\LifeInsuranceApplication\\LifeInsuranceApplicationTest\\bin\\Debug\\net6.0\\fine-code-coverage\\build-output\\LifeInsuranceApplicationTest.dll","CodeFilePath":null,"LineNumber":0,"Properties":[{"Key":{"Id":"NUnit.Seed","Label":"Seed","Category":"","Description":"","Attributes":0,"ValueType":"System.String"},"Value":"1355190342"}]},"Attachments":[],"Outcome":1,"ErrorMessage":null,"ErrorStackTrace":null,"DisplayName":"GetAll","Messages":[],"ComputerName":"5CD413DKPB","Duration":"00:00:00.0415569","StartTime":"2024-10-24T11:33:31.7006382+00:00","EndTime":"2024-10-24T11:33:31.7421945+00:00","Properties":[{"Key":{"Id":"NUnit.Seed","Label":"Seed","Category":"","Description":"","Attributes":0,"ValueType":"System.String"},"Value":"1355190342"}]},{"TestCase":{"Id":"764e5758-c3ce-ad62-20f7-a27c64727508","FullyQualifiedName":"LifeInsuranceApplicationTest.ClaimRepositoryTest.GetAllExceptionTest","DisplayName":"GetAllExceptionTest","ExecutorUri":"executor://NUnit3TestExecutor","Source":"C:\\Users\\rohit.laishram.PYRAMIDINDIA\\Documents\\celsior_training\\day32\\LifeInsuranceApplication\\LifeInsuranceApplicationTest\\bin\\Debug\\net6.0\\fine-code-coverage\\build-output\\LifeInsuranceApplicationTest.dll","CodeFilePath":null,"LineNumber":0,"Properties":[{"Key":{"Id":"NUnit.Seed","Label":"Seed","Category":"","Description":"","Attributes":0,"ValueType":"System.String"},"Value":"328250727"}]},"Attachments":[],"Outcome":1,"ErrorMessage":null,"ErrorStackTrace":null,"DisplayName":"GetAllExceptionTest","Messages":[],"ComputerName":"5CD413DKPB","Duration":"00:00:00.0009650","StartTime":"2024-10-24T11:33:31.7422264+00:00","EndTime":"2024-10-24T11:33:31.7431909+00:00","Properties":[{"Key":{"Id":"NUnit.Seed","Label":"Seed","Category":"","Description":"","Attributes":0,"ValueType":"System.String"},"Value":"328250727"}]},{"TestCase":{"Id":"1dec50b6-17f9-18f4-d37a-da5968b7e1a0","FullyQualifiedName":"LifeInsuranceApplicationTest.ClaimRepositoryTest.TestAddClaim","DisplayName":"TestAddClaim","ExecutorUri":"executor://NUnit3TestExecutor","Source":"C:\\Users\\rohit.laishram.PYRAMIDINDIA\\Documents\\celsior_training\\day32\\LifeInsuranceApplication\\LifeInsuranceApplicationTest\\bin\\Debug\\net6.0\\fine-code-coverage\\build-output\\LifeInsuranceApplicationTest.dll","CodeFilePath":null,"LineNumber":0,"Properties":[{"Key":{"Id":"NUnit.Seed","Label":"Seed","Category":"","Description":"","Attributes":0,"ValueType":"System.String"},"Value":"981709206"}]},"Attachments":[],"Outcome":1,"ErrorMessage":null,"ErrorStackTrace":null,"DisplayName":"TestAddClaim","Messages":[],"ComputerName":"5CD413DKPB","Duration":"00:00:00.0051210","StartTime":"2024-10-24T11:33:31.743206+00:00","EndTime":"2024-10-24T11:33:31.7483262+00:00","Properties":[{"Key":{"Id":"NUnit.Seed","Label":"Seed","Category":"","Description":"","Attributes":0,"ValueType":"System.String"},"Value":"981709206"}]},{"TestCase":{"Id":"32e348db-d169-c9ee-3488-48f9666c131d","FullyQualifiedName":"LifeInsuranceApplicationTest.ClaimRepositoryTest.TestAddExceptionTest","DisplayName":"TestAddExceptionTest","ExecutorUri":"executor://NUnit3TestExecutor","Source":"C:\\Users\\rohit.laishram.PYRAMIDINDIA\\Documents\\celsior_training\\day32\\LifeInsuranceApplication\\LifeInsuranceApplicationTest\\bin\\Debug\\net6.0\\fine-code-coverage\\build-output\\LifeInsuranceApplicationTest.dll","CodeFilePath":null,"LineNumber":0,"Properties":[{"Key":{"Id":"NUnit.Seed","Label":"Seed","Category":"","Description":"","Attributes":0,"ValueType":"System.String"},"Value":"1070654212"}]},"Attachments":[],"Outcome":1,"ErrorMessage":null,"ErrorStackTrace":null,"DisplayName":"TestAddExceptionTest","Messages":[],"ComputerName":"5CD413DKPB","Duration":"00:00:00.0053710","StartTime":"2024-10-24T11:33:31.7483469+00:00","EndTime":"2024-10-24T11:33:31.7537177+00:00","Properties":[{"Key":{"Id":"NUnit.Seed","Label":"Seed","Category":"","Description":"","Attributes":0,"ValueType":"System.String"},"Value":"1070654212"}]},{"TestCase":{"Id":"cf39624e-2de7-c2a7-2055-26f3cb0aa938","FullyQualifiedName":"LifeInsuranceApplicationTest.ClaimRepositoryTest.UpdateClaimTypeExceptionTest","DisplayName":"UpdateClaimTypeExceptionTest","ExecutorUri":"executor://NUnit3TestExecutor","Source":"C:\\Users\\rohit.laishram.PYRAMIDINDIA\\Documents\\celsior_training\\day32\\LifeInsuranceApplication\\LifeInsuranceApplicationTest\\bin\\Debug\\net6.0\\fine-code-coverage\\build-output\\LifeInsuranceApplicationTest.dll","CodeFilePath":null,"LineNumber":0,"Properties":[{"Key":{"Id":"NUnit.Seed","Label":"Seed","Category":"","Description":"","Attributes":0,"ValueType":"System.String"},"Value":"442212463"}]},"Attachments":[],"Outcome":1,"ErrorMessage":null,"ErrorStackTrace":null,"DisplayName":"UpdateClaimTypeExceptionTest","Messages":[],"ComputerName":"5CD413DKPB","Duration":"00:00:00.0014060","StartTime":"2024-10-24T11:33:31.7537471+00:00","EndTime":"2024-10-24T11:33:31.755153+00:00","Properties":[{"Key":{"Id":"NUnit.Seed","Label":"Seed","Category":"","Description":"","Attributes":0,"ValueType":"System.String"},"Value":"442212463"}]},{"TestCase":{"Id":"64d9af7c-13a8-a409-c277-ec239ae56869","FullyQualifiedName":"LifeInsuranceApplicationTest.ClaimRepositoryTest.UpdateClaimTypeTest","DisplayName":"UpdateClaimTypeTest","ExecutorUri":"executor://NUnit3TestExecutor","Source":"C:\\Users\\rohit.laishram.PYRAMIDINDIA\\Documents\\celsior_training\\day32\\LifeInsuranceApplication\\LifeInsuranceApplicationTest\\bin\\Debug\\net6.0\\fine-code-coverage\\build-output\\LifeInsuranceApplicationTest.dll","CodeFilePath":null,"LineNumber":0,"Properties":[{"Key":{"Id":"NUnit.Seed","Label":"Seed","Category":"","Description":"","Attributes":0,"ValueType":"System.String"},"Value":"523989521"}]},"Attachments":[],"Outcome":1,"ErrorMessage":null,"ErrorStackTrace":null,"DisplayName":"UpdateClaimTypeTest","Messages":[],"ComputerName":"5CD413DKPB","Duration":"00:00:00.0031170","StartTime":"2024-10-24T11:33:31.7551695+00:00","EndTime":"2024-10-24T11:33:31.7582859+00:00","Properties":[{"Key":{"Id":"NUnit.Seed","Label":"Seed","Category":"","Description":"","Attributes":0,"ValueType":"System.String"},"Value":"523989521"}]},{"TestCase":{"Id":"8bb01ed9-cb42-fede-456a-435c7deb3467","FullyQualifiedName":"LifeInsuranceApplicationTest.ClaimServiceTest.TestAddClaim","DisplayName":"TestAddClaim","ExecutorUri":"executor://NUnit3TestExecutor","Source":"C:\\Users\\rohit.laishram.PYRAMIDINDIA\\Documents\\celsior_training\\day32\\LifeInsuranceApplication\\LifeInsuranceApplicationTest\\bin\\Debug\\net6.0\\fine-code-coverage\\build-output\\LifeInsuranceApplicationTest.dll","CodeFilePath":null,"LineNumber":0,"Properties":[{"Key":{"Id":"NUnit.Seed","Label":"Seed","Category":"","Description":"","Attributes":0,"ValueType":"System.String"},"Value":"1960176141"}]},"Attachments":[],"Outcome":1,"ErrorMessage":null,"ErrorStackTrace":null,"DisplayName":"TestAddClaim","Messages":[],"ComputerName":"5CD413DKPB","Duration":"00:00:00.0435910","StartTime":"2024-10-24T11:33:31.7597433+00:00","EndTime":"2024-10-24T11:33:31.8033338+00:00","Properties":[{"Key":{"Id":"NUnit.Seed","Label":"Seed","Category":"","Description":"","Attributes":0,"ValueType":"System.String"},"Value":"1960176141"}]}],"TestRunStatistics":{"ExecutedTests":9,"Stats":{"Passed":9}},"ActiveTests":[{"Id":"6ad86975-4e0d-5401-ac0d-8448b445756d","FullyQualifiedName":"LifeInsuranceApplicationTest.ClaimServiceTest.TestExceptionAddClaim","DisplayName":"TestExceptionAddClaim","ExecutorUri":"executor://NUnit3TestExecutor","Source":"C:\\Users\\rohit.laishram.PYRAMIDINDIA\\Documents\\celsior_training\\day32\\LifeInsuranceApplication\\LifeInsuranceApplicationTest\\bin\\Debug\\net6.0\\fine-code-coverage\\build-output\\LifeInsuranceApplicationTest.dll","CodeFilePath":null,"LineNumber":0,"Properties":[{"Key":{"Id":"NUnit.Seed","Label":"Seed","Category":"","Description":"","Attributes":0,"ValueType":"System.String"},"Value":"1792683867"}]}]}}
TpTrace Verbose: 0 : 33112, 12, 2024/10/24, 17:03:31.860, 7179737491282, vstest.console.dll, TestRunRequest:SendTestRunStatsChange: Starting.
TpTrace Verbose: 0 : 33112, 12, 2024/10/24, 17:03:31.861, 7179737493256, vstest.console.dll, InProgress is TestExceptionAddClaim
TpTrace Verbose: 0 : 33112, 12, 2024/10/24, 17:03:31.861, 7179737495718, vstest.console.dll, MulticastDelegateUtilities.SafeInvoke: TestRun.RunStatsChanged: Invoking callbacks was skipped because there are no subscribers.
TpTrace Information: 0 : 33112, 12, 2024/10/24, 17:03:31.861, 7179737496425, vstest.console.dll, TestRunRequest:SendTestRunStatsChange: Completed.
TpTrace Verbose: 0 : 33112, 12, 2024/10/24, 17:03:31.861, 7179737496736, vstest.console.dll, MulticastDelegateUtilities.SafeInvoke: LengthPrefixCommunicationChannel: MessageReceived: Invoking callback 1/1 for Microsoft.VisualStudio.TestPlatform.CommunicationUtilities.TestRequestSender+<>c__DisplayClass34_0., took 22 ms.
TpTrace Verbose: 0 : 33112, 12, 2024/10/24, 17:03:31.861, 7179737497136, vstest.console.dll, TcpClientExtensions.MessageLoopAsync: Polling on remoteEndPoint: 127.0.0.1:60006 localEndPoint: 127.0.0.1:60005 after 41 ms
TpTrace Verbose: 0 : 33112, 4, 2024/10/24, 17:03:31.863, 7179737520581, vstest.console.dll, MulticastDelegateUtilities.SafeInvoke: InternalTestLoggerEvents.SendTestResult: Invoking callback 1/1 for Microsoft.VisualStudio.TestPlatform.CommandLine.Internal.ConsoleLogger., took 2 ms.
TpTrace Verbose: 0 : 33112, 4, 2024/10/24, 17:03:31.864, 7179737527788, vstest.console.dll, MulticastDelegateUtilities.SafeInvoke: InternalTestLoggerEvents.SendTestResult: Invoking callback 1/1 for Microsoft.VisualStudio.TestPlatform.CommandLine.Internal.ConsoleLogger., took 0 ms.
TpTrace Verbose: 0 : 33112, 4, 2024/10/24, 17:03:31.864, 7179737529309, vstest.console.dll, MulticastDelegateUtilities.SafeInvoke: InternalTestLoggerEvents.SendTestResult: Invoking callback 1/1 for Microsoft.VisualStudio.TestPlatform.CommandLine.Internal.ConsoleLogger., took 0 ms.
TpTrace Verbose: 0 : 33112, 4, 2024/10/24, 17:03:31.864, 7179737530003, vstest.console.dll, MulticastDelegateUtilities.SafeInvoke: InternalTestLoggerEvents.SendTestResult: Invoking callback 1/1 for Microsoft.VisualStudio.TestPlatform.CommandLine.Internal.ConsoleLogger., took 0 ms.
TpTrace Verbose: 0 : 33112, 4, 2024/10/24, 17:03:31.864, 7179737530581, vstest.console.dll, MulticastDelegateUtilities.SafeInvoke: InternalTestLoggerEvents.SendTestResult: Invoking callback 1/1 for Microsoft.VisualStudio.TestPlatform.CommandLine.Internal.ConsoleLogger., took 0 ms.
TpTrace Verbose: 0 : 33112, 4, 2024/10/24, 17:03:31.864, 7179737531336, vstest.console.dll, MulticastDelegateUtilities.SafeInvoke: InternalTestLoggerEvents.SendTestResult: Invoking callback 1/1 for Microsoft.VisualStudio.TestPlatform.CommandLine.Internal.ConsoleLogger., took 0 ms.
TpTrace Verbose: 0 : 33112, 4, 2024/10/24, 17:03:31.864, 7179737531904, vstest.console.dll, MulticastDelegateUtilities.SafeInvoke: InternalTestLoggerEvents.SendTestResult: Invoking callback 1/1 for Microsoft.VisualStudio.TestPlatform.CommandLine.Internal.ConsoleLogger., took 0 ms.
TpTrace Verbose: 0 : 33112, 4, 2024/10/24, 17:03:31.865, 7179737532847, vstest.console.dll, MulticastDelegateUtilities.SafeInvoke: InternalTestLoggerEvents.SendTestResult: Invoking callback 1/1 for Microsoft.VisualStudio.TestPlatform.CommandLine.Internal.ConsoleLogger., took 0 ms.
TpTrace Verbose: 0 : 33112, 4, 2024/10/24, 17:03:31.865, 7179737533804, vstest.console.dll, MulticastDelegateUtilities.SafeInvoke: InternalTestLoggerEvents.SendTestResult: Invoking callback 1/1 for Microsoft.VisualStudio.TestPlatform.CommandLine.Internal.ConsoleLogger., took 0 ms.
TpTrace Verbose: 0 : 33112, 12, 2024/10/24, 17:03:31.875, 7179737632695, vstest.console.dll, TcpClientExtensions.MessageLoopAsync: NotifyDataAvailable remoteEndPoint: 127.0.0.1:60006 localEndPoint: 127.0.0.1:60005
TpTrace Verbose: 0 : 33112, 12, 2024/10/24, 17:03:31.875, 7179737637996, vstest.console.dll, TestRequestSender.OnExecutionMessageReceived: Received message: {"Version":7,"MessageType":"TestExecution.StatsChange","Payload":{"NewTestResults":[{"TestCase":{"Id":"6ad86975-4e0d-5401-ac0d-8448b445756d","FullyQualifiedName":"LifeInsuranceApplicationTest.ClaimServiceTest.TestExceptionAddClaim","DisplayName":"TestExceptionAddClaim","ExecutorUri":"executor://NUnit3TestExecutor","Source":"C:\\Users\\rohit.laishram.PYRAMIDINDIA\\Documents\\celsior_training\\day32\\LifeInsuranceApplication\\LifeInsuranceApplicationTest\\bin\\Debug\\net6.0\\fine-code-coverage\\build-output\\LifeInsuranceApplicationTest.dll","CodeFilePath":null,"LineNumber":0,"Properties":[{"Key":{"Id":"NUnit.Seed","Label":"Seed","Category":"","Description":"","Attributes":0,"ValueType":"System.String"},"Value":"1792683867"}]},"Attachments":[],"Outcome":1,"ErrorMessage":null,"ErrorStackTrace":null,"DisplayName":"TestExceptionAddClaim","Messages":[],"ComputerName":"5CD413DKPB","Duration":"00:00:00.0044000","StartTime":"2024-10-24T11:33:31.803381+00:00","EndTime":"2024-10-24T11:33:31.8077809+00:00","Properties":[{"Key":{"Id":"NUnit.Seed","Label":"Seed","Category":"","Description":"","Attributes":0,"ValueType":"System.String"},"Value":"1792683867"}]},{"TestCase":{"Id":"6f03de61-13d5-ee33-8c5c-c148d7b4ddca","FullyQualifiedName":"LifeInsuranceApplicationTest.ClaimServiceTest.TestExeptionGetAll","DisplayName":"TestExeptionGetAll","ExecutorUri":"executor://NUnit3TestExecutor","Source":"C:\\Users\\rohit.laishram.PYRAMIDINDIA\\Documents\\celsior_training\\day32\\LifeInsuranceApplication\\LifeInsuranceApplicationTest\\bin\\Debug\\net6.0\\fine-code-coverage\\build-output\\LifeInsuranceApplicationTest.dll","CodeFilePath":null,"LineNumber":0,"Properties":[{"Key":{"Id":"NUnit.Seed","Label":"Seed","Category":"","Description":"","Attributes":0,"ValueType":"System.String"},"Value":"1024346791"}]},"Attachments":[],"Outcome":1,"ErrorMessage":null,"ErrorStackTrace":null,"DisplayName":"TestExeptionGetAll","Messages":[],"ComputerName":"5CD413DKPB","Duration":"00:00:00.0024110","StartTime":"2024-10-24T11:33:31.8078082+00:00","EndTime":"2024-10-24T11:33:31.8102181+00:00","Properties":[{"Key":{"Id":"NUnit.Seed","Label":"Seed","Category":"","Description":"","Attributes":0,"ValueType":"System.String"},"Value":"1024346791"}]},{"TestCase":{"Id":"539dda9c-4f0e-51ed-d076-3968c16f285f","FullyQualifiedName":"LifeInsuranceApplicationTest.ClaimServiceTest.TestGetClaims","DisplayName":"TestGetClaims","ExecutorUri":"executor://NUnit3TestExecutor","Source":"C:\\Users\\rohit.laishram.PYRAMIDINDIA\\Documents\\celsior_training\\day32\\LifeInsuranceApplication\\LifeInsuranceApplicationTest\\bin\\Debug\\net6.0\\fine-code-coverage\\build-output\\LifeInsuranceApplicationTest.dll","CodeFilePath":null,"LineNumber":0,"Properties":[{"Key":{"Id":"NUnit.Seed","Label":"Seed","Category":"","Description":"","Attributes":0,"ValueType":"System.String"},"Value":"19996076"}]},"Attachments":[],"Outcome":1,"ErrorMessage":null,"ErrorStackTrace":null,"DisplayName":"TestGetClaims","Messages":[],"ComputerName":"5CD413DKPB","Duration":"00:00:00.0049460","StartTime":"2024-10-24T11:33:31.8102569+00:00","EndTime":"2024-10-24T11:33:31.8152027+00:00","Properties":[{"Key":{"Id":"NUnit.Seed","Label":"Seed","Category":"","Description":"","Attributes":0,"ValueType":"System.String"},"Value":"19996076"}]},{"TestCase":{"Id":"7f829638-da60-2909-5e19-9307c2022734","FullyQualifiedName":"LifeInsuranceApplicationTest.ClaimTypeRepositoryTest.DeleteExceptionDelete","DisplayName":"DeleteExceptionDelete","ExecutorUri":"executor://NUnit3TestExecutor","Source":"C:\\Users\\rohit.laishram.PYRAMIDINDIA\\Documents\\celsior_training\\day32\\LifeInsuranceApplication\\LifeInsuranceApplicationTest\\bin\\Debug\\net6.0\\fine-code-coverage\\build-output\\LifeInsuranceApplicationTest.dll","CodeFilePath":null,"LineNumber":0,"Properties":[{"Key":{"Id":"NUnit.Seed","Label":"Seed","Category":"","Description":"","Attributes":0,"ValueType":"System.String"},"Value":"2093299585"}]},"Attachments":[],"Outcome":1,"ErrorMessage":null,"ErrorStackTrace":null,"DisplayName":"DeleteExceptionDelete","Messages":[],"ComputerName":"5CD413DKPB","Duration":"00:00:00.0164629","StartTime":"2024-10-24T11:33:31.8153287+00:00","EndTime":"2024-10-24T11:33:31.8317914+00:00","Properties":[{"Key":{"Id":"NUnit.Seed","Label":"Seed","Category":"","Description":"","Attributes":0,"ValueType":"System.String"},"Value":"2093299585"}]},{"TestCase":{"Id":"31ea464e-1007-56cf-3339-5a9bab146080","FullyQualifiedName":"LifeInsuranceApplicationTest.ClaimTypeRepositoryTest.DeleteTest","DisplayName":"DeleteTest","ExecutorUri":"executor://NUnit3TestExecutor","Source":"C:\\Users\\rohit.laishram.PYRAMIDINDIA\\Documents\\celsior_training\\day32\\LifeInsuranceApplication\\LifeInsuranceApplicationTest\\bin\\Debug\\net6.0\\fine-code-coverage\\build-output\\LifeInsuranceApplicationTest.dll","CodeFilePath":null,"LineNumber":0,"Properties":[{"Key":{"Id":"NUnit.Seed","Label":"Seed","Category":"","Description":"","Attributes":0,"ValueType":"System.String"},"Value":"1433343013"}]},"Attachments":[],"Outcome":1,"ErrorMessage":null,"ErrorStackTrace":null,"DisplayName":"DeleteTest","Messages":[],"ComputerName":"5CD413DKPB","Duration":"00:00:00.0127140","StartTime":"2024-10-24T11:33:31.8318479+00:00","EndTime":"2024-10-24T11:33:31.844562+00:00","Properties":[{"Key":{"Id":"NUnit.Seed","Label":"Seed","Category":"","Description":"","Attributes":0,"ValueType":"System.String"},"Value":"1433343013"}]},{"TestCase":{"Id":"8296f4a2-7a16-2732-02f2-c699bd48a64d","FullyQualifiedName":"LifeInsuranceApplicationTest.ClaimTypeRepositoryTest.GetAll","DisplayName":"GetAll","ExecutorUri":"executor://NUnit3TestExecutor","Source":"C:\\Users\\rohit.laishram.PYRAMIDINDIA\\Documents\\celsior_training\\day32\\LifeInsuranceApplication\\LifeInsuranceApplicationTest\\bin\\Debug\\net6.0\\fine-code-coverage\\build-output\\LifeInsuranceApplicationTest.dll","CodeFilePath":null,"LineNumber":0,"Properties":[{"Key":{"Id":"NUnit.Seed","Label":"Seed","Category":"","Description":"","Attributes":0,"ValueType":"System.String"},"Value":"1004856119"}]},"Attachments":[],"Outcome":1,"ErrorMessage":null,"ErrorStackTrace":null,"DisplayName":"GetAll","Messages":[],"ComputerName":"5CD413DKPB","Duration":"00:00:00.0085260","StartTime":"2024-10-24T11:33:31.8445874+00:00","EndTime":"2024-10-24T11:33:31.8531131+00:00","Properties":[{"Key":{"Id":"NUnit.Seed","Label":"Seed","Category":"","Description":"","Attributes":0,"ValueType":"System.String"},"Value":"1004856119"}]},{"TestCase":{"Id":"df2aabc4-5e3c-e821-94c6-e8e6cf1987ba","FullyQualifiedName":"LifeInsuranceApplicationTest.ClaimTypeRepositoryTest.GetAllExceptionTest","DisplayName":"GetAllExceptionTest","ExecutorUri":"executor://NUnit3TestExecutor","Source":"C:\\Users\\rohit.laishram.PYRAMIDINDIA\\Documents\\celsior_training\\day32\\LifeInsuranceApplication\\LifeInsuranceApplicationTest\\bin\\Debug\\net6.0\\fine-code-coverage\\build-output\\LifeInsuranceApplicationTest.dll","CodeFilePath":null,"LineNumber":0,"Properties":[{"Key":{"Id":"NUnit.Seed","Label":"Seed","Category":"","Description":"","Attributes":0,"ValueType":"System.String"},"Value":"384421881"}]},"Attachments":[],"Outcome":1,"ErrorMessage":null,"ErrorStackTrace":null,"DisplayName":"GetAllExceptionTest","Messages":[],"ComputerName":"5CD413DKPB","Duration":"00:00:00.0014950","StartTime":"2024-10-24T11:33:31.8531352+00:00","EndTime":"2024-10-24T11:33:31.8546303+00:00","Properties":[{"Key":{"Id":"NUnit.Seed","Label":"Seed","Category":"","Description":"","Attributes":0,"ValueType":"System.String"},"Value":"384421881"}]},{"TestCase":{"Id":"87f38bed-6ee8-e1a4-d941-3d9c04288281","FullyQualifiedName":"LifeInsuranceApplicationTest.ClaimTypeRepositoryTest.TestAddClaimType","DisplayName":"TestAddClaimType","ExecutorUri":"executor://NUnit3TestExecutor","Source":"C:\\Users\\rohit.laishram.PYRAMIDINDIA\\Documents\\celsior_training\\day32\\LifeInsuranceApplication\\LifeInsuranceApplicationTest\\bin\\Debug\\net6.0\\fine-code-coverage\\build-output\\LifeInsuranceApplicationTest.dll","CodeFilePath":null,"LineNumber":0,"Properties":[{"Key":{"Id":"NUnit.Seed","Label":"Seed","Category":"","Description":"","Attributes":0,"ValueType":"System.String"},"Value":"2059468379"}]},"Attachments":[],"Outcome":1,"ErrorMessage":null,"ErrorStackTrace":null,"DisplayName":"TestAddClaimType","Messages":[],"ComputerName":"5CD413DKPB","Duration":"00:00:00.0009890","StartTime":"2024-10-24T11:33:31.8546579+00:00","EndTime":"2024-10-24T11:33:31.8556471+00:00","Properties":[{"Key":{"Id":"NUnit.Seed","Label":"Seed","Category":"","Description":"","Attributes":0,"ValueType":"System.String"},"Value":"2059468379"}]},{"TestCase":{"Id":"7fe126a5-02ad-64d3-6a01-2ed31083a59a","FullyQualifiedName":"LifeInsuranceApplicationTest.ClaimTypeRepositoryTest.TestAddExceptionTest","DisplayName":"TestAddExceptionTest","ExecutorUri":"executor://NUnit3TestExecutor","Source":"C:\\Users\\rohit.laishram.PYRAMIDINDIA\\Documents\\celsior_training\\day32\\LifeInsuranceApplication\\LifeInsuranceApplicationTest\\bin\\Debug\\net6.0\\fine-code-coverage\\build-output\\LifeInsuranceApplicationTest.dll","CodeFilePath":null,"LineNumber":0,"Properties":[{"Key":{"Id":"NUnit.Seed","Label":"Seed","Category":"","Description":"","Attributes":0,"ValueType":"System.String"},"Value":"1840936041"}]},"Attachments":[],"Outcome":1,"ErrorMessage":null,"ErrorStackTrace":null,"DisplayName":"TestAddExceptionTest","Messages":[],"ComputerName":"5CD413DKPB","Duration":"00:00:00.0020020","StartTime":"2024-10-24T11:33:31.8556645+00:00","EndTime":"2024-10-24T11:33:31.8576661+00:00","Properties":[{"Key":{"Id":"NUnit.Seed","Label":"Seed","Category":"","Description":"","Attributes":0,"ValueType":"System.String"},"Value":"1840936041"}]}],"TestRunStatistics":{"ExecutedTests":18,"Stats":{"Passed":18}},"ActiveTests":[{"Id":"05e48104-3ade-cae6-8204-c6326fb2e7d7","FullyQualifiedName":"LifeInsuranceApplicationTest.ClaimTypeRepositoryTest.UpdateClaimTypeExceptionTest","DisplayName":"UpdateClaimTypeExceptionTest","ExecutorUri":"executor://NUnit3TestExecutor","Source":"C:\\Users\\rohit.laishram.PYRAMIDINDIA\\Documents\\celsior_training\\day32\\LifeInsuranceApplication\\LifeInsuranceApplicationTest\\bin\\Debug\\net6.0\\fine-code-coverage\\build-output\\LifeInsuranceApplicationTest.dll","CodeFilePath":null,"LineNumber":0,"Properties":[{"Key":{"Id":"NUnit.Seed","Label":"Seed","Category":"","Description":"","Attributes":0,"ValueType":"System.String"},"Value":"1497835465"}]}]}}
TpTrace Verbose: 0 : 33112, 12, 2024/10/24, 17:03:31.879, 7179737672528, vstest.console.dll, TestRunRequest:SendTestRunStatsChange: Starting.
TpTrace Verbose: 0 : 33112, 12, 2024/10/24, 17:03:31.879, 7179737673464, vstest.console.dll, InProgress is UpdateClaimTypeExceptionTest
TpTrace Verbose: 0 : 33112, 12, 2024/10/24, 17:03:31.879, 7179737674465, vstest.console.dll, MulticastDelegateUtilities.SafeInvoke: TestRun.RunStatsChanged: Invoking callbacks was skipped because there are no subscribers.
TpTrace Information: 0 : 33112, 12, 2024/10/24, 17:03:31.879, 7179737674971, vstest.console.dll, TestRunRequest:SendTestRunStatsChange: Completed.
TpTrace Verbose: 0 : 33112, 4, 2024/10/24, 17:03:31.879, 7179737675156, vstest.console.dll, MulticastDelegateUtilities.SafeInvoke: InternalTestLoggerEvents.SendTestResult: Invoking callback 1/1 for Microsoft.VisualStudio.TestPlatform.CommandLine.Internal.ConsoleLogger., took 0 ms.
TpTrace Verbose: 0 : 33112, 12, 2024/10/24, 17:03:31.879, 7179737675501, vstest.console.dll, MulticastDelegateUtilities.SafeInvoke: LengthPrefixCommunicationChannel: MessageReceived: Invoking callback 1/1 for Microsoft.VisualStudio.TestPlatform.CommunicationUtilities.TestRequestSender+<>c__DisplayClass34_0., took 3 ms.
TpTrace Verbose: 0 : 33112, 4, 2024/10/24, 17:03:31.879, 7179737676635, vstest.console.dll, MulticastDelegateUtilities.SafeInvoke: InternalTestLoggerEvents.SendTestResult: Invoking callback 1/1 for Microsoft.VisualStudio.TestPlatform.CommandLine.Internal.ConsoleLogger., took 0 ms.
TpTrace Verbose: 0 : 33112, 12, 2024/10/24, 17:03:31.879, 7179737676941, vstest.console.dll, TcpClientExtensions.MessageLoopAsync: Polling on remoteEndPoint: 127.0.0.1:60006 localEndPoint: 127.0.0.1:60005 after 17 ms
TpTrace Verbose: 0 : 33112, 4, 2024/10/24, 17:03:31.879, 7179737677744, vstest.console.dll, MulticastDelegateUtilities.SafeInvoke: InternalTestLoggerEvents.SendTestResult: Invoking callback 1/1 for Microsoft.VisualStudio.TestPlatform.CommandLine.Internal.ConsoleLogger., took 0 ms.
TpTrace Verbose: 0 : 33112, 4, 2024/10/24, 17:03:31.881, 7179737692523, vstest.console.dll, MulticastDelegateUtilities.SafeInvoke: InternalTestLoggerEvents.SendTestResult: Invoking callback 1/1 for Microsoft.VisualStudio.TestPlatform.CommandLine.Internal.ConsoleLogger., took 1 ms.
TpTrace Verbose: 0 : 33112, 4, 2024/10/24, 17:03:31.881, 7179737694792, vstest.console.dll, MulticastDelegateUtilities.SafeInvoke: InternalTestLoggerEvents.SendTestResult: Invoking callback 1/1 for Microsoft.VisualStudio.TestPlatform.CommandLine.Internal.ConsoleLogger., took 0 ms.
TpTrace Verbose: 0 : 33112, 4, 2024/10/24, 17:03:31.881, 7179737695758, vstest.console.dll, MulticastDelegateUtilities.SafeInvoke: InternalTestLoggerEvents.SendTestResult: Invoking callback 1/1 for Microsoft.VisualStudio.TestPlatform.CommandLine.Internal.ConsoleLogger., took 0 ms.
TpTrace Verbose: 0 : 33112, 4, 2024/10/24, 17:03:31.881, 7179737696594, vstest.console.dll, MulticastDelegateUtilities.SafeInvoke: InternalTestLoggerEvents.SendTestResult: Invoking callback 1/1 for Microsoft.VisualStudio.TestPlatform.CommandLine.Internal.ConsoleLogger., took 0 ms.
TpTrace Verbose: 0 : 33112, 4, 2024/10/24, 17:03:31.881, 7179737698089, vstest.console.dll, MulticastDelegateUtilities.SafeInvoke: InternalTestLoggerEvents.SendTestResult: Invoking callback 1/1 for Microsoft.VisualStudio.TestPlatform.CommandLine.Internal.ConsoleLogger., took 0 ms.
TpTrace Verbose: 0 : 33112, 4, 2024/10/24, 17:03:31.881, 7179737698894, vstest.console.dll, MulticastDelegateUtilities.SafeInvoke: InternalTestLoggerEvents.SendTestResult: Invoking callback 1/1 for Microsoft.VisualStudio.TestPlatform.CommandLine.Internal.ConsoleLogger., took 0 ms.
TpTrace Verbose: 0 : 33112, 12, 2024/10/24, 17:03:31.916, 7179738050242, vstest.console.dll, TcpClientExtensions.MessageLoopAsync: NotifyDataAvailable remoteEndPoint: 127.0.0.1:60006 localEndPoint: 127.0.0.1:60005
TpTrace Verbose: 0 : 33112, 12, 2024/10/24, 17:03:31.917, 7179738055244, vstest.console.dll, TestRequestSender.OnExecutionMessageReceived: Received message: {"Version":7,"MessageType":"TestExecution.StatsChange","Payload":{"NewTestResults":[{"TestCase":{"Id":"05e48104-3ade-cae6-8204-c6326fb2e7d7","FullyQualifiedName":"LifeInsuranceApplicationTest.ClaimTypeRepositoryTest.UpdateClaimTypeExceptionTest","DisplayName":"UpdateClaimTypeExceptionTest","ExecutorUri":"executor://NUnit3TestExecutor","Source":"C:\\Users\\rohit.laishram.PYRAMIDINDIA\\Documents\\celsior_training\\day32\\LifeInsuranceApplication\\LifeInsuranceApplicationTest\\bin\\Debug\\net6.0\\fine-code-coverage\\build-output\\LifeInsuranceApplicationTest.dll","CodeFilePath":null,"LineNumber":0,"Properties":[{"Key":{"Id":"NUnit.Seed","Label":"Seed","Category":"","Description":"","Attributes":0,"ValueType":"System.String"},"Value":"1497835465"}]},"Attachments":[],"Outcome":1,"ErrorMessage":null,"ErrorStackTrace":null,"DisplayName":"UpdateClaimTypeExceptionTest","Messages":[],"ComputerName":"5CD413DKPB","Duration":"00:00:00.0019570","StartTime":"2024-10-24T11:33:31.8576906+00:00","EndTime":"2024-10-24T11:33:31.8596473+00:00","Properties":[{"Key":{"Id":"NUnit.Seed","Label":"Seed","Category":"","Description":"","Attributes":0,"ValueType":"System.String"},"Value":"1497835465"}]},{"TestCase":{"Id":"b23d9054-32c1-738a-fdda-e333ec130609","FullyQualifiedName":"LifeInsuranceApplicationTest.ClaimTypeRepositoryTest.UpdateClaimTypeTest","DisplayName":"UpdateClaimTypeTest","ExecutorUri":"executor://NUnit3TestExecutor","Source":"C:\\Users\\rohit.laishram.PYRAMIDINDIA\\Documents\\celsior_training\\day32\\LifeInsuranceApplication\\LifeInsuranceApplicationTest\\bin\\Debug\\net6.0\\fine-code-coverage\\build-output\\LifeInsuranceApplicationTest.dll","CodeFilePath":null,"LineNumber":0,"Properties":[{"Key":{"Id":"NUnit.Seed","Label":"Seed","Category":"","Description":"","Attributes":0,"ValueType":"System.String"},"Value":"827206899"}]},"Attachments":[],"Outcome":1,"ErrorMessage":null,"ErrorStackTrace":null,"DisplayName":"UpdateClaimTypeTest","Messages":[],"ComputerName":"5CD413DKPB","Duration":"00:00:00.0016370","StartTime":"2024-10-24T11:33:31.8596678+00:00","EndTime":"2024-10-24T11:33:31.8613046+00:00","Properties":[{"Key":{"Id":"NUnit.Seed","Label":"Seed","Category":"","Description":"","Attributes":0,"ValueType":"System.String"},"Value":"827206899"}]},{"TestCase":{"Id":"2fd828b7-e902-6d00-4581-e7d3139f581c","FullyQualifiedName":"LifeInsuranceApplicationTest.ClaimTypeServiceTest.CreateNewClaimTypeTest","DisplayName":"CreateNewClaimTypeTest","ExecutorUri":"executor://NUnit3TestExecutor","Source":"C:\\Users\\rohit.laishram.PYRAMIDINDIA\\Documents\\celsior_training\\day32\\LifeInsuranceApplication\\LifeInsuranceApplicationTest\\bin\\Debug\\net6.0\\fine-code-coverage\\build-output\\LifeInsuranceApplicationTest.dll","CodeFilePath":null,"LineNumber":0,"Properties":[{"Key":{"Id":"NUnit.Seed","Label":"Seed","Category":"","Description":"","Attributes":0,"ValueType":"System.String"},"Value":"966622074"}]},"Attachments":[],"Outcome":1,"ErrorMessage":null,"ErrorStackTrace":null,"DisplayName":"CreateNewClaimTypeTest","Messages":[],"ComputerName":"5CD413DKPB","Duration":"00:00:00.0105070","StartTime":"2024-10-24T11:33:31.861501+00:00","EndTime":"2024-10-24T11:33:31.8720077+00:00","Properties":[{"Key":{"Id":"NUnit.Seed","Label":"Seed","Category":"","Description":"","Attributes":0,"ValueType":"System.String"},"Value":"966622074"}]},{"TestCase":{"Id":"78d2341e-df32-21ea-b94a-f3d59606ab94","FullyQualifiedName":"LifeInsuranceApplicationTest.ClaimTypeServiceTest.TestDeleteClaims","DisplayName":"TestDeleteClaims","ExecutorUri":"executor://NUnit3TestExecutor","Source":"C:\\Users\\rohit.laishram.PYRAMIDINDIA\\Documents\\celsior_training\\day32\\LifeInsuranceApplication\\LifeInsuranceApplicationTest\\bin\\Debug\\net6.0\\fine-code-coverage\\build-output\\LifeInsuranceApplicationTest.dll","CodeFilePath":null,"LineNumber":0,"Properties":[{"Key":{"Id":"NUnit.Seed","Label":"Seed","Category":"","Description":"","Attributes":0,"ValueType":"System.String"},"Value":"1271556264"}]},"Attachments":[],"Outcome":1,"ErrorMessage":null,"ErrorStackTrace":null,"DisplayName":"TestDeleteClaims","Messages":[],"ComputerName":"5CD413DKPB","Duration":"00:00:00.0051050","StartTime":"2024-10-24T11:33:31.872029+00:00","EndTime":"2024-10-24T11:33:31.8771341+00:00","Properties":[{"Key":{"Id":"NUnit.Seed","Label":"Seed","Category":"","Description":"","Attributes":0,"ValueType":"System.String"},"Value":"1271556264"}]},{"TestCase":{"Id":"22afd111-b055-7ce4-4c6e-cdf8fef29c4e","FullyQualifiedName":"LifeInsuranceApplicationTest.ClaimTypeServiceTest.TestExceptionClaimType","DisplayName":"TestExceptionClaimType","ExecutorUri":"executor://NUnit3TestExecutor","Source":"C:\\Users\\rohit.laishram.PYRAMIDINDIA\\Documents\\celsior_training\\day32\\LifeInsuranceApplication\\LifeInsuranceApplicationTest\\bin\\Debug\\net6.0\\fine-code-coverage\\build-output\\LifeInsuranceApplicationTest.dll","CodeFilePath":null,"LineNumber":0,"Properties":[{"Key":{"Id":"NUnit.Seed","Label":"Seed","Category":"","Description":"","Attributes":0,"ValueType":"System.String"},"Value":"483480941"}]},"Attachments":[],"Outcome":1,"ErrorMessage":null,"ErrorStackTrace":null,"DisplayName":"TestExceptionClaimType","Messages":[],"ComputerName":"5CD413DKPB","Duration":"00:00:00.0028180","StartTime":"2024-10-24T11:33:31.8771567+00:00","EndTime":"2024-10-24T11:33:31.8799742+00:00","Properties":[{"Key":{"Id":"NUnit.Seed","Label":"Seed","Category":"","Description":"","Attributes":0,"ValueType":"System.String"},"Value":"483480941"}]},{"TestCase":{"Id":"b3ab57b2-4039-e635-86ed-e28ef11d69ae","FullyQualifiedName":"LifeInsuranceApplicationTest.ClaimTypeServiceTest.TestExceptionDeleteClaimsType","DisplayName":"TestExceptionDeleteClaimsType","ExecutorUri":"executor://NUnit3TestExecutor","Source":"C:\\Users\\rohit.laishram.PYRAMIDINDIA\\Documents\\celsior_training\\day32\\LifeInsuranceApplication\\LifeInsuranceApplicationTest\\bin\\Debug\\net6.0\\fine-code-coverage\\build-output\\LifeInsuranceApplicationTest.dll","CodeFilePath":null,"LineNumber":0,"Properties":[{"Key":{"Id":"NUnit.Seed","Label":"Seed","Category":"","Description":"","Attributes":0,"ValueType":"System.String"},"Value":"442118906"}]},"Attachments":[],"Outcome":1,"ErrorMessage":null,"ErrorStackTrace":null,"DisplayName":"TestExceptionDeleteClaimsType","Messages":[],"ComputerName":"5CD413DKPB","Duration":"00:00:00.0018630","StartTime":"2024-10-24T11:33:31.8799965+00:00","EndTime":"2024-10-24T11:33:31.8818588+00:00","Properties":[{"Key":{"Id":"NUnit.Seed","Label":"Seed","Category":"","Description":"","Attributes":0,"ValueType":"System.String"},"Value":"442118906"}]},{"TestCase":{"Id":"81683c56-d239-5703-4316-ed102bcf946b","FullyQualifiedName":"LifeInsuranceApplicationTest.ClaimTypeServiceTest.TestExceptionGetAllClaimsType","DisplayName":"TestExceptionGetAllClaimsType","ExecutorUri":"executor://NUnit3TestExecutor","Source":"C:\\Users\\rohit.laishram.PYRAMIDINDIA\\Documents\\celsior_training\\day32\\LifeInsuranceApplication\\LifeInsuranceApplicationTest\\bin\\Debug\\net6.0\\fine-code-coverage\\build-output\\LifeInsuranceApplicationTest.dll","CodeFilePath":null,"LineNumber":0,"Properties":[{"Key":{"Id":"NUnit.Seed","Label":"Seed","Category":"","Description":"","Attributes":0,"ValueType":"System.String"},"Value":"1994114919"}]},"Attachments":[],"Outcome":1,"ErrorMessage":null,"ErrorStackTrace":null,"DisplayName":"TestExceptionGetAllClaimsType","Messages":[],"ComputerName":"5CD413DKPB","Duration":"00:00:00.0023340","StartTime":"2024-10-24T11:33:31.8818851+00:00","EndTime":"2024-10-24T11:33:31.8842188+00:00","Properties":[{"Key":{"Id":"NUnit.Seed","Label":"Seed","Category":"","Description":"","Attributes":0,"ValueType":"System.String"},"Value":"1994114919"}]},{"TestCase":{"Id":"bf2ceea3-f0ff-c502-50db-c14a397ebe23","FullyQualifiedName":"LifeInsuranceApplicationTest.ClaimTypeServiceTest.TestExceptionGetClaimById","DisplayName":"TestExceptionGetClaimById","ExecutorUri":"executor://NUnit3TestExecutor","Source":"C:\\Users\\rohit.laishram.PYRAMIDINDIA\\Documents\\celsior_training\\day32\\LifeInsuranceApplication\\LifeInsuranceApplicationTest\\bin\\Debug\\net6.0\\fine-code-coverage\\build-output\\LifeInsuranceApplicationTest.dll","CodeFilePath":null,"LineNumber":0,"Properties":[{"Key":{"Id":"NUnit.Seed","Label":"Seed","Category":"","Description":"","Attributes":0,"ValueType":"System.String"},"Value":"1863992581"}]},"Attachments":[],"Outcome":1,"ErrorMessage":null,"ErrorStackTrace":null,"DisplayName":"TestExceptionGetClaimById","Messages":[],"ComputerName":"5CD413DKPB","Duration":"00:00:00.0020880","StartTime":"2024-10-24T11:33:31.88424+00:00","EndTime":"2024-10-24T11:33:31.8863281+00:00","Properties":[{"Key":{"Id":"NUnit.Seed","Label":"Seed","Category":"","Description":"","Attributes":0,"ValueType":"System.String"},"Value":"1863992581"}]},{"TestCase":{"Id":"237c7051-9172-0ba3-38cd-33d50926071e","FullyQualifiedName":"LifeInsuranceApplicationTest.ClaimTypeServiceTest.TestGetAllClaimsType","DisplayName":"TestGetAllClaimsType","ExecutorUri":"executor://NUnit3TestExecutor","Source":"C:\\Users\\rohit.laishram.PYRAMIDINDIA\\Documents\\celsior_training\\day32\\LifeInsuranceApplication\\LifeInsuranceApplicationTest\\bin\\Debug\\net6.0\\fine-code-coverage\\build-output\\LifeInsuranceApplicationTest.dll","CodeFilePath":null,"LineNumber":0,"Properties":[{"Key":{"Id":"NUnit.Seed","Label":"Seed","Category":"","Description":"","Attributes":0,"ValueType":"System.String"},"Value":"632281676"}]},"Attachments":[],"Outcome":1,"ErrorMessage":null,"ErrorStackTrace":null,"DisplayName":"TestGetAllClaimsType","Messages":[],"ComputerName":"5CD413DKPB","Duration":"00:00:00.0028410","StartTime":"2024-10-24T11:33:31.8863488+00:00","EndTime":"2024-10-24T11:33:31.8891892+00:00","Properties":[{"Key":{"Id":"NUnit.Seed","Label":"Seed","Category":"","Description":"","Attributes":0,"ValueType":"System.String"},"Value":"632281676"}]}],"TestRunStatistics":{"ExecutedTests":27,"Stats":{"Passed":27}},"ActiveTests":[{"Id":"545e1327-e14e-0c5b-3e5f-9603ef1fa4f3","FullyQualifiedName":"LifeInsuranceApplicationTest.ClaimTypeServiceTest.TestGetClaimById","DisplayName":"TestGetClaimById","ExecutorUri":"executor://NUnit3TestExecutor","Source":"C:\\Users\\rohit.laishram.PYRAMIDINDIA\\Documents\\celsior_training\\day32\\LifeInsuranceApplication\\LifeInsuranceApplicationTest\\bin\\Debug\\net6.0\\fine-code-coverage\\build-output\\LifeInsuranceApplicationTest.dll","CodeFilePath":null,"LineNumber":0,"Properties":[{"Key":{"Id":"NUnit.Seed","Label":"Seed","Category":"","Description":"","Attributes":0,"ValueType":"System.String"},"Value":"773462816"}]}]}}
TpTrace Verbose: 0 : 33112, 12, 2024/10/24, 17:03:31.918, 7179738065608, vstest.console.dll, TestRunRequest:SendTestRunStatsChange: Starting.
TpTrace Verbose: 0 : 33112, 12, 2024/10/24, 17:03:31.918, 7179738066445, vstest.console.dll, InProgress is TestGetClaimById
TpTrace Verbose: 0 : 33112, 12, 2024/10/24, 17:03:31.918, 7179738067161, vstest.console.dll, MulticastDelegateUtilities.SafeInvoke: TestRun.RunStatsChanged: Invoking callbacks was skipped because there are no subscribers.
TpTrace Information: 0 : 33112, 12, 2024/10/24, 17:03:31.918, 7179738067485, vstest.console.dll, TestRunRequest:SendTestRunStatsChange: Completed.
TpTrace Verbose: 0 : 33112, 12, 2024/10/24, 17:03:31.918, 7179738067866, vstest.console.dll, MulticastDelegateUtilities.SafeInvoke: LengthPrefixCommunicationChannel: MessageReceived: Invoking callback 1/1 for Microsoft.VisualStudio.TestPlatform.CommunicationUtilities.TestRequestSender+<>c__DisplayClass34_0., took 1 ms.
TpTrace Verbose: 0 : 33112, 12, 2024/10/24, 17:03:31.918, 7179738068236, vstest.console.dll, TcpClientExtensions.MessageLoopAsync: Polling on remoteEndPoint: 127.0.0.1:60006 localEndPoint: 127.0.0.1:60005 after 39 ms
TpTrace Verbose: 0 : 33112, 4, 2024/10/24, 17:03:31.918, 7179738068182, vstest.console.dll, MulticastDelegateUtilities.SafeInvoke: InternalTestLoggerEvents.SendTestResult: Invoking callback 1/1 for Microsoft.VisualStudio.TestPlatform.CommandLine.Internal.ConsoleLogger., took 0 ms.
TpTrace Verbose: 0 : 33112, 4, 2024/10/24, 17:03:31.918, 7179738069713, vstest.console.dll, MulticastDelegateUtilities.SafeInvoke: InternalTestLoggerEvents.SendTestResult: Invoking callback 1/1 for Microsoft.VisualStudio.TestPlatform.CommandLine.Internal.ConsoleLogger., took 0 ms.
TpTrace Verbose: 0 : 33112, 4, 2024/10/24, 17:03:31.925, 7179738132639, vstest.console.dll, MulticastDelegateUtilities.SafeInvoke: InternalTestLoggerEvents.SendTestResult: Invoking callback 1/1 for Microsoft.VisualStudio.TestPlatform.CommandLine.Internal.ConsoleLogger., took 6 ms.
TpTrace Verbose: 0 : 33112, 4, 2024/10/24, 17:03:31.925, 7179738135291, vstest.console.dll, MulticastDelegateUtilities.SafeInvoke: InternalTestLoggerEvents.SendTestResult: Invoking callback 1/1 for Microsoft.VisualStudio.TestPlatform.CommandLine.Internal.ConsoleLogger., took 0 ms.
TpTrace Verbose: 0 : 33112, 4, 2024/10/24, 17:03:31.925, 7179738136043, vstest.console.dll, MulticastDelegateUtilities.SafeInvoke: InternalTestLoggerEvents.SendTestResult: Invoking callback 1/1 for Microsoft.VisualStudio.TestPlatform.CommandLine.Internal.ConsoleLogger., took 0 ms.
TpTrace Verbose: 0 : 33112, 4, 2024/10/24, 17:03:31.925, 7179738136673, vstest.console.dll, MulticastDelegateUtilities.SafeInvoke: InternalTestLoggerEvents.SendTestResult: Invoking callback 1/1 for Microsoft.VisualStudio.TestPlatform.CommandLine.Internal.ConsoleLogger., took 0 ms.
TpTrace Verbose: 0 : 33112, 4, 2024/10/24, 17:03:31.925, 7179738137208, vstest.console.dll, MulticastDelegateUtilities.SafeInvoke: InternalTestLoggerEvents.SendTestResult: Invoking callback 1/1 for Microsoft.VisualStudio.TestPlatform.CommandLine.Internal.ConsoleLogger., took 0 ms.
TpTrace Verbose: 0 : 33112, 4, 2024/10/24, 17:03:31.925, 7179738137663, vstest.console.dll, MulticastDelegateUtilities.SafeInvoke: InternalTestLoggerEvents.SendTestResult: Invoking callback 1/1 for Microsoft.VisualStudio.TestPlatform.CommandLine.Internal.ConsoleLogger., took 0 ms.
TpTrace Verbose: 0 : 33112, 4, 2024/10/24, 17:03:31.925, 7179738138977, vstest.console.dll, MulticastDelegateUtilities.SafeInvoke: InternalTestLoggerEvents.SendTestResult: Invoking callback 1/1 for Microsoft.VisualStudio.TestPlatform.CommandLine.Internal.ConsoleLogger., took 0 ms.
TpTrace Verbose: 0 : 33112, 12, 2024/10/24, 17:03:31.951, 7179738401391, vstest.console.dll, TcpClientExtensions.MessageLoopAsync: NotifyDataAvailable remoteEndPoint: 127.0.0.1:60006 localEndPoint: 127.0.0.1:60005
TpTrace Verbose: 0 : 33112, 12, 2024/10/24, 17:03:31.952, 7179738404842, vstest.console.dll, TestRequestSender.OnExecutionMessageReceived: Received message: {"Version":7,"MessageType":"TestExecution.StatsChange","Payload":{"NewTestResults":[{"TestCase":{"Id":"545e1327-e14e-0c5b-3e5f-9603ef1fa4f3","FullyQualifiedName":"LifeInsuranceApplicationTest.ClaimTypeServiceTest.TestGetClaimById","DisplayName":"TestGetClaimById","ExecutorUri":"executor://NUnit3TestExecutor","Source":"C:\\Users\\rohit.laishram.PYRAMIDINDIA\\Documents\\celsior_training\\day32\\LifeInsuranceApplication\\LifeInsuranceApplicationTest\\bin\\Debug\\net6.0\\fine-code-coverage\\build-output\\LifeInsuranceApplicationTest.dll","CodeFilePath":null,"LineNumber":0,"Properties":[{"Key":{"Id":"NUnit.Seed","Label":"Seed","Category":"","Description":"","Attributes":0,"ValueType":"System.String"},"Value":"773462816"}]},"Attachments":[],"Outcome":1,"ErrorMessage":null,"ErrorStackTrace":null,"DisplayName":"TestGetClaimById","Messages":[],"ComputerName":"5CD413DKPB","Duration":"00:00:00.0036890","StartTime":"2024-10-24T11:33:31.8892137+00:00","EndTime":"2024-10-24T11:33:31.8929023+00:00","Properties":[{"Key":{"Id":"NUnit.Seed","Label":"Seed","Category":"","Description":"","Attributes":0,"ValueType":"System.String"},"Value":"773462816"}]},{"TestCase":{"Id":"fc016e51-4871-47bd-5138-458cf8f92810","FullyQualifiedName":"LifeInsuranceApplicationTest.PolicyRepositoryTest.DeleteExceptionDelete","DisplayName":"DeleteExceptionDelete","ExecutorUri":"executor://NUnit3TestExecutor","Source":"C:\\Users\\rohit.laishram.PYRAMIDINDIA\\Documents\\celsior_training\\day32\\LifeInsuranceApplication\\LifeInsuranceApplicationTest\\bin\\Debug\\net6.0\\fine-code-coverage\\build-output\\LifeInsuranceApplicationTest.dll","CodeFilePath":null,"LineNumber":0,"Properties":[{"Key":{"Id":"NUnit.Seed","Label":"Seed","Category":"","Description":"","Attributes":0,"ValueType":"System.String"},"Value":"263423231"}]},"Attachments":[],"Outcome":1,"ErrorMessage":null,"ErrorStackTrace":null,"DisplayName":"DeleteExceptionDelete","Messages":[],"ComputerName":"5CD413DKPB","Duration":"00:00:00.0126000","StartTime":"2024-10-24T11:33:31.8930734+00:00","EndTime":"2024-10-24T11:33:31.9056735+00:00","Properties":[{"Key":{"Id":"NUnit.Seed","Label":"Seed","Category":"","Description":"","Attributes":0,"ValueType":"System.String"},"Value":"263423231"}]},{"TestCase":{"Id":"2d01ed0e-6dd4-5241-11af-8405c642507e","FullyQualifiedName":"LifeInsuranceApplicationTest.PolicyRepositoryTest.DeleteTest","DisplayName":"DeleteTest","ExecutorUri":"executor://NUnit3TestExecutor","Source":"C:\\Users\\rohit.laishram.PYRAMIDINDIA\\Documents\\celsior_training\\day32\\LifeInsuranceApplication\\LifeInsuranceApplicationTest\\bin\\Debug\\net6.0\\fine-code-coverage\\build-output\\LifeInsuranceApplicationTest.dll","CodeFilePath":null,"LineNumber":0,"Properties":[{"Key":{"Id":"NUnit.Seed","Label":"Seed","Category":"","Description":"","Attributes":0,"ValueType":"System.String"},"Value":"1508222569"}]},"Attachments":[],"Outcome":1,"ErrorMessage":null,"ErrorStackTrace":null,"DisplayName":"DeleteTest","Messages":[],"ComputerName":"5CD413DKPB","Duration":"00:00:00.0094690","StartTime":"2024-10-24T11:33:31.9057033+00:00","EndTime":"2024-10-24T11:33:31.9151717+00:00","Properties":[{"Key":{"Id":"NUnit.Seed","Label":"Seed","Category":"","Description":"","Attributes":0,"ValueType":"System.String"},"Value":"1508222569"}]},{"TestCase":{"Id":"9654f6ad-8e5b-0b0a-be2e-6ee09f9c59e0","FullyQualifiedName":"LifeInsuranceApplicationTest.PolicyRepositoryTest.GetAll","DisplayName":"GetAll","ExecutorUri":"executor://NUnit3TestExecutor","Source":"C:\\Users\\rohit.laishram.PYRAMIDINDIA\\Documents\\celsior_training\\day32\\LifeInsuranceApplication\\LifeInsuranceApplicationTest\\bin\\Debug\\net6.0\\fine-code-coverage\\build-output\\LifeInsuranceApplicationTest.dll","CodeFilePath":null,"LineNumber":0,"Properties":[{"Key":{"Id":"NUnit.Seed","Label":"Seed","Category":"","Description":"","Attributes":0,"ValueType":"System.String"},"Value":"1263213996"}]},"Attachments":[],"Outcome":1,"ErrorMessage":null,"ErrorStackTrace":null,"DisplayName":"GetAll","Messages":[],"ComputerName":"5CD413DKPB","Duration":"00:00:00.0094380","StartTime":"2024-10-24T11:33:31.9151965+00:00","EndTime":"2024-10-24T11:33:31.9246338+00:00","Properties":[{"Key":{"Id":"NUnit.Seed","Label":"Seed","Category":"","Description":"","Attributes":0,"ValueType":"System.String"},"Value":"1263213996"}]},{"TestCase":{"Id":"58411bbb-f77d-09a7-66c8-8462134625df","FullyQualifiedName":"LifeInsuranceApplicationTest.PolicyRepositoryTest.GetAllExceptionTest","DisplayName":"GetAllExceptionTest","ExecutorUri":"executor://NUnit3TestExecutor","Source":"C:\\Users\\rohit.laishram.PYRAMIDINDIA\\Documents\\celsior_training\\day32\\LifeInsuranceApplication\\LifeInsuranceApplicationTest\\bin\\Debug\\net6.0\\fine-code-coverage\\build-output\\LifeInsuranceApplicationTest.dll","CodeFilePath":null,"LineNumber":0,"Properties":[{"Key":{"Id":"NUnit.Seed","Label":"Seed","Category":"","Description":"","Attributes":0,"ValueType":"System.String"},"Value":"1363985655"}]},"Attachments":[],"Outcome":1,"ErrorMessage":null,"ErrorStackTrace":null,"DisplayName":"GetAllExceptionTest","Messages":[],"ComputerName":"5CD413DKPB","Duration":"00:00:00.0015770","StartTime":"2024-10-24T11:33:31.9246662+00:00","EndTime":"2024-10-24T11:33:31.9262431+00:00","Properties":[{"Key":{"Id":"NUnit.Seed","Label":"Seed","Category":"","Description":"","Attributes":0,"ValueType":"System.String"},"Value":"1363985655"}]},{"TestCase":{"Id":"fdfd8590-1c46-981b-63e5-71bab44febfe","FullyQualifiedName":"LifeInsuranceApplicationTest.PolicyRepositoryTest.TestAddExceptionTest","DisplayName":"TestAddExceptionTest","ExecutorUri":"executor://NUnit3TestExecutor","Source":"C:\\Users\\rohit.laishram.PYRAMIDINDIA\\Documents\\celsior_training\\day32\\LifeInsuranceApplication\\LifeInsuranceApplicationTest\\bin\\Debug\\net6.0\\fine-code-coverage\\build-output\\LifeInsuranceApplicationTest.dll","CodeFilePath":null,"LineNumber":0,"Properties":[{"Key":{"Id":"NUnit.Seed","Label":"Seed","Category":"","Description":"","Attributes":0,"ValueType":"System.String"},"Value":"1429270906"}]},"Attachments":[],"Outcome":1,"ErrorMessage":null,"ErrorStackTrace":null,"DisplayName":"TestAddExceptionTest","Messages":[],"ComputerName":"5CD413DKPB","Duration":"00:00:00.0015200","StartTime":"2024-10-24T11:33:31.9262671+00:00","EndTime":"2024-10-24T11:33:31.9277866+00:00","Properties":[{"Key":{"Id":"NUnit.Seed","Label":"Seed","Category":"","Description":"","Attributes":0,"ValueType":"System.String"},"Value":"1429270906"}]},{"TestCase":{"Id":"05dd6416-b065-a4e7-1b5d-8c058ce130fc","FullyQualifiedName":"LifeInsuranceApplicationTest.PolicyRepositoryTest.TestAddPolicyType","DisplayName":"TestAddPolicyType","ExecutorUri":"executor://NUnit3TestExecutor","Source":"C:\\Users\\rohit.laishram.PYRAMIDINDIA\\Documents\\celsior_training\\day32\\LifeInsuranceApplication\\LifeInsuranceApplicationTest\\bin\\Debug\\net6.0\\fine-code-coverage\\build-output\\LifeInsuranceApplicationTest.dll","CodeFilePath":null,"LineNumber":0,"Properties":[{"Key":{"Id":"NUnit.Seed","Label":"Seed","Category":"","Description":"","Attributes":0,"ValueType":"System.String"},"Value":"1636535387"}]},"Attachments":[],"Outcome":1,"ErrorMessage":null,"ErrorStackTrace":null,"DisplayName":"TestAddPolicyType","Messages":[],"ComputerName":"5CD413DKPB","Duration":"00:00:00.0008710","StartTime":"2024-10-24T11:33:31.9278108+00:00","EndTime":"2024-10-24T11:33:31.928682+00:00","Properties":[{"Key":{"Id":"NUnit.Seed","Label":"Seed","Category":"","Description":"","Attributes":0,"ValueType":"System.String"},"Value":"1636535387"}]},{"TestCase":{"Id":"86dd2492-6965-108c-2e17-04326844724c","FullyQualifiedName":"LifeInsuranceApplicationTest.PolicyRepositoryTest.UpdateClaimTypeExceptionTest","DisplayName":"UpdateClaimTypeExceptionTest","ExecutorUri":"executor://NUnit3TestExecutor","Source":"C:\\Users\\rohit.laishram.PYRAMIDINDIA\\Documents\\celsior_training\\day32\\LifeInsuranceApplication\\LifeInsuranceApplicationTest\\bin\\Debug\\net6.0\\fine-code-coverage\\build-output\\LifeInsuranceApplicationTest.dll","CodeFilePath":null,"LineNumber":0,"Properties":[{"Key":{"Id":"NUnit.Seed","Label":"Seed","Category":"","Description":"","Attributes":0,"ValueType":"System.String"},"Value":"186385917"}]},"Attachments":[],"Outcome":1,"ErrorMessage":null,"ErrorStackTrace":null,"DisplayName":"UpdateClaimTypeExceptionTest","Messages":[],"ComputerName":"5CD413DKPB","Duration":"00:00:00.0013680","StartTime":"2024-10-24T11:33:31.9286962+00:00","EndTime":"2024-10-24T11:33:31.9300634+00:00","Properties":[{"Key":{"Id":"NUnit.Seed","Label":"Seed","Category":"","Description":"","Attributes":0,"ValueType":"System.String"},"Value":"186385917"}]},{"TestCase":{"Id":"29175ec2-b6bb-9354-c2e0-27312adc210c","FullyQualifiedName":"LifeInsuranceApplicationTest.PolicyRepositoryTest.UpdateClaimTypeTest","DisplayName":"UpdateClaimTypeTest","ExecutorUri":"executor://NUnit3TestExecutor","Source":"C:\\Users\\rohit.laishram.PYRAMIDINDIA\\Documents\\celsior_training\\day32\\LifeInsuranceApplication\\LifeInsuranceApplicationTest\\bin\\Debug\\net6.0\\fine-code-coverage\\build-output\\LifeInsuranceApplicationTest.dll","CodeFilePath":null,"LineNumber":0,"Properties":[{"Key":{"Id":"NUnit.Seed","Label":"Seed","Category":"","Description":"","Attributes":0,"ValueType":"System.String"},"Value":"1587198029"}]},"Attachments":[],"Outcome":1,"ErrorMessage":null,"ErrorStackTrace":null,"DisplayName":"UpdateClaimTypeTest","Messages":[],"ComputerName":"5CD413DKPB","Duration":"00:00:00.0010320","StartTime":"2024-10-24T11:33:31.9300784+00:00","EndTime":"2024-10-24T11:33:31.9311098+00:00","Properties":[{"Key":{"Id":"NUnit.Seed","Label":"Seed","Category":"","Description":"","Attributes":0,"ValueType":"System.String"},"Value":"1587198029"}]}],"TestRunStatistics":{"ExecutedTests":36,"Stats":{"Passed":36}},"ActiveTests":[{"Id":"07aba081-441e-f88e-41ad-f0e158375dfd","FullyQualifiedName":"LifeInsuranceApplicationTest.PolicyServiceTest.CreateNewPolicyTest","DisplayName":"CreateNewPolicyTest","ExecutorUri":"executor://NUnit3TestExecutor","Source":"C:\\Users\\rohit.laishram.PYRAMIDINDIA\\Documents\\celsior_training\\day32\\LifeInsuranceApplication\\LifeInsuranceApplicationTest\\bin\\Debug\\net6.0\\fine-code-coverage\\build-output\\LifeInsuranceApplicationTest.dll","CodeFilePath":null,"LineNumber":0,"Properties":[{"Key":{"Id":"NUnit.Seed","Label":"Seed","Category":"","Description":"","Attributes":0,"ValueType":"System.String"},"Value":"1354006461"}]}]}}
TpTrace Verbose: 0 : 33112, 12, 2024/10/24, 17:03:31.953, 7179738413147, vstest.console.dll, TestRunRequest:SendTestRunStatsChange: Starting.
TpTrace Verbose: 0 : 33112, 12, 2024/10/24, 17:03:31.953, 7179738414238, vstest.console.dll, InProgress is CreateNewPolicyTest
TpTrace Verbose: 0 : 33112, 12, 2024/10/24, 17:03:31.953, 7179738414872, vstest.console.dll, MulticastDelegateUtilities.SafeInvoke: TestRun.RunStatsChanged: Invoking callbacks was skipped because there are no subscribers.
TpTrace Information: 0 : 33112, 12, 2024/10/24, 17:03:31.953, 7179738415166, vstest.console.dll, TestRunRequest:SendTestRunStatsChange: Completed.
TpTrace Verbose: 0 : 33112, 12, 2024/10/24, 17:03:31.953, 7179738415527, vstest.console.dll, MulticastDelegateUtilities.SafeInvoke: LengthPrefixCommunicationChannel: MessageReceived: Invoking callback 1/1 for Microsoft.VisualStudio.TestPlatform.CommunicationUtilities.TestRequestSender+<>c__DisplayClass34_0., took 1 ms.
TpTrace Verbose: 0 : 33112, 4, 2024/10/24, 17:03:31.953, 7179738415764, vstest.console.dll, MulticastDelegateUtilities.SafeInvoke: InternalTestLoggerEvents.SendTestResult: Invoking callback 1/1 for Microsoft.VisualStudio.TestPlatform.CommandLine.Internal.ConsoleLogger., took 0 ms.
TpTrace Verbose: 0 : 33112, 12, 2024/10/24, 17:03:31.953, 7179738415840, vstest.console.dll, TcpClientExtensions.MessageLoopAsync: Polling on remoteEndPoint: 127.0.0.1:60006 localEndPoint: 127.0.0.1:60005 after 34 ms
TpTrace Verbose: 0 : 33112, 4, 2024/10/24, 17:03:31.953, 7179738417021, vstest.console.dll, MulticastDelegateUtilities.SafeInvoke: InternalTestLoggerEvents.SendTestResult: Invoking callback 1/1 for Microsoft.VisualStudio.TestPlatform.CommandLine.Internal.ConsoleLogger., took 0 ms.
TpTrace Verbose: 0 : 33112, 4, 2024/10/24, 17:03:31.953, 7179738417871, vstest.console.dll, MulticastDelegateUtilities.SafeInvoke: InternalTestLoggerEvents.SendTestResult: Invoking callback 1/1 for Microsoft.VisualStudio.TestPlatform.CommandLine.Internal.ConsoleLogger., took 0 ms.
TpTrace Verbose: 0 : 33112, 4, 2024/10/24, 17:03:31.953, 7179738418593, vstest.console.dll, MulticastDelegateUtilities.SafeInvoke: InternalTestLoggerEvents.SendTestResult: Invoking callback 1/1 for Microsoft.VisualStudio.TestPlatform.CommandLine.Internal.ConsoleLogger., took 0 ms.
TpTrace Verbose: 0 : 33112, 4, 2024/10/24, 17:03:31.953, 7179738419272, vstest.console.dll, MulticastDelegateUtilities.SafeInvoke: InternalTestLoggerEvents.SendTestResult: Invoking callback 1/1 for Microsoft.VisualStudio.TestPlatform.CommandLine.Internal.ConsoleLogger., took 0 ms.
TpTrace Verbose: 0 : 33112, 4, 2024/10/24, 17:03:31.953, 7179738420507, vstest.console.dll, MulticastDelegateUtilities.SafeInvoke: InternalTestLoggerEvents.SendTestResult: Invoking callback 1/1 for Microsoft.VisualStudio.TestPlatform.CommandLine.Internal.ConsoleLogger., took 0 ms.
TpTrace Verbose: 0 : 33112, 4, 2024/10/24, 17:03:31.953, 7179738421425, vstest.console.dll, MulticastDelegateUtilities.SafeInvoke: InternalTestLoggerEvents.SendTestResult: Invoking callback 1/1 for Microsoft.VisualStudio.TestPlatform.CommandLine.Internal.ConsoleLogger., took 0 ms.
TpTrace Verbose: 0 : 33112, 4, 2024/10/24, 17:03:31.954, 7179738422726, vstest.console.dll, MulticastDelegateUtilities.SafeInvoke: InternalTestLoggerEvents.SendTestResult: Invoking callback 1/1 for Microsoft.VisualStudio.TestPlatform.CommandLine.Internal.ConsoleLogger., took 0 ms.
TpTrace Verbose: 0 : 33112, 4, 2024/10/24, 17:03:31.954, 7179738423644, vstest.console.dll, MulticastDelegateUtilities.SafeInvoke: InternalTestLoggerEvents.SendTestResult: Invoking callback 1/1 for Microsoft.VisualStudio.TestPlatform.CommandLine.Internal.ConsoleLogger., took 0 ms.
TpTrace Verbose: 0 : 33112, 12, 2024/10/24, 17:03:31.968, 7179738567891, vstest.console.dll, TcpClientExtensions.MessageLoopAsync: NotifyDataAvailable remoteEndPoint: 127.0.0.1:60006 localEndPoint: 127.0.0.1:60005
TpTrace Verbose: 0 : 33112, 12, 2024/10/24, 17:03:31.968, 7179738569747, vstest.console.dll, TestRequestSender.OnExecutionMessageReceived: Received message: {"Version":7,"MessageType":"TestSession.Message","Payload":{"MessageLevel":0,"Message":"NUnit Adapter 4.4.0.0: Test execution complete"}}
TpTrace Verbose: 0 : 33112, 12, 2024/10/24, 17:03:31.968, 7179738571364, vstest.console.dll, TestRunRequest:SendTestRunMessage: Starting.
TpTrace Verbose: 0 : 33112, 12, 2024/10/24, 17:03:31.968, 7179738572367, vstest.console.dll, MulticastDelegateUtilities.SafeInvoke: TestRun.LogMessages: Invoking callback 1/1 for Microsoft.VisualStudio.TestPlatform.CommandLine.TestRunResultAggregator., took 0 ms.
TpTrace Information: 0 : 33112, 12, 2024/10/24, 17:03:31.969, 7179738572846, vstest.console.dll, TestRunRequest:SendTestRunMessage: Completed.
TpTrace Verbose: 0 : 33112, 4, 2024/10/24, 17:03:31.969, 7179738573040, vstest.console.dll, MulticastDelegateUtilities.SafeInvoke: InternalTestLoggerEvents.SendTestRunMessage: Invoking callback 1/1 for Microsoft.VisualStudio.TestPlatform.CommandLine.Internal.ConsoleLogger., took 0 ms.
TpTrace Verbose: 0 : 33112, 12, 2024/10/24, 17:03:31.969, 7179738573328, vstest.console.dll, MulticastDelegateUtilities.SafeInvoke: LengthPrefixCommunicationChannel: MessageReceived: Invoking callback 1/1 for Microsoft.VisualStudio.TestPlatform.CommunicationUtilities.TestRequestSender+<>c__DisplayClass34_0., took 0 ms.
TpTrace Verbose: 0 : 33112, 12, 2024/10/24, 17:03:31.969, 7179738575380, vstest.console.dll, TcpClientExtensions.MessageLoopAsync: Polling on remoteEndPoint: 127.0.0.1:60006 localEndPoint: 127.0.0.1:60005 after 15 ms
TpTrace Verbose: 0 : 33112, 12, 2024/10/24, 17:03:31.984, 7179738724596, vstest.console.dll, TcpClientExtensions.MessageLoopAsync: NotifyDataAvailable remoteEndPoint: 127.0.0.1:60006 localEndPoint: 127.0.0.1:60005
TpTrace Verbose: 0 : 33112, 12, 2024/10/24, 17:03:31.984, 7179738728549, vstest.console.dll, TestRequestSender.OnExecutionMessageReceived: Received message: {"Version":7,"MessageType":"TestExecution.Completed","Payload":{"TestRunCompleteArgs":{"TestRunStatistics":{"ExecutedTests":40,"Stats":{"Passed":40}},"IsCanceled":false,"IsAborted":false,"Error":null,"AttachmentSets":[],"InvokedDataCollectors":[],"ElapsedTimeInRunningTests":"00:00:01.4127968","Metrics":{},"DiscoveredExtensions":{"TestDiscoverers":["NUnit.VisualStudio.TestAdapter.NUnit3TestDiscoverer, NUnit3.TestAdapter, Version=4.4.0.0, Culture=neutral, PublicKeyToken=4cb40d35494691ac"],"TestExecutors":["executor://NUnit3TestExecutor"],"TestExecutors2":[],"TestSettingsProviders":[]}},"LastRunTests":{"NewTestResults":[{"TestCase":{"Id":"07aba081-441e-f88e-41ad-f0e158375dfd","FullyQualifiedName":"LifeInsuranceApplicationTest.PolicyServiceTest.CreateNewPolicyTest","DisplayName":"CreateNewPolicyTest","ExecutorUri":"executor://NUnit3TestExecutor","Source":"C:\\Users\\rohit.laishram.PYRAMIDINDIA\\Documents\\celsior_training\\day32\\LifeInsuranceApplication\\LifeInsuranceApplicationTest\\bin\\Debug\\net6.0\\fine-code-coverage\\build-output\\LifeInsuranceApplicationTest.dll","CodeFilePath":null,"LineNumber":0,"Properties":[{"Key":{"Id":"NUnit.Seed","Label":"Seed","Category":"","Description":"","Attributes":0,"ValueType":"System.String"},"Value":"1354006461"}]},"Attachments":[],"Outcome":1,"ErrorMessage":null,"ErrorStackTrace":null,"DisplayName":"CreateNewPolicyTest","Messages":[],"ComputerName":"5CD413DKPB","Duration":"00:00:00.0034490","StartTime":"2024-10-24T11:33:31.9312157+00:00","EndTime":"2024-10-24T11:33:31.9346648+00:00","Properties":[{"Key":{"Id":"NUnit.Seed","Label":"Seed","Category":"","Description":"","Attributes":0,"ValueType":"System.String"},"Value":"1354006461"}]},{"TestCase":{"Id":"33b80e0a-3773-6cb4-25d3-59119dfa4bca","FullyQualifiedName":"LifeInsuranceApplicationTest.PolicyServiceTest.ExceptionTest","DisplayName":"ExceptionTest","ExecutorUri":"executor://NUnit3TestExecutor","Source":"C:\\Users\\rohit.laishram.PYRAMIDINDIA\\Documents\\celsior_training\\day32\\LifeInsuranceApplication\\LifeInsuranceApplicationTest\\bin\\Debug\\net6.0\\fine-code-coverage\\build-output\\LifeInsuranceApplicationTest.dll","CodeFilePath":null,"LineNumber":0,"Properties":[{"Key":{"Id":"NUnit.Seed","Label":"Seed","Category":"","Description":"","Attributes":0,"ValueType":"System.String"},"Value":"1211480020"}]},"Attachments":[],"Outcome":1,"ErrorMessage":null,"ErrorStackTrace":null,"DisplayName":"ExceptionTest","Messages":[],"ComputerName":"5CD413DKPB","Duration":"00:00:00.0023190","StartTime":"2024-10-24T11:33:31.934687+00:00","EndTime":"2024-10-24T11:33:31.9370049+00:00","Properties":[{"Key":{"Id":"NUnit.Seed","Label":"Seed","Category":"","Description":"","Attributes":0,"ValueType":"System.String"},"Value":"1211480020"}]},{"TestCase":{"Id":"d76ee3c9-9476-f508-d77c-38566836c5bb","FullyQualifiedName":"LifeInsuranceApplicationTest.PolicyServiceTest.ExceptionTestDeletePolicy","DisplayName":"ExceptionTestDeletePolicy","ExecutorUri":"executor://NUnit3TestExecutor","Source":"C:\\Users\\rohit.laishram.PYRAMIDINDIA\\Documents\\celsior_training\\day32\\LifeInsuranceApplication\\LifeInsuranceApplicationTest\\bin\\Debug\\net6.0\\fine-code-coverage\\build-output\\LifeInsuranceApplicationTest.dll","CodeFilePath":null,"LineNumber":0,"Properties":[{"Key":{"Id":"NUnit.Seed","Label":"Seed","Category":"","Description":"","Attributes":0,"ValueType":"System.String"},"Value":"1812368640"}]},"Attachments":[],"Outcome":1,"ErrorMessage":null,"ErrorStackTrace":null,"DisplayName":"ExceptionTestDeletePolicy","Messages":[],"ComputerName":"5CD413DKPB","Duration":"00:00:00.0015290","StartTime":"2024-10-24T11:33:31.9370284+00:00","EndTime":"2024-10-24T11:33:31.9385575+00:00","Properties":[{"Key":{"Id":"NUnit.Seed","Label":"Seed","Category":"","Description":"","Attributes":0,"ValueType":"System.String"},"Value":"1812368640"}]},{"TestCase":{"Id":"a96e27ac-f2e1-5919-159b-a4f7c3d69462","FullyQualifiedName":"LifeInsuranceApplicationTest.PolicyServiceTest.TestDeletePolicy","DisplayName":"TestDeletePolicy","ExecutorUri":"executor://NUnit3TestExecutor","Source":"C:\\Users\\rohit.laishram.PYRAMIDINDIA\\Documents\\celsior_training\\day32\\LifeInsuranceApplication\\LifeInsuranceApplicationTest\\bin\\Debug\\net6.0\\fine-code-coverage\\build-output\\LifeInsuranceApplicationTest.dll","CodeFilePath":null,"LineNumber":0,"Properties":[{"Key":{"Id":"NUnit.Seed","Label":"Seed","Category":"","Description":"","Attributes":0,"ValueType":"System.String"},"Value":"2097733945"}]},"Attachments":[],"Outcome":1,"ErrorMessage":null,"ErrorStackTrace":null,"DisplayName":"TestDeletePolicy","Messages":[],"ComputerName":"5CD413DKPB","Duration":"00:00:00.0037310","StartTime":"2024-10-24T11:33:31.9385775+00:00","EndTime":"2024-10-24T11:33:31.9423084+00:00","Properties":[{"Key":{"Id":"NUnit.Seed","Label":"Seed","Category":"","Description":"","Attributes":0,"ValueType":"System.String"},"Value":"2097733945"}]}],"TestRunStatistics":{"ExecutedTests":40,"Stats":{"Passed":40}},"ActiveTests":[]},"RunAttachments":[],"ExecutorUris":["executor://nunit3testexecutor/"]}}
TpTrace Verbose: 0 : 33112, 12, 2024/10/24, 17:03:31.984, 7179738731414, vstest.console.dll, TestRequestSender.EndSession: Sending end session.
TpTrace Verbose: 0 : 33112, 12, 2024/10/24, 17:03:31.985, 7179738733150, vstest.console.dll, ProxyOperationManager.Close: waiting for test host to exit for 100 ms
TpTrace Verbose: 0 : 33112, 11, 2024/10/24, 17:03:32.002, 7179738912398, vstest.console.dll, TestHostManagerCallbacks.StandardOutputReceivedCallback Test host standard output line: 
TpTrace Warning: 0 : 33112, 7, 2024/10/24, 17:03:32.003, 7179738912502, vstest.console.dll, TestHostManagerCallbacks.ErrorReceivedCallback Test host standard error line: 
TpTrace Verbose: 0 : 33112, 11, 2024/10/24, 17:03:32.015, 7179739038501, vstest.console.dll, TestHostProvider.ExitCallBack: Host exited starting callback.
TpTrace Information: 0 : 33112, 11, 2024/10/24, 17:03:32.015, 7179739040656, vstest.console.dll, TestHostManagerCallbacks.ExitCallBack: Testhost processId: 20032 exited with exitcode: 0 error: ''
TpTrace Verbose: 0 : 33112, 11, 2024/10/24, 17:03:32.015, 7179739041420, vstest.console.dll, DotnetTestHostManager.OnHostExited: invoking OnHostExited callback
TpTrace Verbose: 0 : 33112, 11, 2024/10/24, 17:03:32.015, 7179739042250, vstest.console.dll, CrossPlatEngine.TestHostManagerHostExited: calling on client process exit callback.
TpTrace Information: 0 : 33112, 11, 2024/10/24, 17:03:32.016, 7179739043215, vstest.console.dll, TestRequestSender.OnClientProcessExit: Test host process exited. Standard error: 
TpTrace Information: 0 : 33112, 12, 2024/10/24, 17:03:32.016, 7179739043533, vstest.console.dll, SocketServer.Stop: Stop server endPoint: 127.0.0.1:60005
TpTrace Information: 0 : 33112, 11, 2024/10/24, 17:03:32.016, 7179739043981, vstest.console.dll, SocketServer.Stop: Stop server endPoint: 127.0.0.1:60005
TpTrace Information: 0 : 33112, 12, 2024/10/24, 17:03:32.016, 7179739044660, vstest.console.dll, SocketServer.Stop: Cancellation requested. Stopping message loop.
TpTrace Information: 0 : 33112, 11, 2024/10/24, 17:03:32.016, 7179739045810, vstest.console.dll, SocketServer.Stop: Cancellation requested. Stopping message loop.
TpTrace Verbose: 0 : 33112, 11, 2024/10/24, 17:03:32.016, 7179739047646, vstest.console.dll, MulticastDelegateUtilities.SafeInvoke: HostProviderEvents.OnHostExited: Invoking callback 1/1 for Microsoft.VisualStudio.TestPlatform.CrossPlatEngine.Client.ProxyOperationManager., took 0 ms.
TpTrace Information: 0 : 33112, 12, 2024/10/24, 17:03:32.016, 7179739047882, vstest.console.dll, Closing the connection
TpTrace Verbose: 0 : 33112, 12, 2024/10/24, 17:03:32.016, 7179739052052, vstest.console.dll, ProxyDataCollectionManager.InvokeDataCollectionServiceAction: Starting.
TpTrace Information: 0 : 33112, 12, 2024/10/24, 17:03:32.017, 7179739053067, vstest.console.dll, ProxyDataCollectionManager.AfterTestRunEnd: Get attachment set and invoked data collectors processId: 21728 port: 60002
TpTrace Verbose: 0 : 33112, 12, 2024/10/24, 17:03:32.017, 7179739053878, vstest.console.dll, DataCollectionRequestSender.SendAfterTestRunStartAndGetResult: Send AfterTestRunEnd message with isCancelled: False
TpTrace Verbose: 0 : 33112, 12, 2024/10/24, 17:03:32.023, 7179739115683, vstest.console.dll, DataCollectionRequestSender.SendAfterTestRunStartAndGetResult: Received message: (DataCollection.AfterTestRunEndResult) -> {"MessageType":"DataCollection.AfterTestRunEndResult","Payload":{"AttachmentSets":[],"InvokedDataCollectors":[{"Uri":"datacollector://Microsoft/TestPlatform/Extensions/Blame/v1","FriendlyName":"Blame","AssemblyQualifiedName":"Microsoft.TestPlatform.Extensions.BlameDataCollector.BlameCollector, Microsoft.TestPlatform.Extensions.BlameDataCollector, Version=15.0.0.0, Culture=neutral, PublicKeyToken=b03f5f7f11d50a3a","FilePath":"C:\\Program Files\\dotnet\\sdk\\8.0.403\\Extensions\\Microsoft.TestPlatform.Extensions.BlameDataCollector.dll","HasAttachmentProcessor":false}],"Metrics":{}}}
TpTrace Warning: 0 : 33112, 10, 2024/10/24, 17:03:32.029, 7179739174672, vstest.console.dll, DataCollectionLauncher.ErrorReceivedCallback datacollector standard error line: 
TpTrace Information: 0 : 33112, 12, 2024/10/24, 17:03:32.030, 7179739190813, vstest.console.dll, ProxyDataCollectionManager.InvokeDataCollectionServiceAction: Completed.
TpTrace Information: 0 : 33112, 10, 2024/10/24, 17:03:32.036, 7179739247407, vstest.console.dll, DataCollectionLauncher.ExitCallBack: Data collector exited with exitcode: 0 error: ''
TpTrace Verbose: 0 : 33112, 12, 2024/10/24, 17:03:32.062, 7179739504508, vstest.console.dll, TestRunRequest:SendTestRunStatsChange: Starting.
TpTrace Verbose: 0 : 33112, 12, 2024/10/24, 17:03:32.062, 7179739506138, vstest.console.dll, MulticastDelegateUtilities.SafeInvoke: TestRun.RunStatsChanged: Invoking callbacks was skipped because there are no subscribers.
TpTrace Information: 0 : 33112, 12, 2024/10/24, 17:03:32.062, 7179739506498, vstest.console.dll, TestRunRequest:SendTestRunStatsChange: Completed.
TpTrace Verbose: 0 : 33112, 4, 2024/10/24, 17:03:32.062, 7179739506942, vstest.console.dll, MulticastDelegateUtilities.SafeInvoke: InternalTestLoggerEvents.SendTestResult: Invoking callback 1/1 for Microsoft.VisualStudio.TestPlatform.CommandLine.Internal.ConsoleLogger., took 0 ms.
TpTrace Verbose: 0 : 33112, 4, 2024/10/24, 17:03:32.062, 7179739508211, vstest.console.dll, MulticastDelegateUtilities.SafeInvoke: InternalTestLoggerEvents.SendTestResult: Invoking callback 1/1 for Microsoft.VisualStudio.TestPlatform.CommandLine.Internal.ConsoleLogger., took 0 ms.
TpTrace Verbose: 0 : 33112, 4, 2024/10/24, 17:03:32.062, 7179739509113, vstest.console.dll, MulticastDelegateUtilities.SafeInvoke: InternalTestLoggerEvents.SendTestResult: Invoking callback 1/1 for Microsoft.VisualStudio.TestPlatform.CommandLine.Internal.ConsoleLogger., took 0 ms.
TpTrace Verbose: 0 : 33112, 12, 2024/10/24, 17:03:32.062, 7179739509471, vstest.console.dll, ParallelProxyExecutionManager: HandlePartialRunComplete: Total workloads = 1, Total started clients = 1 Total completed clients = 1, Run complete = True, Run canceled: False.
TpTrace Verbose: 0 : 33112, 4, 2024/10/24, 17:03:32.062, 7179739509937, vstest.console.dll, MulticastDelegateUtilities.SafeInvoke: InternalTestLoggerEvents.SendTestResult: Invoking callback 1/1 for Microsoft.VisualStudio.TestPlatform.CommandLine.Internal.ConsoleLogger., took 0 ms.
TpTrace Verbose: 0 : 33112, 12, 2024/10/24, 17:03:32.062, 7179739510126, vstest.console.dll, ParallelProxyExecutionManager: HandlePartialRunComplete: All runs completed stopping all managers.
TpTrace Verbose: 0 : 33112, 12, 2024/10/24, 17:03:32.062, 7179739511524, vstest.console.dll, ParallelOperationManager.StopAllManagers: Stopping all managers.
TpTrace Verbose: 0 : 33112, 12, 2024/10/24, 17:03:32.062, 7179739512022, vstest.console.dll, ParallelOperationManager.ClearSlots: Clearing all slots. Slots should accept more work: False
TpTrace Verbose: 0 : 33112, 12, 2024/10/24, 17:03:32.063, 7179739512495, vstest.console.dll, ParallelOperationManager.SetOccupiedSlotCount: Setting slot counts AvailableSlotCount = 1, OccupiedSlotCount = 0.
TpTrace Verbose: 0 : 33112, 12, 2024/10/24, 17:03:32.063, 7179739513004, vstest.console.dll, Occupied slots:

TpTrace Verbose: 0 : 33112, 4, 2024/10/24, 17:03:32.069, 7179739574579, vstest.console.dll, MulticastDelegateUtilities.SafeInvoke: InternalTestLoggerEvents.SendTestRunComplete: Invoking callback 1/2 for Microsoft.TestPlatform.Extensions.BlameDataCollector.BlameLogger., took 0 ms.
TpTrace Verbose: 0 : 33112, 4, 2024/10/24, 17:03:32.074, 7179739628827, vstest.console.dll, MulticastDelegateUtilities.SafeInvoke: InternalTestLoggerEvents.SendTestRunComplete: Invoking callback 2/2 for Microsoft.VisualStudio.TestPlatform.CommandLine.Internal.ConsoleLogger., took 5 ms.
TpTrace Verbose: 0 : 33112, 12, 2024/10/24, 17:03:32.075, 7179739633794, vstest.console.dll, TestRunRequest:TestRunComplete: Starting. IsAborted:False IsCanceled:False.
TpTrace Verbose: 0 : 33112, 12, 2024/10/24, 17:03:32.075, 7179739637262, vstest.console.dll, ParallelOperationManager.DoActionOnAllManagers: Calling an action on all managers.
TpTrace Verbose: 0 : 33112, 12, 2024/10/24, 17:03:32.076, 7179739647713, vstest.console.dll, TestLoggerManager.HandleTestRunComplete: Ignoring as the object is disposed.
TpTrace Verbose: 0 : 33112, 12, 2024/10/24, 17:03:32.076, 7179739650546, vstest.console.dll, MulticastDelegateUtilities.SafeInvoke: TestRun.TestRunComplete: Invoking callback 1/2 for Microsoft.VisualStudio.TestPlatform.CommandLine.TestRunResultAggregator., took 0 ms.
TpTrace Verbose: 0 : 33112, 12, 2024/10/24, 17:03:32.076, 7179739652111, vstest.console.dll, MulticastDelegateUtilities.SafeInvoke: TestRun.TestRunComplete: Invoking callback 2/2 for Microsoft.VisualStudio.TestPlatform.CommandLine.Processors.RunTestsArgumentExecutor+TestRunRequestEventsRegistrar., took 0 ms.
TpTrace Information: 0 : 33112, 12, 2024/10/24, 17:03:32.077, 7179739653148, vstest.console.dll, TestRunRequest:TestRunComplete: Completed.
TpTrace Verbose: 0 : 33112, 12, 2024/10/24, 17:03:32.077, 7179739653568, vstest.console.dll, TestRequestSender.SetOperationComplete: Setting operation complete.
TpTrace Information: 0 : 33112, 12, 2024/10/24, 17:03:32.077, 7179739653894, vstest.console.dll, SocketServer.Stop: Stop server endPoint: 127.0.0.1:60005
TpTrace Verbose: 0 : 33112, 1, 2024/10/24, 17:03:32.077, 7179739653585, vstest.console.dll, TestRunRequest.Dispose: Starting.
TpTrace Information: 0 : 33112, 12, 2024/10/24, 17:03:32.077, 7179739654204, vstest.console.dll, SocketServer.Stop: Cancellation requested. Stopping message loop.
TpTrace Information: 0 : 33112, 1, 2024/10/24, 17:03:32.077, 7179739655280, vstest.console.dll, TestRunRequest.Dispose: Completed.
TpTrace Verbose: 0 : 33112, 12, 2024/10/24, 17:03:32.077, 7179739655931, vstest.console.dll, MulticastDelegateUtilities.SafeInvoke: LengthPrefixCommunicationChannel: MessageReceived: Invoking callback 1/1 for Microsoft.VisualStudio.TestPlatform.CommunicationUtilities.TestRequestSender+<>c__DisplayClass34_0., took 92 ms.
TpTrace Information: 0 : 33112, 12, 2024/10/24, 17:03:32.077, 7179739656684, vstest.console.dll, SocketServer.PrivateStop: Stopping server endPoint: 127.0.0.1:60005 error: 
TpTrace Information: 0 : 33112, 1, 2024/10/24, 17:03:32.077, 7179739656861, vstest.console.dll, TestRequestManager.RunTests: run tests completed.
TpTrace Information: 0 : 33112, 1, 2024/10/24, 17:03:32.077, 7179739658398, vstest.console.dll, RunTestsArgumentProcessor:Execute: Test run is completed.
TpTrace Verbose: 0 : 33112, 12, 2024/10/24, 17:03:32.077, 7179739660608, vstest.console.dll, LengthPrefixCommunicationChannel.Dispose: Dispose reader and writer.
TpTrace Information: 0 : 33112, 12, 2024/10/24, 17:03:32.077, 7179739661358, vstest.console.dll, SocketServer.Stop: Raise disconnected event endPoint: 127.0.0.1:60005 error: 
TpTrace Verbose: 0 : 33112, 1, 2024/10/24, 17:03:32.077, 7179739661376, vstest.console.dll, Executor.Execute: Exiting with exit code of 0
TpTrace Verbose: 0 : 33112, 12, 2024/10/24, 17:03:32.077, 7179739662372, vstest.console.dll, TestRequestSender: OnTestRunAbort: Operation is already complete. Skip error message.
TpTrace Verbose: 0 : 33112, 12, 2024/10/24, 17:03:32.078, 7179739662875, vstest.console.dll, MulticastDelegateUtilities.SafeInvoke: SocketServer: ClientDisconnected: Invoking callback 1/1 for Microsoft.VisualStudio.TestPlatform.CommunicationUtilities.TestRequestSender., took 0 ms.
TpTrace Verbose: 0 : 33112, 12, 2024/10/24, 17:03:32.078, 7179739663144, vstest.console.dll, TcpClientExtensions.MessageLoopAsync: exiting MessageLoopAsync remoteEndPoint: 127.0.0.1:60006 localEndPoint: 127.0.0.1:60005
