<?xml version="1.0" encoding="utf-8"?>
<coverage line-rate="0.9606" branch-rate="0.8887999999999999" version="1.9" timestamp="1729831281" lines-covered="1320" lines-valid="1374" branches-covered="16" branches-valid="18">
  <sources>
    <source>C:\Users\rohit.laishram.PYRAMIDINDIA\</source>
  </sources>
  <packages>
    <package name="LifeInsuranceApplication" line-rate="0.8902" branch-rate="0.8887999999999999" complexity="104">
      <classes>
        <class name="LifeInsuranceApplication.Program" filename="Documents\celsior_training\day32\LifeInsuranceApplication\LifeInsuranceApplication\Program.cs" line-rate="0" branch-rate="0" complexity="2">
          <methods>
            <method name="Main" signature="(System.String[])" line-rate="0" branch-rate="0" complexity="2">
              <lines>
                <line number="14" hits="0" branch="False" />
                <line number="15" hits="0" branch="False" />
                <line number="20" hits="0" branch="False" />
                <line number="21" hits="0" branch="False" />
                <line number="22" hits="0" branch="False" />
                <line number="23" hits="0" branch="False" />
                <line number="27" hits="0" branch="False" />
                <line number="28" hits="0" branch="False" />
                <line number="29" hits="0" branch="False" />
                <line number="33" hits="0" branch="False" />
                <line number="34" hits="0" branch="False" />
                <line number="39" hits="0" branch="False" />
                <line number="40" hits="0" branch="False" />
                <line number="41" hits="0" branch="False" />
                <line number="44" hits="0" branch="False" />
                <line number="47" hits="0" branch="False" />
                <line number="48" hits="0" branch="False" />
                <line number="49" hits="0" branch="False" />
                <line number="50" hits="0" branch="False" />
                <line number="51" hits="0" branch="False" />
                <line number="52" hits="0" branch="False" />
                <line number="53" hits="0" branch="False" />
                <line number="54" hits="0" branch="False" />
                <line number="57" hits="0" branch="False" />
                <line number="59" hits="0" branch="False" />
                <line number="60" hits="0" branch="False" />
                <line number="62" hits="0" branch="False" />
                <line number="65" hits="0" branch="True" condition-coverage="0% (0/2)">
                  <conditions>
                    <condition number="370" type="jump" coverage="0%" />
                  </conditions>
                </line>
                <line number="66" hits="0" branch="False" />
                <line number="67" hits="0" branch="False" />
                <line number="68" hits="0" branch="False" />
                <line number="69" hits="0" branch="False" />
                <line number="71" hits="0" branch="False" />
                <line number="74" hits="0" branch="False" />
                <line number="76" hits="0" branch="False" />
                <line number="77" hits="0" branch="False" />
              </lines>
            </method>
          </methods>
          <lines>
            <line number="14" hits="0" branch="False" />
            <line number="15" hits="0" branch="False" />
            <line number="20" hits="0" branch="False" />
            <line number="21" hits="0" branch="False" />
            <line number="22" hits="0" branch="False" />
            <line number="23" hits="0" branch="False" />
            <line number="27" hits="0" branch="False" />
            <line number="28" hits="0" branch="False" />
            <line number="29" hits="0" branch="False" />
            <line number="33" hits="0" branch="False" />
            <line number="34" hits="0" branch="False" />
            <line number="39" hits="0" branch="False" />
            <line number="40" hits="0" branch="False" />
            <line number="41" hits="0" branch="False" />
            <line number="44" hits="0" branch="False" />
            <line number="47" hits="0" branch="False" />
            <line number="48" hits="0" branch="False" />
            <line number="49" hits="0" branch="False" />
            <line number="50" hits="0" branch="False" />
            <line number="51" hits="0" branch="False" />
            <line number="52" hits="0" branch="False" />
            <line number="53" hits="0" branch="False" />
            <line number="54" hits="0" branch="False" />
            <line number="57" hits="0" branch="False" />
            <line number="59" hits="0" branch="False" />
            <line number="60" hits="0" branch="False" />
            <line number="62" hits="0" branch="False" />
            <line number="65" hits="0" branch="True" condition-coverage="0% (0/2)">
              <conditions>
                <condition number="370" type="jump" coverage="0%" />
              </conditions>
            </line>
            <line number="66" hits="0" branch="False" />
            <line number="67" hits="0" branch="False" />
            <line number="68" hits="0" branch="False" />
            <line number="69" hits="0" branch="False" />
            <line number="71" hits="0" branch="False" />
            <line number="74" hits="0" branch="False" />
            <line number="76" hits="0" branch="False" />
            <line number="77" hits="0" branch="False" />
          </lines>
        </class>
        <class name="LifeInsuranceApplication.Services.ClaimService" filename="Documents\celsior_training\day32\LifeInsuranceApplication\LifeInsuranceApplication\Services\ClaimService.cs" line-rate="1" branch-rate="1" complexity="1">
          <methods>
            <method name=".ctor" signature="(LifeInsuranceApplication.Interface.IRepository`2&lt;System.Int32,LifeInsuranceApplication.Models.Claim&gt;,System.String,AutoMapper.IMapper)" line-rate="1" branch-rate="1" complexity="1">
              <lines>
                <line number="14" hits="8" branch="False" />
                <line number="15" hits="8" branch="False" />
                <line number="16" hits="8" branch="False" />
                <line number="17" hits="8" branch="False" />
                <line number="18" hits="8" branch="False" />
                <line number="19" hits="8" branch="False" />
                <line number="20" hits="8" branch="False" />
              </lines>
            </method>
          </methods>
          <lines>
            <line number="14" hits="8" branch="False" />
            <line number="15" hits="8" branch="False" />
            <line number="16" hits="8" branch="False" />
            <line number="17" hits="8" branch="False" />
            <line number="18" hits="8" branch="False" />
            <line number="19" hits="8" branch="False" />
            <line number="20" hits="8" branch="False" />
          </lines>
        </class>
        <class name="LifeInsuranceApplication.Services.ClaimService/&lt;GetClaims&gt;d__4" filename="Documents\celsior_training\day32\LifeInsuranceApplication\LifeInsuranceApplication\Services\ClaimService.cs" line-rate="1" branch-rate="1" complexity="1">
          <methods>
            <method name="MoveNext" signature="()" line-rate="1" branch-rate="1" complexity="1">
              <lines>
                <line number="22" hits="4" branch="False" />
                <line number="24" hits="4" branch="False" />
                <line number="25" hits="4" branch="False" />
                <line number="27" hits="2" branch="False" />
                <line number="29" hits="2" branch="False" />
                <line number="30" hits="2" branch="False" />
                <line number="31" hits="2" branch="False" />
                <line number="33" hits="2" branch="False" />
              </lines>
            </method>
          </methods>
          <lines>
            <line number="22" hits="4" branch="False" />
            <line number="24" hits="4" branch="False" />
            <line number="25" hits="4" branch="False" />
            <line number="27" hits="2" branch="False" />
            <line number="29" hits="2" branch="False" />
            <line number="30" hits="2" branch="False" />
            <line number="31" hits="2" branch="False" />
            <line number="33" hits="2" branch="False" />
          </lines>
        </class>
        <class name="LifeInsuranceApplication.Services.ClaimService/&lt;MappingClaim&gt;d__6" filename="Documents\celsior_training\day32\LifeInsuranceApplication\LifeInsuranceApplication\Services\ClaimService.cs" line-rate="1" branch-rate="1" complexity="1">
          <methods>
            <method name="MoveNext" signature="()" line-rate="1" branch-rate="1" complexity="1">
              <lines>
                <line number="51" hits="6" branch="False" />
                <line number="52" hits="6" branch="False" />
                <line number="53" hits="6" branch="False" />
                <line number="54" hits="6" branch="False" />
                <line number="55" hits="6" branch="False" />
                <line number="56" hits="6" branch="False" />
                <line number="57" hits="6" branch="False" />
                <line number="58" hits="6" branch="False" />
                <line number="59" hits="6" branch="False" />
                <line number="60" hits="6" branch="False" />
                <line number="61" hits="6" branch="False" />
                <line number="62" hits="6" branch="False" />
                <line number="63" hits="6" branch="False" />
                <line number="64" hits="6" branch="False" />
                <line number="65" hits="6" branch="False" />
                <line number="66" hits="6" branch="False" />
                <line number="67" hits="6" branch="False" />
                <line number="68" hits="6" branch="False" />
                <line number="69" hits="6" branch="False" />
              </lines>
            </method>
          </methods>
          <lines>
            <line number="51" hits="6" branch="False" />
            <line number="52" hits="6" branch="False" />
            <line number="53" hits="6" branch="False" />
            <line number="54" hits="6" branch="False" />
            <line number="55" hits="6" branch="False" />
            <line number="56" hits="6" branch="False" />
            <line number="57" hits="6" branch="False" />
            <line number="58" hits="6" branch="False" />
            <line number="59" hits="6" branch="False" />
            <line number="60" hits="6" branch="False" />
            <line number="61" hits="6" branch="False" />
            <line number="62" hits="6" branch="False" />
            <line number="63" hits="6" branch="False" />
            <line number="64" hits="6" branch="False" />
            <line number="65" hits="6" branch="False" />
            <line number="66" hits="6" branch="False" />
            <line number="67" hits="6" branch="False" />
            <line number="68" hits="6" branch="False" />
            <line number="69" hits="6" branch="False" />
          </lines>
        </class>
        <class name="LifeInsuranceApplication.Services.ClaimService/&lt;RequestNewClaim&gt;d__5" filename="Documents\celsior_training\day32\LifeInsuranceApplication\LifeInsuranceApplication\Services\ClaimService.cs" line-rate="1" branch-rate="1" complexity="1">
          <methods>
            <method name="MoveNext" signature="()" line-rate="1" branch-rate="1" complexity="1">
              <lines>
                <line number="36" hits="6" branch="False" />
                <line number="38" hits="6" branch="False" />
                <line number="39" hits="6" branch="False" />
                <line number="40" hits="6" branch="False" />
                <line number="41" hits="4" branch="False" />
                <line number="43" hits="2" branch="False" />
                <line number="44" hits="2" branch="False" />
                <line number="45" hits="2" branch="False" />
                <line number="48" hits="4" branch="False" />
              </lines>
            </method>
          </methods>
          <lines>
            <line number="36" hits="6" branch="False" />
            <line number="38" hits="6" branch="False" />
            <line number="39" hits="6" branch="False" />
            <line number="40" hits="6" branch="False" />
            <line number="41" hits="4" branch="False" />
            <line number="43" hits="2" branch="False" />
            <line number="44" hits="2" branch="False" />
            <line number="45" hits="2" branch="False" />
            <line number="48" hits="4" branch="False" />
          </lines>
        </class>
        <class name="LifeInsuranceApplication.Services.ClaimService/&lt;SaveFileAsync&gt;d__7" filename="Documents\celsior_training\day32\LifeInsuranceApplication\LifeInsuranceApplication\Services\ClaimService.cs" line-rate="1" branch-rate="1" complexity="4">
          <methods>
            <method name="MoveNext" signature="()" line-rate="1" branch-rate="1" complexity="4">
              <lines>
                <line number="71" hits="42" branch="False" />
                <line number="72" hits="42" branch="True" condition-coverage="100% (4/4)">
                  <conditions>
                    <condition number="24" type="jump" coverage="100%" />
                    <condition number="46" type="jump" coverage="100%" />
                  </conditions>
                </line>
                <line number="73" hits="19" branch="False" />
                <line number="74" hits="19" branch="False" />
                <line number="77" hits="23" branch="False" />
                <line number="78" hits="23" branch="False" />
                <line number="80" hits="23" branch="False" />
                <line number="81" hits="23" branch="False" />
                <line number="82" hits="23" branch="False" />
                <line number="83" hits="23" branch="False" />
                <line number="85" hits="23" branch="False" />
                <line number="86" hits="42" branch="False" />
              </lines>
            </method>
          </methods>
          <lines>
            <line number="71" hits="42" branch="False" />
            <line number="72" hits="42" branch="True" condition-coverage="100% (4/4)">
              <conditions>
                <condition number="24" type="jump" coverage="100%" />
                <condition number="46" type="jump" coverage="100%" />
              </conditions>
            </line>
            <line number="73" hits="19" branch="False" />
            <line number="74" hits="19" branch="False" />
            <line number="77" hits="23" branch="False" />
            <line number="78" hits="23" branch="False" />
            <line number="80" hits="23" branch="False" />
            <line number="81" hits="23" branch="False" />
            <line number="82" hits="23" branch="False" />
            <line number="83" hits="23" branch="False" />
            <line number="85" hits="23" branch="False" />
            <line number="86" hits="42" branch="False" />
          </lines>
        </class>
        <class name="LifeInsuranceApplication.Services.ClaimTypeService" filename="Documents\celsior_training\day32\LifeInsuranceApplication\LifeInsuranceApplication\Services\ClaimTypeService.cs" line-rate="1" branch-rate="1" complexity="1">
          <methods>
            <method name=".ctor" signature="(LifeInsuranceApplication.Interface.IRepository`2&lt;System.Int32,LifeInsuranceApplication.Models.ClaimType&gt;,AutoMapper.IMapper)" line-rate="1" branch-rate="1" complexity="1">
              <lines>
                <line number="12" hits="19" branch="False" />
                <line number="13" hits="19" branch="False" />
                <line number="14" hits="19" branch="False" />
                <line number="15" hits="19" branch="False" />
                <line number="16" hits="19" branch="False" />
              </lines>
            </method>
          </methods>
          <lines>
            <line number="12" hits="19" branch="False" />
            <line number="13" hits="19" branch="False" />
            <line number="14" hits="19" branch="False" />
            <line number="15" hits="19" branch="False" />
            <line number="16" hits="19" branch="False" />
          </lines>
        </class>
        <class name="LifeInsuranceApplication.Services.ClaimTypeService/&lt;CreateNewClaimType&gt;d__3" filename="Documents\celsior_training\day32\LifeInsuranceApplication\LifeInsuranceApplication\Services\ClaimTypeService.cs" line-rate="1" branch-rate="1" complexity="1">
          <methods>
            <method name="MoveNext" signature="()" line-rate="1" branch-rate="1" complexity="1">
              <lines>
                <line number="19" hits="8" branch="False" />
                <line number="21" hits="8" branch="False" />
                <line number="22" hits="8" branch="False" />
                <line number="23" hits="8" branch="False" />
                <line number="24" hits="6" branch="False" />
                <line number="26" hits="2" branch="False" />
                <line number="27" hits="2" branch="False" />
                <line number="28" hits="2" branch="False" />
                <line number="30" hits="6" branch="False" />
              </lines>
            </method>
          </methods>
          <lines>
            <line number="19" hits="8" branch="False" />
            <line number="21" hits="8" branch="False" />
            <line number="22" hits="8" branch="False" />
            <line number="23" hits="8" branch="False" />
            <line number="24" hits="6" branch="False" />
            <line number="26" hits="2" branch="False" />
            <line number="27" hits="2" branch="False" />
            <line number="28" hits="2" branch="False" />
            <line number="30" hits="6" branch="False" />
          </lines>
        </class>
        <class name="LifeInsuranceApplication.Services.ClaimTypeService/&lt;DeleteClaimsType&gt;d__4" filename="Documents\celsior_training\day32\LifeInsuranceApplication\LifeInsuranceApplication\Services\ClaimTypeService.cs" line-rate="1" branch-rate="1" complexity="1">
          <methods>
            <method name="MoveNext" signature="()" line-rate="1" branch-rate="1" complexity="1">
              <lines>
                <line number="33" hits="2" branch="False" />
                <line number="35" hits="2" branch="False" />
                <line number="36" hits="2" branch="False" />
                <line number="37" hits="1" branch="False" />
                <line number="38" hits="1" branch="False" />
                <line number="41" hits="1" branch="False" />
                <line number="42" hits="1" branch="False" />
                <line number="43" hits="1" branch="False" />
                <line number="45" hits="1" branch="False" />
              </lines>
            </method>
          </methods>
          <lines>
            <line number="33" hits="2" branch="False" />
            <line number="35" hits="2" branch="False" />
            <line number="36" hits="2" branch="False" />
            <line number="37" hits="1" branch="False" />
            <line number="38" hits="1" branch="False" />
            <line number="41" hits="1" branch="False" />
            <line number="42" hits="1" branch="False" />
            <line number="43" hits="1" branch="False" />
            <line number="45" hits="1" branch="False" />
          </lines>
        </class>
        <class name="LifeInsuranceApplication.Services.ClaimTypeService/&lt;GetAllClaims&gt;d__5" filename="Documents\celsior_training\day32\LifeInsuranceApplication\LifeInsuranceApplication\Services\ClaimTypeService.cs" line-rate="1" branch-rate="1" complexity="1">
          <methods>
            <method name="MoveNext" signature="()" line-rate="1" branch-rate="1" complexity="1">
              <lines>
                <line number="48" hits="4" branch="False" />
                <line number="50" hits="4" branch="False" />
                <line number="51" hits="4" branch="False" />
                <line number="52" hits="2" branch="False" />
                <line number="54" hits="2" branch="False" />
                <line number="55" hits="2" branch="False" />
                <line number="57" hits="2" branch="False" />
                <line number="59" hits="2" branch="False" />
              </lines>
            </method>
          </methods>
          <lines>
            <line number="48" hits="4" branch="False" />
            <line number="50" hits="4" branch="False" />
            <line number="51" hits="4" branch="False" />
            <line number="52" hits="2" branch="False" />
            <line number="54" hits="2" branch="False" />
            <line number="55" hits="2" branch="False" />
            <line number="57" hits="2" branch="False" />
            <line number="59" hits="2" branch="False" />
          </lines>
        </class>
        <class name="LifeInsuranceApplication.Services.ClaimTypeService/&lt;GetClaimById&gt;d__6" filename="Documents\celsior_training\day32\LifeInsuranceApplication\LifeInsuranceApplication\Services\ClaimTypeService.cs" line-rate="1" branch-rate="1" complexity="1">
          <methods>
            <method name="MoveNext" signature="()" line-rate="1" branch-rate="1" complexity="1">
              <lines>
                <line number="62" hits="2" branch="False" />
                <line number="64" hits="2" branch="False" />
                <line number="65" hits="2" branch="False" />
                <line number="66" hits="1" branch="False" />
                <line number="67" hits="1" branch="False" />
                <line number="69" hits="1" branch="False" />
                <line number="70" hits="1" branch="False" />
                <line number="72" hits="1" branch="False" />
                <line number="74" hits="1" branch="False" />
              </lines>
            </method>
          </methods>
          <lines>
            <line number="62" hits="2" branch="False" />
            <line number="64" hits="2" branch="False" />
            <line number="65" hits="2" branch="False" />
            <line number="66" hits="1" branch="False" />
            <line number="67" hits="1" branch="False" />
            <line number="69" hits="1" branch="False" />
            <line number="70" hits="1" branch="False" />
            <line number="72" hits="1" branch="False" />
            <line number="74" hits="1" branch="False" />
          </lines>
        </class>
        <class name="LifeInsuranceApplication.Services.PolicyService" filename="Documents\celsior_training\day32\LifeInsuranceApplication\LifeInsuranceApplication\Services\PolicyService.cs" line-rate="1" branch-rate="1" complexity="1">
          <methods>
            <method name=".ctor" signature="(LifeInsuranceApplication.Interface.IRepository`2&lt;System.Int32,LifeInsuranceApplication.Models.Policy&gt;,AutoMapper.IMapper)" line-rate="1" branch-rate="1" complexity="1">
              <lines>
                <line number="12" hits="14" branch="False" />
                <line number="13" hits="14" branch="False" />
                <line number="14" hits="14" branch="False" />
                <line number="15" hits="14" branch="False" />
                <line number="16" hits="14" branch="False" />
              </lines>
            </method>
          </methods>
          <lines>
            <line number="12" hits="14" branch="False" />
            <line number="13" hits="14" branch="False" />
            <line number="14" hits="14" branch="False" />
            <line number="15" hits="14" branch="False" />
            <line number="16" hits="14" branch="False" />
          </lines>
        </class>
        <class name="LifeInsuranceApplication.Services.PolicyService/&lt;CreateNewPolicy&gt;d__3" filename="Documents\celsior_training\day32\LifeInsuranceApplication\LifeInsuranceApplication\Services\PolicyService.cs" line-rate="1" branch-rate="1" complexity="1">
          <methods>
            <method name="MoveNext" signature="()" line-rate="1" branch-rate="1" complexity="1">
              <lines>
                <line number="18" hits="8" branch="False" />
                <line number="20" hits="8" branch="False" />
                <line number="21" hits="8" branch="False" />
                <line number="22" hits="8" branch="False" />
                <line number="24" hits="6" branch="False" />
                <line number="26" hits="2" branch="False" />
                <line number="27" hits="2" branch="False" />
                <line number="28" hits="2" branch="False" />
                <line number="30" hits="6" branch="False" />
              </lines>
            </method>
          </methods>
          <lines>
            <line number="18" hits="8" branch="False" />
            <line number="20" hits="8" branch="False" />
            <line number="21" hits="8" branch="False" />
            <line number="22" hits="8" branch="False" />
            <line number="24" hits="6" branch="False" />
            <line number="26" hits="2" branch="False" />
            <line number="27" hits="2" branch="False" />
            <line number="28" hits="2" branch="False" />
            <line number="30" hits="6" branch="False" />
          </lines>
        </class>
        <class name="LifeInsuranceApplication.Services.PolicyService/&lt;DeletePolicy&gt;d__4" filename="Documents\celsior_training\day32\LifeInsuranceApplication\LifeInsuranceApplication\Services\PolicyService.cs" line-rate="1" branch-rate="1" complexity="1">
          <methods>
            <method name="MoveNext" signature="()" line-rate="1" branch-rate="1" complexity="1">
              <lines>
                <line number="33" hits="2" branch="False" />
                <line number="35" hits="2" branch="False" />
                <line number="36" hits="2" branch="False" />
                <line number="37" hits="1" branch="False" />
                <line number="38" hits="1" branch="False" />
                <line number="40" hits="1" branch="False" />
                <line number="41" hits="1" branch="False" />
                <line number="43" hits="1" branch="False" />
                <line number="45" hits="1" branch="False" />
              </lines>
            </method>
          </methods>
          <lines>
            <line number="33" hits="2" branch="False" />
            <line number="35" hits="2" branch="False" />
            <line number="36" hits="2" branch="False" />
            <line number="37" hits="1" branch="False" />
            <line number="38" hits="1" branch="False" />
            <line number="40" hits="1" branch="False" />
            <line number="41" hits="1" branch="False" />
            <line number="43" hits="1" branch="False" />
            <line number="45" hits="1" branch="False" />
          </lines>
        </class>
        <class name="LifeInsuranceApplication.Services.PolicyService/&lt;GetAllPolicies&gt;d__5" filename="Documents\celsior_training\day32\LifeInsuranceApplication\LifeInsuranceApplication\Services\PolicyService.cs" line-rate="1" branch-rate="1" complexity="1">
          <methods>
            <method name="MoveNext" signature="()" line-rate="1" branch-rate="1" complexity="1">
              <lines>
                <line number="48" hits="4" branch="False" />
                <line number="50" hits="4" branch="False" />
                <line number="51" hits="4" branch="False" />
                <line number="52" hits="2" branch="False" />
                <line number="53" hits="2" branch="False" />
                <line number="55" hits="2" branch="False" />
                <line number="56" hits="2" branch="False" />
                <line number="57" hits="2" branch="False" />
                <line number="60" hits="2" branch="False" />
              </lines>
            </method>
          </methods>
          <lines>
            <line number="48" hits="4" branch="False" />
            <line number="50" hits="4" branch="False" />
            <line number="51" hits="4" branch="False" />
            <line number="52" hits="2" branch="False" />
            <line number="53" hits="2" branch="False" />
            <line number="55" hits="2" branch="False" />
            <line number="56" hits="2" branch="False" />
            <line number="57" hits="2" branch="False" />
            <line number="60" hits="2" branch="False" />
          </lines>
        </class>
        <class name="LifeInsuranceApplication.Services.PolicyService/&lt;GetPolicyById&gt;d__6" filename="Documents\celsior_training\day32\LifeInsuranceApplication\LifeInsuranceApplication\Services\PolicyService.cs" line-rate="1" branch-rate="1" complexity="1">
          <methods>
            <method name="MoveNext" signature="()" line-rate="1" branch-rate="1" complexity="1">
              <lines>
                <line number="63" hits="2" branch="False" />
                <line number="64" hits="2" branch="False" />
                <line number="65" hits="2" branch="False" />
                <line number="66" hits="1" branch="False" />
                <line number="67" hits="1" branch="False" />
                <line number="68" hits="1" branch="False" />
                <line number="69" hits="1" branch="False" />
                <line number="70" hits="1" branch="False" />
                <line number="72" hits="1" branch="False" />
              </lines>
            </method>
          </methods>
          <lines>
            <line number="63" hits="2" branch="False" />
            <line number="64" hits="2" branch="False" />
            <line number="65" hits="2" branch="False" />
            <line number="66" hits="1" branch="False" />
            <line number="67" hits="1" branch="False" />
            <line number="68" hits="1" branch="False" />
            <line number="69" hits="1" branch="False" />
            <line number="70" hits="1" branch="False" />
            <line number="72" hits="1" branch="False" />
          </lines>
        </class>
        <class name="LifeInsuranceApplication.Repositories.ClaimRepository" filename="Documents\celsior_training\day32\LifeInsuranceApplication\LifeInsuranceApplication\Repositories\ClaimRepository.cs" line-rate="1" branch-rate="1" complexity="1">
          <methods>
            <method name=".ctor" signature="(LifeInsuranceApplication.Context.InsuranceContext,Microsoft.Extensions.Logging.ILogger`1&lt;LifeInsuranceApplication.Repositories.ClaimRepository&gt;)" line-rate="1" branch-rate="1" complexity="1">
              <lines>
                <line number="12" hits="16" branch="False" />
                <line number="13" hits="16" branch="False" />
                <line number="14" hits="16" branch="False" />
                <line number="15" hits="16" branch="False" />
                <line number="16" hits="16" branch="False" />
              </lines>
            </method>
          </methods>
          <lines>
            <line number="12" hits="16" branch="False" />
            <line number="13" hits="16" branch="False" />
            <line number="14" hits="16" branch="False" />
            <line number="15" hits="16" branch="False" />
            <line number="16" hits="16" branch="False" />
          </lines>
        </class>
        <class name="LifeInsuranceApplication.Repositories.ClaimRepository/&lt;Create&gt;d__3" filename="Documents\celsior_training\day32\LifeInsuranceApplication\LifeInsuranceApplication\Repositories\ClaimRepository.cs" line-rate="1" branch-rate="1" complexity="1">
          <methods>
            <method name="MoveNext" signature="()" line-rate="1" branch-rate="1" complexity="1">
              <lines>
                <line number="18" hits="11" branch="False" />
                <line number="20" hits="11" branch="False" />
                <line number="21" hits="11" branch="False" />
                <line number="22" hits="11" branch="False" />
                <line number="23" hits="8" branch="False" />
                <line number="25" hits="3" branch="False" />
                <line number="26" hits="3" branch="False" />
                <line number="27" hits="3" branch="False" />
                <line number="28" hits="3" branch="False" />
                <line number="30" hits="8" branch="False" />
              </lines>
            </method>
          </methods>
          <lines>
            <line number="18" hits="11" branch="False" />
            <line number="20" hits="11" branch="False" />
            <line number="21" hits="11" branch="False" />
            <line number="22" hits="11" branch="False" />
            <line number="23" hits="8" branch="False" />
            <line number="25" hits="3" branch="False" />
            <line number="26" hits="3" branch="False" />
            <line number="27" hits="3" branch="False" />
            <line number="28" hits="3" branch="False" />
            <line number="30" hits="8" branch="False" />
          </lines>
        </class>
        <class name="LifeInsuranceApplication.Repositories.ClaimRepository/&lt;Delete&gt;d__4" filename="Documents\celsior_training\day32\LifeInsuranceApplication\LifeInsuranceApplication\Repositories\ClaimRepository.cs" line-rate="1" branch-rate="1" complexity="1">
          <methods>
            <method name="MoveNext" signature="()" line-rate="1" branch-rate="1" complexity="1">
              <lines>
                <line number="33" hits="2" branch="False" />
                <line number="34" hits="2" branch="False" />
                <line number="35" hits="2" branch="False" />
                <line number="36" hits="1" branch="False" />
                <line number="37" hits="1" branch="False" />
                <line number="38" hits="1" branch="False" />
                <line number="39" hits="1" branch="False" />
                <line number="40" hits="1" branch="False" />
                <line number="41" hits="1" branch="False" />
                <line number="43" hits="1" branch="False" />
              </lines>
            </method>
          </methods>
          <lines>
            <line number="33" hits="2" branch="False" />
            <line number="34" hits="2" branch="False" />
            <line number="35" hits="2" branch="False" />
            <line number="36" hits="1" branch="False" />
            <line number="37" hits="1" branch="False" />
            <line number="38" hits="1" branch="False" />
            <line number="39" hits="1" branch="False" />
            <line number="40" hits="1" branch="False" />
            <line number="41" hits="1" branch="False" />
            <line number="43" hits="1" branch="False" />
          </lines>
        </class>
        <class name="LifeInsuranceApplication.Repositories.ClaimRepository/&lt;Get&gt;d__5" filename="Documents\celsior_training\day32\LifeInsuranceApplication\LifeInsuranceApplication\Repositories\ClaimRepository.cs" line-rate="1" branch-rate="1" complexity="2">
          <methods>
            <method name="MoveNext" signature="()" line-rate="1" branch-rate="1" complexity="2">
              <lines>
                <line number="46" hits="4" branch="False" />
                <line number="48" hits="4" branch="False" />
                <line number="49" hits="4" branch="False" />
                <line number="50" hits="4" branch="True" condition-coverage="100% (2/2)">
                  <conditions>
                    <condition number="312" type="jump" coverage="100%" />
                  </conditions>
                </line>
                <line number="51" hits="2" branch="False" />
                <line number="52" hits="2" branch="False" />
                <line number="54" hits="2" branch="False" />
                <line number="56" hits="2" branch="False" />
                <line number="57" hits="2" branch="False" />
                <line number="59" hits="2" branch="False" />
                <line number="61" hits="2" branch="False" />
              </lines>
            </method>
          </methods>
          <lines>
            <line number="46" hits="4" branch="False" />
            <line number="48" hits="4" branch="False" />
            <line number="49" hits="4" branch="False" />
            <line number="50" hits="4" branch="True" condition-coverage="100% (2/2)">
              <conditions>
                <condition number="312" type="jump" coverage="100%" />
              </conditions>
            </line>
            <line number="51" hits="2" branch="False" />
            <line number="52" hits="2" branch="False" />
            <line number="54" hits="2" branch="False" />
            <line number="56" hits="2" branch="False" />
            <line number="57" hits="2" branch="False" />
            <line number="59" hits="2" branch="False" />
            <line number="61" hits="2" branch="False" />
          </lines>
        </class>
        <class name="LifeInsuranceApplication.Repositories.ClaimRepository/&lt;GetAll&gt;d__6" filename="Documents\celsior_training\day32\LifeInsuranceApplication\LifeInsuranceApplication\Repositories\ClaimRepository.cs" line-rate="1" branch-rate="1" complexity="2">
          <methods>
            <method name="MoveNext" signature="()" line-rate="1" branch-rate="1" complexity="2">
              <lines>
                <line number="64" hits="6" branch="False" />
                <line number="66" hits="6" branch="False" />
                <line number="67" hits="6" branch="False" />
                <line number="68" hits="6" branch="True" condition-coverage="100% (2/2)">
                  <conditions>
                    <condition number="187" type="jump" coverage="100%" />
                  </conditions>
                </line>
                <line number="69" hits="3" branch="False" />
                <line number="70" hits="3" branch="False" />
                <line number="72" hits="3" branch="False" />
                <line number="74" hits="3" branch="False" />
                <line number="75" hits="3" branch="False" />
                <line number="76" hits="3" branch="False" />
                <line number="78" hits="3" branch="False" />
              </lines>
            </method>
          </methods>
          <lines>
            <line number="64" hits="6" branch="False" />
            <line number="66" hits="6" branch="False" />
            <line number="67" hits="6" branch="False" />
            <line number="68" hits="6" branch="True" condition-coverage="100% (2/2)">
              <conditions>
                <condition number="187" type="jump" coverage="100%" />
              </conditions>
            </line>
            <line number="69" hits="3" branch="False" />
            <line number="70" hits="3" branch="False" />
            <line number="72" hits="3" branch="False" />
            <line number="74" hits="3" branch="False" />
            <line number="75" hits="3" branch="False" />
            <line number="76" hits="3" branch="False" />
            <line number="78" hits="3" branch="False" />
          </lines>
        </class>
        <class name="LifeInsuranceApplication.Repositories.ClaimRepository/&lt;Update&gt;d__7" filename="Documents\celsior_training\day32\LifeInsuranceApplication\LifeInsuranceApplication\Repositories\ClaimRepository.cs" line-rate="1" branch-rate="1" complexity="1">
          <methods>
            <method name="MoveNext" signature="()" line-rate="1" branch-rate="1" complexity="1">
              <lines>
                <line number="81" hits="2" branch="False" />
                <line number="82" hits="2" branch="False" />
                <line number="84" hits="1" branch="False" />
                <line number="85" hits="1" branch="False" />
                <line number="86" hits="1" branch="False" />
                <line number="87" hits="1" branch="False" />
                <line number="89" hits="1" branch="False" />
              </lines>
            </method>
          </methods>
          <lines>
            <line number="81" hits="2" branch="False" />
            <line number="82" hits="2" branch="False" />
            <line number="84" hits="1" branch="False" />
            <line number="85" hits="1" branch="False" />
            <line number="86" hits="1" branch="False" />
            <line number="87" hits="1" branch="False" />
            <line number="89" hits="1" branch="False" />
          </lines>
        </class>
        <class name="LifeInsuranceApplication.Repositories.ClaimTypeRepository" filename="Documents\celsior_training\day32\LifeInsuranceApplication\LifeInsuranceApplication\Repositories\ClaimTypeRepository.cs" line-rate="1" branch-rate="1" complexity="1">
          <methods>
            <method name=".ctor" signature="(LifeInsuranceApplication.Context.InsuranceContext,Microsoft.Extensions.Logging.ILogger`1&lt;LifeInsuranceApplication.Repositories.ClaimTypeRepository&gt;)" line-rate="1" branch-rate="1" complexity="1">
              <lines>
                <line number="12" hits="20" branch="False" />
                <line number="13" hits="20" branch="False" />
                <line number="14" hits="20" branch="False" />
                <line number="15" hits="20" branch="False" />
                <line number="16" hits="20" branch="False" />
              </lines>
            </method>
          </methods>
          <lines>
            <line number="12" hits="20" branch="False" />
            <line number="13" hits="20" branch="False" />
            <line number="14" hits="20" branch="False" />
            <line number="15" hits="20" branch="False" />
            <line number="16" hits="20" branch="False" />
          </lines>
        </class>
        <class name="LifeInsuranceApplication.Repositories.ClaimTypeRepository/&lt;Create&gt;d__3" filename="Documents\celsior_training\day32\LifeInsuranceApplication\LifeInsuranceApplication\Repositories\ClaimTypeRepository.cs" line-rate="1" branch-rate="1" complexity="1">
          <methods>
            <method name="MoveNext" signature="()" line-rate="1" branch-rate="1" complexity="1">
              <lines>
                <line number="18" hits="14" branch="False" />
                <line number="20" hits="14" branch="False" />
                <line number="21" hits="14" branch="False" />
                <line number="22" hits="14" branch="False" />
                <line number="23" hits="11" branch="False" />
                <line number="25" hits="3" branch="False" />
                <line number="26" hits="3" branch="False" />
                <line number="27" hits="3" branch="False" />
                <line number="28" hits="3" branch="False" />
                <line number="30" hits="11" branch="False" />
              </lines>
            </method>
          </methods>
          <lines>
            <line number="18" hits="14" branch="False" />
            <line number="20" hits="14" branch="False" />
            <line number="21" hits="14" branch="False" />
            <line number="22" hits="14" branch="False" />
            <line number="23" hits="11" branch="False" />
            <line number="25" hits="3" branch="False" />
            <line number="26" hits="3" branch="False" />
            <line number="27" hits="3" branch="False" />
            <line number="28" hits="3" branch="False" />
            <line number="30" hits="11" branch="False" />
          </lines>
        </class>
        <class name="LifeInsuranceApplication.Repositories.ClaimTypeRepository/&lt;Delete&gt;d__4" filename="Documents\celsior_training\day32\LifeInsuranceApplication\LifeInsuranceApplication\Repositories\ClaimTypeRepository.cs" line-rate="1" branch-rate="1" complexity="1">
          <methods>
            <method name="MoveNext" signature="()" line-rate="1" branch-rate="1" complexity="1">
              <lines>
                <line number="33" hits="4" branch="False" />
                <line number="34" hits="4" branch="False" />
                <line number="35" hits="4" branch="False" />
                <line number="36" hits="2" branch="False" />
                <line number="37" hits="2" branch="False" />
                <line number="38" hits="2" branch="False" />
                <line number="39" hits="2" branch="False" />
                <line number="40" hits="2" branch="False" />
                <line number="41" hits="2" branch="False" />
                <line number="43" hits="2" branch="False" />
              </lines>
            </method>
          </methods>
          <lines>
            <line number="33" hits="4" branch="False" />
            <line number="34" hits="4" branch="False" />
            <line number="35" hits="4" branch="False" />
            <line number="36" hits="2" branch="False" />
            <line number="37" hits="2" branch="False" />
            <line number="38" hits="2" branch="False" />
            <line number="39" hits="2" branch="False" />
            <line number="40" hits="2" branch="False" />
            <line number="41" hits="2" branch="False" />
            <line number="43" hits="2" branch="False" />
          </lines>
        </class>
        <class name="LifeInsuranceApplication.Repositories.ClaimTypeRepository/&lt;Get&gt;d__5" filename="Documents\celsior_training\day32\LifeInsuranceApplication\LifeInsuranceApplication\Repositories\ClaimTypeRepository.cs" line-rate="1" branch-rate="1" complexity="2">
          <methods>
            <method name="MoveNext" signature="()" line-rate="1" branch-rate="1" complexity="2">
              <lines>
                <line number="46" hits="8" branch="False" />
                <line number="48" hits="8" branch="False" />
                <line number="49" hits="8" branch="False" />
                <line number="50" hits="8" branch="True" condition-coverage="100% (2/2)">
                  <conditions>
                    <condition number="312" type="jump" coverage="100%" />
                  </conditions>
                </line>
                <line number="51" hits="4" branch="False" />
                <line number="52" hits="4" branch="False" />
                <line number="54" hits="4" branch="False" />
                <line number="56" hits="4" branch="False" />
                <line number="57" hits="4" branch="False" />
                <line number="59" hits="4" branch="False" />
                <line number="61" hits="4" branch="False" />
              </lines>
            </method>
          </methods>
          <lines>
            <line number="46" hits="8" branch="False" />
            <line number="48" hits="8" branch="False" />
            <line number="49" hits="8" branch="False" />
            <line number="50" hits="8" branch="True" condition-coverage="100% (2/2)">
              <conditions>
                <condition number="312" type="jump" coverage="100%" />
              </conditions>
            </line>
            <line number="51" hits="4" branch="False" />
            <line number="52" hits="4" branch="False" />
            <line number="54" hits="4" branch="False" />
            <line number="56" hits="4" branch="False" />
            <line number="57" hits="4" branch="False" />
            <line number="59" hits="4" branch="False" />
            <line number="61" hits="4" branch="False" />
          </lines>
        </class>
        <class name="LifeInsuranceApplication.Repositories.ClaimTypeRepository/&lt;GetAll&gt;d__6" filename="Documents\celsior_training\day32\LifeInsuranceApplication\LifeInsuranceApplication\Repositories\ClaimTypeRepository.cs" line-rate="1" branch-rate="1" complexity="2">
          <methods>
            <method name="MoveNext" signature="()" line-rate="1" branch-rate="1" complexity="2">
              <lines>
                <line number="64" hits="6" branch="False" />
                <line number="66" hits="6" branch="False" />
                <line number="67" hits="6" branch="False" />
                <line number="68" hits="6" branch="True" condition-coverage="100% (2/2)">
                  <conditions>
                    <condition number="187" type="jump" coverage="100%" />
                  </conditions>
                </line>
                <line number="69" hits="3" branch="False" />
                <line number="70" hits="3" branch="False" />
                <line number="72" hits="3" branch="False" />
                <line number="74" hits="3" branch="False" />
                <line number="75" hits="3" branch="False" />
                <line number="76" hits="3" branch="False" />
                <line number="78" hits="3" branch="False" />
              </lines>
            </method>
          </methods>
          <lines>
            <line number="64" hits="6" branch="False" />
            <line number="66" hits="6" branch="False" />
            <line number="67" hits="6" branch="False" />
            <line number="68" hits="6" branch="True" condition-coverage="100% (2/2)">
              <conditions>
                <condition number="187" type="jump" coverage="100%" />
              </conditions>
            </line>
            <line number="69" hits="3" branch="False" />
            <line number="70" hits="3" branch="False" />
            <line number="72" hits="3" branch="False" />
            <line number="74" hits="3" branch="False" />
            <line number="75" hits="3" branch="False" />
            <line number="76" hits="3" branch="False" />
            <line number="78" hits="3" branch="False" />
          </lines>
        </class>
        <class name="LifeInsuranceApplication.Repositories.ClaimTypeRepository/&lt;Update&gt;d__7" filename="Documents\celsior_training\day32\LifeInsuranceApplication\LifeInsuranceApplication\Repositories\ClaimTypeRepository.cs" line-rate="1" branch-rate="1" complexity="1">
          <methods>
            <method name="MoveNext" signature="()" line-rate="1" branch-rate="1" complexity="1">
              <lines>
                <line number="81" hits="2" branch="False" />
                <line number="82" hits="2" branch="False" />
                <line number="85" hits="1" branch="False" />
                <line number="86" hits="1" branch="False" />
                <line number="87" hits="1" branch="False" />
                <line number="90" hits="1" branch="False" />
              </lines>
            </method>
          </methods>
          <lines>
            <line number="81" hits="2" branch="False" />
            <line number="82" hits="2" branch="False" />
            <line number="85" hits="1" branch="False" />
            <line number="86" hits="1" branch="False" />
            <line number="87" hits="1" branch="False" />
            <line number="90" hits="1" branch="False" />
          </lines>
        </class>
        <class name="LifeInsuranceApplication.Repositories.PolicyRepository" filename="Documents\celsior_training\day32\LifeInsuranceApplication\LifeInsuranceApplication\Repositories\PolicyRepository.cs" line-rate="1" branch-rate="1" complexity="1">
          <methods>
            <method name=".ctor" signature="(LifeInsuranceApplication.Context.InsuranceContext,Microsoft.Extensions.Logging.ILogger`1&lt;LifeInsuranceApplication.Repositories.PolicyRepository&gt;)" line-rate="1" branch-rate="1" complexity="1">
              <lines>
                <line number="12" hits="20" branch="False" />
                <line number="13" hits="20" branch="False" />
                <line number="14" hits="20" branch="False" />
                <line number="15" hits="20" branch="False" />
                <line number="16" hits="20" branch="False" />
              </lines>
            </method>
          </methods>
          <lines>
            <line number="12" hits="20" branch="False" />
            <line number="13" hits="20" branch="False" />
            <line number="14" hits="20" branch="False" />
            <line number="15" hits="20" branch="False" />
            <line number="16" hits="20" branch="False" />
          </lines>
        </class>
        <class name="LifeInsuranceApplication.Repositories.PolicyRepository/&lt;Create&gt;d__3" filename="Documents\celsior_training\day32\LifeInsuranceApplication\LifeInsuranceApplication\Repositories\PolicyRepository.cs" line-rate="1" branch-rate="1" complexity="1">
          <methods>
            <method name="MoveNext" signature="()" line-rate="1" branch-rate="1" complexity="1">
              <lines>
                <line number="18" hits="13" branch="False" />
                <line number="20" hits="13" branch="False" />
                <line number="21" hits="13" branch="False" />
                <line number="22" hits="13" branch="False" />
                <line number="23" hits="10" branch="False" />
                <line number="25" hits="3" branch="False" />
                <line number="26" hits="3" branch="False" />
                <line number="27" hits="3" branch="False" />
                <line number="28" hits="3" branch="False" />
                <line number="30" hits="10" branch="False" />
              </lines>
            </method>
          </methods>
          <lines>
            <line number="18" hits="13" branch="False" />
            <line number="20" hits="13" branch="False" />
            <line number="21" hits="13" branch="False" />
            <line number="22" hits="13" branch="False" />
            <line number="23" hits="10" branch="False" />
            <line number="25" hits="3" branch="False" />
            <line number="26" hits="3" branch="False" />
            <line number="27" hits="3" branch="False" />
            <line number="28" hits="3" branch="False" />
            <line number="30" hits="10" branch="False" />
          </lines>
        </class>
        <class name="LifeInsuranceApplication.Repositories.PolicyRepository/&lt;Delete&gt;d__4" filename="Documents\celsior_training\day32\LifeInsuranceApplication\LifeInsuranceApplication\Repositories\PolicyRepository.cs" line-rate="1" branch-rate="1" complexity="1">
          <methods>
            <method name="MoveNext" signature="()" line-rate="1" branch-rate="1" complexity="1">
              <lines>
                <line number="33" hits="4" branch="False" />
                <line number="34" hits="4" branch="False" />
                <line number="35" hits="4" branch="False" />
                <line number="37" hits="2" branch="False" />
                <line number="38" hits="2" branch="False" />
                <line number="39" hits="2" branch="False" />
                <line number="40" hits="2" branch="False" />
                <line number="41" hits="2" branch="False" />
                <line number="42" hits="2" branch="False" />
                <line number="44" hits="2" branch="False" />
              </lines>
            </method>
          </methods>
          <lines>
            <line number="33" hits="4" branch="False" />
            <line number="34" hits="4" branch="False" />
            <line number="35" hits="4" branch="False" />
            <line number="37" hits="2" branch="False" />
            <line number="38" hits="2" branch="False" />
            <line number="39" hits="2" branch="False" />
            <line number="40" hits="2" branch="False" />
            <line number="41" hits="2" branch="False" />
            <line number="42" hits="2" branch="False" />
            <line number="44" hits="2" branch="False" />
          </lines>
        </class>
        <class name="LifeInsuranceApplication.Repositories.PolicyRepository/&lt;Get&gt;d__5" filename="Documents\celsior_training\day32\LifeInsuranceApplication\LifeInsuranceApplication\Repositories\PolicyRepository.cs" line-rate="1" branch-rate="1" complexity="2">
          <methods>
            <method name="MoveNext" signature="()" line-rate="1" branch-rate="1" complexity="2">
              <lines>
                <line number="47" hits="8" branch="False" />
                <line number="49" hits="8" branch="False" />
                <line number="50" hits="8" branch="False" />
                <line number="51" hits="8" branch="True" condition-coverage="100% (2/2)">
                  <conditions>
                    <condition number="312" type="jump" coverage="100%" />
                  </conditions>
                </line>
                <line number="52" hits="4" branch="False" />
                <line number="53" hits="4" branch="False" />
                <line number="55" hits="4" branch="False" />
                <line number="57" hits="4" branch="False" />
                <line number="58" hits="4" branch="False" />
                <line number="60" hits="4" branch="False" />
                <line number="62" hits="4" branch="False" />
              </lines>
            </method>
          </methods>
          <lines>
            <line number="47" hits="8" branch="False" />
            <line number="49" hits="8" branch="False" />
            <line number="50" hits="8" branch="False" />
            <line number="51" hits="8" branch="True" condition-coverage="100% (2/2)">
              <conditions>
                <condition number="312" type="jump" coverage="100%" />
              </conditions>
            </line>
            <line number="52" hits="4" branch="False" />
            <line number="53" hits="4" branch="False" />
            <line number="55" hits="4" branch="False" />
            <line number="57" hits="4" branch="False" />
            <line number="58" hits="4" branch="False" />
            <line number="60" hits="4" branch="False" />
            <line number="62" hits="4" branch="False" />
          </lines>
        </class>
        <class name="LifeInsuranceApplication.Repositories.PolicyRepository/&lt;GetAll&gt;d__6" filename="Documents\celsior_training\day32\LifeInsuranceApplication\LifeInsuranceApplication\Repositories\PolicyRepository.cs" line-rate="1" branch-rate="1" complexity="2">
          <methods>
            <method name="MoveNext" signature="()" line-rate="1" branch-rate="1" complexity="2">
              <lines>
                <line number="65" hits="6" branch="False" />
                <line number="67" hits="6" branch="False" />
                <line number="68" hits="6" branch="False" />
                <line number="69" hits="6" branch="True" condition-coverage="100% (2/2)">
                  <conditions>
                    <condition number="187" type="jump" coverage="100%" />
                  </conditions>
                </line>
                <line number="70" hits="3" branch="False" />
                <line number="71" hits="3" branch="False" />
                <line number="73" hits="3" branch="False" />
                <line number="75" hits="3" branch="False" />
                <line number="76" hits="3" branch="False" />
                <line number="77" hits="3" branch="False" />
                <line number="79" hits="3" branch="False" />
              </lines>
            </method>
          </methods>
          <lines>
            <line number="65" hits="6" branch="False" />
            <line number="67" hits="6" branch="False" />
            <line number="68" hits="6" branch="False" />
            <line number="69" hits="6" branch="True" condition-coverage="100% (2/2)">
              <conditions>
                <condition number="187" type="jump" coverage="100%" />
              </conditions>
            </line>
            <line number="70" hits="3" branch="False" />
            <line number="71" hits="3" branch="False" />
            <line number="73" hits="3" branch="False" />
            <line number="75" hits="3" branch="False" />
            <line number="76" hits="3" branch="False" />
            <line number="77" hits="3" branch="False" />
            <line number="79" hits="3" branch="False" />
          </lines>
        </class>
        <class name="LifeInsuranceApplication.Repositories.PolicyRepository/&lt;Update&gt;d__7" filename="Documents\celsior_training\day32\LifeInsuranceApplication\LifeInsuranceApplication\Repositories\PolicyRepository.cs" line-rate="1" branch-rate="1" complexity="1">
          <methods>
            <method name="MoveNext" signature="()" line-rate="1" branch-rate="1" complexity="1">
              <lines>
                <line number="82" hits="2" branch="False" />
                <line number="83" hits="2" branch="False" />
                <line number="85" hits="1" branch="False" />
                <line number="86" hits="1" branch="False" />
                <line number="87" hits="1" branch="False" />
                <line number="90" hits="1" branch="False" />
              </lines>
            </method>
          </methods>
          <lines>
            <line number="82" hits="2" branch="False" />
            <line number="83" hits="2" branch="False" />
            <line number="85" hits="1" branch="False" />
            <line number="86" hits="1" branch="False" />
            <line number="87" hits="1" branch="False" />
            <line number="90" hits="1" branch="False" />
          </lines>
        </class>
        <class name="LifeInsuranceApplication.Models.Claim" filename="Documents\celsior_training\day32\LifeInsuranceApplication\LifeInsuranceApplication\Models\Claim.cs" line-rate="0.875" branch-rate="1" complexity="16">
          <methods>
            <method name="get_Id" signature="()" line-rate="1" branch-rate="1" complexity="1">
              <lines>
                <line number="7" hits="14" branch="False" />
              </lines>
            </method>
            <method name="get_PolicyId" signature="()" line-rate="1" branch-rate="1" complexity="1">
              <lines>
                <line number="8" hits="12" branch="False" />
              </lines>
            </method>
            <method name="get_Policy" signature="()" line-rate="0" branch-rate="1" complexity="1">
              <lines>
                <line number="9" hits="0" branch="False" />
              </lines>
            </method>
            <method name="get_ClaimTypeId" signature="()" line-rate="1" branch-rate="1" complexity="1">
              <lines>
                <line number="10" hits="12" branch="False" />
              </lines>
            </method>
            <method name="get_ClaimType" signature="()" line-rate="0" branch-rate="1" complexity="1">
              <lines>
                <line number="11" hits="0" branch="False" />
              </lines>
            </method>
            <method name="get_DateOfIncident" signature="()" line-rate="1" branch-rate="1" complexity="1">
              <lines>
                <line number="13" hits="12" branch="False" />
              </lines>
            </method>
            <method name="get_ClaimantName" signature="()" line-rate="1" branch-rate="1" complexity="1">
              <lines>
                <line number="14" hits="29" branch="False" />
              </lines>
            </method>
            <method name="get_ClaimantPhone" signature="()" line-rate="1" branch-rate="1" complexity="1">
              <lines>
                <line number="17" hits="25" branch="False" />
              </lines>
            </method>
            <method name="get_ClaimantEmail" signature="()" line-rate="1" branch-rate="1" complexity="1">
              <lines>
                <line number="18" hits="27" branch="False" />
              </lines>
            </method>
            <method name="get_SettleForm" signature="()" line-rate="1" branch-rate="1" complexity="1">
              <lines>
                <line number="19" hits="25" branch="False" />
              </lines>
            </method>
            <method name="get_DeathCertificateForm" signature="()" line-rate="1" branch-rate="1" complexity="1">
              <lines>
                <line number="20" hits="25" branch="False" />
              </lines>
            </method>
            <method name="get_PolicyCertificateForm" signature="()" line-rate="1" branch-rate="1" complexity="1">
              <lines>
                <line number="21" hits="25" branch="False" />
              </lines>
            </method>
            <method name="get_Photo" signature="()" line-rate="1" branch-rate="1" complexity="1">
              <lines>
                <line number="22" hits="25" branch="False" />
              </lines>
            </method>
            <method name="get_AddressProof" signature="()" line-rate="1" branch-rate="1" complexity="1">
              <lines>
                <line number="23" hits="25" branch="False" />
              </lines>
            </method>
            <method name="get_CancelCheck" signature="()" line-rate="1" branch-rate="1" complexity="1">
              <lines>
                <line number="24" hits="25" branch="False" />
              </lines>
            </method>
            <method name="get_Other" signature="()" line-rate="1" branch-rate="1" complexity="1">
              <lines>
                <line number="25" hits="26" branch="False" />
              </lines>
            </method>
          </methods>
          <lines>
            <line number="7" hits="14" branch="False" />
            <line number="8" hits="12" branch="False" />
            <line number="9" hits="0" branch="False" />
            <line number="10" hits="12" branch="False" />
            <line number="11" hits="0" branch="False" />
            <line number="13" hits="12" branch="False" />
            <line number="14" hits="29" branch="False" />
            <line number="17" hits="25" branch="False" />
            <line number="18" hits="27" branch="False" />
            <line number="19" hits="25" branch="False" />
            <line number="20" hits="25" branch="False" />
            <line number="21" hits="25" branch="False" />
            <line number="22" hits="25" branch="False" />
            <line number="23" hits="25" branch="False" />
            <line number="24" hits="25" branch="False" />
            <line number="25" hits="26" branch="False" />
          </lines>
        </class>
        <class name="LifeInsuranceApplication.Models.ClaimType" filename="Documents\celsior_training\day32\LifeInsuranceApplication\LifeInsuranceApplication\Models\ClaimType.cs" line-rate="1" branch-rate="1" complexity="4">
          <methods>
            <method name="get_Id" signature="()" line-rate="1" branch-rate="1" complexity="1">
              <lines>
                <line number="5" hits="27" branch="False" />
              </lines>
            </method>
            <method name="get_ClaimName" signature="()" line-rate="1" branch-rate="1" complexity="1">
              <lines>
                <line number="6" hits="38" branch="False" />
              </lines>
            </method>
            <method name="get_Claims" signature="()" line-rate="1" branch-rate="1" complexity="1">
              <lines>
                <line number="7" hits="17" branch="False" />
              </lines>
            </method>
            <method name=".ctor" signature="()" line-rate="1" branch-rate="1" complexity="1">
              <lines>
                <line number="9" hits="17" branch="False" />
                <line number="10" hits="17" branch="False" />
                <line number="11" hits="17" branch="False" />
                <line number="12" hits="17" branch="False" />
              </lines>
            </method>
          </methods>
          <lines>
            <line number="5" hits="27" branch="False" />
            <line number="6" hits="38" branch="False" />
            <line number="7" hits="17" branch="False" />
            <line number="9" hits="17" branch="False" />
            <line number="10" hits="17" branch="False" />
            <line number="11" hits="17" branch="False" />
            <line number="12" hits="17" branch="False" />
          </lines>
        </class>
        <class name="LifeInsuranceApplication.Models.Policy" filename="Documents\celsior_training\day32\LifeInsuranceApplication\LifeInsuranceApplication\Models\Policy.cs" line-rate="1" branch-rate="1" complexity="5">
          <methods>
            <method name="get_Id" signature="()" line-rate="1" branch-rate="1" complexity="1">
              <lines>
                <line number="4" hits="18" branch="False" />
              </lines>
            </method>
            <method name="get_PolicyNumber" signature="()" line-rate="1" branch-rate="1" complexity="1">
              <lines>
                <line number="5" hits="36" branch="False" />
              </lines>
            </method>
            <method name="get_PolicyDescription" signature="()" line-rate="1" branch-rate="1" complexity="1">
              <lines>
                <line number="6" hits="31" branch="False" />
              </lines>
            </method>
            <method name="get_Claims" signature="()" line-rate="1" branch-rate="1" complexity="1">
              <lines>
                <line number="7" hits="16" branch="False" />
              </lines>
            </method>
            <method name=".ctor" signature="()" line-rate="1" branch-rate="1" complexity="1">
              <lines>
                <line number="9" hits="16" branch="False" />
                <line number="10" hits="16" branch="False" />
                <line number="11" hits="16" branch="False" />
                <line number="12" hits="16" branch="False" />
              </lines>
            </method>
          </methods>
          <lines>
            <line number="4" hits="18" branch="False" />
            <line number="5" hits="36" branch="False" />
            <line number="6" hits="31" branch="False" />
            <line number="7" hits="16" branch="False" />
            <line number="9" hits="16" branch="False" />
            <line number="10" hits="16" branch="False" />
            <line number="11" hits="16" branch="False" />
            <line number="12" hits="16" branch="False" />
          </lines>
        </class>
        <class name="LifeInsuranceApplication.Models.ResponseNewCreated" filename="Documents\celsior_training\day32\LifeInsuranceApplication\LifeInsuranceApplication\Models\ResponseNewCreated.cs" line-rate="1" branch-rate="1" complexity="2">
          <methods>
            <method name="get_Id" signature="()" line-rate="1" branch-rate="1" complexity="1">
              <lines>
                <line number="4" hits="6" branch="False" />
              </lines>
            </method>
            <method name="get_Message" signature="()" line-rate="1" branch-rate="1" complexity="1">
              <lines>
                <line number="5" hits="12" branch="False" />
              </lines>
            </method>
          </methods>
          <lines>
            <line number="4" hits="6" branch="False" />
            <line number="5" hits="12" branch="False" />
          </lines>
        </class>
        <class name="LifeInsuranceApplication.Models.DTO.ClaimDTO" filename="Documents\celsior_training\day32\LifeInsuranceApplication\LifeInsuranceApplication\Models\DTO\ClaimDTO.cs" line-rate="1" branch-rate="1" complexity="13">
          <methods>
            <method name="get_PolicyId" signature="()" line-rate="1" branch-rate="1" complexity="1">
              <lines>
                <line number="5" hits="12" branch="False" />
              </lines>
            </method>
            <method name="get_ClaimTypeId" signature="()" line-rate="1" branch-rate="1" complexity="1">
              <lines>
                <line number="6" hits="12" branch="False" />
              </lines>
            </method>
            <method name="get_DateOfIncident" signature="()" line-rate="1" branch-rate="1" complexity="1">
              <lines>
                <line number="8" hits="12" branch="False" />
              </lines>
            </method>
            <method name="get_ClaimantName" signature="()" line-rate="1" branch-rate="1" complexity="1">
              <lines>
                <line number="9" hits="18" branch="False" />
              </lines>
            </method>
            <method name="get_ClaimantPhone" signature="()" line-rate="1" branch-rate="1" complexity="1">
              <lines>
                <line number="10" hits="18" branch="False" />
              </lines>
            </method>
            <method name="get_ClaimantEmail" signature="()" line-rate="1" branch-rate="1" complexity="1">
              <lines>
                <line number="11" hits="18" branch="False" />
              </lines>
            </method>
            <method name="get_SettleForm" signature="()" line-rate="1" branch-rate="1" complexity="1">
              <lines>
                <line number="12" hits="12" branch="False" />
              </lines>
            </method>
            <method name="get_DeathCertificateForm" signature="()" line-rate="1" branch-rate="1" complexity="1">
              <lines>
                <line number="13" hits="12" branch="False" />
              </lines>
            </method>
            <method name="get_PolicyCertificateForm" signature="()" line-rate="1" branch-rate="1" complexity="1">
              <lines>
                <line number="14" hits="12" branch="False" />
              </lines>
            </method>
            <method name="get_Photo" signature="()" line-rate="1" branch-rate="1" complexity="1">
              <lines>
                <line number="15" hits="12" branch="False" />
              </lines>
            </method>
            <method name="get_AddressProof" signature="()" line-rate="1" branch-rate="1" complexity="1">
              <lines>
                <line number="16" hits="11" branch="False" />
              </lines>
            </method>
            <method name="get_CancelCheck" signature="()" line-rate="1" branch-rate="1" complexity="1">
              <lines>
                <line number="17" hits="11" branch="False" />
              </lines>
            </method>
            <method name="get_Other" signature="()" line-rate="1" branch-rate="1" complexity="1">
              <lines>
                <line number="18" hits="11" branch="False" />
              </lines>
            </method>
          </methods>
          <lines>
            <line number="5" hits="12" branch="False" />
            <line number="6" hits="12" branch="False" />
            <line number="8" hits="12" branch="False" />
            <line number="9" hits="18" branch="False" />
            <line number="10" hits="18" branch="False" />
            <line number="11" hits="18" branch="False" />
            <line number="12" hits="12" branch="False" />
            <line number="13" hits="12" branch="False" />
            <line number="14" hits="12" branch="False" />
            <line number="15" hits="12" branch="False" />
            <line number="16" hits="11" branch="False" />
            <line number="17" hits="11" branch="False" />
            <line number="18" hits="11" branch="False" />
          </lines>
        </class>
        <class name="LifeInsuranceApplication.Models.DTO.ClaimTypeDTO" filename="Documents\celsior_training\day32\LifeInsuranceApplication\LifeInsuranceApplication\Models\DTO\ClaimTypeDTO.cs" line-rate="1" branch-rate="1" complexity="1">
          <methods>
            <method name="get_ClaimName" signature="()" line-rate="1" branch-rate="1" complexity="1">
              <lines>
                <line number="5" hits="20" branch="False" />
              </lines>
            </method>
          </methods>
          <lines>
            <line number="5" hits="20" branch="False" />
          </lines>
        </class>
        <class name="LifeInsuranceApplication.Models.DTO.PolicyDTO" filename="Documents\celsior_training\day32\LifeInsuranceApplication\LifeInsuranceApplication\Models\DTO\PolicyDTO.cs" line-rate="1" branch-rate="1" complexity="2">
          <methods>
            <method name="get_PolicyNumber" signature="()" line-rate="1" branch-rate="1" complexity="1">
              <lines>
                <line number="4" hits="18" branch="False" />
              </lines>
            </method>
            <method name="get_PolicyDescription" signature="()" line-rate="1" branch-rate="1" complexity="1">
              <lines>
                <line number="5" hits="18" branch="False" />
              </lines>
            </method>
          </methods>
          <lines>
            <line number="4" hits="18" branch="False" />
            <line number="5" hits="18" branch="False" />
          </lines>
        </class>
        <class name="LifeInsuranceApplication.Mapper.ClaimProfile" filename="Documents\celsior_training\day32\LifeInsuranceApplication\LifeInsuranceApplication\Mapper\ClaimProfile.cs" line-rate="0" branch-rate="1" complexity="1">
          <methods>
            <method name=".ctor" signature="()" line-rate="0" branch-rate="1" complexity="1">
              <lines>
                <line number="10" hits="0" branch="False" />
                <line number="11" hits="0" branch="False" />
                <line number="12" hits="0" branch="False" />
                <line number="13" hits="0" branch="False" />
                <line number="14" hits="0" branch="False" />
              </lines>
            </method>
          </methods>
          <lines>
            <line number="10" hits="0" branch="False" />
            <line number="11" hits="0" branch="False" />
            <line number="12" hits="0" branch="False" />
            <line number="13" hits="0" branch="False" />
            <line number="14" hits="0" branch="False" />
          </lines>
        </class>
        <class name="LifeInsuranceApplication.Mapper.ClaimTypeProfile" filename="Documents\celsior_training\day32\LifeInsuranceApplication\LifeInsuranceApplication\Mapper\ClaimTypeProfile.cs" line-rate="0" branch-rate="1" complexity="1">
          <methods>
            <method name=".ctor" signature="()" line-rate="0" branch-rate="1" complexity="1">
              <lines>
                <line number="9" hits="0" branch="False" />
                <line number="10" hits="0" branch="False" />
                <line number="11" hits="0" branch="False" />
                <line number="12" hits="0" branch="False" />
                <line number="13" hits="0" branch="False" />
              </lines>
            </method>
          </methods>
          <lines>
            <line number="9" hits="0" branch="False" />
            <line number="10" hits="0" branch="False" />
            <line number="11" hits="0" branch="False" />
            <line number="12" hits="0" branch="False" />
            <line number="13" hits="0" branch="False" />
          </lines>
        </class>
        <class name="LifeInsuranceApplication.Mapper.PolicyProfile" filename="Documents\celsior_training\day32\LifeInsuranceApplication\LifeInsuranceApplication\Mapper\PolicyProfile.cs" line-rate="0" branch-rate="1" complexity="1">
          <methods>
            <method name=".ctor" signature="()" line-rate="0" branch-rate="1" complexity="1">
              <lines>
                <line number="9" hits="0" branch="False" />
                <line number="10" hits="0" branch="False" />
                <line number="11" hits="0" branch="False" />
                <line number="12" hits="0" branch="False" />
                <line number="13" hits="0" branch="False" />
              </lines>
            </method>
          </methods>
          <lines>
            <line number="9" hits="0" branch="False" />
            <line number="10" hits="0" branch="False" />
            <line number="11" hits="0" branch="False" />
            <line number="12" hits="0" branch="False" />
            <line number="13" hits="0" branch="False" />
          </lines>
        </class>
[...]
          <methods>
            <method name="Setup" signature="()" line-rate="1" branch-rate="1" complexity="1">
              <lines>
                <line number="31" hits="8" branch="False" />
                <line number="32" hits="8" branch="False" />
                <line number="33" hits="8" branch="False" />
                <line number="34" hits="8" branch="False" />
                <line number="35" hits="8" branch="False" />
                <line number="36" hits="8" branch="False" />
                <line number="37" hits="8" branch="False" />
                <line number="39" hits="8" branch="False" />
                <line number="41" hits="8" branch="False" />
              </lines>
            </method>
          </methods>
          <lines>
            <line number="31" hits="8" branch="False" />
            <line number="32" hits="8" branch="False" />
            <line number="33" hits="8" branch="False" />
            <line number="34" hits="8" branch="False" />
            <line number="35" hits="8" branch="False" />
            <line number="36" hits="8" branch="False" />
            <line number="37" hits="8" branch="False" />
            <line number="39" hits="8" branch="False" />
            <line number="41" hits="8" branch="False" />
          </lines>
        </class>
        <class name="LifeInsuranceApplicationTest.PolicyServiceTest/&lt;&lt;ExceptionTestDeletePolicy&gt;b__10_0&gt;d" filename="Documents\celsior_training\day32\LifeInsuranceApplication\LifeInsuranceApplicationTest\PolicyServiceTest.cs" line-rate="1" branch-rate="1" complexity="1">
          <methods>
            <method name="MoveNext" signature="()" line-rate="1" branch-rate="1" complexity="1">
              <lines>
                <line number="113" hits="2" branch="False" />
              </lines>
            </method>
          </methods>
          <lines>
            <line number="113" hits="2" branch="False" />
          </lines>
        </class>
        <class name="LifeInsuranceApplicationTest.PolicyServiceTest/&lt;&lt;TestExceptionGetAllPolicies&gt;b__12_0&gt;d" filename="Documents\celsior_training\day32\LifeInsuranceApplication\LifeInsuranceApplicationTest\PolicyServiceTest.cs" line-rate="1" branch-rate="1" complexity="1">
          <methods>
            <method name="MoveNext" signature="()" line-rate="1" branch-rate="1" complexity="1">
              <lines>
                <line number="143" hits="2" branch="False" />
              </lines>
            </method>
          </methods>
          <lines>
            <line number="143" hits="2" branch="False" />
          </lines>
        </class>
        <class name="LifeInsuranceApplicationTest.PolicyServiceTest/&lt;&lt;TestGetPolicyByIdException&gt;b__14_0&gt;d" filename="Documents\celsior_training\day32\LifeInsuranceApplication\LifeInsuranceApplicationTest\PolicyServiceTest.cs" line-rate="1" branch-rate="1" complexity="1">
          <methods>
            <method name="MoveNext" signature="()" line-rate="1" branch-rate="1" complexity="1">
              <lines>
                <line number="174" hits="2" branch="False" />
              </lines>
            </method>
          </methods>
          <lines>
            <line number="174" hits="2" branch="False" />
          </lines>
        </class>
        <class name="LifeInsuranceApplicationTest.PolicyServiceTest/&lt;&gt;c__DisplayClass8_0/&lt;&lt;ExceptionTest&gt;b__1&gt;d" filename="Documents\celsior_training\day32\LifeInsuranceApplication\LifeInsuranceApplicationTest\PolicyServiceTest.cs" line-rate="1" branch-rate="1" complexity="1">
          <methods>
            <method name="MoveNext" signature="()" line-rate="1" branch-rate="1" complexity="1">
              <lines>
                <line number="79" hits="2" branch="False" />
              </lines>
            </method>
          </methods>
          <lines>
            <line number="79" hits="2" branch="False" />
          </lines>
        </class>
        <class name="LifeInsuranceApplicationTest.PolicyServiceTest/&lt;CreateNewPolicyTest&gt;d__7" filename="Documents\celsior_training\day32\LifeInsuranceApplication\LifeInsuranceApplicationTest\PolicyServiceTest.cs" line-rate="1" branch-rate="1" complexity="1">
          <methods>
            <method name="MoveNext" signature="()" line-rate="1" branch-rate="1" complexity="1">
              <lines>
                <line number="46" hits="1" branch="False" />
                <line number="47" hits="1" branch="False" />
                <line number="48" hits="1" branch="False" />
                <line number="49" hits="1" branch="False" />
                <line number="50" hits="1" branch="False" />
                <line number="51" hits="1" branch="False" />
                <line number="52" hits="1" branch="False" />
                <line number="53" hits="1" branch="False" />
                <line number="54" hits="1" branch="False" />
                <line number="55" hits="1" branch="False" />
                <line number="56" hits="1" branch="False" />
                <line number="57" hits="1" branch="False" />
                <line number="59" hits="1" branch="False" />
                <line number="60" hits="1" branch="False" />
                <line number="61" hits="1" branch="False" />
                <line number="62" hits="1" branch="False" />
              </lines>
            </method>
          </methods>
          <lines>
            <line number="46" hits="1" branch="False" />
            <line number="47" hits="1" branch="False" />
            <line number="48" hits="1" branch="False" />
            <line number="49" hits="1" branch="False" />
            <line number="50" hits="1" branch="False" />
            <line number="51" hits="1" branch="False" />
            <line number="52" hits="1" branch="False" />
            <line number="53" hits="1" branch="False" />
            <line number="54" hits="1" branch="False" />
            <line number="55" hits="1" branch="False" />
            <line number="56" hits="1" branch="False" />
            <line number="57" hits="1" branch="False" />
            <line number="59" hits="1" branch="False" />
            <line number="60" hits="1" branch="False" />
            <line number="61" hits="1" branch="False" />
            <line number="62" hits="1" branch="False" />
          </lines>
        </class>
        <class name="LifeInsuranceApplicationTest.PolicyServiceTest/&lt;ExceptionTest&gt;d__8" filename="Documents\celsior_training\day32\LifeInsuranceApplication\LifeInsuranceApplicationTest\PolicyServiceTest.cs" line-rate="1" branch-rate="1" complexity="1">
          <methods>
            <method name="MoveNext" signature="()" line-rate="1" branch-rate="1" complexity="1">
              <lines>
                <line number="65" hits="1" branch="False" />
                <line number="66" hits="1" branch="False" />
                <line number="67" hits="1" branch="False" />
                <line number="68" hits="1" branch="False" />
                <line number="69" hits="1" branch="False" />
                <line number="70" hits="1" branch="False" />
                <line number="71" hits="1" branch="False" />
                <line number="72" hits="1" branch="False" />
                <line number="73" hits="1" branch="False" />
                <line number="74" hits="1" branch="False" />
                <line number="75" hits="1" branch="False" />
                <line number="76" hits="1" branch="False" />
                <line number="78" hits="1" branch="False" />
                <line number="80" hits="1" branch="False" />
              </lines>
            </method>
          </methods>
          <lines>
            <line number="65" hits="1" branch="False" />
            <line number="66" hits="1" branch="False" />
            <line number="67" hits="1" branch="False" />
            <line number="68" hits="1" branch="False" />
            <line number="69" hits="1" branch="False" />
            <line number="70" hits="1" branch="False" />
            <line number="71" hits="1" branch="False" />
            <line number="72" hits="1" branch="False" />
            <line number="73" hits="1" branch="False" />
            <line number="74" hits="1" branch="False" />
            <line number="75" hits="1" branch="False" />
            <line number="76" hits="1" branch="False" />
            <line number="78" hits="1" branch="False" />
            <line number="80" hits="1" branch="False" />
          </lines>
        </class>
        <class name="LifeInsuranceApplicationTest.PolicyServiceTest/&lt;ExceptionTestDeletePolicy&gt;d__10" filename="Documents\celsior_training\day32\LifeInsuranceApplication\LifeInsuranceApplicationTest\PolicyServiceTest.cs" line-rate="1" branch-rate="1" complexity="1">
          <methods>
            <method name="MoveNext" signature="()" line-rate="1" branch-rate="1" complexity="1">
              <lines>
                <line number="111" hits="1" branch="False" />
                <line number="112" hits="1" branch="False" />
                <line number="114" hits="1" branch="False" />
              </lines>
            </method>
          </methods>
          <lines>
            <line number="111" hits="1" branch="False" />
            <line number="112" hits="1" branch="False" />
            <line number="114" hits="1" branch="False" />
          </lines>
        </class>
        <class name="LifeInsuranceApplicationTest.PolicyServiceTest/&lt;TestDeletePolicy&gt;d__9" filename="Documents\celsior_training\day32\LifeInsuranceApplication\LifeInsuranceApplicationTest\PolicyServiceTest.cs" line-rate="1" branch-rate="1" complexity="1">
          <methods>
            <method name="MoveNext" signature="()" line-rate="1" branch-rate="1" complexity="1">
              <lines>
                <line number="84" hits="1" branch="False" />
                <line number="85" hits="1" branch="False" />
                <line number="86" hits="1" branch="False" />
                <line number="87" hits="1" branch="False" />
                <line number="88" hits="1" branch="False" />
                <line number="89" hits="1" branch="False" />
                <line number="90" hits="1" branch="False" />
                <line number="91" hits="1" branch="False" />
                <line number="92" hits="1" branch="False" />
                <line number="93" hits="1" branch="False" />
                <line number="94" hits="1" branch="False" />
                <line number="95" hits="1" branch="False" />
                <line number="97" hits="1" branch="False" />
                <line number="98" hits="1" branch="False" />
                <line number="100" hits="1" branch="False" />
                <line number="101" hits="1" branch="False" />
                <line number="103" hits="1" branch="False" />
                <line number="105" hits="1" branch="False" />
                <line number="107" hits="1" branch="False" />
              </lines>
            </method>
          </methods>
          <lines>
            <line number="84" hits="1" branch="False" />
            <line number="85" hits="1" branch="False" />
            <line number="86" hits="1" branch="False" />
            <line number="87" hits="1" branch="False" />
            <line number="88" hits="1" branch="False" />
            <line number="89" hits="1" branch="False" />
            <line number="90" hits="1" branch="False" />
            <line number="91" hits="1" branch="False" />
            <line number="92" hits="1" branch="False" />
            <line number="93" hits="1" branch="False" />
            <line number="94" hits="1" branch="False" />
            <line number="95" hits="1" branch="False" />
            <line number="97" hits="1" branch="False" />
            <line number="98" hits="1" branch="False" />
            <line number="100" hits="1" branch="False" />
            <line number="101" hits="1" branch="False" />
            <line number="103" hits="1" branch="False" />
            <line number="105" hits="1" branch="False" />
            <line number="107" hits="1" branch="False" />
          </lines>
        </class>
        <class name="LifeInsuranceApplicationTest.PolicyServiceTest/&lt;TestExceptionGetAllPolicies&gt;d__12" filename="Documents\celsior_training\day32\LifeInsuranceApplication\LifeInsuranceApplicationTest\PolicyServiceTest.cs" line-rate="1" branch-rate="1" complexity="1">
          <methods>
            <method name="MoveNext" signature="()" line-rate="1" branch-rate="1" complexity="1">
              <lines>
                <line number="142" hits="1" branch="False" />
                <line number="144" hits="1" branch="False" />
              </lines>
            </method>
          </methods>
          <lines>
            <line number="142" hits="1" branch="False" />
            <line number="144" hits="1" branch="False" />
          </lines>
        </class>
        <class name="LifeInsuranceApplicationTest.PolicyServiceTest/&lt;TestGetAllPolicies&gt;d__11" filename="Documents\celsior_training\day32\LifeInsuranceApplication\LifeInsuranceApplicationTest\PolicyServiceTest.cs" line-rate="1" branch-rate="1" complexity="1">
          <methods>
            <method name="MoveNext" signature="()" line-rate="1" branch-rate="1" complexity="1">
              <lines>
                <line number="118" hits="1" branch="False" />
                <line number="119" hits="1" branch="False" />
                <line number="120" hits="1" branch="False" />
                <line number="121" hits="1" branch="False" />
                <line number="122" hits="1" branch="False" />
                <line number="123" hits="1" branch="False" />
                <line number="124" hits="1" branch="False" />
                <line number="125" hits="1" branch="False" />
                <line number="126" hits="1" branch="False" />
                <line number="127" hits="1" branch="False" />
                <line number="128" hits="1" branch="False" />
                <line number="129" hits="1" branch="False" />
                <line number="131" hits="1" branch="False" />
                <line number="132" hits="1" branch="False" />
                <line number="134" hits="1" branch="False" />
                <line number="135" hits="1" branch="False" />
                <line number="136" hits="1" branch="False" />
                <line number="137" hits="1" branch="False" />
                <line number="139" hits="1" branch="False" />
              </lines>
            </method>
          </methods>
          <lines>
            <line number="118" hits="1" branch="False" />
            <line number="119" hits="1" branch="False" />
            <line number="120" hits="1" branch="False" />
            <line number="121" hits="1" branch="False" />
            <line number="122" hits="1" branch="False" />
            <line number="123" hits="1" branch="False" />
            <line number="124" hits="1" branch="False" />
            <line number="125" hits="1" branch="False" />
            <line number="126" hits="1" branch="False" />
            <line number="127" hits="1" branch="False" />
            <line number="128" hits="1" branch="False" />
            <line number="129" hits="1" branch="False" />
            <line number="131" hits="1" branch="False" />
            <line number="132" hits="1" branch="False" />
            <line number="134" hits="1" branch="False" />
            <line number="135" hits="1" branch="False" />
            <line number="136" hits="1" branch="False" />
            <line number="137" hits="1" branch="False" />
            <line number="139" hits="1" branch="False" />
          </lines>
        </class>
        <class name="LifeInsuranceApplicationTest.PolicyServiceTest/&lt;TestGetPolicyById&gt;d__13" filename="Documents\celsior_training\day32\LifeInsuranceApplication\LifeInsuranceApplicationTest\PolicyServiceTest.cs" line-rate="1" branch-rate="1" complexity="1">
          <methods>
            <method name="MoveNext" signature="()" line-rate="1" branch-rate="1" complexity="1">
              <lines>
                <line number="148" hits="1" branch="False" />
                <line number="149" hits="1" branch="False" />
                <line number="150" hits="1" branch="False" />
                <line number="151" hits="1" branch="False" />
                <line number="152" hits="1" branch="False" />
                <line number="153" hits="1" branch="False" />
                <line number="154" hits="1" branch="False" />
                <line number="155" hits="1" branch="False" />
                <line number="156" hits="1" branch="False" />
                <line number="157" hits="1" branch="False" />
                <line number="158" hits="1" branch="False" />
                <line number="159" hits="1" branch="False" />
                <line number="160" hits="1" branch="False" />
                <line number="161" hits="1" branch="False" />
                <line number="163" hits="1" branch="False" />
                <line number="164" hits="1" branch="False" />
                <line number="165" hits="1" branch="False" />
                <line number="166" hits="1" branch="False" />
                <line number="167" hits="1" branch="False" />
                <line number="168" hits="1" branch="False" />
                <line number="169" hits="1" branch="False" />
              </lines>
            </method>
          </methods>
          <lines>
            <line number="148" hits="1" branch="False" />
            <line number="149" hits="1" branch="False" />
            <line number="150" hits="1" branch="False" />
            <line number="151" hits="1" branch="False" />
            <line number="152" hits="1" branch="False" />
            <line number="153" hits="1" branch="False" />
            <line number="154" hits="1" branch="False" />
            <line number="155" hits="1" branch="False" />
            <line number="156" hits="1" branch="False" />
            <line number="157" hits="1" branch="False" />
            <line number="158" hits="1" branch="False" />
            <line number="159" hits="1" branch="False" />
            <line number="160" hits="1" branch="False" />
            <line number="161" hits="1" branch="False" />
            <line number="163" hits="1" branch="False" />
            <line number="164" hits="1" branch="False" />
            <line number="165" hits="1" branch="False" />
            <line number="166" hits="1" branch="False" />
            <line number="167" hits="1" branch="False" />
            <line number="168" hits="1" branch="False" />
            <line number="169" hits="1" branch="False" />
          </lines>
        </class>
        <class name="LifeInsuranceApplicationTest.PolicyServiceTest/&lt;TestGetPolicyByIdException&gt;d__14" filename="Documents\celsior_training\day32\LifeInsuranceApplication\LifeInsuranceApplicationTest\PolicyServiceTest.cs" line-rate="1" branch-rate="1" complexity="1">
          <methods>
            <method name="MoveNext" signature="()" line-rate="1" branch-rate="1" complexity="1">
              <lines>
                <line number="172" hits="1" branch="False" />
                <line number="173" hits="1" branch="False" />
                <line number="176" hits="1" branch="False" />
              </lines>
            </method>
          </methods>
          <lines>
            <line number="172" hits="1" branch="False" />
            <line number="173" hits="1" branch="False" />
            <line number="176" hits="1" branch="False" />
          </lines>
        </class>
      </classes>
    </package>
  </packages>
</coverage>