TpTrace Verbose: 0 : 19308, 1, 2024/10/22, 17:06:00.279, 5453044690161, vstest.console.dll, Version: 17.11.1-release-24455-02 Current process architecture: X64
TpTrace Verbose: 0 : 19308, 1, 2024/10/22, 17:06:00.283, 5453044727975, vstest.console.dll, Runtime location: C:\Program Files\dotnet\shared\Microsoft.NETCore.App\8.0.10
TpTrace Verbose: 0 : 19308, 1, 2024/10/22, 17:06:00.289, 5453044789890, vstest.console.dll, ArtifactProcessingPostProcessModeProcessorExecutor.Initialize: ArtifactProcessingMode.Collect
TpTrace Verbose: 0 : 19308, 1, 2024/10/22, 17:06:00.289, 5453044792579, vstest.console.dll, TestSessionCorrelationIdProcessorModeProcessorExecutor.Initialize: TestSessionCorrelationId '18640_59fdffac-5aa3-46bb-bb64-bf1fc14ef49b'
TpTrace Information: 0 : 19308, 1, 2024/10/22, 17:06:00.303, 5453044931974, vstest.console.dll, FilePatternParser: The given file C:\Users\rohit.laishram.PYRAMIDINDIA\Documents\celsior_training\day29\WebAPIWithDatabase\WebAPIWithDatabaseTest\bin\Debug\net6.0\fine-code-coverage\build-output\WebAPIWithDatabaseTest.dll is a full path.
TpTrace Verbose: 0 : 19308, 1, 2024/10/22, 17:06:00.313, 5453045030880, vstest.console.dll, TestPluginCache.DiscoverTestExtensions: finding test extensions in assemblies ends with: RuntimeProvider.dll TPluginInfo: Microsoft.VisualStudio.TestPlatform.Common.ExtensionFramework.Utilities.TestRuntimePluginInformation TExtension: Microsoft.VisualStudio.TestPlatform.ObjectModel.Host.ITestRuntimeProvider
TpTrace Verbose: 0 : 19308, 1, 2024/10/22, 17:06:00.314, 5453045036213, vstest.console.dll, TestPluginCache.GetExtensionPaths: Filtered extension paths: 
TpTrace Verbose: 0 : 19308, 1, 2024/10/22, 17:06:00.314, 5453045038216, vstest.console.dll, TestPluginCache.GetExtensionPaths: Added default extension paths: C:\Program Files\dotnet\sdk\8.0.403\Extensions\Microsoft.Diagnostics.NETCore.Client.dll
C:\Program Files\dotnet\sdk\8.0.403\Extensions\Microsoft.TestPlatform.Extensions.BlameDataCollector.dll
C:\Program Files\dotnet\sdk\8.0.403\Extensions\Microsoft.TestPlatform.Extensions.EventLogCollector.dll
C:\Program Files\dotnet\sdk\8.0.403\Extensions\Microsoft.TestPlatform.TestHostRuntimeProvider.dll
C:\Program Files\dotnet\sdk\8.0.403\Extensions\Microsoft.VisualStudio.TestPlatform.Extensions.Html.TestLogger.dll
C:\Program Files\dotnet\sdk\8.0.403\Extensions\Microsoft.VisualStudio.TestPlatform.Extensions.Trx.TestLogger.dll
TpTrace Verbose: 0 : 19308, 1, 2024/10/22, 17:06:00.314, 5453045038867, vstest.console.dll, TestPluginCache.GetExtensionPaths: Added unfilterableExtensionPaths: 
TpTrace Information: 0 : 19308, 1, 2024/10/22, 17:06:00.315, 5453045047448, vstest.console.dll, AssemblyResolver.ctor: Creating AssemblyResolver with searchDirectories C:\Program Files\dotnet\sdk\8.0.403\Extensions,C:\Program Files\dotnet\sdk\8.0.403
TpTrace Verbose: 0 : 19308, 1, 2024/10/22, 17:06:00.319, 5453045092798, vstest.console.dll, TestPluginCache.DiscoverTestExtensions: Discovering the extensions using extension path.
TpTrace Verbose: 0 : 19308, 1, 2024/10/22, 17:06:00.320, 5453045095841, vstest.console.dll, TestPluginCache.GetExtensionPaths: Filtered extension paths: 
TpTrace Verbose: 0 : 19308, 1, 2024/10/22, 17:06:00.320, 5453045097011, vstest.console.dll, TestPluginCache.GetExtensionPaths: Added default extension paths: C:\Program Files\dotnet\sdk\8.0.403\Extensions\Microsoft.Diagnostics.NETCore.Client.dll
C:\Program Files\dotnet\sdk\8.0.403\Extensions\Microsoft.TestPlatform.Extensions.BlameDataCollector.dll
C:\Program Files\dotnet\sdk\8.0.403\Extensions\Microsoft.TestPlatform.Extensions.EventLogCollector.dll
C:\Program Files\dotnet\sdk\8.0.403\Extensions\Microsoft.TestPlatform.TestHostRuntimeProvider.dll
C:\Program Files\dotnet\sdk\8.0.403\Extensions\Microsoft.VisualStudio.TestPlatform.Extensions.Html.TestLogger.dll
C:\Program Files\dotnet\sdk\8.0.403\Extensions\Microsoft.VisualStudio.TestPlatform.Extensions.Trx.TestLogger.dll
TpTrace Verbose: 0 : 19308, 1, 2024/10/22, 17:06:00.320, 5453045097509, vstest.console.dll, TestPluginCache.GetExtensionPaths: Added unfilterableExtensionPaths: 
TpTrace Verbose: 0 : 19308, 1, 2024/10/22, 17:06:00.320, 5453045099133, vstest.console.dll, TestPluginCache.DiscoverTestExtensions: Discovering the extensions using allExtensionPaths: C:\Program Files\dotnet\sdk\8.0.403\Extensions\Microsoft.Diagnostics.NETCore.Client.dll
C:\Program Files\dotnet\sdk\8.0.403\Extensions\Microsoft.TestPlatform.Extensions.BlameDataCollector.dll
C:\Program Files\dotnet\sdk\8.0.403\Extensions\Microsoft.TestPlatform.Extensions.EventLogCollector.dll
C:\Program Files\dotnet\sdk\8.0.403\Extensions\Microsoft.TestPlatform.TestHostRuntimeProvider.dll
C:\Program Files\dotnet\sdk\8.0.403\Extensions\Microsoft.VisualStudio.TestPlatform.Extensions.Html.TestLogger.dll
C:\Program Files\dotnet\sdk\8.0.403\Extensions\Microsoft.VisualStudio.TestPlatform.Extensions.Trx.TestLogger.dll
TpTrace Information: 0 : 19308, 1, 2024/10/22, 17:06:00.320, 5453045100625, vstest.console.dll, AssemblyResolver.AddSearchDirectories: Adding more searchDirectories C:\Program Files\dotnet\sdk\8.0.403\Extensions,C:\Program Files\dotnet\sdk\8.0.403
TpTrace Information: 0 : 19308, 1, 2024/10/22, 17:06:00.320, 5453045101348, vstest.console.dll, AssemblyResolver.AddSearchDirectories: Adding more searchDirectories C:\Program Files\dotnet\sdk\8.0.403\Extensions,C:\Program Files\dotnet\sdk\8.0.403
TpTrace Information: 0 : 19308, 1, 2024/10/22, 17:06:00.320, 5453045101808, vstest.console.dll, AssemblyResolver.AddSearchDirectories: Adding more searchDirectories C:\Program Files\dotnet\sdk\8.0.403\Extensions,C:\Program Files\dotnet\sdk\8.0.403
TpTrace Information: 0 : 19308, 1, 2024/10/22, 17:06:00.320, 5453045102364, vstest.console.dll, AssemblyResolver.AddSearchDirectories: Adding more searchDirectories C:\Program Files\dotnet\sdk\8.0.403\Extensions,C:\Program Files\dotnet\sdk\8.0.403
TpTrace Information: 0 : 19308, 1, 2024/10/22, 17:06:00.320, 5453045102796, vstest.console.dll, AssemblyResolver.AddSearchDirectories: Adding more searchDirectories C:\Program Files\dotnet\sdk\8.0.403\Extensions,C:\Program Files\dotnet\sdk\8.0.403
TpTrace Information: 0 : 19308, 1, 2024/10/22, 17:06:00.320, 5453045103170, vstest.console.dll, AssemblyResolver.AddSearchDirectories: Adding more searchDirectories C:\Program Files\dotnet\sdk\8.0.403\Extensions,C:\Program Files\dotnet\sdk\8.0.403
TpTrace Information: 0 : 19308, 1, 2024/10/22, 17:06:00.321, 5453045109855, vstest.console.dll, AssemblyResolver.OnResolve: Microsoft.Diagnostics.NETCore.Client: Resolving assembly.
TpTrace Information: 0 : 19308, 1, 2024/10/22, 17:06:00.321, 5453045111179, vstest.console.dll, AssemblyResolver.OnResolve: Microsoft.Diagnostics.NETCore.Client: Searching in: 'C:\Program Files\dotnet\sdk\8.0.403\Extensions'.
TpTrace Information: 0 : 19308, 1, 2024/10/22, 17:06:00.338, 5453045277001, vstest.console.dll, AssemblyResolver.OnResolve: Microsoft.Diagnostics.NETCore.Client: Loading assembly 'C:\Program Files\dotnet\sdk\8.0.403\Extensions\Microsoft.Diagnostics.NETCore.Client.dll'.
TpTrace Information: 0 : 19308, 1, 2024/10/22, 17:06:00.376, 5453045657777, vstest.console.dll, AssemblyResolver.OnResolve: Resolved assembly: Microsoft.Diagnostics.NETCore.Client, from path: C:\Program Files\dotnet\sdk\8.0.403\Extensions\Microsoft.Diagnostics.NETCore.Client.dll
TpTrace Verbose: 0 : 19308, 1, 2024/10/22, 17:06:00.380, 5453045699542, vstest.console.dll, MetadataReaderExtensionsHelper: Discovering extensions inside assembly 'Microsoft.Diagnostics.NETCore.Client, Version=0.2.10.30701, Culture=neutral, PublicKeyToken=31bf3856ad364e35' file path 'C:\Program Files\dotnet\sdk\8.0.403\Extensions\Microsoft.Diagnostics.NETCore.Client.dll'
TpTrace Information: 0 : 19308, 1, 2024/10/22, 17:06:00.388, 5453045782721, vstest.console.dll, AssemblyResolver.OnResolve: Microsoft.Bcl.AsyncInterfaces: Resolving assembly.
TpTrace Information: 0 : 19308, 1, 2024/10/22, 17:06:00.388, 5453045783931, vstest.console.dll, AssemblyResolver.OnResolve: Microsoft.Bcl.AsyncInterfaces: Searching in: 'C:\Program Files\dotnet\sdk\8.0.403\Extensions'.
TpTrace Information: 0 : 19308, 1, 2024/10/22, 17:06:00.389, 5453045784710, vstest.console.dll, AssemblyResolver.OnResolve: Microsoft.Bcl.AsyncInterfaces: Assembly path does not exist: 'C:\Program Files\dotnet\sdk\8.0.403\Extensions\Microsoft.Bcl.AsyncInterfaces.dll', returning.
TpTrace Information: 0 : 19308, 1, 2024/10/22, 17:06:00.389, 5453045786135, vstest.console.dll, AssemblyResolver.OnResolve: Microsoft.Bcl.AsyncInterfaces: Assembly path does not exist: 'C:\Program Files\dotnet\sdk\8.0.403\Extensions\Microsoft.Bcl.AsyncInterfaces.exe', returning.
TpTrace Information: 0 : 19308, 1, 2024/10/22, 17:06:00.389, 5453045787114, vstest.console.dll, AssemblyResolver.OnResolve: Microsoft.Bcl.AsyncInterfaces: Searching in: 'C:\Program Files\dotnet\sdk\8.0.403'.
TpTrace Information: 0 : 19308, 1, 2024/10/22, 17:06:00.389, 5453045788906, vstest.console.dll, AssemblyResolver.OnResolve: Microsoft.Bcl.AsyncInterfaces: Assembly path does not exist: 'C:\Program Files\dotnet\sdk\8.0.403\Microsoft.Bcl.AsyncInterfaces.dll', returning.
TpTrace Information: 0 : 19308, 1, 2024/10/22, 17:06:00.389, 5453045789531, vstest.console.dll, AssemblyResolver.OnResolve: Microsoft.Bcl.AsyncInterfaces: Assembly path does not exist: 'C:\Program Files\dotnet\sdk\8.0.403\Microsoft.Bcl.AsyncInterfaces.exe', returning.
TpTrace Information: 0 : 19308, 1, 2024/10/22, 17:06:00.389, 5453045790316, vstest.console.dll, AssemblyResolver.OnResolve: Microsoft.Bcl.AsyncInterfaces: Failed to load assembly.
TpTrace Verbose: 0 : 19308, 1, 2024/10/22, 17:06:00.389, 5453045790967, vstest.console.dll, CurrentDomainAssemblyResolve: Resolving assembly 'Microsoft.Bcl.AsyncInterfaces'.
TpTrace Information: 0 : 19308, 1, 2024/10/22, 17:06:00.389, 5453045792092, vstest.console.dll, AssemblyResolver.OnResolve: Microsoft.Bcl.AsyncInterfaces: Resolving assembly.
TpTrace Information: 0 : 19308, 1, 2024/10/22, 17:06:00.389, 5453045792775, vstest.console.dll, AssemblyResolver.OnResolve: Microsoft.Bcl.AsyncInterfaces: Resolved from cache.
TpTrace Verbose: 0 : 19308, 1, 2024/10/22, 17:06:00.389, 5453045793755, vstest.console.dll, CurrentDomainAssemblyResolve: Resolving assembly 'Microsoft.Bcl.AsyncInterfaces'.
TpTrace Verbose: 0 : 19308, 1, 2024/10/22, 17:06:00.390, 5453045794414, vstest.console.dll, CurrentDomainAssemblyResolve: Failed to resolve assembly 'Microsoft.Bcl.AsyncInterfaces'.
TpTrace Verbose: 0 : 19308, 1, 2024/10/22, 17:06:00.391, 5453045811847, vstest.console.dll, CurrentDomainAssemblyResolve: Failed to resolve assembly 'Microsoft.Bcl.AsyncInterfaces'.
TpTrace Warning: 0 : 19308, 1, 2024/10/22, 17:06:00.410, 5453045998567, vstest.console.dll, TestPluginDiscoverer: Failed to get types from assembly 'Microsoft.Diagnostics.NETCore.Client, Version=0.2.10.30701, Culture=neutral, PublicKeyToken=31bf3856ad364e35'. Error: System.Reflection.ReflectionTypeLoadException: Unable to load one or more of the requested types.
Could not load file or assembly 'Microsoft.Bcl.AsyncInterfaces, Version=6.0.0.0, Culture=neutral, PublicKeyToken=cc7b13ffcd2ddd51'. The system cannot find the file specified.
   at System.Reflection.RuntimeModule.GetTypes(RuntimeModule module)
   at System.Reflection.RuntimeModule.GetTypes()
   at Microsoft.VisualStudio.TestPlatform.Common.ExtensionFramework.TestPluginDiscoverer.GetTestExtensionsFromAssembly[TPluginInfo,TExtension](Assembly assembly, Dictionary`2 pluginInfos, String filePath) in /_/src/Microsoft.TestPlatform.Common/ExtensionFramework/TestPluginDiscoverer.cs:line 158
System.IO.FileNotFoundException: Could not load file or assembly 'Microsoft.Bcl.AsyncInterfaces, Version=6.0.0.0, Culture=neutral, PublicKeyToken=cc7b13ffcd2ddd51'. The system cannot find the file specified.
File name: 'Microsoft.Bcl.AsyncInterfaces, Version=6.0.0.0, Culture=neutral, PublicKeyToken=cc7b13ffcd2ddd51'
 ---> System.IO.FileNotFoundException: Could not load file or assembly 'Microsoft.Bcl.AsyncInterfaces, Culture=neutral, PublicKeyToken=null'. The system cannot find the file specified.
File name: 'Microsoft.Bcl.AsyncInterfaces, Culture=neutral, PublicKeyToken=null'
   at System.Reflection.RuntimeAssembly.InternalLoad(AssemblyName assemblyName, StackCrawlMark& stackMark, AssemblyLoadContext assemblyLoadContext, RuntimeAssembly requestingAssembly, Boolean throwOnFileNotFound)
   at System.Reflection.Assembly.Load(AssemblyName assemblyRef)
   at Microsoft.VisualStudio.TestPlatform.Common.ExtensionFramework.TestPluginCache.CurrentDomainAssemblyResolve(Object sender, AssemblyResolveEventArgs args) in /_/src/Microsoft.TestPlatform.Common/ExtensionFramework/TestPluginCache.cs:line 513
   at System.Runtime.Loader.AssemblyLoadContext.GetFirstResolvedAssemblyFromResolvingEvent(AssemblyName assemblyName)
   at System.Runtime.Loader.AssemblyLoadContext.ResolveUsingEvent(AssemblyName assemblyName)
   at System.Runtime.Loader.AssemblyLoadContext.ResolveUsingResolvingEvent(IntPtr gchManagedAssemblyLoadContext, AssemblyName assemblyName)
TpTrace Warning: 0 : 19308, 1, 2024/10/22, 17:06:00.411, 5453046005426, vstest.console.dll, LoaderExceptions: System.IO.FileNotFoundException: Could not load file or assembly 'Microsoft.Bcl.AsyncInterfaces, Version=6.0.0.0, Culture=neutral, PublicKeyToken=cc7b13ffcd2ddd51'. The system cannot find the file specified.
File name: 'Microsoft.Bcl.AsyncInterfaces, Version=6.0.0.0, Culture=neutral, PublicKeyToken=cc7b13ffcd2ddd51'
 ---> System.IO.FileNotFoundException: Could not load file or assembly 'Microsoft.Bcl.AsyncInterfaces, Culture=neutral, PublicKeyToken=null'. The system cannot find the file specified.
File name: 'Microsoft.Bcl.AsyncInterfaces, Culture=neutral, PublicKeyToken=null'
   at System.Reflection.RuntimeAssembly.InternalLoad(AssemblyName assemblyName, StackCrawlMark& stackMark, AssemblyLoadContext assemblyLoadContext, RuntimeAssembly requestingAssembly, Boolean throwOnFileNotFound)
   at System.Reflection.Assembly.Load(AssemblyName assemblyRef)
   at Microsoft.VisualStudio.TestPlatform.Common.ExtensionFramework.TestPluginCache.CurrentDomainAssemblyResolve(Object sender, AssemblyResolveEventArgs args) in /_/src/Microsoft.TestPlatform.Common/ExtensionFramework/TestPluginCache.cs:line 513
   at System.Runtime.Loader.AssemblyLoadContext.GetFirstResolvedAssemblyFromResolvingEvent(AssemblyName assemblyName)
   at System.Runtime.Loader.AssemblyLoadContext.ResolveUsingEvent(AssemblyName assemblyName)
   at System.Runtime.Loader.AssemblyLoadContext.ResolveUsingResolvingEvent(IntPtr gchManagedAssemblyLoadContext, AssemblyName assemblyName)
TpTrace Information: 0 : 19308, 1, 2024/10/22, 17:06:00.411, 5453046007735, vstest.console.dll, AssemblyResolver.OnResolve: Microsoft.TestPlatform.Extensions.BlameDataCollector: Resolving assembly.
TpTrace Information: 0 : 19308, 1, 2024/10/22, 17:06:00.411, 5453046009823, vstest.console.dll, AssemblyResolver.OnResolve: Microsoft.TestPlatform.Extensions.BlameDataCollector: Searching in: 'C:\Program Files\dotnet\sdk\8.0.403\Extensions'.
TpTrace Information: 0 : 19308, 1, 2024/10/22, 17:06:00.412, 5453046022237, vstest.console.dll, AssemblyResolver.OnResolve: Microsoft.TestPlatform.Extensions.BlameDataCollector: Loading assembly 'C:\Program Files\dotnet\sdk\8.0.403\Extensions\Microsoft.TestPlatform.Extensions.BlameDataCollector.dll'.
TpTrace Information: 0 : 19308, 1, 2024/10/22, 17:06:00.414, 5453046042321, vstest.console.dll, AssemblyResolver.OnResolve: Resolved assembly: Microsoft.TestPlatform.Extensions.BlameDataCollector, from path: C:\Program Files\dotnet\sdk\8.0.403\Extensions\Microsoft.TestPlatform.Extensions.BlameDataCollector.dll
TpTrace Verbose: 0 : 19308, 1, 2024/10/22, 17:06:00.414, 5453046044106, vstest.console.dll, MetadataReaderExtensionsHelper: Discovering extensions inside assembly 'Microsoft.TestPlatform.Extensions.BlameDataCollector, Version=15.0.0.0, Culture=neutral, PublicKeyToken=b03f5f7f11d50a3a' file path 'C:\Program Files\dotnet\sdk\8.0.403\Extensions\Microsoft.TestPlatform.Extensions.BlameDataCollector.dll'
TpTrace Information: 0 : 19308, 1, 2024/10/22, 17:06:00.420, 5453046098365, vstest.console.dll, AssemblyResolver.OnResolve: Microsoft.TestPlatform.Extensions.EventLogCollector: Resolving assembly.
TpTrace Information: 0 : 19308, 1, 2024/10/22, 17:06:00.420, 5453046100062, vstest.console.dll, AssemblyResolver.OnResolve: Microsoft.TestPlatform.Extensions.EventLogCollector: Searching in: 'C:\Program Files\dotnet\sdk\8.0.403\Extensions'.
TpTrace Information: 0 : 19308, 1, 2024/10/22, 17:06:00.443, 5453046331362, vstest.console.dll, AssemblyResolver.OnResolve: Microsoft.TestPlatform.Extensions.EventLogCollector: Loading assembly 'C:\Program Files\dotnet\sdk\8.0.403\Extensions\Microsoft.TestPlatform.Extensions.EventLogCollector.dll'.
TpTrace Information: 0 : 19308, 1, 2024/10/22, 17:06:00.445, 5453046352728, vstest.console.dll, AssemblyResolver.OnResolve: Resolved assembly: Microsoft.TestPlatform.Extensions.EventLogCollector, from path: C:\Program Files\dotnet\sdk\8.0.403\Extensions\Microsoft.TestPlatform.Extensions.EventLogCollector.dll
TpTrace Verbose: 0 : 19308, 1, 2024/10/22, 17:06:00.445, 5453046353641, vstest.console.dll, MetadataReaderExtensionsHelper: Discovering extensions inside assembly 'Microsoft.TestPlatform.Extensions.EventLogCollector, Version=15.0.0.0, Culture=neutral, PublicKeyToken=b03f5f7f11d50a3a' file path 'C:\Program Files\dotnet\sdk\8.0.403\Extensions\Microsoft.TestPlatform.Extensions.EventLogCollector.dll'
TpTrace Information: 0 : 19308, 1, 2024/10/22, 17:06:00.480, 5453046696898, vstest.console.dll, AssemblyResolver.OnResolve: Microsoft.TestPlatform.TestHostRuntimeProvider: Resolving assembly.
TpTrace Information: 0 : 19308, 1, 2024/10/22, 17:06:00.480, 5453046698021, vstest.console.dll, AssemblyResolver.OnResolve: Microsoft.TestPlatform.TestHostRuntimeProvider: Searching in: 'C:\Program Files\dotnet\sdk\8.0.403\Extensions'.
TpTrace Information: 0 : 19308, 1, 2024/10/22, 17:06:00.482, 5453046717911, vstest.console.dll, AssemblyResolver.OnResolve: Microsoft.TestPlatform.TestHostRuntimeProvider: Loading assembly 'C:\Program Files\dotnet\sdk\8.0.403\Extensions\Microsoft.TestPlatform.TestHostRuntimeProvider.dll'.
TpTrace Information: 0 : 19308, 1, 2024/10/22, 17:06:00.484, 5453046735681, vstest.console.dll, AssemblyResolver.OnResolve: Resolved assembly: Microsoft.TestPlatform.TestHostRuntimeProvider, from path: C:\Program Files\dotnet\sdk\8.0.403\Extensions\Microsoft.TestPlatform.TestHostRuntimeProvider.dll
TpTrace Verbose: 0 : 19308, 1, 2024/10/22, 17:06:00.484, 5453046737355, vstest.console.dll, MetadataReaderExtensionsHelper: Discovering extensions inside assembly 'Microsoft.TestPlatform.TestHostRuntimeProvider, Version=15.0.0.0, Culture=neutral, PublicKeyToken=b03f5f7f11d50a3a' file path 'C:\Program Files\dotnet\sdk\8.0.403\Extensions\Microsoft.TestPlatform.TestHostRuntimeProvider.dll'
TpTrace Information: 0 : 19308, 1, 2024/10/22, 17:06:00.488, 5453046776926, vstest.console.dll, GetTestExtensionFromType: Register extension with identifier data 'HostProvider://DefaultTestHost' and type 'Microsoft.VisualStudio.TestPlatform.CrossPlatEngine.Hosting.DefaultTestHostManager, Microsoft.TestPlatform.TestHostRuntimeProvider, Version=15.0.0.0, Culture=neutral, PublicKeyToken=b03f5f7f11d50a3a' inside file 'C:\Program Files\dotnet\sdk\8.0.403\Extensions\Microsoft.TestPlatform.TestHostRuntimeProvider.dll'
TpTrace Information: 0 : 19308, 1, 2024/10/22, 17:06:00.488, 5453046780319, vstest.console.dll, GetTestExtensionFromType: Register extension with identifier data 'HostProvider://DotnetTestHost' and type 'Microsoft.VisualStudio.TestPlatform.CrossPlatEngine.Hosting.DotnetTestHostManager, Microsoft.TestPlatform.TestHostRuntimeProvider, Version=15.0.0.0, Culture=neutral, PublicKeyToken=b03f5f7f11d50a3a' inside file 'C:\Program Files\dotnet\sdk\8.0.403\Extensions\Microsoft.TestPlatform.TestHostRuntimeProvider.dll'
TpTrace Information: 0 : 19308, 1, 2024/10/22, 17:06:00.488, 5453046781754, vstest.console.dll, AssemblyResolver.OnResolve: Microsoft.VisualStudio.TestPlatform.Extensions.Html.TestLogger: Resolving assembly.
TpTrace Information: 0 : 19308, 1, 2024/10/22, 17:06:00.488, 5453046782334, vstest.console.dll, AssemblyResolver.OnResolve: Microsoft.VisualStudio.TestPlatform.Extensions.Html.TestLogger: Searching in: 'C:\Program Files\dotnet\sdk\8.0.403\Extensions'.
TpTrace Information: 0 : 19308, 1, 2024/10/22, 17:06:00.489, 5453046794245, vstest.console.dll, AssemblyResolver.OnResolve: Microsoft.VisualStudio.TestPlatform.Extensions.Html.TestLogger: Loading assembly 'C:\Program Files\dotnet\sdk\8.0.403\Extensions\Microsoft.VisualStudio.TestPlatform.Extensions.Html.TestLogger.dll'.
TpTrace Information: 0 : 19308, 1, 2024/10/22, 17:06:00.492, 5453046815470, vstest.console.dll, AssemblyResolver.OnResolve: Resolved assembly: Microsoft.VisualStudio.TestPlatform.Extensions.Html.TestLogger, from path: C:\Program Files\dotnet\sdk\8.0.403\Extensions\Microsoft.VisualStudio.TestPlatform.Extensions.Html.TestLogger.dll
TpTrace Verbose: 0 : 19308, 1, 2024/10/22, 17:06:00.492, 5453046817435, vstest.console.dll, MetadataReaderExtensionsHelper: Discovering extensions inside assembly 'Microsoft.VisualStudio.TestPlatform.Extensions.Html.TestLogger, Version=15.0.0.0, Culture=neutral, PublicKeyToken=b03f5f7f11d50a3a' file path 'C:\Program Files\dotnet\sdk\8.0.403\Extensions\Microsoft.VisualStudio.TestPlatform.Extensions.Html.TestLogger.dll'
TpTrace Information: 0 : 19308, 1, 2024/10/22, 17:06:00.494, 5453046837521, vstest.console.dll, AssemblyResolver.OnResolve: Microsoft.VisualStudio.TestPlatform.Extensions.Trx.TestLogger: Resolving assembly.
TpTrace Information: 0 : 19308, 1, 2024/10/22, 17:06:00.494, 5453046838999, vstest.console.dll, AssemblyResolver.OnResolve: Microsoft.VisualStudio.TestPlatform.Extensions.Trx.TestLogger: Searching in: 'C:\Program Files\dotnet\sdk\8.0.403\Extensions'.
TpTrace Information: 0 : 19308, 1, 2024/10/22, 17:06:00.495, 5453046848820, vstest.console.dll, AssemblyResolver.OnResolve: Microsoft.VisualStudio.TestPlatform.Extensions.Trx.TestLogger: Loading assembly 'C:\Program Files\dotnet\sdk\8.0.403\Extensions\Microsoft.VisualStudio.TestPlatform.Extensions.Trx.TestLogger.dll'.
TpTrace Information: 0 : 19308, 1, 2024/10/22, 17:06:00.497, 5453046865941, vstest.console.dll, AssemblyResolver.OnResolve: Resolved assembly: Microsoft.VisualStudio.TestPlatform.Extensions.Trx.TestLogger, from path: C:\Program Files\dotnet\sdk\8.0.403\Extensions\Microsoft.VisualStudio.TestPlatform.Extensions.Trx.TestLogger.dll
TpTrace Verbose: 0 : 19308, 1, 2024/10/22, 17:06:00.497, 5453046867599, vstest.console.dll, MetadataReaderExtensionsHelper: Discovering extensions inside assembly 'Microsoft.VisualStudio.TestPlatform.Extensions.Trx.TestLogger, Version=15.0.0.0, Culture=neutral, PublicKeyToken=b03f5f7f11d50a3a' file path 'C:\Program Files\dotnet\sdk\8.0.403\Extensions\Microsoft.VisualStudio.TestPlatform.Extensions.Trx.TestLogger.dll'
TpTrace Verbose: 0 : 19308, 1, 2024/10/22, 17:06:00.499, 5453046893490, vstest.console.dll, TestPluginCache: Discovered the extensions using extension path ''.
TpTrace Verbose: 0 : 19308, 1, 2024/10/22, 17:06:00.500, 5453046895664, vstest.console.dll, TestPluginCache: Discoverers are ''.
TpTrace Verbose: 0 : 19308, 1, 2024/10/22, 17:06:00.500, 5453046896306, vstest.console.dll, TestPluginCache: Executors are ''.
TpTrace Verbose: 0 : 19308, 1, 2024/10/22, 17:06:00.500, 5453046896775, vstest.console.dll, TestPluginCache: Executors2 are ''.
TpTrace Verbose: 0 : 19308, 1, 2024/10/22, 17:06:00.500, 5453046897196, vstest.console.dll, TestPluginCache: Setting providers are ''.
TpTrace Verbose: 0 : 19308, 1, 2024/10/22, 17:06:00.500, 5453046897608, vstest.console.dll, TestPluginCache: Loggers are ''.
TpTrace Verbose: 0 : 19308, 1, 2024/10/22, 17:06:00.500, 5453046900257, vstest.console.dll, TestPluginCache: TestHosts are 'HostProvider://DefaultTestHost,HostProvider://DotnetTestHost'.
TpTrace Verbose: 0 : 19308, 1, 2024/10/22, 17:06:00.500, 5453046901076, vstest.console.dll, TestPluginCache: DataCollectors are ''.
TpTrace Information: 0 : 19308, 1, 2024/10/22, 17:06:00.551, 5453047411829, vstest.console.dll, RunTestsArgumentProcessor:Execute: Test run is starting.
TpTrace Verbose: 0 : 19308, 1, 2024/10/22, 17:06:00.551, 5453047412965, vstest.console.dll, RunTestsArgumentProcessor:Execute: Queuing Test run.
TpTrace Information: 0 : 19308, 1, 2024/10/22, 17:06:00.552, 5453047416516, vstest.console.dll, TestRequestManager.RunTests: run tests started.
TpTrace Information: 0 : 19308, 1, 2024/10/22, 17:06:00.712, 5453049017019, vstest.console.dll, AssemblyMetadataProvider.GetFrameworkName: Determined framework:'.NETCoreApp,Version=v6.0' for source: 'C:\Users\rohit.laishram.PYRAMIDINDIA\Documents\celsior_training\day29\WebAPIWithDatabase\WebAPIWithDatabaseTest\bin\Debug\net6.0\fine-code-coverage\build-output\WebAPIWithDatabaseTest.dll'
TpTrace Information: 0 : 19308, 1, 2024/10/22, 17:06:00.712, 5453049020431, vstest.console.dll, Determined framework for all sources: .NETCoreApp,Version=v6.0
TpTrace Verbose: 0 : 19308, 1, 2024/10/22, 17:06:00.713, 5453049024817, vstest.console.dll, TestRequestManager.UpdateRunSettingsIfRequired: Default architecture: X64 IsDefaultTargetArchitecture: True, Current process architecture: X64 OperatingSystem: Windows.
TpTrace Information: 0 : 19308, 1, 2024/10/22, 17:06:00.717, 5453049071052, vstest.console.dll, AssemblyMetadataProvider.GetArchitecture: Determined architecture:AnyCPU info for assembly: C:\Users\rohit.laishram.PYRAMIDINDIA\Documents\celsior_training\day29\WebAPIWithDatabase\WebAPIWithDatabaseTest\bin\Debug\net6.0\fine-code-coverage\build-output\WebAPIWithDatabaseTest.dll
TpTrace Information: 0 : 19308, 1, 2024/10/22, 17:06:00.717, 5453049072254, vstest.console.dll, Determined platform for source 'C:\Users\rohit.laishram.PYRAMIDINDIA\Documents\celsior_training\day29\WebAPIWithDatabase\WebAPIWithDatabaseTest\bin\Debug\net6.0\fine-code-coverage\build-output\WebAPIWithDatabaseTest.dll' was AnyCPU and it will use the default plaform X64.
TpTrace Information: 0 : 19308, 1, 2024/10/22, 17:06:00.717, 5453049072735, vstest.console.dll, None of the sources provided any runnable platform, using the default platform: X64
TpTrace Information: 0 : 19308, 1, 2024/10/22, 17:06:00.717, 5453049073906, vstest.console.dll, Platform was updated to 'X64'.
TpTrace Information: 0 : 19308, 1, 2024/10/22, 17:06:00.721, 5453049106023, vstest.console.dll, InferRunSettingsHelper.IsTestSettingsEnabled: Unable to navigate to RunSettings/MSTest. Current node: RunSettings
TpTrace Information: 0 : 19308, 1, 2024/10/22, 17:06:00.721, 5453049113040, vstest.console.dll, AssemblyResolver.OnResolve: Microsoft.VisualStudio.TestPlatform.Fakes: Resolving assembly.
TpTrace Information: 0 : 19308, 1, 2024/10/22, 17:06:00.721, 5453049113960, vstest.console.dll, AssemblyResolver.OnResolve: Microsoft.VisualStudio.TestPlatform.Fakes: Searching in: 'C:\Program Files\dotnet\sdk\8.0.403\Extensions'.
TpTrace Information: 0 : 19308, 1, 2024/10/22, 17:06:00.722, 5453049114974, vstest.console.dll, AssemblyResolver.OnResolve: Microsoft.VisualStudio.TestPlatform.Fakes: Assembly path does not exist: 'C:\Program Files\dotnet\sdk\8.0.403\Extensions\Microsoft.VisualStudio.TestPlatform.Fakes.dll', returning.
TpTrace Information: 0 : 19308, 1, 2024/10/22, 17:06:00.722, 5453049115551, vstest.console.dll, AssemblyResolver.OnResolve: Microsoft.VisualStudio.TestPlatform.Fakes: Assembly path does not exist: 'C:\Program Files\dotnet\sdk\8.0.403\Extensions\Microsoft.VisualStudio.TestPlatform.Fakes.exe', returning.
TpTrace Information: 0 : 19308, 1, 2024/10/22, 17:06:00.722, 5453049115837, vstest.console.dll, AssemblyResolver.OnResolve: Microsoft.VisualStudio.TestPlatform.Fakes: Searching in: 'C:\Program Files\dotnet\sdk\8.0.403'.
TpTrace Information: 0 : 19308, 1, 2024/10/22, 17:06:00.722, 5453049116340, vstest.console.dll, AssemblyResolver.OnResolve: Microsoft.VisualStudio.TestPlatform.Fakes: Assembly path does not exist: 'C:\Program Files\dotnet\sdk\8.0.403\Microsoft.VisualStudio.TestPlatform.Fakes.dll', returning.
TpTrace Information: 0 : 19308, 1, 2024/10/22, 17:06:00.722, 5453049116769, vstest.console.dll, AssemblyResolver.OnResolve: Microsoft.VisualStudio.TestPlatform.Fakes: Assembly path does not exist: 'C:\Program Files\dotnet\sdk\8.0.403\Microsoft.VisualStudio.TestPlatform.Fakes.exe', returning.
TpTrace Information: 0 : 19308, 1, 2024/10/22, 17:06:00.722, 5453049117044, vstest.console.dll, AssemblyResolver.OnResolve: Microsoft.VisualStudio.TestPlatform.Fakes: Failed to load assembly.
TpTrace Information: 0 : 19308, 1, 2024/10/22, 17:06:00.722, 5453049119557, vstest.console.dll, Failed to load assembly Microsoft.VisualStudio.TestPlatform.Fakes, Version=17.0.0.0, Culture=neutral. Reason:System.IO.FileNotFoundException: Could not load file or assembly 'Microsoft.VisualStudio.TestPlatform.Fakes, Version=17.0.0.0, Culture=neutral, PublicKeyToken=null'. The system cannot find the file specified.
File name: 'Microsoft.VisualStudio.TestPlatform.Fakes, Version=17.0.0.0, Culture=neutral, PublicKeyToken=null'
   at System.Reflection.RuntimeAssembly.InternalLoad(AssemblyName assemblyName, StackCrawlMark& stackMark, AssemblyLoadContext assemblyLoadContext, RuntimeAssembly requestingAssembly, Boolean throwOnFileNotFound)
   at System.Reflection.Assembly.Load(AssemblyName assemblyRef)
   at Microsoft.VisualStudio.TestPlatform.Common.Utilities.FakesUtilities.LoadTestPlatformAssembly() in /_/src/Microsoft.TestPlatform.Common/Utilities/FakesUtilities.cs:line 272
TpTrace Verbose: 0 : 19308, 1, 2024/10/22, 17:06:00.725, 5453049151589, vstest.console.dll, TestPluginCache.DiscoverTestExtensions: finding test extensions in assemblies ends with: TestLogger.dll TPluginInfo: Microsoft.VisualStudio.TestPlatform.Common.ExtensionFramework.Utilities.TestLoggerPluginInformation TExtension: Microsoft.VisualStudio.TestPlatform.ObjectModel.Client.ITestLogger
TpTrace Verbose: 0 : 19308, 1, 2024/10/22, 17:06:00.725, 5453049152982, vstest.console.dll, TestPluginCache.GetExtensionPaths: Filtered extension paths: 
TpTrace Verbose: 0 : 19308, 1, 2024/10/22, 17:06:00.725, 5453049153340, vstest.console.dll, TestPluginCache.GetExtensionPaths: Added default extension paths: C:\Program Files\dotnet\sdk\8.0.403\Extensions\Microsoft.Diagnostics.NETCore.Client.dll
C:\Program Files\dotnet\sdk\8.0.403\Extensions\Microsoft.TestPlatform.Extensions.BlameDataCollector.dll
C:\Program Files\dotnet\sdk\8.0.403\Extensions\Microsoft.TestPlatform.Extensions.EventLogCollector.dll
C:\Program Files\dotnet\sdk\8.0.403\Extensions\Microsoft.TestPlatform.TestHostRuntimeProvider.dll
C:\Program Files\dotnet\sdk\8.0.403\Extensions\Microsoft.VisualStudio.TestPlatform.Extensions.Html.TestLogger.dll
C:\Program Files\dotnet\sdk\8.0.403\Extensions\Microsoft.VisualStudio.TestPlatform.Extensions.Trx.TestLogger.dll
TpTrace Verbose: 0 : 19308, 1, 2024/10/22, 17:06:00.725, 5453049153635, vstest.console.dll, TestPluginCache.GetExtensionPaths: Added unfilterableExtensionPaths: 
TpTrace Information: 0 : 19308, 1, 2024/10/22, 17:06:00.726, 5453049154733, vstest.console.dll, AssemblyResolver.AddSearchDirectories: Adding more searchDirectories C:\Program Files\dotnet\sdk\8.0.403\Extensions,C:\Program Files\dotnet\sdk\8.0.403
TpTrace Verbose: 0 : 19308, 1, 2024/10/22, 17:06:00.726, 5453049155114, vstest.console.dll, TestPluginCache.DiscoverTestExtensions: Discovering the extensions using extension path.
TpTrace Verbose: 0 : 19308, 1, 2024/10/22, 17:06:00.726, 5453049155431, vstest.console.dll, TestPluginCache.GetExtensionPaths: Filtered extension paths: 
TpTrace Verbose: 0 : 19308, 1, 2024/10/22, 17:06:00.726, 5453049155794, vstest.console.dll, TestPluginCache.GetExtensionPaths: Added default extension paths: C:\Program Files\dotnet\sdk\8.0.403\Extensions\Microsoft.Diagnostics.NETCore.Client.dll
C:\Program Files\dotnet\sdk\8.0.403\Extensions\Microsoft.TestPlatform.Extensions.BlameDataCollector.dll
C:\Program Files\dotnet\sdk\8.0.403\Extensions\Microsoft.TestPlatform.Extensions.EventLogCollector.dll
C:\Program Files\dotnet\sdk\8.0.403\Extensions\Microsoft.TestPlatform.TestHostRuntimeProvider.dll
C:\Program Files\dotnet\sdk\8.0.403\Extensions\Microsoft.VisualStudio.TestPlatform.Extensions.Html.TestLogger.dll
C:\Program Files\dotnet\sdk\8.0.403\Extensions\Microsoft.VisualStudio.TestPlatform.Extensions.Trx.TestLogger.dll
TpTrace Verbose: 0 : 19308, 1, 2024/10/22, 17:06:00.726, 5453049156085, vstest.console.dll, TestPluginCache.GetExtensionPaths: Added unfilterableExtensionPaths: 
TpTrace Verbose: 0 : 19308, 1, 2024/10/22, 17:06:00.726, 5453049156952, vstest.console.dll, TestPluginCache.DiscoverTestExtensions: Discovering the extensions using allExtensionPaths: C:\Program Files\dotnet\sdk\8.0.403\Extensions\Microsoft.Diagnostics.NETCore.Client.dll
C:\Program Files\dotnet\sdk\8.0.403\Extensions\Microsoft.TestPlatform.Extensions.BlameDataCollector.dll
C:\Program Files\dotnet\sdk\8.0.403\Extensions\Microsoft.TestPlatform.Extensions.EventLogCollector.dll
C:\Program Files\dotnet\sdk\8.0.403\Extensions\Microsoft.TestPlatform.TestHostRuntimeProvider.dll
C:\Program Files\dotnet\sdk\8.0.403\Extensions\Microsoft.VisualStudio.TestPlatform.Extensions.Html.TestLogger.dll
C:\Program Files\dotnet\sdk\8.0.403\Extensions\Microsoft.VisualStudio.TestPlatform.Extensions.Trx.TestLogger.dll
TpTrace Information: 0 : 19308, 1, 2024/10/22, 17:06:00.726, 5453049157356, vstest.console.dll, AssemblyResolver.AddSearchDirectories: Adding more searchDirectories C:\Program Files\dotnet\sdk\8.0.403\Extensions,C:\Program Files\dotnet\sdk\8.0.403
TpTrace Information: 0 : 19308, 1, 2024/10/22, 17:06:00.726, 5453049157694, vstest.console.dll, AssemblyResolver.AddSearchDirectories: Adding more searchDirectories C:\Program Files\dotnet\sdk\8.0.403\Extensions,C:\Program Files\dotnet\sdk\8.0.403
TpTrace Information: 0 : 19308, 1, 2024/10/22, 17:06:00.726, 5453049157969, vstest.console.dll, AssemblyResolver.AddSearchDirectories: Adding more searchDirectories C:\Program Files\dotnet\sdk\8.0.403\Extensions,C:\Program Files\dotnet\sdk\8.0.403
TpTrace Information: 0 : 19308, 1, 2024/10/22, 17:06:00.726, 5453049158245, vstest.console.dll, AssemblyResolver.AddSearchDirectories: Adding more searchDirectories C:\Program Files\dotnet\sdk\8.0.403\Extensions,C:\Program Files\dotnet\sdk\8.0.403
TpTrace Information: 0 : 19308, 1, 2024/10/22, 17:06:00.726, 5453049158565, vstest.console.dll, AssemblyResolver.AddSearchDirectories: Adding more searchDirectories C:\Program Files\dotnet\sdk\8.0.403\Extensions,C:\Program Files\dotnet\sdk\8.0.403
TpTrace Information: 0 : 19308, 1, 2024/10/22, 17:06:00.726, 5453049158837, vstest.console.dll, AssemblyResolver.AddSearchDirectories: Adding more searchDirectories C:\Program Files\dotnet\sdk\8.0.403\Extensions,C:\Program Files\dotnet\sdk\8.0.403
TpTrace Verbose: 0 : 19308, 1, 2024/10/22, 17:06:00.726, 5453049160068, vstest.console.dll, MetadataReaderExtensionsHelper: Discovering extensions inside assembly 'Microsoft.Diagnostics.NETCore.Client, Version=0.2.10.30701, Culture=neutral, PublicKeyToken=31bf3856ad364e35' file path 'C:\Program Files\dotnet\sdk\8.0.403\Extensions\Microsoft.Diagnostics.NETCore.Client.dll'
TpTrace Information: 0 : 19308, 1, 2024/10/22, 17:06:00.768, 5453049574463, vstest.console.dll, AssemblyResolver.OnResolve: Microsoft.Bcl.AsyncInterfaces: Resolving assembly.
TpTrace Information: 0 : 19308, 1, 2024/10/22, 17:06:00.768, 5453049575558, vstest.console.dll, AssemblyResolver.OnResolve: Microsoft.Bcl.AsyncInterfaces: Resolved from cache.
TpTrace Verbose: 0 : 19308, 1, 2024/10/22, 17:06:00.768, 5453049576004, vstest.console.dll, CurrentDomainAssemblyResolve: Resolving assembly 'Microsoft.Bcl.AsyncInterfaces'.
TpTrace Information: 0 : 19308, 1, 2024/10/22, 17:06:00.768, 5453049576488, vstest.console.dll, AssemblyResolver.OnResolve: Microsoft.Bcl.AsyncInterfaces: Resolving assembly.
TpTrace Information: 0 : 19308, 1, 2024/10/22, 17:06:00.768, 5453049576762, vstest.console.dll, AssemblyResolver.OnResolve: Microsoft.Bcl.AsyncInterfaces: Resolved from cache.
TpTrace Verbose: 0 : 19308, 1, 2024/10/22, 17:06:00.768, 5453049577028, vstest.console.dll, CurrentDomainAssemblyResolve: Resolving assembly 'Microsoft.Bcl.AsyncInterfaces'.
TpTrace Verbose: 0 : 19308, 1, 2024/10/22, 17:06:00.768, 5453049577291, vstest.console.dll, CurrentDomainAssemblyResolve: Failed to resolve assembly 'Microsoft.Bcl.AsyncInterfaces'.
TpTrace Verbose: 0 : 19308, 1, 2024/10/22, 17:06:00.768, 5453049578606, vstest.console.dll, CurrentDomainAssemblyResolve: Failed to resolve assembly 'Microsoft.Bcl.AsyncInterfaces'.
TpTrace Warning: 0 : 19308, 1, 2024/10/22, 17:06:00.768, 5453049581328, vstest.console.dll, TestPluginDiscoverer: Failed to get types from assembly 'Microsoft.Diagnostics.NETCore.Client, Version=0.2.10.30701, Culture=neutral, PublicKeyToken=31bf3856ad364e35'. Error: System.Reflection.ReflectionTypeLoadException: Unable to load one or more of the requested types.
Could not load file or assembly 'Microsoft.Bcl.AsyncInterfaces, Version=6.0.0.0, Culture=neutral, PublicKeyToken=cc7b13ffcd2ddd51'. The system cannot find the file specified.
   at System.Reflection.RuntimeModule.GetTypes(RuntimeModule module)
   at System.Reflection.RuntimeModule.GetTypes()
   at Microsoft.VisualStudio.TestPlatform.Common.ExtensionFramework.TestPluginDiscoverer.GetTestExtensionsFromAssembly[TPluginInfo,TExtension](Assembly assembly, Dictionary`2 pluginInfos, String filePath) in /_/src/Microsoft.TestPlatform.Common/ExtensionFramework/TestPluginDiscoverer.cs:line 158
System.IO.FileNotFoundException: Could not load file or assembly 'Microsoft.Bcl.AsyncInterfaces, Version=6.0.0.0, Culture=neutral, PublicKeyToken=cc7b13ffcd2ddd51'. The system cannot find the file specified.
File name: 'Microsoft.Bcl.AsyncInterfaces, Version=6.0.0.0, Culture=neutral, PublicKeyToken=cc7b13ffcd2ddd51'
 ---> System.IO.FileNotFoundException: Could not load file or assembly 'Microsoft.Bcl.AsyncInterfaces, Culture=neutral, PublicKeyToken=null'. The system cannot find the file specified.
File name: 'Microsoft.Bcl.AsyncInterfaces, Culture=neutral, PublicKeyToken=null'
   at System.Reflection.RuntimeAssembly.InternalLoad(AssemblyName assemblyName, StackCrawlMark& stackMark, AssemblyLoadContext assemblyLoadContext, RuntimeAssembly requestingAssembly, Boolean throwOnFileNotFound)
   at System.Reflection.Assembly.Load(AssemblyName assemblyRef)
   at Microsoft.VisualStudio.TestPlatform.Common.ExtensionFramework.TestPluginCache.CurrentDomainAssemblyResolve(Object sender, AssemblyResolveEventArgs args) in /_/src/Microsoft.TestPlatform.Common/ExtensionFramework/TestPluginCache.cs:line 513
   at System.Runtime.Loader.AssemblyLoadContext.GetFirstResolvedAssemblyFromResolvingEvent(AssemblyName assemblyName)
   at System.Runtime.Loader.AssemblyLoadContext.ResolveUsingEvent(AssemblyName assemblyName)
   at System.Runtime.Loader.AssemblyLoadContext.ResolveUsingResolvingEvent(IntPtr gchManagedAssemblyLoadContext, AssemblyName assemblyName)
TpTrace Warning: 0 : 19308, 1, 2024/10/22, 17:06:00.768, 5453049582692, vstest.console.dll, LoaderExceptions: System.IO.FileNotFoundException: Could not load file or assembly 'Microsoft.Bcl.AsyncInterfaces, Version=6.0.0.0, Culture=neutral, PublicKeyToken=cc7b13ffcd2ddd51'. The system cannot find the file specified.
File name: 'Microsoft.Bcl.AsyncInterfaces, Version=6.0.0.0, Culture=neutral, PublicKeyToken=cc7b13ffcd2ddd51'
 ---> System.IO.FileNotFoundException: Could not load file or assembly 'Microsoft.Bcl.AsyncInterfaces, Culture=neutral, PublicKeyToken=null'. The system cannot find the file specified.
File name: 'Microsoft.Bcl.AsyncInterfaces, Culture=neutral, PublicKeyToken=null'
   at System.Reflection.RuntimeAssembly.InternalLoad(AssemblyName assemblyName, StackCrawlMark& stackMark, AssemblyLoadContext assemblyLoadContext, RuntimeAssembly requestingAssembly, Boolean throwOnFileNotFound)
   at System.Reflection.Assembly.Load(AssemblyName assemblyRef)
   at Microsoft.VisualStudio.TestPlatform.Common.ExtensionFramework.TestPluginCache.CurrentDomainAssemblyResolve(Object sender, AssemblyResolveEventArgs args) in /_/src/Microsoft.TestPlatform.Common/ExtensionFramework/TestPluginCache.cs:line 513
   at System.Runtime.Loader.AssemblyLoadContext.GetFirstResolvedAssemblyFromResolvingEvent(AssemblyName assemblyName)
   at System.Runtime.Loader.AssemblyLoadContext.ResolveUsingEvent(AssemblyName assemblyName)
   at System.Runtime.Loader.AssemblyLoadContext.ResolveUsingResolvingEvent(IntPtr gchManagedAssemblyLoadContext, AssemblyName assemblyName)
TpTrace Verbose: 0 : 19308, 1, 2024/10/22, 17:06:00.768, 5453049583585, vstest.console.dll, MetadataReaderExtensionsHelper: Discovering extensions inside assembly 'Microsoft.TestPlatform.Extensions.BlameDataCollector, Version=15.0.0.0, Culture=neutral, PublicKeyToken=b03f5f7f11d50a3a' file path 'C:\Program Files\dotnet\sdk\8.0.403\Extensions\Microsoft.TestPlatform.Extensions.BlameDataCollector.dll'
TpTrace Information: 0 : 19308, 1, 2024/10/22, 17:06:00.813, 5453050027882, vstest.console.dll, GetTestExtensionFromType: Register extension with identifier data 'logger://Microsoft/TestPlatform/Extensions/Blame/v1' and type 'Microsoft.TestPlatform.Extensions.BlameDataCollector.BlameLogger, Microsoft.TestPlatform.Extensions.BlameDataCollector, Version=15.0.0.0, Culture=neutral, PublicKeyToken=b03f5f7f11d50a3a' inside file 'C:\Program Files\dotnet\sdk\8.0.403\Extensions\Microsoft.TestPlatform.Extensions.BlameDataCollector.dll'
TpTrace Verbose: 0 : 19308, 1, 2024/10/22, 17:06:00.813, 5453050029626, vstest.console.dll, MetadataReaderExtensionsHelper: Discovering extensions inside assembly 'Microsoft.TestPlatform.Extensions.EventLogCollector, Version=15.0.0.0, Culture=neutral, PublicKeyToken=b03f5f7f11d50a3a' file path 'C:\Program Files\dotnet\sdk\8.0.403\Extensions\Microsoft.TestPlatform.Extensions.EventLogCollector.dll'
TpTrace Verbose: 0 : 19308, 1, 2024/10/22, 17:06:00.815, 5453050049450, vstest.console.dll, MetadataReaderExtensionsHelper: Discovering extensions inside assembly 'Microsoft.TestPlatform.TestHostRuntimeProvider, Version=15.0.0.0, Culture=neutral, PublicKeyToken=b03f5f7f11d50a3a' file path 'C:\Program Files\dotnet\sdk\8.0.403\Extensions\Microsoft.TestPlatform.TestHostRuntimeProvider.dll'
TpTrace Verbose: 0 : 19308, 1, 2024/10/22, 17:06:00.817, 5453050066946, vstest.console.dll, MetadataReaderExtensionsHelper: Discovering extensions inside assembly 'Microsoft.VisualStudio.TestPlatform.Extensions.Html.TestLogger, Version=15.0.0.0, Culture=neutral, PublicKeyToken=b03f5f7f11d50a3a' file path 'C:\Program Files\dotnet\sdk\8.0.403\Extensions\Microsoft.VisualStudio.TestPlatform.Extensions.Html.TestLogger.dll'
TpTrace Information: 0 : 19308, 1, 2024/10/22, 17:06:00.851, 5453050408597, vstest.console.dll, GetTestExtensionFromType: Register extension with identifier data 'logger://Microsoft/TestPlatform/HtmlLogger/v1' and type 'Microsoft.VisualStudio.TestPlatform.Extensions.HtmlLogger.HtmlLogger, Microsoft.VisualStudio.TestPlatform.Extensions.Html.TestLogger, Version=15.0.0.0, Culture=neutral, PublicKeyToken=b03f5f7f11d50a3a' inside file 'C:\Program Files\dotnet\sdk\8.0.403\Extensions\Microsoft.VisualStudio.TestPlatform.Extensions.Html.TestLogger.dll'
TpTrace Verbose: 0 : 19308, 1, 2024/10/22, 17:06:00.851, 5453050410663, vstest.console.dll, MetadataReaderExtensionsHelper: Discovering extensions inside assembly 'Microsoft.VisualStudio.TestPlatform.Extensions.Trx.TestLogger, Version=15.0.0.0, Culture=neutral, PublicKeyToken=b03f5f7f11d50a3a' file path 'C:\Program Files\dotnet\sdk\8.0.403\Extensions\Microsoft.VisualStudio.TestPlatform.Extensions.Trx.TestLogger.dll'
TpTrace Information: 0 : 19308, 1, 2024/10/22, 17:06:00.886, 5453050760122, vstest.console.dll, GetTestExtensionFromType: Register extension with identifier data 'logger://Microsoft/TestPlatform/TrxLogger/v1' and type 'Microsoft.VisualStudio.TestPlatform.Extensions.TrxLogger.TrxLogger, Microsoft.VisualStudio.TestPlatform.Extensions.Trx.TestLogger, Version=15.0.0.0, Culture=neutral, PublicKeyToken=b03f5f7f11d50a3a' inside file 'C:\Program Files\dotnet\sdk\8.0.403\Extensions\Microsoft.VisualStudio.TestPlatform.Extensions.Trx.TestLogger.dll'
TpTrace Verbose: 0 : 19308, 1, 2024/10/22, 17:06:00.886, 5453050761438, vstest.console.dll, TestPluginCache: Discovered the extensions using extension path ''.
TpTrace Verbose: 0 : 19308, 1, 2024/10/22, 17:06:00.886, 5453050761767, vstest.console.dll, TestPluginCache: Discoverers are ''.
TpTrace Verbose: 0 : 19308, 1, 2024/10/22, 17:06:00.886, 5453050762036, vstest.console.dll, TestPluginCache: Executors are ''.
TpTrace Verbose: 0 : 19308, 1, 2024/10/22, 17:06:00.886, 5453050762297, vstest.console.dll, TestPluginCache: Executors2 are ''.
TpTrace Verbose: 0 : 19308, 1, 2024/10/22, 17:06:00.886, 5453050762586, vstest.console.dll, TestPluginCache: Setting providers are ''.
TpTrace Verbose: 0 : 19308, 1, 2024/10/22, 17:06:00.886, 5453050763364, vstest.console.dll, TestPluginCache: Loggers are 'logger://Microsoft/TestPlatform/Extensions/Blame/v1,logger://Microsoft/TestPlatform/HtmlLogger/v1,logger://Microsoft/TestPlatform/TrxLogger/v1'.
TpTrace Verbose: 0 : 19308, 1, 2024/10/22, 17:06:00.886, 5453050763722, vstest.console.dll, TestPluginCache: TestHosts are 'HostProvider://DefaultTestHost,HostProvider://DotnetTestHost'.
TpTrace Verbose: 0 : 19308, 1, 2024/10/22, 17:06:00.886, 5453050763987, vstest.console.dll, TestPluginCache: DataCollectors are ''.
TpTrace Information: 0 : 19308, 1, 2024/10/22, 17:06:00.887, 5453050771927, vstest.console.dll, TestPluginManager.CreateTestExtension: Attempting to load test extension: Microsoft.TestPlatform.Extensions.BlameDataCollector.BlameLogger
TpTrace Verbose: 0 : 19308, 1, 2024/10/22, 17:06:00.902, 5453050917758, vstest.console.dll, TestEngine: Initializing Parallel Execution as MaxCpuCount is set to: 1
TpTrace Information: 0 : 19308, 1, 2024/10/22, 17:06:00.903, 5453050932733, vstest.console.dll, TestPluginManager.CreateTestExtension: Attempting to load test extension: Microsoft.VisualStudio.TestPlatform.CrossPlatEngine.Hosting.DefaultTestHostManager
TpTrace Information: 0 : 19308, 1, 2024/10/22, 17:06:00.907, 5453050964675, vstest.console.dll, TestPluginManager.CreateTestExtension: Attempting to load test extension: Microsoft.VisualStudio.TestPlatform.CrossPlatEngine.Hosting.DotnetTestHostManager
TpTrace Verbose: 0 : 19308, 1, 2024/10/22, 17:06:00.907, 5453050967203, vstest.console.dll, TestHostManagerCallbacks.ctor: Forwarding output is enabled.
TpTrace Information: 0 : 19308, 1, 2024/10/22, 17:06:00.907, 5453050971005, vstest.console.dll, InferRunSettingsHelper.IsTestSettingsEnabled: Unable to navigate to RunSettings/MSTest. Current node: RunSettings
TpTrace Verbose: 0 : 19308, 1, 2024/10/22, 17:06:00.908, 5453050982629, vstest.console.dll, ParallelOperationManager.ClearSlots: Clearing all slots. Slots should accept more work: True
TpTrace Verbose: 0 : 19308, 1, 2024/10/22, 17:06:00.909, 5453050987666, vstest.console.dll, ParallelOperationManager.SetOccupiedSlotCount: Setting slot counts AvailableSlotCount = 1, OccupiedSlotCount = 0.
TpTrace Verbose: 0 : 19308, 1, 2024/10/22, 17:06:00.909, 5453050989915, vstest.console.dll, Occupied slots:

TpTrace Verbose: 0 : 19308, 1, 2024/10/22, 17:06:00.911, 5453051012397, vstest.console.dll, TestEngine.GetExecutionManager: Chosen execution manager 'Microsoft.VisualStudio.TestPlatform.CrossPlatEngine.Client.Parallel.ParallelProxyExecutionManager, Microsoft.TestPlatform.CrossPlatEngine, Version=15.0.0.0, Culture=neutral, PublicKeyToken=b03f5f7f11d50a3a' ParallelLevel '1'.
TpTrace Verbose: 0 : 19308, 1, 2024/10/22, 17:06:00.912, 5453051014642, vstest.console.dll, TestPlatform.GetSkipDefaultAdapters: Not skipping default adapters SkipDefaultAdapters was false.
TpTrace Verbose: 0 : 19308, 1, 2024/10/22, 17:06:00.912, 5453051015442, vstest.console.dll, TestRunRequest.ExecuteAsync: Creating test run request.
TpTrace Verbose: 0 : 19308, 1, 2024/10/22, 17:06:00.912, 5453051017109, vstest.console.dll, TestRunRequest.ExecuteAsync: Starting.
TpTrace Information: 0 : 19308, 1, 2024/10/22, 17:06:00.913, 5453051025280, vstest.console.dll, TestRunRequest.ExecuteAsync: Starting run with settings:TestRunCriteria:
   KeepAlive=False,FrequencyOfRunStatsChangeEvent=10,RunStatsChangeEventTimeout=00:00:01.5000000,TestCaseFilter=,TestExecutorLauncher=
   Settingsxml=<RunSettings>
  <RunConfiguration>
    <ResultsDirectory>C:\Users\rohit.laishram.PYRAMIDINDIA\Documents\celsior_training\day29\WebAPIWithDatabase\WebAPIWithDatabaseTest\bin\Debug\net6.0\fine-code-coverage\coverage-tool-output</ResultsDirectory>
    <TargetPlatform>X64</TargetPlatform>
    <TargetFrameworkVersion>.NETCoreApp,Version=v6.0</TargetFrameworkVersion>
    <DesignMode>False</DesignMode>
    <CollectSourceInformation>False</CollectSourceInformation>
  </RunConfiguration>
  <LoggerRunSettings>
    <Loggers>
      <Logger friendlyName="blame" enabled="True" />
      <Logger friendlyName="Console" uri="logger://microsoft/TestPlatform/ConsoleLogger/v1" assemblyQualifiedName="Microsoft.VisualStudio.TestPlatform.CommandLine.Internal.ConsoleLogger, vstest.console, Version=15.0.0.0, Culture=neutral, PublicKeyToken=b03f5f7f11d50a3a" codeBase="C:\Program Files\dotnet\sdk\8.0.403\vstest.console.dll" enabled="True" />
    </Loggers>
  </LoggerRunSettings>
  <DataCollectionRunSettings>
    <DataCollectors>
      <DataCollector friendlyName="blame" enabled="True">
        <Configuration>
          <ResultsDirectory>C:\Users\rohit.laishram.PYRAMIDINDIA\Documents\celsior_training\day29\WebAPIWithDatabase\WebAPIWithDatabaseTest\bin\Debug\net6.0\fine-code-coverage\coverage-tool-output</ResultsDirectory>
        </Configuration>
      </DataCollector>
    </DataCollectors>
  </DataCollectionRunSettings>
</RunSettings>

TpTrace Verbose: 0 : 19308, 1, 2024/10/22, 17:06:00.913, 5453051025975, vstest.console.dll, TestRunRequest.ExecuteAsync: Wait for the first run request is over.
TpTrace Verbose: 0 : 19308, 1, 2024/10/22, 17:06:00.913, 5453051028269, vstest.console.dll, MulticastDelegateUtilities.SafeInvoke: TestRun.TestRunStart: Invoking callbacks was skipped because there are no subscribers.
TpTrace Verbose: 0 : 19308, 4, 2024/10/22, 17:06:00.913, 5453051030872, vstest.console.dll, MulticastDelegateUtilities.SafeInvoke: InternalTestLoggerEvents.SendTestRunStart: Invoking callback 1/1 for Microsoft.VisualStudio.TestPlatform.CommandLine.Internal.ConsoleLogger., took 0 ms.
TpTrace Verbose: 0 : 19308, 1, 2024/10/22, 17:06:00.914, 5453051036902, vstest.console.dll, ParallelProxyExecutionManager: Start execution. Total sources: 1
TpTrace Verbose: 0 : 19308, 1, 2024/10/22, 17:06:00.914, 5453051039980, vstest.console.dll, ParallelOperationManager.StartWork: Starting adding 1 workloads.
TpTrace Verbose: 0 : 19308, 1, 2024/10/22, 17:06:00.914, 5453051040604, vstest.console.dll, ParallelOperationManager.ClearSlots: Clearing all slots. Slots should accept more work: True
TpTrace Verbose: 0 : 19308, 1, 2024/10/22, 17:06:00.914, 5453051041164, vstest.console.dll, ParallelOperationManager.SetOccupiedSlotCount: Setting slot counts AvailableSlotCount = 1, OccupiedSlotCount = 0.
TpTrace Verbose: 0 : 19308, 1, 2024/10/22, 17:06:00.914, 5453051041500, vstest.console.dll, Occupied slots:

TpTrace Verbose: 0 : 19308, 1, 2024/10/22, 17:06:00.915, 5453051052305, vstest.console.dll, TestHostManagerCallbacks.ctor: Forwarding output is enabled.
TpTrace Verbose: 0 : 19308, 1, 2024/10/22, 17:06:00.916, 5453051055160, vstest.console.dll, TestRequestSender is acting as server.
TpTrace Verbose: 0 : 19308, 1, 2024/10/22, 17:06:00.917, 5453051072441, vstest.console.dll, ParallelOperationManager.RunWorkInParallel: Adding 1 workload to slot, remaining workloads 0.
TpTrace Verbose: 0 : 19308, 1, 2024/10/22, 17:06:00.917, 5453051073788, vstest.console.dll, ParallelOperationManager.SetOccupiedSlotCount: Setting slot counts AvailableSlotCount = 0, OccupiedSlotCount = 1.
TpTrace Verbose: 0 : 19308, 1, 2024/10/22, 17:06:00.918, 5453051075072, vstest.console.dll, Occupied slots:
0: C:\Users\rohit.laishram.PYRAMIDINDIA\Documents\celsior_training\day29\WebAPIWithDatabase\WebAPIWithDatabaseTest\bin\Debug\net6.0\fine-code-coverage\build-output\WebAPIWithDatabaseTest.dll
TpTrace Verbose: 0 : 19308, 1, 2024/10/22, 17:06:00.918, 5453051083768, vstest.console.dll, ParallelOperationManager.RunWorkInParallel: Started host in slot number 0 for work (source): C:\Users\rohit.laishram.PYRAMIDINDIA\Documents\celsior_training\day29\WebAPIWithDatabase\WebAPIWithDatabaseTest\bin\Debug\net6.0\fine-code-coverage\build-output\WebAPIWithDatabaseTest.dll.
TpTrace Verbose: 0 : 19308, 1, 2024/10/22, 17:06:00.919, 5453051093222, vstest.console.dll, ParallelOperationManager.RunWorkInParallel: We started 1 work items, which is the max parallel level. Won't start more work.
TpTrace Verbose: 0 : 19308, 1, 2024/10/22, 17:06:00.920, 5453051094361, vstest.console.dll, ParallelOperationManager.RunWorkInParallel: We started 1 work items in here, returning True.
TpTrace Information: 0 : 19308, 1, 2024/10/22, 17:06:00.920, 5453051094882, vstest.console.dll, TestRunRequest.ExecuteAsync: Started.
TpTrace Verbose: 0 : 19308, 5, 2024/10/22, 17:06:00.920, 5453051096253, vstest.console.dll, ParallelProxyExecutionManager.StartTestRunOnConcurrentManager: Initializing uninitialized client. Started clients: 0
TpTrace Verbose: 0 : 19308, 5, 2024/10/22, 17:06:00.920, 5453051098872, vstest.console.dll, DataCollectionRequestSender.InitializeCommunication : Initialize communication. 
TpTrace Verbose: 0 : 19308, 1, 2024/10/22, 17:06:00.920, 5453051101058, vstest.console.dll, TestRunRequest.WaitForCompletion: Waiting with timeout -1.
TpTrace Information: 0 : 19308, 5, 2024/10/22, 17:06:00.986, 5453051758618, vstest.console.dll, Listening on Endpoint : 127.0.0.1:53575
TpTrace Verbose: 0 : 19308, 5, 2024/10/22, 17:06:01.001, 5453051907111, vstest.console.dll, DotnetDataCollectionLauncher: Adding  --runtimeconfig "C:\Program Files\dotnet\sdk\8.0.403\datacollector.runtimeconfig.json" in args
TpTrace Verbose: 0 : 19308, 5, 2024/10/22, 17:06:01.001, 5453051909172, vstest.console.dll, DotnetDataCollectionLauncher: Adding  --depsfile "C:\Program Files\dotnet\sdk\8.0.403\datacollector.deps.json" in args
TpTrace Verbose: 0 : 19308, 5, 2024/10/22, 17:06:01.002, 5453051920038, vstest.console.dll, DotnetDataCollectionLauncher: Full path of dotnet.exe is C:\Program Files\dotnet\dotnet.exe
TpTrace Information: 0 : 19308, 5, 2024/10/22, 17:06:01.016, 5453052058776, vstest.console.dll, ProxyDataCollectionManager.Initialize: Launched datacollector processId: 17764 port: 53575
TpTrace Information: 0 : 19308, 5, 2024/10/22, 17:06:01.016, 5453052061620, vstest.console.dll, ProxyDataCollectionManager.Initialize: waiting for connection with timeout: 90 seconds
TpTrace Verbose: 0 : 19308, 5, 2024/10/22, 17:06:01.016, 5453052062362, vstest.console.dll, DataCollectionRequestSender.WaitForRequestHandlerConnection : Waiting for connection with timeout: 90000
TpTrace Information: 0 : 19308, 10, 2024/10/22, 17:06:01.547, 5453057372388, vstest.console.dll, Using the buffer size of 16384 bytes
TpTrace Verbose: 0 : 19308, 5, 2024/10/22, 17:06:01.547, 5453057372891, vstest.console.dll, SocketCommunicationManager.WaitForClientConnection took: 530 ms, with 90000 ms timeout, and finished with True.
TpTrace Information: 0 : 19308, 10, 2024/10/22, 17:06:01.547, 5453057374209, vstest.console.dll, Accepted Client request and set the flag
TpTrace Verbose: 0 : 19308, 5, 2024/10/22, 17:06:01.548, 5453057375892, vstest.console.dll, ProxyDataCollectionManager.InvokeDataCollectionServiceAction: Starting.
TpTrace Information: 0 : 19308, 5, 2024/10/22, 17:06:01.548, 5453057377024, vstest.console.dll, ProxyDataCollectionManager.BeforeTestRunStart: Get environment variable and port for datacollector processId: 17764 port: 53575
TpTrace Verbose: 0 : 19308, 5, 2024/10/22, 17:06:01.548, 5453057378919, vstest.console.dll, DataCollectionRequestSender.SendBeforeTestRunStartAndGetResult: Send BeforeTestRunStart message with settingsXml <RunSettings><RunConfiguration><ResultsDirectory>C:\Users\rohit.laishram.PYRAMIDINDIA\Documents\celsior_training\day29\WebAPIWithDatabase\WebAPIWithDatabaseTest\bin\Debug\net6.0\fine-code-coverage\coverage-tool-output</ResultsDirectory><TargetPlatform>X64</TargetPlatform><TargetFrameworkVersion>.NETCoreApp,Version=v6.0</TargetFrameworkVersion><DesignMode>False</DesignMode><CollectSourceInformation>False</CollectSourceInformation><TestAdaptersPaths>C:\Program Files\dotnet\sdk\8.0.403\Extensions</TestAdaptersPaths></RunConfiguration><LoggerRunSettings><Loggers><Logger friendlyName="blame" enabled="True" /><Logger friendlyName="Console" uri="logger://microsoft/TestPlatform/ConsoleLogger/v1" assemblyQualifiedName="Microsoft.VisualStudio.TestPlatform.CommandLine.Internal.ConsoleLogger, vstest.console, Version=15.0.0.0, Culture=neutral, PublicKeyToken=b03f5f7f11d50a3a" codeBase="C:\Program Files\dotnet\sdk\8.0.403\vstest.console.dll" enabled="True" /></Loggers></LoggerRunSettings><DataCollectionRunSettings><DataCollectors><DataCollector friendlyName="blame" enabled="True"><Configuration><ResultsDirectory>C:\Users\rohit.laishram.PYRAMIDINDIA\Documents\celsior_training\day29\WebAPIWithDatabase\WebAPIWithDatabaseTest\bin\Debug\net6.0\fine-code-coverage\coverage-tool-output</ResultsDirectory></Configuration></DataCollector></DataCollectors></DataCollectionRunSettings></RunSettings> and sources System.Collections.Generic.List`1[System.String]: 
TpTrace Verbose: 0 : 19308, 5, 2024/10/22, 17:06:01.660, 5453058502966, vstest.console.dll, DataCollectionRequestSender.SendBeforeTestRunStartAndGetResult: Received message: (DataCollection.SendMessage) -> {"MessageType":"DataCollection.SendMessage","Payload":{"FriendlyName":null,"Uri":null,"TestCaseId":"00000000-0000-0000-0000-000000000000","Message":"Logging DataCollector Diagnostics in file: C:\\Users\\rohit.laishram.PYRAMIDINDIA\\Documents\\celsior_training\\day29\\WebAPIWithDatabase\\WebAPIWithDatabaseTest\\bin\\Debug\\net6.0\\fine-code-coverage\\coverage-tool-output\\diagnostics.datacollector.24-10-22_17-06-01_00082_5.log","Level":0}}
TpTrace Verbose: 0 : 19308, 5, 2024/10/22, 17:06:01.836, 5453060262512, vstest.console.dll, DataCollectionRequestSender.SendBeforeTestRunStartAndGetResult: Received message: (DataCollection.BeforeTestRunStartResult) -> {"MessageType":"DataCollection.BeforeTestRunStartResult","Payload":{"EnvironmentVariables":{},"DataCollectionEventsPort":53577}}
TpTrace Information: 0 : 19308, 5, 2024/10/22, 17:06:01.840, 5453060301682, vstest.console.dll, ProxyDataCollectionManager.BeforeTestRunStart: SendBeforeTestRunStartAndGetResult successful, env variable from datacollector:   and testhost port: 53577
TpTrace Information: 0 : 19308, 5, 2024/10/22, 17:06:01.840, 5453060303397, vstest.console.dll, ProxyDataCollectionManager.InvokeDataCollectionServiceAction: Completed.
TpTrace Verbose: 0 : 19308, 5, 2024/10/22, 17:06:01.840, 5453060304047, vstest.console.dll, ParallelProxyExecutionManager.StartTestRunOnConcurrentManager: Initializing test run. Started clients: 0
TpTrace Verbose: 0 : 19308, 5, 2024/10/22, 17:06:01.841, 5453060304789, vstest.console.dll, ProxyExecutionManager: Test host is always Lazy initialize.
TpTrace Verbose: 0 : 19308, 5, 2024/10/22, 17:06:01.841, 5453060306870, vstest.console.dll, TestRequestSender.InitializeCommunication: initialize communication. 
TpTrace Information: 0 : 19308, 5, 2024/10/22, 17:06:01.841, 5453060310800, vstest.console.dll, SocketServer.Start: Listening on endpoint : 127.0.0.1:53578
TpTrace Verbose: 0 : 19308, 5, 2024/10/22, 17:06:01.842, 5453060317616, vstest.console.dll, DotnetTestHostmanager.GetTestHostProcessStartInfo: Platform environment 'X64' target architecture 'X64' framework '.NETCoreApp,Version=v6.0' OS 'Windows'
TpTrace Verbose: 0 : 19308, 5, 2024/10/22, 17:06:01.842, 5453060319531, vstest.console.dll, DotnetTestHostmanager: Adding  --runtimeconfig "C:\Users\rohit.laishram.PYRAMIDINDIA\Documents\celsior_training\day29\WebAPIWithDatabase\WebAPIWithDatabaseTest\bin\Debug\net6.0\fine-code-coverage\build-output\WebAPIWithDatabaseTest.runtimeconfig.json" in args
TpTrace Verbose: 0 : 19308, 5, 2024/10/22, 17:06:01.842, 5453060320371, vstest.console.dll, DotnetTestHostmanager: Adding  --depsfile "C:\Users\rohit.laishram.PYRAMIDINDIA\Documents\celsior_training\day29\WebAPIWithDatabase\WebAPIWithDatabaseTest\bin\Debug\net6.0\fine-code-coverage\build-output\WebAPIWithDatabaseTest.deps.json" in args
TpTrace Verbose: 0 : 19308, 5, 2024/10/22, 17:06:01.842, 5453060322929, vstest.console.dll, DotnetTestHostmanager.IsWinOnArm: Current PROCESSOR_ARCHITECTURE from environment variable 'AMD64'
TpTrace Verbose: 0 : 19308, 5, 2024/10/22, 17:06:01.842, 5453060323600, vstest.console.dll, DotnetTestHostmanager.IsWinOnArm: Is Windows on ARM 'False'
TpTrace Verbose: 0 : 19308, 5, 2024/10/22, 17:06:01.843, 5453060324454, vstest.console.dll, DotnetTestHostManager: testhost.exe found at path: C:\Users\rohit.laishram.PYRAMIDINDIA\Documents\celsior_training\day29\WebAPIWithDatabase\WebAPIWithDatabaseTest\bin\Debug\net6.0\fine-code-coverage\build-output\testhost.exe
TpTrace Verbose: 0 : 19308, 5, 2024/10/22, 17:06:01.843, 5453060324885, vstest.console.dll, DotnetTestHostmanager: Full path of host exe is C:\Users\rohit.laishram.PYRAMIDINDIA\Documents\celsior_training\day29\WebAPIWithDatabase\WebAPIWithDatabaseTest\bin\Debug\net6.0\fine-code-coverage\build-output\testhost.exe
TpTrace Verbose: 0 : 19308, 5, 2024/10/22, 17:06:01.843, 5453060325906, vstest.console.dll, DotnetTestHostmanager.LaunchTestHostAsync: Found 'VSTEST_WINAPPHOST_DOTNET_ROOT' in env variables, value 'C:\Program Files\dotnet', forwarding to 'DOTNET_ROOT'
TpTrace Verbose: 0 : 19308, 5, 2024/10/22, 17:06:01.843, 5453060327065, vstest.console.dll, DotnetTestHostManager: Starting process 'C:\Users\rohit.laishram.PYRAMIDINDIA\Documents\celsior_training\day29\WebAPIWithDatabase\WebAPIWithDatabaseTest\bin\Debug\net6.0\fine-code-coverage\build-output\testhost.exe' with command line ' --runtimeconfig "C:\Users\rohit.laishram.PYRAMIDINDIA\Documents\celsior_training\day29\WebAPIWithDatabase\WebAPIWithDatabaseTest\bin\Debug\net6.0\fine-code-coverage\build-output\WebAPIWithDatabaseTest.runtimeconfig.json" --depsfile "C:\Users\rohit.laishram.PYRAMIDINDIA\Documents\celsior_training\day29\WebAPIWithDatabase\WebAPIWithDatabaseTest\bin\Debug\net6.0\fine-code-coverage\build-output\WebAPIWithDatabaseTest.deps.json" --port 53578 --endpoint 127.0.0.1:053578 --role client --parentprocessid 19308 --diag "C:\Users\rohit.laishram.PYRAMIDINDIA\Documents\celsior_training\day29\WebAPIWithDatabase\WebAPIWithDatabaseTest\bin\Debug\net6.0\fine-code-coverage\coverage-tool-output\diagnostics.host.24-10-22_17-06-01_84201_5.log" --tracelevel 4 --datacollectionport 53577 --telemetryoptedin false'
TpTrace Verbose: 0 : 19308, 5, 2024/10/22, 17:06:01.860, 5453060503490, vstest.console.dll, MulticastDelegateUtilities.SafeInvoke: HostProviderEvents.OnHostLaunched: Invoking callback 1/2 for Microsoft.VisualStudio.TestPlatform.CrossPlatEngine.Client.ProxyExecutionManagerWithDataCollection., took 1 ms.
TpTrace Verbose: 0 : 19308, 5, 2024/10/22, 17:06:01.861, 5453060509508, vstest.console.dll, Test Runtime launched
TpTrace Verbose: 0 : 19308, 5, 2024/10/22, 17:06:01.861, 5453060510824, vstest.console.dll, MulticastDelegateUtilities.SafeInvoke: HostProviderEvents.OnHostLaunched: Invoking callback 2/2 for Microsoft.VisualStudio.TestPlatform.CrossPlatEngine.Client.ProxyOperationManager., took 0 ms.
TpTrace Verbose: 0 : 19308, 5, 2024/10/22, 17:06:01.861, 5453060513033, vstest.console.dll, TestRequestSender.WaitForRequestHandlerConnection: waiting for connection with timeout: 90000.
TpTrace Verbose: 0 : 19308, 5, 2024/10/22, 17:06:02.454, 5453066438022, vstest.console.dll, TestRequestSender.WaitForRequestHandlerConnection: waiting took 592 ms, with timeout 90000 ms, and result 0, which is success.
TpTrace Verbose: 0 : 19308, 12, 2024/10/22, 17:06:02.454, 5453066438024, vstest.console.dll, MulticastDelegateUtilities.SafeInvoke: SocketServer: ClientConnected: Invoking callback 1/1 for Microsoft.VisualStudio.TestPlatform.CommunicationUtilities.TestRequestSender., took 0 ms.
TpTrace Verbose: 0 : 19308, 12, 2024/10/22, 17:06:02.454, 5453066440827, vstest.console.dll, SocketServer.OnClientConnected: Client connected for endPoint: 127.0.0.1:53578, starting MessageLoopAsync:
TpTrace Verbose: 0 : 19308, 12, 2024/10/22, 17:06:02.455, 5453066445507, vstest.console.dll, TcpClientExtensions.MessageLoopAsync: Polling on remoteEndPoint: 127.0.0.1:53579 localEndPoint: 127.0.0.1:53578 after 0 ms
TpTrace Verbose: 0 : 19308, 5, 2024/10/22, 17:06:02.455, 5453066452407, vstest.console.dll, TestRequestSender.CheckVersionWithTestHost: Sending check version message: {"MessageType":"ProtocolVersion","Payload":7}
TpTrace Verbose: 0 : 19308, 12, 2024/10/22, 17:06:02.628, 5453068179842, vstest.console.dll, TcpClientExtensions.MessageLoopAsync: NotifyDataAvailable remoteEndPoint: 127.0.0.1:53579 localEndPoint: 127.0.0.1:53578
TpTrace Verbose: 0 : 19308, 12, 2024/10/22, 17:06:02.628, 5453068183795, vstest.console.dll, TestRequestSender.CheckVersionWithTestHost: onMessageReceived received message: (ProtocolVersion) -> {"MessageType":"ProtocolVersion","Payload":7}
TpTrace Verbose: 0 : 19308, 12, 2024/10/22, 17:06:02.629, 5453068191531, vstest.console.dll, MulticastDelegateUtilities.SafeInvoke: LengthPrefixCommunicationChannel: MessageReceived: Invoking callback 1/1 for Microsoft.VisualStudio.TestPlatform.CommunicationUtilities.TestRequestSender+<>c__DisplayClass29_0., took 0 ms.
TpTrace Verbose: 0 : 19308, 12, 2024/10/22, 17:06:02.629, 5453068192978, vstest.console.dll, TcpClientExtensions.MessageLoopAsync: Polling on remoteEndPoint: 127.0.0.1:53579 localEndPoint: 127.0.0.1:53578 after 174 ms
TpTrace Verbose: 0 : 19308, 5, 2024/10/22, 17:06:02.629, 5453068193737, vstest.console.dll, TestPluginCache.GetExtensionPaths: Filtered extension paths: 
TpTrace Verbose: 0 : 19308, 5, 2024/10/22, 17:06:02.630, 5453068195517, vstest.console.dll, TestPluginCache.GetExtensionPaths: Added default extension paths: C:\Program Files\dotnet\sdk\8.0.403\Extensions\Microsoft.Diagnostics.NETCore.Client.dll
C:\Program Files\dotnet\sdk\8.0.403\Extensions\Microsoft.TestPlatform.Extensions.BlameDataCollector.dll
C:\Program Files\dotnet\sdk\8.0.403\Extensions\Microsoft.TestPlatform.Extensions.EventLogCollector.dll
C:\Program Files\dotnet\sdk\8.0.403\Extensions\Microsoft.TestPlatform.TestHostRuntimeProvider.dll
C:\Program Files\dotnet\sdk\8.0.403\Extensions\Microsoft.VisualStudio.TestPlatform.Extensions.Html.TestLogger.dll
C:\Program Files\dotnet\sdk\8.0.403\Extensions\Microsoft.VisualStudio.TestPlatform.Extensions.Trx.TestLogger.dll
TpTrace Verbose: 0 : 19308, 5, 2024/10/22, 17:06:02.630, 5453068196703, vstest.console.dll, TestPluginCache.GetExtensionPaths: Added unfilterableExtensionPaths: 
TpTrace Verbose: 0 : 19308, 5, 2024/10/22, 17:06:02.634, 5453068237112, vstest.console.dll, TestRequestSender.InitializeExecution: Sending initialize execution with message: {"Version":7,"MessageType":"TestExecution.Initialize","Payload":["C:\\Users\\rohit.laishram.PYRAMIDINDIA\\Documents\\celsior_training\\day29\\WebAPIWithDatabase\\WebAPIWithDatabaseTest\\bin\\Debug\\net6.0\\fine-code-coverage\\build-output\\NUnit3.TestAdapter.dll"]}
TpTrace Verbose: 0 : 19308, 5, 2024/10/22, 17:06:02.634, 5453068240242, vstest.console.dll, ParallelProxyExecutionManager.StartTestRunOnConcurrentManager: Execution starting. Started clients: 1
TpTrace Verbose: 0 : 19308, 5, 2024/10/22, 17:06:02.634, 5453068244237, vstest.console.dll, TestRunRequest:SendTestRunMessage: Starting.
TpTrace Verbose: 0 : 19308, 5, 2024/10/22, 17:06:02.635, 5453068246488, vstest.console.dll, MulticastDelegateUtilities.SafeInvoke: TestRun.LogMessages: Invoking callback 1/1 for Microsoft.VisualStudio.TestPlatform.CommandLine.TestRunResultAggregator., took 0 ms.
TpTrace Information: 0 : 19308, 5, 2024/10/22, 17:06:02.635, 5453068247190, vstest.console.dll, TestRunRequest:SendTestRunMessage: Completed.
TpTrace Verbose: 0 : 19308, 4, 2024/10/22, 17:06:02.635, 5453068248811, vstest.console.dll, MulticastDelegateUtilities.SafeInvoke: InternalTestLoggerEvents.SendTestRunMessage: Invoking callback 1/1 for Microsoft.VisualStudio.TestPlatform.CommandLine.Internal.ConsoleLogger., took 0 ms.
TpTrace Verbose: 0 : 19308, 12, 2024/10/22, 17:06:02.635, 5453068250899, vstest.console.dll, TcpClientExtensions.MessageLoopAsync: NotifyDataAvailable remoteEndPoint: 127.0.0.1:53579 localEndPoint: 127.0.0.1:53578
TpTrace Warning: 0 : 19308, 5, 2024/10/22, 17:06:02.635, 5453068252480, vstest.console.dll, InferRunSettingsHelper.MakeRunsettingsCompatible: Removing the following settings: TargetPlatform from RunSettings file. To use those settings please move to latest version of Microsoft.NET.Test.Sdk
TpTrace Verbose: 0 : 19308, 12, 2024/10/22, 17:06:02.637, 5453068268086, vstest.console.dll, TestRequestSender.OnExecutionMessageReceived: Received message: {"Version":7,"MessageType":"TestSession.Message","Payload":{"MessageLevel":0,"Message":"Logging TestHost Diagnostics in file: C:\\Users\\rohit.laishram.PYRAMIDINDIA\\Documents\\celsior_training\\day29\\WebAPIWithDatabase\\WebAPIWithDatabaseTest\\bin\\Debug\\net6.0\\fine-code-coverage\\coverage-tool-output\\diagnostics.host.24-10-22_17-06-01_84201_5.log"}}
TpTrace Verbose: 0 : 19308, 12, 2024/10/22, 17:06:02.640, 5453068294711, vstest.console.dll, TestRunRequest:SendTestRunMessage: Starting.
TpTrace Verbose: 0 : 19308, 12, 2024/10/22, 17:06:02.640, 5453068296627, vstest.console.dll, MulticastDelegateUtilities.SafeInvoke: TestRun.LogMessages: Invoking callback 1/1 for Microsoft.VisualStudio.TestPlatform.CommandLine.TestRunResultAggregator., took 0 ms.
TpTrace Verbose: 0 : 19308, 4, 2024/10/22, 17:06:02.640, 5453068296870, vstest.console.dll, MulticastDelegateUtilities.SafeInvoke: InternalTestLoggerEvents.SendTestRunMessage: Invoking callback 1/1 for Microsoft.VisualStudio.TestPlatform.CommandLine.Internal.ConsoleLogger., took 0 ms.
TpTrace Information: 0 : 19308, 12, 2024/10/22, 17:06:02.640, 5453068297083, vstest.console.dll, TestRunRequest:SendTestRunMessage: Completed.
TpTrace Verbose: 0 : 19308, 12, 2024/10/22, 17:06:02.640, 5453068299206, vstest.console.dll, MulticastDelegateUtilities.SafeInvoke: LengthPrefixCommunicationChannel: MessageReceived: Invoking callback 1/1 for Microsoft.VisualStudio.TestPlatform.CommunicationUtilities.TestRequestSender+<>c__DisplayClass34_0., took 3 ms.
TpTrace Verbose: 0 : 19308, 12, 2024/10/22, 17:06:02.640, 5453068299736, vstest.console.dll, TcpClientExtensions.MessageLoopAsync: Polling on remoteEndPoint: 127.0.0.1:53579 localEndPoint: 127.0.0.1:53578 after 10 ms
TpTrace Verbose: 0 : 19308, 5, 2024/10/22, 17:06:02.646, 5453068357818, vstest.console.dll, TestRequestSender.StartTestRun: Sending test run with message: {"Version":7,"MessageType":"TestExecution.StartWithSources","Payload":{"AdapterSourceMap":{"_none_":["C:\\Users\\rohit.laishram.PYRAMIDINDIA\\Documents\\celsior_training\\day29\\WebAPIWithDatabase\\WebAPIWithDatabaseTest\\bin\\Debug\\net6.0\\fine-code-coverage\\build-output\\WebAPIWithDatabaseTest.dll"]},"RunSettings":"<RunSettings>\r\n  <RunConfiguration>\r\n    <ResultsDirectory>C:\\Users\\rohit.laishram.PYRAMIDINDIA\\Documents\\celsior_training\\day29\\WebAPIWithDatabase\\WebAPIWithDatabaseTest\\bin\\Debug\\net6.0\\fine-code-coverage\\coverage-tool-output</ResultsDirectory>\r\n    <TargetFrameworkVersion>.NETCoreApp,Version=v6.0</TargetFrameworkVersion>\r\n    <DesignMode>False</DesignMode>\r\n    <CollectSourceInformation>False</CollectSourceInformation>\r\n  </RunConfiguration>\r\n  <LoggerRunSettings>\r\n    <Loggers>\r\n      <Logger friendlyName=\"blame\" enabled=\"True\" />\r\n      <Logger friendlyName=\"Console\" uri=\"logger://microsoft/TestPlatform/ConsoleLogger/v1\" assemblyQualifiedName=\"Microsoft.VisualStudio.TestPlatform.CommandLine.Internal.ConsoleLogger, vstest.console, Version=15.0.0.0, Culture=neutral, PublicKeyToken=b03f5f7f11d50a3a\" codeBase=\"C:\\Program Files\\dotnet\\sdk\\8.0.403\\vstest.console.dll\" enabled=\"True\" />\r\n    </Loggers>\r\n  </LoggerRunSettings>\r\n  <DataCollectionRunSettings>\r\n    <DataCollectors>\r\n      <DataCollector friendlyName=\"blame\" enabled=\"True\">\r\n        <Configuration>\r\n          <ResultsDirectory>C:\\Users\\rohit.laishram.PYRAMIDINDIA\\Documents\\celsior_training\\day29\\WebAPIWithDatabase\\WebAPIWithDatabaseTest\\bin\\Debug\\net6.0\\fine-code-coverage\\coverage-tool-output</ResultsDirectory>\r\n        </Configuration>\r\n      </DataCollector>\r\n    </DataCollectors>\r\n  </DataCollectionRunSettings>\r\n</RunSettings>","TestExecutionContext":{"FrequencyOfRunStatsChangeEvent":10,"RunStatsChangeEventTimeout":"00:00:01.5000000","InIsolation":false,"KeepAlive":false,"AreTestCaseLevelEventsRequired":false,"IsDebug":false,"TestCaseFilter":null,"FilterOptions":null},"Package":null}}
TpTrace Verbose: 0 : 19308, 5, 2024/10/22, 17:06:02.646, 5453068361361, vstest.console.dll, ParallelProxyExecutionManager.StartTestRunOnConcurrentManager: Execution started. Started clients: 1
TpTrace Verbose: 0 : 19308, 12, 2024/10/22, 17:06:03.143, 5453073333279, vstest.console.dll, TcpClientExtensions.MessageLoopAsync: NotifyDataAvailable remoteEndPoint: 127.0.0.1:53579 localEndPoint: 127.0.0.1:53578
TpTrace Verbose: 0 : 19308, 12, 2024/10/22, 17:06:03.144, 5453073335858, vstest.console.dll, TestRequestSender.OnExecutionMessageReceived: Received message: {"Version":7,"MessageType":"TestSession.Message","Payload":{"MessageLevel":0,"Message":"NUnit Adapter 4.4.0.0: Test execution started"}}
TpTrace Verbose: 0 : 19308, 12, 2024/10/22, 17:06:03.144, 5453073338278, vstest.console.dll, TestRunRequest:SendTestRunMessage: Starting.
TpTrace Verbose: 0 : 19308, 12, 2024/10/22, 17:06:03.144, 5453073339427, vstest.console.dll, MulticastDelegateUtilities.SafeInvoke: TestRun.LogMessages: Invoking callback 1/1 for Microsoft.VisualStudio.TestPlatform.CommandLine.TestRunResultAggregator., took 0 ms.
TpTrace Verbose: 0 : 19308, 4, 2024/10/22, 17:06:03.144, 5453073339566, vstest.console.dll, MulticastDelegateUtilities.SafeInvoke: InternalTestLoggerEvents.SendTestRunMessage: Invoking callback 1/1 for Microsoft.VisualStudio.TestPlatform.CommandLine.Internal.ConsoleLogger., took 0 ms.
TpTrace Information: 0 : 19308, 12, 2024/10/22, 17:06:03.144, 5453073340746, vstest.console.dll, TestRunRequest:SendTestRunMessage: Completed.
TpTrace Verbose: 0 : 19308, 12, 2024/10/22, 17:06:03.144, 5453073341970, vstest.console.dll, MulticastDelegateUtilities.SafeInvoke: LengthPrefixCommunicationChannel: MessageReceived: Invoking callback 1/1 for Microsoft.VisualStudio.TestPlatform.CommunicationUtilities.TestRequestSender+<>c__DisplayClass34_0., took 0 ms.
TpTrace Verbose: 0 : 19308, 12, 2024/10/22, 17:06:03.144, 5453073342818, vstest.console.dll, TcpClientExtensions.MessageLoopAsync: Polling on remoteEndPoint: 127.0.0.1:53579 localEndPoint: 127.0.0.1:53578 after 504 ms
TpTrace Verbose: 0 : 19308, 12, 2024/10/22, 17:06:03.176, 5453073659221, vstest.console.dll, TcpClientExtensions.MessageLoopAsync: NotifyDataAvailable remoteEndPoint: 127.0.0.1:53579 localEndPoint: 127.0.0.1:53578
TpTrace Verbose: 0 : 19308, 12, 2024/10/22, 17:06:03.176, 5453073661236, vstest.console.dll, TestRequestSender.OnExecutionMessageReceived: Received message: {"Version":7,"MessageType":"TestSession.Message","Payload":{"MessageLevel":0,"Message":"Running all tests in C:\\Users\\rohit.laishram.PYRAMIDINDIA\\Documents\\celsior_training\\day29\\WebAPIWithDatabase\\WebAPIWithDatabaseTest\\bin\\Debug\\net6.0\\fine-code-coverage\\build-output\\WebAPIWithDatabaseTest.dll"}}
TpTrace Verbose: 0 : 19308, 12, 2024/10/22, 17:06:03.176, 5453073662982, vstest.console.dll, TestRunRequest:SendTestRunMessage: Starting.
TpTrace Verbose: 0 : 19308, 12, 2024/10/22, 17:06:03.176, 5453073663809, vstest.console.dll, MulticastDelegateUtilities.SafeInvoke: TestRun.LogMessages: Invoking callback 1/1 for Microsoft.VisualStudio.TestPlatform.CommandLine.TestRunResultAggregator., took 0 ms.
TpTrace Information: 0 : 19308, 12, 2024/10/22, 17:06:03.176, 5453073664205, vstest.console.dll, TestRunRequest:SendTestRunMessage: Completed.
TpTrace Verbose: 0 : 19308, 12, 2024/10/22, 17:06:03.177, 5453073664589, vstest.console.dll, MulticastDelegateUtilities.SafeInvoke: LengthPrefixCommunicationChannel: MessageReceived: Invoking callback 1/1 for Microsoft.VisualStudio.TestPlatform.CommunicationUtilities.TestRequestSender+<>c__DisplayClass34_0., took 0 ms.
TpTrace Verbose: 0 : 19308, 12, 2024/10/22, 17:06:03.177, 5453073664976, vstest.console.dll, TcpClientExtensions.MessageLoopAsync: Polling on remoteEndPoint: 127.0.0.1:53579 localEndPoint: 127.0.0.1:53578 after 32 ms
TpTrace Verbose: 0 : 19308, 4, 2024/10/22, 17:06:03.177, 5453073664562, vstest.console.dll, MulticastDelegateUtilities.SafeInvoke: InternalTestLoggerEvents.SendTestRunMessage: Invoking callback 1/1 for Microsoft.VisualStudio.TestPlatform.CommandLine.Internal.ConsoleLogger., took 0 ms.
TpTrace Verbose: 0 : 19308, 12, 2024/10/22, 17:06:03.609, 5453077989081, vstest.console.dll, TcpClientExtensions.MessageLoopAsync: NotifyDataAvailable remoteEndPoint: 127.0.0.1:53579 localEndPoint: 127.0.0.1:53578
TpTrace Verbose: 0 : 19308, 12, 2024/10/22, 17:06:03.609, 5453077990858, vstest.console.dll, TestRequestSender.OnExecutionMessageReceived: Received message: {"Version":7,"MessageType":"TestSession.Message","Payload":{"MessageLevel":0,"Message":"   NUnit3TestExecutor discovered 18 of 18 NUnit test cases using Current Discovery mode, Non-Explicit run"}}
TpTrace Verbose: 0 : 19308, 12, 2024/10/22, 17:06:03.609, 5453077992515, vstest.console.dll, TestRunRequest:SendTestRunMessage: Starting.
TpTrace Verbose: 0 : 19308, 12, 2024/10/22, 17:06:03.609, 5453077993458, vstest.console.dll, MulticastDelegateUtilities.SafeInvoke: TestRun.LogMessages: Invoking callback 1/1 for Microsoft.VisualStudio.TestPlatform.CommandLine.TestRunResultAggregator., took 0 ms.
TpTrace Verbose: 0 : 19308, 4, 2024/10/22, 17:06:03.609, 5453077993793, vstest.console.dll, MulticastDelegateUtilities.SafeInvoke: InternalTestLoggerEvents.SendTestRunMessage: Invoking callback 1/1 for Microsoft.VisualStudio.TestPlatform.CommandLine.Internal.ConsoleLogger., took 0 ms.
TpTrace Information: 0 : 19308, 12, 2024/10/22, 17:06:03.609, 5453077993915, vstest.console.dll, TestRunRequest:SendTestRunMessage: Completed.
TpTrace Verbose: 0 : 19308, 12, 2024/10/22, 17:06:03.610, 5453077995445, vstest.console.dll, MulticastDelegateUtilities.SafeInvoke: LengthPrefixCommunicationChannel: MessageReceived: Invoking callback 1/1 for Microsoft.VisualStudio.TestPlatform.CommunicationUtilities.TestRequestSender+<>c__DisplayClass34_0., took 0 ms.
TpTrace Verbose: 0 : 19308, 12, 2024/10/22, 17:06:03.610, 5453077995863, vstest.console.dll, TcpClientExtensions.MessageLoopAsync: Polling on remoteEndPoint: 127.0.0.1:53579 localEndPoint: 127.0.0.1:53578 after 433 ms
TpTrace Verbose: 0 : 19308, 12, 2024/10/22, 17:06:04.391, 5453085804385, vstest.console.dll, TcpClientExtensions.MessageLoopAsync: NotifyDataAvailable remoteEndPoint: 127.0.0.1:53579 localEndPoint: 127.0.0.1:53578
TpTrace Verbose: 0 : 19308, 12, 2024/10/22, 17:06:04.391, 5453085806698, vstest.console.dll, TestRequestSender.OnExecutionMessageReceived: Received message: {"Version":7,"MessageType":"TestExecution.StatsChange","Payload":{"NewTestResults":[],"TestRunStatistics":{"ExecutedTests":0,"Stats":{}},"ActiveTests":[{"Id":"44a08bde-d45d-37f4-8aa4-eafcaa05122d","FullyQualifiedName":"WebAPIWithDatabase.ProductServiceTest.AddNewProductTest","DisplayName":"AddNewProductTest","ExecutorUri":"executor://NUnit3TestExecutor","Source":"C:\\Users\\rohit.laishram.PYRAMIDINDIA\\Documents\\celsior_training\\day29\\WebAPIWithDatabase\\WebAPIWithDatabaseTest\\bin\\Debug\\net6.0\\fine-code-coverage\\build-output\\WebAPIWithDatabaseTest.dll","CodeFilePath":null,"LineNumber":0,"Properties":[{"Key":{"Id":"NUnit.Seed","Label":"Seed","Category":"","Description":"","Attributes":0,"ValueType":"System.String"},"Value":"1212132519"}]}]}}
TpTrace Verbose: 0 : 19308, 12, 2024/10/22, 17:06:04.402, 5453085924213, vstest.console.dll, TestRunRequest:SendTestRunStatsChange: Starting.
TpTrace Verbose: 0 : 19308, 12, 2024/10/22, 17:06:04.403, 5453085925594, vstest.console.dll, InProgress is AddNewProductTest
TpTrace Verbose: 0 : 19308, 12, 2024/10/22, 17:06:04.403, 5453085926245, vstest.console.dll, MulticastDelegateUtilities.SafeInvoke: TestRun.RunStatsChanged: Invoking callbacks was skipped because there are no subscribers.
TpTrace Information: 0 : 19308, 12, 2024/10/22, 17:06:04.403, 5453085926550, vstest.console.dll, TestRunRequest:SendTestRunStatsChange: Completed.
TpTrace Verbose: 0 : 19308, 12, 2024/10/22, 17:06:04.403, 5453085927012, vstest.console.dll, MulticastDelegateUtilities.SafeInvoke: LengthPrefixCommunicationChannel: MessageReceived: Invoking callback 1/1 for Microsoft.VisualStudio.TestPlatform.CommunicationUtilities.TestRequestSender+<>c__DisplayClass34_0., took 12 ms.
TpTrace Verbose: 0 : 19308, 12, 2024/10/22, 17:06:04.403, 5453085927328, vstest.console.dll, TcpClientExtensions.MessageLoopAsync: Polling on remoteEndPoint: 127.0.0.1:53579 localEndPoint: 127.0.0.1:53578 after 793 ms
TpTrace Verbose: 0 : 19308, 12, 2024/10/22, 17:06:04.922, 5453091122814, vstest.console.dll, TcpClientExtensions.MessageLoopAsync: NotifyDataAvailable remoteEndPoint: 127.0.0.1:53579 localEndPoint: 127.0.0.1:53578
TpTrace Verbose: 0 : 19308, 12, 2024/10/22, 17:06:04.923, 5453091126809, vstest.console.dll, TestRequestSender.OnExecutionMessageReceived: Received message: {"Version":7,"MessageType":"TestExecution.StatsChange","Payload":{"NewTestResults":[{"TestCase":{"Id":"44a08bde-d45d-37f4-8aa4-eafcaa05122d","FullyQualifiedName":"WebAPIWithDatabase.ProductServiceTest.AddNewProductTest","DisplayName":"AddNewProductTest","ExecutorUri":"executor://NUnit3TestExecutor","Source":"C:\\Users\\rohit.laishram.PYRAMIDINDIA\\Documents\\celsior_training\\day29\\WebAPIWithDatabase\\WebAPIWithDatabaseTest\\bin\\Debug\\net6.0\\fine-code-coverage\\build-output\\WebAPIWithDatabaseTest.dll","CodeFilePath":null,"LineNumber":0,"Properties":[{"Key":{"Id":"NUnit.Seed","Label":"Seed","Category":"","Description":"","Attributes":0,"ValueType":"System.String"},"Value":"1212132519"}]},"Attachments":[],"Outcome":1,"ErrorMessage":null,"ErrorStackTrace":null,"DisplayName":"AddNewProductTest","Messages":[],"ComputerName":"5CD413DKPB","Duration":"00:00:00.9423060","StartTime":"2024-10-22T11:36:03.6327776+00:00","EndTime":"2024-10-22T11:36:04.575012+00:00","Properties":[{"Key":{"Id":"NUnit.Seed","Label":"Seed","Category":"","Description":"","Attributes":0,"ValueType":"System.String"},"Value":"1212132519"}]},{"TestCase":{"Id":"0c820543-08a3-7b99-5249-a4da70858c8d","FullyQualifiedName":"WebAPIWithDatabase.ProductServiceTest.GetAllProductTest(\"TestAdd1\",120,4,\"\",\"Test description for Product\",1)","DisplayName":"GetAllProductTest(\"TestAdd1\",120,4,\"\",\"Test description for Product\",1)","ExecutorUri":"executor://NUnit3TestExecutor","Source":"C:\\Users\\rohit.laishram.PYRAMIDINDIA\\Documents\\celsior_training\\day29\\WebAPIWithDatabase\\WebAPIWithDatabaseTest\\bin\\Debug\\net6.0\\fine-code-coverage\\build-output\\WebAPIWithDatabaseTest.dll","CodeFilePath":null,"LineNumber":0,"Properties":[{"Key":{"Id":"NUnit.Seed","Label":"Seed","Category":"","Description":"","Attributes":0,"ValueType":"System.String"},"Value":"363504856"}]},"Attachments":[],"Outcome":1,"ErrorMessage":null,"ErrorStackTrace":null,"DisplayName":"GetAllProductTest(\"TestAdd1\",120,4,\"\",\"Test description for Product\",1)","Messages":[],"ComputerName":"5CD413DKPB","Duration":"00:00:00.1181210","StartTime":"2024-10-22T11:36:04.576417+00:00","EndTime":"2024-10-22T11:36:04.6945371+00:00","Properties":[{"Key":{"Id":"NUnit.Seed","Label":"Seed","Category":"","Description":"","Attributes":0,"ValueType":"System.String"},"Value":"363504856"}]},{"TestCase":{"Id":"265abd01-157a-81be-07d8-198ead772c94","FullyQualifiedName":"WebAPIWithDatabase.ProductServiceTest.GetProductByIdTest(1)","DisplayName":"GetProductByIdTest(1)","ExecutorUri":"executor://NUnit3TestExecutor","Source":"C:\\Users\\rohit.laishram.PYRAMIDINDIA\\Documents\\celsior_training\\day29\\WebAPIWithDatabase\\WebAPIWithDatabaseTest\\bin\\Debug\\net6.0\\fine-code-coverage\\build-output\\WebAPIWithDatabaseTest.dll","CodeFilePath":null,"LineNumber":0,"Properties":[{"Key":{"Id":"NUnit.Seed","Label":"Seed","Category":"","Description":"","Attributes":0,"ValueType":"System.String"},"Value":"1838891582"}]},"Attachments":[],"Outcome":1,"ErrorMessage":null,"ErrorStackTrace":null,"DisplayName":"GetProductByIdTest(1)","Messages":[],"ComputerName":"5CD413DKPB","Duration":"00:00:00.0484119","StartTime":"2024-10-22T11:36:04.6958866+00:00","EndTime":"2024-10-22T11:36:04.7442984+00:00","Properties":[{"Key":{"Id":"NUnit.Seed","Label":"Seed","Category":"","Description":"","Attributes":0,"ValueType":"System.String"},"Value":"1838891582"}]},{"TestCase":{"Id":"6ddf0a4a-8203-dd77-d393-fb9a513d9545","FullyQualifiedName":"WebAPIWithDatabaseTest.ProductControllertest.AddProductTest","DisplayName":"AddProductTest","ExecutorUri":"executor://NUnit3TestExecutor","Source":"C:\\Users\\rohit.laishram.PYRAMIDINDIA\\Documents\\celsior_training\\day29\\WebAPIWithDatabase\\WebAPIWithDatabaseTest\\bin\\Debug\\net6.0\\fine-code-coverage\\build-output\\WebAPIWithDatabaseTest.dll","CodeFilePath":null,"LineNumber":0,"Properties":[{"Key":{"Id":"NUnit.Seed","Label":"Seed","Category":"","Description":"","Attributes":0,"ValueType":"System.String"},"Value":"1166668275"}]},"Attachments":[],"Outcome":1,"ErrorMessage":null,"ErrorStackTrace":null,"DisplayName":"AddProductTest","Messages":[],"ComputerName":"5CD413DKPB","Duration":"00:00:00.0129040","StartTime":"2024-10-22T11:36:04.7457468+00:00","EndTime":"2024-10-22T11:36:04.75865+00:00","Properties":[{"Key":{"Id":"NUnit.Seed","Label":"Seed","Category":"","Description":"","Attributes":0,"ValueType":"System.String"},"Value":"1166668275"}]},{"TestCase":{"Id":"25de254e-82fa-aa51-e3d2-5bc180f40928","FullyQualifiedName":"WebAPIWithDatabaseTest.ProductRepositoryTest.Delete(1)","DisplayName":"Delete(1)","ExecutorUri":"executor://NUnit3TestExecutor","Source":"C:\\Users\\rohit.laishram.PYRAMIDINDIA\\Documents\\celsior_training\\day29\\WebAPIWithDatabase\\WebAPIWithDatabaseTest\\bin\\Debug\\net6.0\\fine-code-coverage\\build-output\\WebAPIWithDatabaseTest.dll","CodeFilePath":null,"LineNumber":0,"Properties":[{"Key":{"Id":"NUnit.Seed","Label":"Seed","Category":"","Description":"","Attributes":0,"ValueType":"System.String"},"Value":"557427615"}]},"Attachments":[],"Outcome":1,"ErrorMessage":null,"ErrorStackTrace":null,"DisplayName":"Delete(1)","Messages":[],"ComputerName":"5CD413DKPB","Duration":"00:00:00.0206660","StartTime":"2024-10-22T11:36:04.7588697+00:00","EndTime":"2024-10-22T11:36:04.7795353+00:00","Properties":[{"Key":{"Id":"NUnit.Seed","Label":"Seed","Category":"","Description":"","Attributes":0,"ValueType":"System.String"},"Value":"557427615"}]},{"TestCase":{"Id":"bf30016b-40f1-4b22-18eb-c93677368566","FullyQualifiedName":"WebAPIWithDatabaseTest.ProductRepositoryTest.DeleteAsyncThrow(1)","DisplayName":"DeleteAsyncThrow(1)","ExecutorUri":"executor://NUnit3TestExecutor","Source":"C:\\Users\\rohit.laishram.PYRAMIDINDIA\\Documents\\celsior_training\\day29\\WebAPIWithDatabase\\WebAPIWithDatabaseTest\\bin\\Debug\\net6.0\\fine-code-coverage\\build-output\\WebAPIWithDatabaseTest.dll","CodeFilePath":null,"LineNumber":0,"Properties":[{"Key":{"Id":"NUnit.Seed","Label":"Seed","Category":"","Description":"","Attributes":0,"ValueType":"System.String"},"Value":"1464902264"}]},"Attachments":[],"Outcome":1,"ErrorMessage":null,"ErrorStackTrace":null,"DisplayName":"DeleteAsyncThrow(1)","Messages":[],"ComputerName":"5CD413DKPB","Duration":"00:00:00.0036610","StartTime":"2024-10-22T11:36:04.7796198+00:00","EndTime":"2024-10-22T11:36:04.7832806+00:00","Properties":[{"Key":{"Id":"NUnit.Seed","Label":"Seed","Category":"","Description":"","Attributes":0,"ValueType":"System.String"},"Value":"1464902264"}]},{"TestCase":{"Id":"fe986633-6dba-7493-e198-a6e9331bf164","FullyQualifiedName":"WebAPIWithDatabaseTest.ProductRepositoryTest.GetAllProductException","DisplayName":"GetAllProductException","ExecutorUri":"executor://NUnit3TestExecutor","Source":"C:\\Users\\rohit.laishram.PYRAMIDINDIA\\Documents\\celsior_training\\day29\\WebAPIWithDatabase\\WebAPIWithDatabaseTest\\bin\\Debug\\net6.0\\fine-code-coverage\\build-output\\WebAPIWithDatabaseTest.dll","CodeFilePath":null,"LineNumber":0,"Properties":[{"Key":{"Id":"NUnit.Seed","Label":"Seed","Category":"","Description":"","Attributes":0,"ValueType":"System.String"},"Value":"1462786889"}]},"Attachments":[],"Outcome":2,"ErrorMessage":"  Expected: <System.Exception>\r\n  But was:  null\r\n","ErrorStackTrace":"   at WebAPIWithDatabaseTest.ProductRepositoryTest.GetAllProductException() in C:\\Users\\rohit.laishram.PYRAMIDINDIA\\Documents\\celsior_training\\day29\\WebAPIWithDatabase\\WebAPIWithDatabaseTest\\ProductRepositoryTest.cs:line 115\r\n   at NUnit.Framework.Internal.TaskAwaitAdapter.GenericAdapter`1.GetResult()\r\n   at NUnit.Framework.Internal.AsyncToSyncAdapter.Await(Func`1 invoke)\r\n   at NUnit.Framework.Internal.Commands.TestMethodCommand.RunTestMethod(TestExecutionContext context)\r\n   at NUnit.Framework.Internal.Commands.TestMethodCommand.Execute(TestExecutionContext context)\r\n   at NUnit.Framework.Internal.Commands.BeforeAndAfterTestCommand.<>c__DisplayClass1_0.<Execute>b__0()\r\n   at NUnit.Framework.Internal.Commands.DelegatingTestCommand.RunTestMethodInThreadAbortSafeZone(TestExecutionContext context, Action action)\r\n\n1)    at WebAPIWithDatabaseTest.ProductRepositoryTest.GetAllProductException() in C:\\Users\\rohit.laishram.PYRAMIDINDIA\\Documents\\celsior_training\\day29\\WebAPIWithDatabase\\WebAPIWithDatabaseTest\\ProductRepositoryTest.cs:line 115\r\n   at System.Runtime.CompilerServices.AsyncMethodBuilderCore.Start[TStateMachine](TStateMachine& stateMachine)\r\n   at WebAPIWithDatabaseTest.ProductRepositoryTest.GetAllProductException()\r\n\n","DisplayName":"GetAllProductException","Messages":[],"ComputerName":"5CD413DKPB","Duration":"00:00:00.1088740","StartTime":"2024-10-22T11:36:04.7833524+00:00","EndTime":"2024-10-22T11:36:04.8922259+00:00","Properties":[{"Key":{"Id":"NUnit.Seed","Label":"Seed","Category":"","Description":"","Attributes":0,"ValueType":"System.String"},"Value":"1462786889"}]},{"TestCase":{"Id":"96d025fe-7b88-3a4b-ebe1-cfa6a148152a","FullyQualifiedName":"WebAPIWithDatabaseTest.ProductRepositoryTest.GetProductById(1)","DisplayName":"GetProductById(1)","ExecutorUri":"executor://NUnit3TestExecutor","Source":"C:\\Users\\rohit.laishram.PYRAMIDINDIA\\Documents\\celsior_training\\day29\\WebAPIWithDatabase\\WebAPIWithDatabaseTest\\bin\\Debug\\net6.0\\fine-code-coverage\\build-output\\WebAPIWithDatabaseTest.dll","CodeFilePath":null,"LineNumber":0,"Properties":[{"Key":{"Id":"NUnit.Seed","Label":"Seed","Category":"","Description":"","Attributes":0,"ValueType":"System.String"},"Value":"1246520472"}]},"Attachments":[],"Outcome":2,"ErrorMessage":"System.Exception : Product not available","ErrorStackTrace":"   at WebAPIWithDatabase.Repositories.ProductRepository.Get(Int32 key) in C:\\Users\\rohit.laishram.PYRAMIDINDIA\\Documents\\celsior_training\\day29\\WebAPIWithDatabase\\WebAPIWithDatabase\\Repositories\\ProductRepository.cs:line 52\r\n   at WebAPIWithDatabaseTest.ProductRepositoryTest.GetProductById(Int32 productId) in C:\\Users\\rohit.laishram.PYRAMIDINDIA\\Documents\\celsior_training\\day29\\WebAPIWithDatabase\\WebAPIWithDatabaseTest\\ProductRepositoryTest.cs:line 108\r\n   at NUnit.Framework.Internal.TaskAwaitAdapter.GenericAdapter`1.GetResult()\r\n   at NUnit.Framework.Internal.AsyncToSyncAdapter.Await(Func`1 invoke)\r\n   at NUnit.Framework.Internal.Commands.TestMethodCommand.RunTestMethod(TestExecutionContext context)\r\n   at NUnit.Framework.Internal.Commands.TestMethodCommand.Execute(TestExecutionContext context)\r\n   at NUnit.Framework.Internal.Commands.BeforeAndAfterTestCommand.<>c__DisplayClass1_0.<Execute>b__0()\r\n   at NUnit.Framework.Internal.Commands.DelegatingTestCommand.RunTestMethodInThreadAbortSafeZone(TestExecutionContext context, Action action)\n","DisplayName":"GetProductById(1)","Messages":[],"ComputerName":"5CD413DKPB","Duration":"00:00:00.0149380","StartTime":"2024-10-22T11:36:04.8923418+00:00","EndTime":"2024-10-22T11:36:04.9072792+00:00","Properties":[{"Key":{"Id":"NUnit.Seed","Label":"Seed","Category":"","Description":"","Attributes":0,"ValueType":"System.String"},"Value":"1246520472"}]},{"TestCase":{"Id":"4cc90fcf-336f-f303-7a75-e9c4945c2eb5","FullyQualifiedName":"WebAPIWithDatabaseTest.ProductRepositoryTest.GetProductByIDException","DisplayName":"GetProductByIDException","ExecutorUri":"executor://NUnit3TestExecutor","Source":"C:\\Users\\rohit.laishram.PYRAMIDINDIA\\Documents\\celsior_training\\day29\\WebAPIWithDatabase\\WebAPIWithDatabaseTest\\bin\\Debug\\net6.0\\fine-code-coverage\\build-output\\WebAPIWithDatabaseTest.dll","CodeFilePath":null,"LineNumber":0,"Properties":[{"Key":{"Id":"NUnit.Seed","Label":"Seed","Category":"","Description":"","Attributes":0,"ValueType":"System.String"},"Value":"2086284931"}]},"Attachments":[],"Outcome":1,"ErrorMessage":null,"ErrorStackTrace":null,"DisplayName":"GetProductByIDException","Messages":[],"ComputerName":"5CD413DKPB","Duration":"00:00:00.0014620","StartTime":"2024-10-22T11:36:04.9073393+00:00","EndTime":"2024-10-22T11:36:04.9088012+00:00","Properties":[{"Key":{"Id":"NUnit.Seed","Label":"Seed","Category":"","Description":"","Attributes":0,"ValueType":"System.String"},"Value":"2086284931"}]}],"TestRunStatistics":{"ExecutedTests":9,"Stats":{"Passed":7,"Failed":2}},"ActiveTests":[{"Id":"948157ae-5677-544d-7ebe-408ff6888270","FullyQualifiedName":"WebAPIWithDatabaseTest.ProductRepositoryTest.TaskGetAllProduct(\"TestAdd1\",120,4,\"\",\"Test description for Product\",1)","DisplayName":"TaskGetAllProduct(\"TestAdd1\",120,4,\"\",\"Test description for Product\",1)","ExecutorUri":"executor://NUnit3TestExecutor","Source":"C:\\Users\\rohit.laishram.PYRAMIDINDIA\\Documents\\celsior_training\\day29\\WebAPIWithDatabase\\WebAPIWithDatabaseTest\\bin\\Debug\\net6.0\\fine-code-coverage\\build-output\\WebAPIWithDatabaseTest.dll","CodeFilePath":null,"LineNumber":0,"Properties":[{"Key":{"Id":"NUnit.Seed","Label":"Seed","Category":"","Description":"","Attributes":0,"ValueType":"System.String"},"Value":"1489329894"}]}]}}
TpTrace Verbose: 0 : 19308, 12, 2024/10/22, 17:06:04.931, 5453091212336, vstest.console.dll, TestRunRequest:SendTestRunStatsChange: Starting.
TpTrace Verbose: 0 : 19308, 12, 2024/10/22, 17:06:04.931, 5453091213429, vstest.console.dll, InProgress is TaskGetAllProduct("TestAdd1",120,4,"","Test description for Product",1)
TpTrace Verbose: 0 : 19308, 12, 2024/10/22, 17:06:04.932, 5453091216090, vstest.console.dll, MulticastDelegateUtilities.SafeInvoke: TestRun.RunStatsChanged: Invoking callbacks was skipped because there are no subscribers.
TpTrace Information: 0 : 19308, 12, 2024/10/22, 17:06:04.932, 5453091216902, vstest.console.dll, TestRunRequest:SendTestRunStatsChange: Completed.
TpTrace Verbose: 0 : 19308, 12, 2024/10/22, 17:06:04.932, 5453091217488, vstest.console.dll, MulticastDelegateUtilities.SafeInvoke: LengthPrefixCommunicationChannel: MessageReceived: Invoking callback 1/1 for Microsoft.VisualStudio.TestPlatform.CommunicationUtilities.TestRequestSender+<>c__DisplayClass34_0., took 9 ms.
TpTrace Verbose: 0 : 19308, 12, 2024/10/22, 17:06:04.932, 5453091218056, vstest.console.dll, TcpClientExtensions.MessageLoopAsync: Polling on remoteEndPoint: 127.0.0.1:53579 localEndPoint: 127.0.0.1:53578 after 529 ms
TpTrace Verbose: 0 : 19308, 4, 2024/10/22, 17:06:04.934, 5453091243000, vstest.console.dll, MulticastDelegateUtilities.SafeInvoke: InternalTestLoggerEvents.SendTestResult: Invoking callback 1/1 for Microsoft.VisualStudio.TestPlatform.CommandLine.Internal.ConsoleLogger., took 2 ms.
TpTrace Verbose: 0 : 19308, 4, 2024/10/22, 17:06:04.935, 5453091248247, vstest.console.dll, MulticastDelegateUtilities.SafeInvoke: InternalTestLoggerEvents.SendTestResult: Invoking callback 1/1 for Microsoft.VisualStudio.TestPlatform.CommandLine.Internal.ConsoleLogger., took 0 ms.
TpTrace Verbose: 0 : 19308, 4, 2024/10/22, 17:06:04.935, 5453091249465, vstest.console.dll, MulticastDelegateUtilities.SafeInvoke: InternalTestLoggerEvents.SendTestResult: Invoking callback 1/1 for Microsoft.VisualStudio.TestPlatform.CommandLine.Internal.ConsoleLogger., took 0 ms.
TpTrace Verbose: 0 : 19308, 4, 2024/10/22, 17:06:04.935, 5453091250272, vstest.console.dll, MulticastDelegateUtilities.SafeInvoke: InternalTestLoggerEvents.SendTestResult: Invoking callback 1/1 for Microsoft.VisualStudio.TestPlatform.CommandLine.Internal.ConsoleLogger., took 0 ms.
TpTrace Verbose: 0 : 19308, 4, 2024/10/22, 17:06:04.935, 5453091250957, vstest.console.dll, MulticastDelegateUtilities.SafeInvoke: InternalTestLoggerEvents.SendTestResult: Invoking callback 1/1 for Microsoft.VisualStudio.TestPlatform.CommandLine.Internal.ConsoleLogger., took 0 ms.
TpTrace Verbose: 0 : 19308, 4, 2024/10/22, 17:06:04.935, 5453091251623, vstest.console.dll, MulticastDelegateUtilities.SafeInvoke: InternalTestLoggerEvents.SendTestResult: Invoking callback 1/1 for Microsoft.VisualStudio.TestPlatform.CommandLine.Internal.ConsoleLogger., took 0 ms.
TpTrace Verbose: 0 : 19308, 4, 2024/10/22, 17:06:04.936, 5453091260174, vstest.console.dll, MulticastDelegateUtilities.SafeInvoke: InternalTestLoggerEvents.SendTestResult: Invoking callback 1/1 for Microsoft.VisualStudio.TestPlatform.CommandLine.Internal.ConsoleLogger., took 0 ms.
TpTrace Verbose: 0 : 19308, 4, 2024/10/22, 17:06:04.936, 5453091264210, vstest.console.dll, MulticastDelegateUtilities.SafeInvoke: InternalTestLoggerEvents.SendTestResult: Invoking callback 1/1 for Microsoft.VisualStudio.TestPlatform.CommandLine.Internal.ConsoleLogger., took 0 ms.
TpTrace Verbose: 0 : 19308, 4, 2024/10/22, 17:06:04.937, 5453091265357, vstest.console.dll, MulticastDelegateUtilities.SafeInvoke: InternalTestLoggerEvents.SendTestResult: Invoking callback 1/1 for Microsoft.VisualStudio.TestPlatform.CommandLine.Internal.ConsoleLogger., took 0 ms.
TpTrace Verbose: 0 : 19308, 12, 2024/10/22, 17:06:05.000, 5453091895067, vstest.console.dll, TcpClientExtensions.MessageLoopAsync: NotifyDataAvailable remoteEndPoint: 127.0.0.1:53579 localEndPoint: 127.0.0.1:53578
TpTrace Verbose: 0 : 19308, 12, 2024/10/22, 17:06:05.000, 5453091896931, vstest.console.dll, TestRequestSender.OnExecutionMessageReceived: Received message: {"Version":7,"MessageType":"TestSession.Message","Payload":{"MessageLevel":0,"Message":"NUnit Adapter 4.4.0.0: Test execution complete"}}
TpTrace Verbose: 0 : 19308, 12, 2024/10/22, 17:06:05.000, 5453091898427, vstest.console.dll, TestRunRequest:SendTestRunMessage: Starting.
TpTrace Verbose: 0 : 19308, 12, 2024/10/22, 17:06:05.000, 5453091899250, vstest.console.dll, MulticastDelegateUtilities.SafeInvoke: TestRun.LogMessages: Invoking callback 1/1 for Microsoft.VisualStudio.TestPlatform.CommandLine.TestRunResultAggregator., took 0 ms.
TpTrace Information: 0 : 19308, 12, 2024/10/22, 17:06:05.000, 5453091899681, vstest.console.dll, TestRunRequest:SendTestRunMessage: Completed.
TpTrace Verbose: 0 : 19308, 4, 2024/10/22, 17:06:05.000, 5453091899833, vstest.console.dll, MulticastDelegateUtilities.SafeInvoke: InternalTestLoggerEvents.SendTestRunMessage: Invoking callback 1/1 for Microsoft.VisualStudio.TestPlatform.CommandLine.Internal.ConsoleLogger., took 0 ms.
TpTrace Verbose: 0 : 19308, 12, 2024/10/22, 17:06:05.000, 5453091900050, vstest.console.dll, MulticastDelegateUtilities.SafeInvoke: LengthPrefixCommunicationChannel: MessageReceived: Invoking callback 1/1 for Microsoft.VisualStudio.TestPlatform.CommunicationUtilities.TestRequestSender+<>c__DisplayClass34_0., took 0 ms.
TpTrace Verbose: 0 : 19308, 12, 2024/10/22, 17:06:05.000, 5453091901024, vstest.console.dll, TcpClientExtensions.MessageLoopAsync: Polling on remoteEndPoint: 127.0.0.1:53579 localEndPoint: 127.0.0.1:53578 after 68 ms
TpTrace Verbose: 0 : 19308, 12, 2024/10/22, 17:06:05.028, 5453092182393, vstest.console.dll, TcpClientExtensions.MessageLoopAsync: NotifyDataAvailable remoteEndPoint: 127.0.0.1:53579 localEndPoint: 127.0.0.1:53578
TpTrace Verbose: 0 : 19308, 12, 2024/10/22, 17:06:05.029, 5453092186547, vstest.console.dll, TestRequestSender.OnExecutionMessageReceived: Received message: {"Version":7,"MessageType":"TestExecution.Completed","Payload":{"TestRunCompleteArgs":{"TestRunStatistics":{"ExecutedTests":18,"Stats":{"Passed":11,"Failed":7}},"IsCanceled":false,"IsAborted":false,"Error":null,"AttachmentSets":[],"InvokedDataCollectors":[],"ElapsedTimeInRunningTests":"00:00:01.9802317","Metrics":{},"DiscoveredExtensions":{"TestDiscoverers":["NUnit.VisualStudio.TestAdapter.NUnit3TestDiscoverer, NUnit3.TestAdapter, Version=4.4.0.0, Culture=neutral, PublicKeyToken=4cb40d35494691ac"],"TestExecutors":["executor://NUnit3TestExecutor"],"TestExecutors2":[],"TestSettingsProviders":[]}},"LastRunTests":{"NewTestResults":[{"TestCase":{"Id":"948157ae-5677-544d-7ebe-408ff6888270","FullyQualifiedName":"WebAPIWithDatabaseTest.ProductRepositoryTest.TaskGetAllProduct(\"TestAdd1\",120,4,\"\",\"Test description for Product\",1)","DisplayName":"TaskGetAllProduct(\"TestAdd1\",120,4,\"\",\"Test description for Product\",1)","ExecutorUri":"executor://NUnit3TestExecutor","Source":"C:\\Users\\rohit.laishram.PYRAMIDINDIA\\Documents\\celsior_training\\day29\\WebAPIWithDatabase\\WebAPIWithDatabaseTest\\bin\\Debug\\net6.0\\fine-code-coverage\\build-output\\WebAPIWithDatabaseTest.dll","CodeFilePath":null,"LineNumber":0,"Properties":[{"Key":{"Id":"NUnit.Seed","Label":"Seed","Category":"","Description":"","Attributes":0,"ValueType":"System.String"},"Value":"1489329894"}]},"Attachments":[],"Outcome":1,"ErrorMessage":null,"ErrorStackTrace":null,"DisplayName":"TaskGetAllProduct(\"TestAdd1\",120,4,\"\",\"Test description for Product\",1)","Messages":[],"ComputerName":"5CD413DKPB","Duration":"00:00:00.0014640","StartTime":"2024-10-22T11:36:04.9088434+00:00","EndTime":"2024-10-22T11:36:04.9103071+00:00","Properties":[{"Key":{"Id":"NUnit.Seed","Label":"Seed","Category":"","Description":"","Attributes":0,"ValueType":"System.String"},"Value":"1489329894"}]},{"TestCase":{"Id":"94d40d23-f9af-f387-85f7-c2d02e53309a","FullyQualifiedName":"WebAPIWithDatabaseTest.ProductRepositoryTest.TaskGetUpdate(\"TestAdd1\",120,4,\"\",\"Test description for Product\",1)","DisplayName":"TaskGetUpdate(\"TestAdd1\",120,4,\"\",\"Test description for Product\",1)","ExecutorUri":"executor://NUnit3TestExecutor","Source":"C:\\Users\\rohit.laishram.PYRAMIDINDIA\\Documents\\celsior_training\\day29\\WebAPIWithDatabase\\WebAPIWithDatabaseTest\\bin\\Debug\\net6.0\\fine-code-coverage\\build-output\\WebAPIWithDatabaseTest.dll","CodeFilePath":null,"LineNumber":0,"Properties":[{"Key":{"Id":"NUnit.Seed","Label":"Seed","Category":"","Description":"","Attributes":0,"ValueType":"System.String"},"Value":"555936744"}]},"Attachments":[],"Outcome":2,"ErrorMessage":"System.Exception : Product not available","ErrorStackTrace":"   at WebAPIWithDatabase.Repositories.ProductRepository.Get(Int32 key) in C:\\Users\\rohit.laishram.PYRAMIDINDIA\\Documents\\celsior_training\\day29\\WebAPIWithDatabase\\WebAPIWithDatabase\\Repositories\\ProductRepository.cs:line 52\r\n   at WebAPIWithDatabase.Repositories.ProductRepository.Update(Int32 key, Product entity) in C:\\Users\\rohit.laishram.PYRAMIDINDIA\\Documents\\celsior_training\\day29\\WebAPIWithDatabase\\WebAPIWithDatabase\\Repositories\\ProductRepository.cs:line 71\r\n   at WebAPIWithDatabaseTest.ProductRepositoryTest.TaskGetUpdate(String name, Single price, Int32 quantity, String image, String desc, Int32 id) in C:\\Users\\rohit.laishram.PYRAMIDINDIA\\Documents\\celsior_training\\day29\\WebAPIWithDatabase\\WebAPIWithDatabaseTest\\ProductRepositoryTest.cs:line 170\r\n   at NUnit.Framework.Internal.TaskAwaitAdapter.GenericAdapter`1.GetResult()\r\n   at NUnit.Framework.Internal.AsyncToSyncAdapter.Await(Func`1 invoke)\r\n   at NUnit.Framework.Internal.Commands.TestMethodCommand.RunTestMethod(TestExecutionContext context)\r\n   at NUnit.Framework.Internal.Commands.TestMethodCommand.Execute(TestExecutionContext context)\r\n   at NUnit.Framework.Internal.Commands.BeforeAndAfterTestCommand.<>c__DisplayClass1_0.<Execute>b__0()\r\n   at NUnit.Framework.Internal.Commands.DelegatingTestCommand.RunTestMethodInThreadAbortSafeZone(TestExecutionContext context, Action action)\n","DisplayName":"TaskGetUpdate(\"TestAdd1\",120,4,\"\",\"Test description for Product\",1)","Messages":[],"ComputerName":"5CD413DKPB","Duration":"00:00:00.0029910","StartTime":"2024-10-22T11:36:04.9104125+00:00","EndTime":"2024-10-22T11:36:04.9134035+00:00","Properties":[{"Key":{"Id":"NUnit.Seed","Label":"Seed","Category":"","Description":"","Attributes":0,"ValueType":"System.String"},"Value":"555936744"}]},{"TestCase":{"Id":"deabcf15-4893-911e-a847-e5eef58769e3","FullyQualifiedName":"WebAPIWithDatabaseTest.ProductRepositoryTest.TestAdd(\"TestAdd1\",120,4,\"\",\"Test description for Product\",1)","DisplayName":"TestAdd(\"TestAdd1\",120,4,\"\",\"Test description for Product\",1)","ExecutorUri":"executor://NUnit3TestExecutor","Source":"C:\\Users\\rohit.laishram.PYRAMIDINDIA\\Documents\\celsior_training\\day29\\WebAPIWithDatabase\\WebAPIWithDatabaseTest\\bin\\Debug\\net6.0\\fine-code-coverage\\build-output\\WebAPIWithDatabaseTest.dll","CodeFilePath":null,"LineNumber":0,"Properties":[{"Key":{"Id":"NUnit.Seed","Label":"Seed","Category":"","Description":"","Attributes":0,"ValueType":"System.String"},"Value":"993535765"}]},"Attachments":[],"Outcome":2,"ErrorMessage":"  Expected: 1\r\n  But was:  6\r\n","ErrorStackTrace":"   at WebAPIWithDatabaseTest.ProductRepositoryTest.TestAdd(String name, Single price, Int32 quantity, String image, String desc, Int32 id) in C:\\Users\\rohit.laishram.PYRAMIDINDIA\\Documents\\celsior_training\\day29\\WebAPIWithDatabase\\WebAPIWithDatabaseTest\\ProductRepositoryTest.cs:line 53\r\n   at NUnit.Framework.Internal.TaskAwaitAdapter.GenericAdapter`1.GetResult()\r\n   at NUnit.Framework.Internal.AsyncToSyncAdapter.Await(Func`1 invoke)\r\n   at NUnit.Framework.Internal.Commands.TestMethodCommand.RunTestMethod(TestExecutionContext context)\r\n   at NUnit.Framework.Internal.Commands.TestMethodCommand.Execute(TestExecutionContext context)\r\n   at NUnit.Framework.Internal.Commands.BeforeAndAfterTestCommand.<>c__DisplayClass1_0.<Execute>b__0()\r\n   at NUnit.Framework.Internal.Commands.DelegatingTestCommand.RunTestMethodInThreadAbortSafeZone(TestExecutionContext context, Action action)\r\n\n1)    at WebAPIWithDatabaseTest.ProductRepositoryTest.TestAdd(String name, Single price, Int32 quantity, String image, String desc, Int32 id) in C:\\Users\\rohit.laishram.PYRAMIDINDIA\\Documents\\celsior_training\\day29\\WebAPIWithDatabase\\WebAPIWithDatabaseTest\\ProductRepositoryTest.cs:line 53\r\n   at System.Runtime.CompilerServices.AsyncMethodBuilderCore.Start[TStateMachine](TStateMachine& stateMachine)\r\n   at WebAPIWithDatabaseTest.ProductRepositoryTest.TestAdd(String name, Single price, Int32 quantity, String image, String desc, Int32 id)\r\n\n","DisplayName":"TestAdd(\"TestAdd1\",120,4,\"\",\"Test description for Product\",1)","Messages":[],"ComputerName":"5CD413DKPB","Duration":"00:00:00.0032650","StartTime":"2024-10-22T11:36:04.9134673+00:00","EndTime":"2024-10-22T11:36:04.9167317+00:00","Properties":[{"Key":{"Id":"NUnit.Seed","Label":"Seed","Category":"","Description":"","Attributes":0,"ValueType":"System.String"},"Value":"993535765"}]},{"TestCase":{"Id":"5ed02d17-30ad-d552-41bf-e57838d2e6c3","FullyQualifiedName":"WebAPIWithDatabaseTest.ProductRepositoryTest.TestAddException(\"TestAdd1\",120,4,\"\",\"Test description for Product\",1)","DisplayName":"TestAddException(\"TestAdd1\",120,4,\"\",\"Test description for Product\",1)","ExecutorUri":"executor://NUnit3TestExecutor","Source":"C:\\Users\\rohit.laishram.PYRAMIDINDIA\\Documents\\celsior_training\\day29\\WebAPIWithDatabase\\WebAPIWithDatabaseTest\\bin\\Debug\\net6.0\\fine-code-coverage\\build-output\\WebAPIWithDatabaseTest.dll","CodeFilePath":null,"LineNumber":0,"Properties":[{"Key":{"Id":"NUnit.Seed","Label":"Seed","Category":"","Description":"","Attributes":0,"ValueType":"System.String"},"Value":"465417993"}]},"Attachments":[],"Outcome":1,"ErrorMessage":null,"ErrorStackTrace":null,"DisplayName":"TestAddException(\"TestAdd1\",120,4,\"\",\"Test description for Product\",1)","Messages":[],"ComputerName":"5CD413DKPB","Duration":"00:00:00.0050530","StartTime":"2024-10-22T11:36:04.9168576+00:00","EndTime":"2024-10-22T11:36:04.9219096+00:00","Properties":[{"Key":{"Id":"NUnit.Seed","Label":"Seed","Category":"","Description":"","Attributes":0,"ValueType":"System.String"},"Value":"465417993"}]},{"TestCase":{"Id":"2f3aebad-aa0b-ee19-e774-e7df3a4d929c","FullyQualifiedName":"WebAPIWithDatabaseTest.UserControllerTest.LoginTest(\"rohit\",\"intel\",Admin)","DisplayName":"LoginTest(\"rohit\",\"intel\",Admin)","ExecutorUri":"executor://NUnit3TestExecutor","Source":"C:\\Users\\rohit.laishram.PYRAMIDINDIA\\Documents\\celsior_training\\day29\\WebAPIWithDatabase\\WebAPIWithDatabaseTest\\bin\\Debug\\net6.0\\fine-code-coverage\\build-output\\WebAPIWithDatabaseTest.dll","CodeFilePath":null,"LineNumber":0,"Properties":[{"Key":{"Id":"NUnit.Seed","Label":"Seed","Category":"","Description":"","Attributes":0,"ValueType":"System.String"},"Value":"1054094843"}]},"Attachments":[],"Outcome":1,"ErrorMessage":null,"ErrorStackTrace":null,"DisplayName":"LoginTest(\"rohit\",\"intel\",Admin)","Messages":[],"ComputerName":"5CD413DKPB","Duration":"00:00:00.0449790","StartTime":"2024-10-22T11:36:04.9221131+00:00","EndTime":"2024-10-22T11:36:04.9670915+00:00","Properties":[{"Key":{"Id":"NUnit.Seed","Label":"Seed","Category":"","Description":"","Attributes":0,"ValueType":"System.String"},"Value":"1054094843"}]},{"TestCase":{"Id":"25886bd9-e174-f938-2e68-2b24eb9a4e11","FullyQualifiedName":"WebAPIWithDatabaseTest.UserControllerTest.TestRegister(\"rohit\",\"intel\",Admin)","DisplayName":"TestRegister(\"rohit\",\"intel\",Admin)","ExecutorUri":"executor://NUnit3TestExecutor","Source":"C:\\Users\\rohit.laishram.PYRAMIDINDIA\\Documents\\celsior_training\\day29\\WebAPIWithDatabase\\WebAPIWithDatabaseTest\\bin\\Debug\\net6.0\\fine-code-coverage\\build-output\\WebAPIWithDatabaseTest.dll","CodeFilePath":null,"LineNumber":0,"Properties":[{"Key":{"Id":"NUnit.Seed","Label":"Seed","Category":"","Description":"","Attributes":0,"ValueType":"System.String"},"Value":"458060965"}]},"Attachments":[],"Outcome":2,"ErrorMessage":"  Expected: not null\r\n  But was:  null\r\n","ErrorStackTrace":"   at WebAPIWithDatabaseTest.UserControllerTest.TestRegister(String name, String password, Roles roles) in C:\\Users\\rohit.laishram.PYRAMIDINDIA\\Documents\\celsior_training\\day29\\WebAPIWithDatabase\\WebAPIWithDatabaseTest\\UserControllerTest.cs:line 61\r\n   at NUnit.Framework.Internal.TaskAwaitAdapter.GenericAdapter`1.GetResult()\r\n   at NUnit.Framework.Internal.AsyncToSyncAdapter.Await(Func`1 invoke)\r\n   at NUnit.Framework.Internal.Commands.TestMethodCommand.RunTestMethod(TestExecutionContext context)\r\n   at NUnit.Framework.Internal.Commands.TestMethodCommand.Execute(TestExecutionContext context)\r\n   at NUnit.Framework.Internal.Commands.BeforeAndAfterTestCommand.<>c__DisplayClass1_0.<Execute>b__0()\r\n   at NUnit.Framework.Internal.Commands.DelegatingTestCommand.RunTestMethodInThreadAbortSafeZone(TestExecutionContext context, Action action)\r\n\n1)    at WebAPIWithDatabaseTest.UserControllerTest.TestRegister(String name, String password, Roles roles) in C:\\Users\\rohit.laishram.PYRAMIDINDIA\\Documents\\celsior_training\\day29\\WebAPIWithDatabase\\WebAPIWithDatabaseTest\\UserControllerTest.cs:line 61\r\n   at System.Runtime.CompilerServices.AsyncMethodBuilderCore.Start[TStateMachine](TStateMachine& stateMachine)\r\n   at WebAPIWithDatabaseTest.UserControllerTest.TestRegister(String name, String password, Roles roles)\r\n\n","DisplayName":"TestRegister(\"rohit\",\"intel\",Admin)","Messages":[],"ComputerName":"5CD413DKPB","Duration":"00:00:00.0022600","StartTime":"2024-10-22T11:36:04.9671774+00:00","EndTime":"2024-10-22T11:36:04.9694368+00:00","Properties":[{"Key":{"Id":"NUnit.Seed","Label":"Seed","Category":"","Description":"","Attributes":0,"ValueType":"System.String"},"Value":"458060965"}]},{"TestCase":{"Id":"028f756f-ca11-c32c-c796-64f07081fd19","FullyQualifiedName":"WebAPIWithDatabaseTest.UserRepositoryTest.TestAddUser","DisplayName":"TestAddUser","ExecutorUri":"executor://NUnit3TestExecutor","Source":"C:\\Users\\rohit.laishram.PYRAMIDINDIA\\Documents\\celsior_training\\day29\\WebAPIWithDatabase\\WebAPIWithDatabaseTest\\bin\\Debug\\net6.0\\fine-code-coverage\\build-output\\WebAPIWithDatabaseTest.dll","CodeFilePath":null,"LineNumber":0,"Properties":[{"Key":{"Id":"NUnit.Seed","Label":"Seed","Category":"","Description":"","Attributes":0,"ValueType":"System.String"},"Value":"1751768063"}]},"Attachments":[],"Outcome":1,"ErrorMessage":null,"ErrorStackTrace":null,"DisplayName":"TestAddUser","Messages":[],"ComputerName":"5CD413DKPB","Duration":"00:00:00.0010490","StartTime":"2024-10-22T11:36:04.969567+00:00","EndTime":"2024-10-22T11:36:04.9706158+00:00","Properties":[{"Key":{"Id":"NUnit.Seed","Label":"Seed","Category":"","Description":"","Attributes":0,"ValueType":"System.String"},"Value":"1751768063"}]},{"TestCase":{"Id":"d6531ff1-5093-7202-5dc9-a731231fd9e9","FullyQualifiedName":"WebAPIWithDatabaseTest.UserServiceTest.TestAdd(\"TestUser\",\"TestPassword\",\"TestHashKey\",Admin)","DisplayName":"TestAdd(\"TestUser\",\"TestPassword\",\"TestHashKey\",Admin)","ExecutorUri":"executor://NUnit3TestExecutor","Source":"C:\\Users\\rohit.laishram.PYRAMIDINDIA\\Documents\\celsior_training\\day29\\WebAPIWithDatabase\\WebAPIWithDatabaseTest\\bin\\Debug\\net6.0\\fine-code-coverage\\build-output\\WebAPIWithDatabaseTest.dll","CodeFilePath":null,"LineNumber":0,"Properties":[{"Key":{"Id":"NUnit.Seed","Label":"Seed","Category":"","Description":"","Attributes":0,"ValueType":"System.String"},"Value":"722349490"}]},"Attachments":[],"Outcome":2,"ErrorMessage":"System.Exception : Could not register user","ErrorStackTrace":"   at WebAPIWithDatabase.Services.UserService.Register(UserCreateDTO registerUser) in C:\\Users\\rohit.laishram.PYRAMIDINDIA\\Documents\\celsior_training\\day29\\WebAPIWithDatabase\\WebAPIWithDatabase\\Services\\UserService.cs:line 68\r\n   at WebAPIWithDatabaseTest.UserServiceTest.TestAdd(String username, String password, String hashKey, Roles role) in C:\\Users\\rohit.laishram.PYRAMIDINDIA\\Documents\\celsior_training\\day29\\WebAPIWithDatabase\\WebAPIWithDatabaseTest\\UserServiceTest.cs:line 47\r\n   at NUnit.Framework.Internal.TaskAwaitAdapter.GenericAdapter`1.GetResult()\r\n   at NUnit.Framework.Internal.AsyncToSyncAdapter.Await(Func`1 invoke)\r\n   at NUnit.Framework.Internal.Commands.TestMethodCommand.RunTestMethod(TestExecutionContext context)\r\n   at NUnit.Framework.Internal.Commands.TestMethodCommand.Execute(TestExecutionContext context)\r\n   at NUnit.Framework.Internal.Commands.BeforeAndAfterTestCommand.<>c__DisplayClass1_0.<Execute>b__0()\r\n   at NUnit.Framework.Internal.Commands.DelegatingTestCommand.RunTestMethodInThreadAbortSafeZone(TestExecutionContext context, Action action)\n","DisplayName":"TestAdd(\"TestUser\",\"TestPassword\",\"TestHashKey\",Admin)","Messages":[],"ComputerName":"5CD413DKPB","Duration":"00:00:00.0013420","StartTime":"2024-10-22T11:36:04.9707701+00:00","EndTime":"2024-10-22T11:36:04.9721117+00:00","Properties":[{"Key":{"Id":"NUnit.Seed","Label":"Seed","Category":"","Description":"","Attributes":0,"ValueType":"System.String"},"Value":"722349490"}]},{"TestCase":{"Id":"cb4ebd59-89f6-cf9d-0450-c6854fd5530c","FullyQualifiedName":"WebAPIWithDatabaseTest.UserServiceTest.TestAuthenticate(\"TestUser\",\"TestPassword\",\"TestHashKey\")","DisplayName":"TestAuthenticate(\"TestUser\",\"TestPassword\",\"TestHashKey\")","ExecutorUri":"executor://NUnit3TestExecutor","Source":"C:\\Users\\rohit.laishram.PYRAMIDINDIA\\Documents\\celsior_training\\day29\\WebAPIWithDatabase\\WebAPIWithDatabaseTest\\bin\\Debug\\net6.0\\fine-code-coverage\\build-output\\WebAPIWithDatabaseTest.dll","CodeFilePath":null,"LineNumber":0,"Properties":[{"Key":{"Id":"NUnit.Seed","Label":"Seed","Category":"","Description":"","Attributes":0,"ValueType":"System.String"},"Value":"1321250306"}]},"Attachments":[],"Outcome":2,"ErrorMessage":"System.Exception : Could not register user","ErrorStackTrace":"   at WebAPIWithDatabase.Services.UserService.Register(UserCreateDTO registerUser) in C:\\Users\\rohit.laishram.PYRAMIDINDIA\\Documents\\celsior_training\\day29\\WebAPIWithDatabase\\WebAPIWithDatabase\\Services\\UserService.cs:line 68\r\n   at WebAPIWithDatabaseTest.UserServiceTest.TestAuthenticate(String username, String password, String hashKey) in C:\\Users\\rohit.laishram.PYRAMIDINDIA\\Documents\\celsior_training\\day29\\WebAPIWithDatabase\\WebAPIWithDatabaseTest\\UserServiceTest.cs:line 61\r\n   at NUnit.Framework.Internal.TaskAwaitAdapter.GenericAdapter`1.GetResult()\r\n   at NUnit.Framework.Internal.AsyncToSyncAdapter.Await(Func`1 invoke)\r\n   at NUnit.Framework.Internal.Commands.TestMethodCommand.RunTestMethod(TestExecutionContext context)\r\n   at NUnit.Framework.Internal.Commands.TestMethodCommand.Execute(TestExecutionContext context)\r\n   at NUnit.Framework.Internal.Commands.BeforeAndAfterTestCommand.<>c__DisplayClass1_0.<Execute>b__0()\r\n   at NUnit.Framework.Internal.Commands.DelegatingTestCommand.RunTestMethodInThreadAbortSafeZone(TestExecutionContext context, Action action)\n","DisplayName":"TestAuthenticate(\"TestUser\",\"TestPassword\",\"TestHashKey\")","Messages":[],"ComputerName":"5CD413DKPB","Duration":"00:00:00.0016250","StartTime":"2024-10-22T11:36:04.9721532+00:00","EndTime":"2024-10-22T11:36:04.9737776+00:00","Properties":[{"Key":{"Id":"NUnit.Seed","Label":"Seed","Category":"","Description":"","Attributes":0,"ValueType":"System.String"},"Value":"1321250306"}]}],"TestRunStatistics":{"ExecutedTests":18,"Stats":{"Passed":11,"Failed":7}},"ActiveTests":[]},"RunAttachments":[],"ExecutorUris":["executor://nunit3testexecutor/"]}}
TpTrace Verbose: 0 : 19308, 12, 2024/10/22, 17:06:05.029, 5453092189360, vstest.console.dll, TestRequestSender.EndSession: Sending end session.
TpTrace Verbose: 0 : 19308, 12, 2024/10/22, 17:06:05.029, 5453092191251, vstest.console.dll, ProxyOperationManager.Close: waiting for test host to exit for 100 ms
TpTrace Verbose: 0 : 19308, 11, 2024/10/22, 17:06:05.060, 5453092498081, vstest.console.dll, TestHostManagerCallbacks.StandardOutputReceivedCallback Test host standard output line: 
TpTrace Warning: 0 : 19308, 10, 2024/10/22, 17:06:05.060, 5453092498647, vstest.console.dll, TestHostManagerCallbacks.ErrorReceivedCallback Test host standard error line: 
TpTrace Verbose: 0 : 19308, 10, 2024/10/22, 17:06:05.069, 5453092584964, vstest.console.dll, TestHostProvider.ExitCallBack: Host exited starting callback.
TpTrace Information: 0 : 19308, 10, 2024/10/22, 17:06:05.069, 5453092586285, vstest.console.dll, TestHostManagerCallbacks.ExitCallBack: Testhost processId: 4360 exited with exitcode: 0 error: ''
TpTrace Verbose: 0 : 19308, 10, 2024/10/22, 17:06:05.069, 5453092586637, vstest.console.dll, DotnetTestHostManager.OnHostExited: invoking OnHostExited callback
TpTrace Verbose: 0 : 19308, 10, 2024/10/22, 17:06:05.069, 5453092587115, vstest.console.dll, CrossPlatEngine.TestHostManagerHostExited: calling on client process exit callback.
TpTrace Information: 0 : 19308, 10, 2024/10/22, 17:06:05.069, 5453092587595, vstest.console.dll, TestRequestSender.OnClientProcessExit: Test host process exited. Standard error: 
TpTrace Information: 0 : 19308, 10, 2024/10/22, 17:06:05.069, 5453092587948, vstest.console.dll, SocketServer.Stop: Stop server endPoint: 127.0.0.1:53578
TpTrace Information: 0 : 19308, 10, 2024/10/22, 17:06:05.069, 5453092588211, vstest.console.dll, SocketServer.Stop: Cancellation requested. Stopping message loop.
TpTrace Information: 0 : 19308, 12, 2024/10/22, 17:06:05.069, 5453092588507, vstest.console.dll, SocketServer.Stop: Stop server endPoint: 127.0.0.1:53578
TpTrace Verbose: 0 : 19308, 10, 2024/10/22, 17:06:05.069, 5453092589057, vstest.console.dll, MulticastDelegateUtilities.SafeInvoke: HostProviderEvents.OnHostExited: Invoking callback 1/1 for Microsoft.VisualStudio.TestPlatform.CrossPlatEngine.Client.ProxyOperationManager., took 0 ms.
TpTrace Information: 0 : 19308, 12, 2024/10/22, 17:06:05.069, 5453092589619, vstest.console.dll, SocketServer.Stop: Cancellation requested. Stopping message loop.
TpTrace Information: 0 : 19308, 12, 2024/10/22, 17:06:05.069, 5453092592149, vstest.console.dll, Closing the connection
TpTrace Verbose: 0 : 19308, 12, 2024/10/22, 17:06:05.069, 5453092594149, vstest.console.dll, ProxyDataCollectionManager.InvokeDataCollectionServiceAction: Starting.
TpTrace Information: 0 : 19308, 12, 2024/10/22, 17:06:05.070, 5453092594539, vstest.console.dll, ProxyDataCollectionManager.AfterTestRunEnd: Get attachment set and invoked data collectors processId: 17764 port: 53575
TpTrace Verbose: 0 : 19308, 12, 2024/10/22, 17:06:05.070, 5453092594950, vstest.console.dll, DataCollectionRequestSender.SendAfterTestRunStartAndGetResult: Send AfterTestRunEnd message with isCancelled: False
TpTrace Verbose: 0 : 19308, 12, 2024/10/22, 17:06:05.075, 5453092651373, vstest.console.dll, DataCollectionRequestSender.SendAfterTestRunStartAndGetResult: Received message: (DataCollection.AfterTestRunEndResult) -> {"MessageType":"DataCollection.AfterTestRunEndResult","Payload":{"AttachmentSets":[],"InvokedDataCollectors":[{"Uri":"datacollector://Microsoft/TestPlatform/Extensions/Blame/v1","FriendlyName":"Blame","AssemblyQualifiedName":"Microsoft.TestPlatform.Extensions.BlameDataCollector.BlameCollector, Microsoft.TestPlatform.Extensions.BlameDataCollector, Version=15.0.0.0, Culture=neutral, PublicKeyToken=b03f5f7f11d50a3a","FilePath":"C:\\Program Files\\dotnet\\sdk\\8.0.403\\Extensions\\Microsoft.TestPlatform.Extensions.BlameDataCollector.dll","HasAttachmentProcessor":false}],"Metrics":{}}}
TpTrace Information: 0 : 19308, 12, 2024/10/22, 17:06:05.079, 5453092687387, vstest.console.dll, ProxyDataCollectionManager.InvokeDataCollectionServiceAction: Completed.
TpTrace Warning: 0 : 19308, 7, 2024/10/22, 17:06:05.080, 5453092697471, vstest.console.dll, DataCollectionLauncher.ErrorReceivedCallback datacollector standard error line: 
TpTrace Information: 0 : 19308, 7, 2024/10/22, 17:06:05.087, 5453092772250, vstest.console.dll, DataCollectionLauncher.ExitCallBack: Data collector exited with exitcode: 0 error: ''
TpTrace Verbose: 0 : 19308, 12, 2024/10/22, 17:06:05.104, 5453092936096, vstest.console.dll, TestRunRequest:SendTestRunStatsChange: Starting.
TpTrace Verbose: 0 : 19308, 12, 2024/10/22, 17:06:05.104, 5453092937343, vstest.console.dll, MulticastDelegateUtilities.SafeInvoke: TestRun.RunStatsChanged: Invoking callbacks was skipped because there are no subscribers.
TpTrace Information: 0 : 19308, 12, 2024/10/22, 17:06:05.104, 5453092937778, vstest.console.dll, TestRunRequest:SendTestRunStatsChange: Completed.
TpTrace Verbose: 0 : 19308, 4, 2024/10/22, 17:06:05.104, 5453092938076, vstest.console.dll, MulticastDelegateUtilities.SafeInvoke: InternalTestLoggerEvents.SendTestResult: Invoking callback 1/1 for Microsoft.VisualStudio.TestPlatform.CommandLine.Internal.ConsoleLogger., took 0 ms.
TpTrace Verbose: 0 : 19308, 12, 2024/10/22, 17:06:05.104, 5453092940121, vstest.console.dll, ParallelProxyExecutionManager: HandlePartialRunComplete: Total workloads = 1, Total started clients = 1 Total completed clients = 1, Run complete = True, Run canceled: False.
TpTrace Verbose: 0 : 19308, 4, 2024/10/22, 17:06:05.104, 5453092940519, vstest.console.dll, MulticastDelegateUtilities.SafeInvoke: InternalTestLoggerEvents.SendTestResult: Invoking callback 1/1 for Microsoft.VisualStudio.TestPlatform.CommandLine.Internal.ConsoleLogger., took 0 ms.
TpTrace Verbose: 0 : 19308, 12, 2024/10/22, 17:06:05.104, 5453092940546, vstest.console.dll, ParallelProxyExecutionManager: HandlePartialRunComplete: All runs completed stopping all managers.
TpTrace Verbose: 0 : 19308, 12, 2024/10/22, 17:06:05.104, 5453092941211, vstest.console.dll, ParallelOperationManager.StopAllManagers: Stopping all managers.
TpTrace Verbose: 0 : 19308, 12, 2024/10/22, 17:06:05.104, 5453092941640, vstest.console.dll, ParallelOperationManager.ClearSlots: Clearing all slots. Slots should accept more work: False
TpTrace Verbose: 0 : 19308, 12, 2024/10/22, 17:06:05.104, 5453092942134, vstest.console.dll, ParallelOperationManager.SetOccupiedSlotCount: Setting slot counts AvailableSlotCount = 1, OccupiedSlotCount = 0.
TpTrace Verbose: 0 : 19308, 12, 2024/10/22, 17:06:05.104, 5453092942724, vstest.console.dll, Occupied slots:

TpTrace Verbose: 0 : 19308, 4, 2024/10/22, 17:06:05.105, 5453092951603, vstest.console.dll, MulticastDelegateUtilities.SafeInvoke: InternalTestLoggerEvents.SendTestResult: Invoking callback 1/1 for Microsoft.VisualStudio.TestPlatform.CommandLine.Internal.ConsoleLogger., took 1 ms.
TpTrace Verbose: 0 : 19308, 4, 2024/10/22, 17:06:05.105, 5453092952316, vstest.console.dll, MulticastDelegateUtilities.SafeInvoke: InternalTestLoggerEvents.SendTestResult: Invoking callback 1/1 for Microsoft.VisualStudio.TestPlatform.CommandLine.Internal.ConsoleLogger., took 0 ms.
TpTrace Verbose: 0 : 19308, 4, 2024/10/22, 17:06:05.105, 5453092952666, vstest.console.dll, MulticastDelegateUtilities.SafeInvoke: InternalTestLoggerEvents.SendTestResult: Invoking callback 1/1 for Microsoft.VisualStudio.TestPlatform.CommandLine.Internal.ConsoleLogger., took 0 ms.
TpTrace Verbose: 0 : 19308, 4, 2024/10/22, 17:06:05.105, 5453092954205, vstest.console.dll, MulticastDelegateUtilities.SafeInvoke: InternalTestLoggerEvents.SendTestResult: Invoking callback 1/1 for Microsoft.VisualStudio.TestPlatform.CommandLine.Internal.ConsoleLogger., took 0 ms.
TpTrace Verbose: 0 : 19308, 4, 2024/10/22, 17:06:05.106, 5453092954548, vstest.console.dll, MulticastDelegateUtilities.SafeInvoke: InternalTestLoggerEvents.SendTestResult: Invoking callback 1/1 for Microsoft.VisualStudio.TestPlatform.CommandLine.Internal.ConsoleLogger., took 0 ms.
TpTrace Verbose: 0 : 19308, 4, 2024/10/22, 17:06:05.106, 5453092961917, vstest.console.dll, MulticastDelegateUtilities.SafeInvoke: InternalTestLoggerEvents.SendTestResult: Invoking callback 1/1 for Microsoft.VisualStudio.TestPlatform.CommandLine.Internal.ConsoleLogger., took 0 ms.
TpTrace Verbose: 0 : 19308, 4, 2024/10/22, 17:06:05.107, 5453092968805, vstest.console.dll, MulticastDelegateUtilities.SafeInvoke: InternalTestLoggerEvents.SendTestResult: Invoking callback 1/1 for Microsoft.VisualStudio.TestPlatform.CommandLine.Internal.ConsoleLogger., took 0 ms.
TpTrace Verbose: 0 : 19308, 4, 2024/10/22, 17:06:05.110, 5453093001912, vstest.console.dll, MulticastDelegateUtilities.SafeInvoke: InternalTestLoggerEvents.SendTestRunComplete: Invoking callback 1/2 for Microsoft.TestPlatform.Extensions.BlameDataCollector.BlameLogger., took 0 ms.
TpTrace Verbose: 0 : 19308, 4, 2024/10/22, 17:06:05.114, 5453093040321, vstest.console.dll, MulticastDelegateUtilities.SafeInvoke: InternalTestLoggerEvents.SendTestRunComplete: Invoking callback 2/2 for Microsoft.VisualStudio.TestPlatform.CommandLine.Internal.ConsoleLogger., took 3 ms.
TpTrace Verbose: 0 : 19308, 12, 2024/10/22, 17:06:05.114, 5453093042522, vstest.console.dll, TestRunRequest:TestRunComplete: Starting. IsAborted:False IsCanceled:False.
TpTrace Verbose: 0 : 19308, 12, 2024/10/22, 17:06:05.114, 5453093043703, vstest.console.dll, ParallelOperationManager.DoActionOnAllManagers: Calling an action on all managers.
TpTrace Verbose: 0 : 19308, 12, 2024/10/22, 17:06:05.115, 5453093049670, vstest.console.dll, TestLoggerManager.HandleTestRunComplete: Ignoring as the object is disposed.
TpTrace Verbose: 0 : 19308, 12, 2024/10/22, 17:06:05.115, 5453093050996, vstest.console.dll, MulticastDelegateUtilities.SafeInvoke: TestRun.TestRunComplete: Invoking callback 1/2 for Microsoft.VisualStudio.TestPlatform.CommandLine.TestRunResultAggregator., took 0 ms.
TpTrace Verbose: 0 : 19308, 12, 2024/10/22, 17:06:05.115, 5453093051861, vstest.console.dll, MulticastDelegateUtilities.SafeInvoke: TestRun.TestRunComplete: Invoking callback 2/2 for Microsoft.VisualStudio.TestPlatform.CommandLine.Processors.RunTestsArgumentExecutor+TestRunRequestEventsRegistrar., took 0 ms.
TpTrace Information: 0 : 19308, 12, 2024/10/22, 17:06:05.115, 5453093052590, vstest.console.dll, TestRunRequest:TestRunComplete: Completed.
TpTrace Verbose: 0 : 19308, 12, 2024/10/22, 17:06:05.115, 5453093052931, vstest.console.dll, TestRequestSender.SetOperationComplete: Setting operation complete.
TpTrace Verbose: 0 : 19308, 1, 2024/10/22, 17:06:05.115, 5453093053087, vstest.console.dll, TestRunRequest.Dispose: Starting.
TpTrace Information: 0 : 19308, 12, 2024/10/22, 17:06:05.115, 5453093053250, vstest.console.dll, SocketServer.Stop: Stop server endPoint: 127.0.0.1:53578
TpTrace Information: 0 : 19308, 1, 2024/10/22, 17:06:05.115, 5453093053810, vstest.console.dll, TestRunRequest.Dispose: Completed.
TpTrace Information: 0 : 19308, 12, 2024/10/22, 17:06:05.115, 5453093054192, vstest.console.dll, SocketServer.Stop: Cancellation requested. Stopping message loop.
TpTrace Information: 0 : 19308, 1, 2024/10/22, 17:06:05.116, 5453093054631, vstest.console.dll, TestRequestManager.RunTests: run tests completed.
TpTrace Verbose: 0 : 19308, 12, 2024/10/22, 17:06:05.116, 5453093054985, vstest.console.dll, MulticastDelegateUtilities.SafeInvoke: LengthPrefixCommunicationChannel: MessageReceived: Invoking callback 1/1 for Microsoft.VisualStudio.TestPlatform.CommunicationUtilities.TestRequestSender+<>c__DisplayClass34_0., took 86 ms.
TpTrace Information: 0 : 19308, 1, 2024/10/22, 17:06:05.116, 5453093055554, vstest.console.dll, RunTestsArgumentProcessor:Execute: Test run is completed.
TpTrace Information: 0 : 19308, 12, 2024/10/22, 17:06:05.116, 5453093056459, vstest.console.dll, SocketServer.PrivateStop: Stopping server endPoint: 127.0.0.1:53578 error: 
TpTrace Verbose: 0 : 19308, 12, 2024/10/22, 17:06:05.116, 5453093060235, vstest.console.dll, LengthPrefixCommunicationChannel.Dispose: Dispose reader and writer.
TpTrace Verbose: 0 : 19308, 1, 2024/10/22, 17:06:05.116, 5453093060339, vstest.console.dll, Executor.Execute: Exiting with exit code of 1
TpTrace Information: 0 : 19308, 12, 2024/10/22, 17:06:05.116, 5453093060963, vstest.console.dll, SocketServer.Stop: Raise disconnected event endPoint: 127.0.0.1:53578 error: 
TpTrace Verbose: 0 : 19308, 12, 2024/10/22, 17:06:05.116, 5453093062226, vstest.console.dll, TestRequestSender: OnTestRunAbort: Operation is already complete. Skip error message.
TpTrace Verbose: 0 : 19308, 12, 2024/10/22, 17:06:05.116, 5453093062622, vstest.console.dll, MulticastDelegateUtilities.SafeInvoke: SocketServer: ClientDisconnected: Invoking callback 1/1 for Microsoft.VisualStudio.TestPlatform.CommunicationUtilities.TestRequestSender., took 0 ms.
TpTrace Verbose: 0 : 19308, 12, 2024/10/22, 17:06:05.116, 5453093062901, vstest.console.dll, TcpClientExtensions.MessageLoopAsync: exiting MessageLoopAsync remoteEndPoint: 127.0.0.1:53579 localEndPoint: 127.0.0.1:53578
